[2025-10-28T13:31:17.483-0400] {processor.py:186} INFO - Started process (PID=68521) to work on /Library/Frameworks/Python.framework/Versions/3.11/lib/python3.11/site-packages/airflow/example_dags/example_python_decorator.py
[2025-10-28T13:31:17.484-0400] {processor.py:914} INFO - Processing file /Library/Frameworks/Python.framework/Versions/3.11/lib/python3.11/site-packages/airflow/example_dags/example_python_decorator.py for tasks to queue
[2025-10-28T13:31:17.484-0400] {logging_mixin.py:190} INFO - [2025-10-28T13:31:17.484-0400] {dagbag.py:588} INFO - Filling up the DagBag from /Library/Frameworks/Python.framework/Versions/3.11/lib/python3.11/site-packages/airflow/example_dags/example_python_decorator.py
[2025-10-28T13:31:17.500-0400] {processor.py:925} INFO - DAG(s) 'example_python_decorator' retrieved from /Library/Frameworks/Python.framework/Versions/3.11/lib/python3.11/site-packages/airflow/example_dags/example_python_decorator.py
[2025-10-28T13:31:17.552-0400] {logging_mixin.py:190} INFO - [2025-10-28T13:31:17.552-0400] {dag.py:3239} INFO - Sync 1 DAGs
[2025-10-28T13:31:17.556-0400] {logging_mixin.py:190} INFO - [2025-10-28T13:31:17.556-0400] {dag.py:4180} INFO - Setting next_dagrun for example_python_decorator to None, run_after=None
[2025-10-28T13:31:17.561-0400] {processor.py:208} INFO - Processing /Library/Frameworks/Python.framework/Versions/3.11/lib/python3.11/site-packages/airflow/example_dags/example_python_decorator.py took 0.079 seconds
[2025-10-28T13:32:54.641-0400] {processor.py:186} INFO - Started process (PID=69355) to work on /Library/Frameworks/Python.framework/Versions/3.11/lib/python3.11/site-packages/airflow/example_dags/example_python_decorator.py
[2025-10-28T13:32:54.642-0400] {processor.py:914} INFO - Processing file /Library/Frameworks/Python.framework/Versions/3.11/lib/python3.11/site-packages/airflow/example_dags/example_python_decorator.py for tasks to queue
[2025-10-28T13:32:54.643-0400] {logging_mixin.py:190} INFO - [2025-10-28T13:32:54.643-0400] {dagbag.py:588} INFO - Filling up the DagBag from /Library/Frameworks/Python.framework/Versions/3.11/lib/python3.11/site-packages/airflow/example_dags/example_python_decorator.py
[2025-10-28T13:32:54.657-0400] {processor.py:925} INFO - DAG(s) 'example_python_decorator' retrieved from /Library/Frameworks/Python.framework/Versions/3.11/lib/python3.11/site-packages/airflow/example_dags/example_python_decorator.py
[2025-10-28T13:32:54.710-0400] {logging_mixin.py:190} INFO - [2025-10-28T13:32:54.710-0400] {dag.py:3239} INFO - Sync 1 DAGs
[2025-10-28T13:32:54.714-0400] {logging_mixin.py:190} INFO - [2025-10-28T13:32:54.714-0400] {dag.py:4180} INFO - Setting next_dagrun for example_python_decorator to None, run_after=None
[2025-10-28T13:32:54.720-0400] {processor.py:208} INFO - Processing /Library/Frameworks/Python.framework/Versions/3.11/lib/python3.11/site-packages/airflow/example_dags/example_python_decorator.py took 0.080 seconds
[2025-10-28T13:35:08.119-0400] {processor.py:186} INFO - Started process (PID=70498) to work on /Library/Frameworks/Python.framework/Versions/3.11/lib/python3.11/site-packages/airflow/example_dags/example_python_decorator.py
[2025-10-28T13:35:08.120-0400] {processor.py:914} INFO - Processing file /Library/Frameworks/Python.framework/Versions/3.11/lib/python3.11/site-packages/airflow/example_dags/example_python_decorator.py for tasks to queue
[2025-10-28T13:35:08.120-0400] {logging_mixin.py:190} INFO - [2025-10-28T13:35:08.120-0400] {dagbag.py:588} INFO - Filling up the DagBag from /Library/Frameworks/Python.framework/Versions/3.11/lib/python3.11/site-packages/airflow/example_dags/example_python_decorator.py
[2025-10-28T13:35:08.136-0400] {processor.py:925} INFO - DAG(s) 'example_python_decorator' retrieved from /Library/Frameworks/Python.framework/Versions/3.11/lib/python3.11/site-packages/airflow/example_dags/example_python_decorator.py
[2025-10-28T13:35:08.188-0400] {logging_mixin.py:190} INFO - [2025-10-28T13:35:08.188-0400] {dag.py:3239} INFO - Sync 1 DAGs
[2025-10-28T13:35:08.192-0400] {logging_mixin.py:190} INFO - [2025-10-28T13:35:08.192-0400] {dag.py:4180} INFO - Setting next_dagrun for example_python_decorator to None, run_after=None
[2025-10-28T13:35:08.198-0400] {processor.py:208} INFO - Processing /Library/Frameworks/Python.framework/Versions/3.11/lib/python3.11/site-packages/airflow/example_dags/example_python_decorator.py took 0.080 seconds
[2025-10-28T13:37:17.271-0400] {processor.py:186} INFO - Started process (PID=71627) to work on /Library/Frameworks/Python.framework/Versions/3.11/lib/python3.11/site-packages/airflow/example_dags/example_python_decorator.py
[2025-10-28T13:37:17.271-0400] {processor.py:914} INFO - Processing file /Library/Frameworks/Python.framework/Versions/3.11/lib/python3.11/site-packages/airflow/example_dags/example_python_decorator.py for tasks to queue
[2025-10-28T13:37:17.272-0400] {logging_mixin.py:190} INFO - [2025-10-28T13:37:17.272-0400] {dagbag.py:588} INFO - Filling up the DagBag from /Library/Frameworks/Python.framework/Versions/3.11/lib/python3.11/site-packages/airflow/example_dags/example_python_decorator.py
[2025-10-28T13:37:17.287-0400] {processor.py:925} INFO - DAG(s) 'example_python_decorator' retrieved from /Library/Frameworks/Python.framework/Versions/3.11/lib/python3.11/site-packages/airflow/example_dags/example_python_decorator.py
[2025-10-28T13:37:17.339-0400] {logging_mixin.py:190} INFO - [2025-10-28T13:37:17.339-0400] {dag.py:3239} INFO - Sync 1 DAGs
[2025-10-28T13:37:17.342-0400] {logging_mixin.py:190} INFO - [2025-10-28T13:37:17.342-0400] {dag.py:4180} INFO - Setting next_dagrun for example_python_decorator to None, run_after=None
[2025-10-28T13:37:17.348-0400] {processor.py:208} INFO - Processing /Library/Frameworks/Python.framework/Versions/3.11/lib/python3.11/site-packages/airflow/example_dags/example_python_decorator.py took 0.079 seconds
[2025-10-28T13:39:40.120-0400] {processor.py:186} INFO - Started process (PID=72815) to work on /Library/Frameworks/Python.framework/Versions/3.11/lib/python3.11/site-packages/airflow/example_dags/example_python_decorator.py
[2025-10-28T13:39:40.121-0400] {processor.py:914} INFO - Processing file /Library/Frameworks/Python.framework/Versions/3.11/lib/python3.11/site-packages/airflow/example_dags/example_python_decorator.py for tasks to queue
[2025-10-28T13:39:40.121-0400] {logging_mixin.py:190} INFO - [2025-10-28T13:39:40.121-0400] {dagbag.py:588} INFO - Filling up the DagBag from /Library/Frameworks/Python.framework/Versions/3.11/lib/python3.11/site-packages/airflow/example_dags/example_python_decorator.py
[2025-10-28T13:39:40.137-0400] {processor.py:925} INFO - DAG(s) 'example_python_decorator' retrieved from /Library/Frameworks/Python.framework/Versions/3.11/lib/python3.11/site-packages/airflow/example_dags/example_python_decorator.py
[2025-10-28T13:39:40.189-0400] {logging_mixin.py:190} INFO - [2025-10-28T13:39:40.189-0400] {dag.py:3239} INFO - Sync 1 DAGs
[2025-10-28T13:39:40.193-0400] {logging_mixin.py:190} INFO - [2025-10-28T13:39:40.193-0400] {dag.py:4180} INFO - Setting next_dagrun for example_python_decorator to None, run_after=None
[2025-10-28T13:39:40.199-0400] {processor.py:208} INFO - Processing /Library/Frameworks/Python.framework/Versions/3.11/lib/python3.11/site-packages/airflow/example_dags/example_python_decorator.py took 0.080 seconds
[2025-10-28T13:42:03.708-0400] {processor.py:186} INFO - Started process (PID=74062) to work on /Library/Frameworks/Python.framework/Versions/3.11/lib/python3.11/site-packages/airflow/example_dags/example_python_decorator.py
[2025-10-28T13:42:03.708-0400] {processor.py:914} INFO - Processing file /Library/Frameworks/Python.framework/Versions/3.11/lib/python3.11/site-packages/airflow/example_dags/example_python_decorator.py for tasks to queue
[2025-10-28T13:42:03.709-0400] {logging_mixin.py:190} INFO - [2025-10-28T13:42:03.708-0400] {dagbag.py:588} INFO - Filling up the DagBag from /Library/Frameworks/Python.framework/Versions/3.11/lib/python3.11/site-packages/airflow/example_dags/example_python_decorator.py
[2025-10-28T13:42:03.724-0400] {processor.py:925} INFO - DAG(s) 'example_python_decorator' retrieved from /Library/Frameworks/Python.framework/Versions/3.11/lib/python3.11/site-packages/airflow/example_dags/example_python_decorator.py
[2025-10-28T13:42:03.800-0400] {logging_mixin.py:190} INFO - [2025-10-28T13:42:03.800-0400] {dag.py:3239} INFO - Sync 1 DAGs
[2025-10-28T13:42:03.805-0400] {logging_mixin.py:190} INFO - [2025-10-28T13:42:03.805-0400] {dag.py:4180} INFO - Setting next_dagrun for example_python_decorator to None, run_after=None
[2025-10-28T13:42:03.815-0400] {processor.py:208} INFO - Processing /Library/Frameworks/Python.framework/Versions/3.11/lib/python3.11/site-packages/airflow/example_dags/example_python_decorator.py took 0.108 seconds
[2025-10-28T13:44:27.827-0400] {processor.py:186} INFO - Started process (PID=75330) to work on /Library/Frameworks/Python.framework/Versions/3.11/lib/python3.11/site-packages/airflow/example_dags/example_python_decorator.py
[2025-10-28T13:44:27.828-0400] {processor.py:914} INFO - Processing file /Library/Frameworks/Python.framework/Versions/3.11/lib/python3.11/site-packages/airflow/example_dags/example_python_decorator.py for tasks to queue
[2025-10-28T13:44:27.828-0400] {logging_mixin.py:190} INFO - [2025-10-28T13:44:27.828-0400] {dagbag.py:588} INFO - Filling up the DagBag from /Library/Frameworks/Python.framework/Versions/3.11/lib/python3.11/site-packages/airflow/example_dags/example_python_decorator.py
[2025-10-28T13:44:27.843-0400] {processor.py:925} INFO - DAG(s) 'example_python_decorator' retrieved from /Library/Frameworks/Python.framework/Versions/3.11/lib/python3.11/site-packages/airflow/example_dags/example_python_decorator.py
[2025-10-28T13:44:27.895-0400] {logging_mixin.py:190} INFO - [2025-10-28T13:44:27.895-0400] {dag.py:3239} INFO - Sync 1 DAGs
[2025-10-28T13:44:27.900-0400] {logging_mixin.py:190} INFO - [2025-10-28T13:44:27.900-0400] {dag.py:4180} INFO - Setting next_dagrun for example_python_decorator to None, run_after=None
[2025-10-28T13:44:27.906-0400] {processor.py:208} INFO - Processing /Library/Frameworks/Python.framework/Versions/3.11/lib/python3.11/site-packages/airflow/example_dags/example_python_decorator.py took 0.080 seconds
[2025-10-28T13:46:52.198-0400] {processor.py:186} INFO - Started process (PID=76598) to work on /Library/Frameworks/Python.framework/Versions/3.11/lib/python3.11/site-packages/airflow/example_dags/example_python_decorator.py
[2025-10-28T13:46:52.199-0400] {processor.py:914} INFO - Processing file /Library/Frameworks/Python.framework/Versions/3.11/lib/python3.11/site-packages/airflow/example_dags/example_python_decorator.py for tasks to queue
[2025-10-28T13:46:52.199-0400] {logging_mixin.py:190} INFO - [2025-10-28T13:46:52.199-0400] {dagbag.py:588} INFO - Filling up the DagBag from /Library/Frameworks/Python.framework/Versions/3.11/lib/python3.11/site-packages/airflow/example_dags/example_python_decorator.py
[2025-10-28T13:46:52.214-0400] {processor.py:925} INFO - DAG(s) 'example_python_decorator' retrieved from /Library/Frameworks/Python.framework/Versions/3.11/lib/python3.11/site-packages/airflow/example_dags/example_python_decorator.py
[2025-10-28T13:46:52.265-0400] {logging_mixin.py:190} INFO - [2025-10-28T13:46:52.265-0400] {dag.py:3239} INFO - Sync 1 DAGs
[2025-10-28T13:46:52.269-0400] {logging_mixin.py:190} INFO - [2025-10-28T13:46:52.269-0400] {dag.py:4180} INFO - Setting next_dagrun for example_python_decorator to None, run_after=None
[2025-10-28T13:46:52.275-0400] {processor.py:208} INFO - Processing /Library/Frameworks/Python.framework/Versions/3.11/lib/python3.11/site-packages/airflow/example_dags/example_python_decorator.py took 0.078 seconds
[2025-10-28T13:49:03.227-0400] {processor.py:186} INFO - Started process (PID=77731) to work on /Library/Frameworks/Python.framework/Versions/3.11/lib/python3.11/site-packages/airflow/example_dags/example_python_decorator.py
[2025-10-28T13:49:03.228-0400] {processor.py:914} INFO - Processing file /Library/Frameworks/Python.framework/Versions/3.11/lib/python3.11/site-packages/airflow/example_dags/example_python_decorator.py for tasks to queue
[2025-10-28T13:49:03.229-0400] {logging_mixin.py:190} INFO - [2025-10-28T13:49:03.229-0400] {dagbag.py:588} INFO - Filling up the DagBag from /Library/Frameworks/Python.framework/Versions/3.11/lib/python3.11/site-packages/airflow/example_dags/example_python_decorator.py
[2025-10-28T13:49:03.243-0400] {processor.py:925} INFO - DAG(s) 'example_python_decorator' retrieved from /Library/Frameworks/Python.framework/Versions/3.11/lib/python3.11/site-packages/airflow/example_dags/example_python_decorator.py
[2025-10-28T13:49:03.297-0400] {logging_mixin.py:190} INFO - [2025-10-28T13:49:03.297-0400] {dag.py:3239} INFO - Sync 1 DAGs
[2025-10-28T13:49:03.301-0400] {logging_mixin.py:190} INFO - [2025-10-28T13:49:03.301-0400] {dag.py:4180} INFO - Setting next_dagrun for example_python_decorator to None, run_after=None
[2025-10-28T13:49:03.308-0400] {processor.py:208} INFO - Processing /Library/Frameworks/Python.framework/Versions/3.11/lib/python3.11/site-packages/airflow/example_dags/example_python_decorator.py took 0.082 seconds
[2025-10-28T13:51:23.286-0400] {processor.py:186} INFO - Started process (PID=78931) to work on /Library/Frameworks/Python.framework/Versions/3.11/lib/python3.11/site-packages/airflow/example_dags/example_python_decorator.py
[2025-10-28T13:51:23.287-0400] {processor.py:914} INFO - Processing file /Library/Frameworks/Python.framework/Versions/3.11/lib/python3.11/site-packages/airflow/example_dags/example_python_decorator.py for tasks to queue
[2025-10-28T13:51:23.287-0400] {logging_mixin.py:190} INFO - [2025-10-28T13:51:23.287-0400] {dagbag.py:588} INFO - Filling up the DagBag from /Library/Frameworks/Python.framework/Versions/3.11/lib/python3.11/site-packages/airflow/example_dags/example_python_decorator.py
[2025-10-28T13:51:23.303-0400] {processor.py:925} INFO - DAG(s) 'example_python_decorator' retrieved from /Library/Frameworks/Python.framework/Versions/3.11/lib/python3.11/site-packages/airflow/example_dags/example_python_decorator.py
[2025-10-28T13:51:23.354-0400] {logging_mixin.py:190} INFO - [2025-10-28T13:51:23.354-0400] {dag.py:3239} INFO - Sync 1 DAGs
[2025-10-28T13:51:23.357-0400] {logging_mixin.py:190} INFO - [2025-10-28T13:51:23.357-0400] {dag.py:4180} INFO - Setting next_dagrun for example_python_decorator to None, run_after=None
[2025-10-28T13:51:23.363-0400] {processor.py:208} INFO - Processing /Library/Frameworks/Python.framework/Versions/3.11/lib/python3.11/site-packages/airflow/example_dags/example_python_decorator.py took 0.078 seconds
[2025-10-28T13:53:55.565-0400] {processor.py:186} INFO - Started process (PID=80555) to work on /Library/Frameworks/Python.framework/Versions/3.11/lib/python3.11/site-packages/airflow/example_dags/example_python_decorator.py
[2025-10-28T13:53:55.566-0400] {processor.py:914} INFO - Processing file /Library/Frameworks/Python.framework/Versions/3.11/lib/python3.11/site-packages/airflow/example_dags/example_python_decorator.py for tasks to queue
[2025-10-28T13:53:55.566-0400] {logging_mixin.py:190} INFO - [2025-10-28T13:53:55.566-0400] {dagbag.py:588} INFO - Filling up the DagBag from /Library/Frameworks/Python.framework/Versions/3.11/lib/python3.11/site-packages/airflow/example_dags/example_python_decorator.py
[2025-10-28T13:53:55.580-0400] {processor.py:925} INFO - DAG(s) 'example_python_decorator' retrieved from /Library/Frameworks/Python.framework/Versions/3.11/lib/python3.11/site-packages/airflow/example_dags/example_python_decorator.py
[2025-10-28T13:53:55.630-0400] {logging_mixin.py:190} INFO - [2025-10-28T13:53:55.630-0400] {dag.py:3239} INFO - Sync 1 DAGs
[2025-10-28T13:53:55.633-0400] {logging_mixin.py:190} INFO - [2025-10-28T13:53:55.633-0400] {dag.py:4180} INFO - Setting next_dagrun for example_python_decorator to None, run_after=None
[2025-10-28T13:53:55.638-0400] {processor.py:208} INFO - Processing /Library/Frameworks/Python.framework/Versions/3.11/lib/python3.11/site-packages/airflow/example_dags/example_python_decorator.py took 0.074 seconds
[2025-10-28T13:55:44.172-0400] {processor.py:186} INFO - Started process (PID=81500) to work on /Library/Frameworks/Python.framework/Versions/3.11/lib/python3.11/site-packages/airflow/example_dags/example_python_decorator.py
[2025-10-28T13:55:44.173-0400] {processor.py:914} INFO - Processing file /Library/Frameworks/Python.framework/Versions/3.11/lib/python3.11/site-packages/airflow/example_dags/example_python_decorator.py for tasks to queue
[2025-10-28T13:55:44.173-0400] {logging_mixin.py:190} INFO - [2025-10-28T13:55:44.173-0400] {dagbag.py:588} INFO - Filling up the DagBag from /Library/Frameworks/Python.framework/Versions/3.11/lib/python3.11/site-packages/airflow/example_dags/example_python_decorator.py
[2025-10-28T13:55:44.189-0400] {processor.py:925} INFO - DAG(s) 'example_python_decorator' retrieved from /Library/Frameworks/Python.framework/Versions/3.11/lib/python3.11/site-packages/airflow/example_dags/example_python_decorator.py
[2025-10-28T13:55:44.243-0400] {logging_mixin.py:190} INFO - [2025-10-28T13:55:44.243-0400] {dag.py:3239} INFO - Sync 1 DAGs
[2025-10-28T13:55:44.248-0400] {logging_mixin.py:190} INFO - [2025-10-28T13:55:44.248-0400] {dag.py:4180} INFO - Setting next_dagrun for example_python_decorator to None, run_after=None
[2025-10-28T13:55:44.256-0400] {processor.py:208} INFO - Processing /Library/Frameworks/Python.framework/Versions/3.11/lib/python3.11/site-packages/airflow/example_dags/example_python_decorator.py took 0.085 seconds
[2025-10-28T13:58:20.526-0400] {processor.py:186} INFO - Started process (PID=82839) to work on /Library/Frameworks/Python.framework/Versions/3.11/lib/python3.11/site-packages/airflow/example_dags/example_python_decorator.py
[2025-10-28T13:58:20.527-0400] {processor.py:914} INFO - Processing file /Library/Frameworks/Python.framework/Versions/3.11/lib/python3.11/site-packages/airflow/example_dags/example_python_decorator.py for tasks to queue
[2025-10-28T13:58:20.527-0400] {logging_mixin.py:190} INFO - [2025-10-28T13:58:20.527-0400] {dagbag.py:588} INFO - Filling up the DagBag from /Library/Frameworks/Python.framework/Versions/3.11/lib/python3.11/site-packages/airflow/example_dags/example_python_decorator.py
[2025-10-28T13:58:20.542-0400] {processor.py:925} INFO - DAG(s) 'example_python_decorator' retrieved from /Library/Frameworks/Python.framework/Versions/3.11/lib/python3.11/site-packages/airflow/example_dags/example_python_decorator.py
[2025-10-28T13:58:20.595-0400] {logging_mixin.py:190} INFO - [2025-10-28T13:58:20.595-0400] {dag.py:3239} INFO - Sync 1 DAGs
[2025-10-28T13:58:20.599-0400] {logging_mixin.py:190} INFO - [2025-10-28T13:58:20.598-0400] {dag.py:4180} INFO - Setting next_dagrun for example_python_decorator to None, run_after=None
[2025-10-28T13:58:20.605-0400] {processor.py:208} INFO - Processing /Library/Frameworks/Python.framework/Versions/3.11/lib/python3.11/site-packages/airflow/example_dags/example_python_decorator.py took 0.079 seconds
[2025-10-28T14:00:25.656-0400] {processor.py:186} INFO - Started process (PID=84228) to work on /Library/Frameworks/Python.framework/Versions/3.11/lib/python3.11/site-packages/airflow/example_dags/example_python_decorator.py
[2025-10-28T14:00:25.657-0400] {processor.py:914} INFO - Processing file /Library/Frameworks/Python.framework/Versions/3.11/lib/python3.11/site-packages/airflow/example_dags/example_python_decorator.py for tasks to queue
[2025-10-28T14:00:25.657-0400] {logging_mixin.py:190} INFO - [2025-10-28T14:00:25.657-0400] {dagbag.py:588} INFO - Filling up the DagBag from /Library/Frameworks/Python.framework/Versions/3.11/lib/python3.11/site-packages/airflow/example_dags/example_python_decorator.py
[2025-10-28T14:00:25.683-0400] {processor.py:925} INFO - DAG(s) 'example_python_decorator' retrieved from /Library/Frameworks/Python.framework/Versions/3.11/lib/python3.11/site-packages/airflow/example_dags/example_python_decorator.py
[2025-10-28T14:00:25.752-0400] {logging_mixin.py:190} INFO - [2025-10-28T14:00:25.752-0400] {dag.py:3239} INFO - Sync 1 DAGs
[2025-10-28T14:00:25.758-0400] {logging_mixin.py:190} INFO - [2025-10-28T14:00:25.757-0400] {dag.py:4180} INFO - Setting next_dagrun for example_python_decorator to None, run_after=None
[2025-10-28T14:00:25.765-0400] {processor.py:208} INFO - Processing /Library/Frameworks/Python.framework/Versions/3.11/lib/python3.11/site-packages/airflow/example_dags/example_python_decorator.py took 0.111 seconds
[2025-10-28T14:03:52.054-0400] {processor.py:186} INFO - Started process (PID=86692) to work on /Library/Frameworks/Python.framework/Versions/3.11/lib/python3.11/site-packages/airflow/example_dags/example_python_decorator.py
[2025-10-28T14:03:52.055-0400] {processor.py:914} INFO - Processing file /Library/Frameworks/Python.framework/Versions/3.11/lib/python3.11/site-packages/airflow/example_dags/example_python_decorator.py for tasks to queue
[2025-10-28T14:03:52.056-0400] {logging_mixin.py:190} INFO - [2025-10-28T14:03:52.056-0400] {dagbag.py:588} INFO - Filling up the DagBag from /Library/Frameworks/Python.framework/Versions/3.11/lib/python3.11/site-packages/airflow/example_dags/example_python_decorator.py
[2025-10-28T14:03:52.078-0400] {processor.py:925} INFO - DAG(s) 'example_python_decorator' retrieved from /Library/Frameworks/Python.framework/Versions/3.11/lib/python3.11/site-packages/airflow/example_dags/example_python_decorator.py
[2025-10-28T14:03:52.158-0400] {logging_mixin.py:190} INFO - [2025-10-28T14:03:52.157-0400] {dag.py:3239} INFO - Sync 1 DAGs
[2025-10-28T14:03:52.162-0400] {logging_mixin.py:190} INFO - [2025-10-28T14:03:52.162-0400] {dag.py:4180} INFO - Setting next_dagrun for example_python_decorator to None, run_after=None
[2025-10-28T14:03:52.169-0400] {processor.py:208} INFO - Processing /Library/Frameworks/Python.framework/Versions/3.11/lib/python3.11/site-packages/airflow/example_dags/example_python_decorator.py took 0.116 seconds
[2025-10-28T14:06:15.077-0400] {processor.py:186} INFO - Started process (PID=88265) to work on /Library/Frameworks/Python.framework/Versions/3.11/lib/python3.11/site-packages/airflow/example_dags/example_python_decorator.py
[2025-10-28T14:06:15.078-0400] {processor.py:914} INFO - Processing file /Library/Frameworks/Python.framework/Versions/3.11/lib/python3.11/site-packages/airflow/example_dags/example_python_decorator.py for tasks to queue
[2025-10-28T14:06:15.079-0400] {logging_mixin.py:190} INFO - [2025-10-28T14:06:15.079-0400] {dagbag.py:588} INFO - Filling up the DagBag from /Library/Frameworks/Python.framework/Versions/3.11/lib/python3.11/site-packages/airflow/example_dags/example_python_decorator.py
[2025-10-28T14:06:15.092-0400] {processor.py:925} INFO - DAG(s) 'example_python_decorator' retrieved from /Library/Frameworks/Python.framework/Versions/3.11/lib/python3.11/site-packages/airflow/example_dags/example_python_decorator.py
[2025-10-28T14:06:15.146-0400] {logging_mixin.py:190} INFO - [2025-10-28T14:06:15.146-0400] {dag.py:3239} INFO - Sync 1 DAGs
[2025-10-28T14:06:15.150-0400] {logging_mixin.py:190} INFO - [2025-10-28T14:06:15.150-0400] {dag.py:4180} INFO - Setting next_dagrun for example_python_decorator to None, run_after=None
[2025-10-28T14:06:15.155-0400] {processor.py:208} INFO - Processing /Library/Frameworks/Python.framework/Versions/3.11/lib/python3.11/site-packages/airflow/example_dags/example_python_decorator.py took 0.079 seconds
[2025-10-28T14:09:43.584-0400] {processor.py:186} INFO - Started process (PID=90606) to work on /Library/Frameworks/Python.framework/Versions/3.11/lib/python3.11/site-packages/airflow/example_dags/example_python_decorator.py
[2025-10-28T14:09:43.586-0400] {processor.py:914} INFO - Processing file /Library/Frameworks/Python.framework/Versions/3.11/lib/python3.11/site-packages/airflow/example_dags/example_python_decorator.py for tasks to queue
[2025-10-28T14:09:43.587-0400] {logging_mixin.py:190} INFO - [2025-10-28T14:09:43.586-0400] {dagbag.py:588} INFO - Filling up the DagBag from /Library/Frameworks/Python.framework/Versions/3.11/lib/python3.11/site-packages/airflow/example_dags/example_python_decorator.py
[2025-10-28T14:09:43.604-0400] {processor.py:925} INFO - DAG(s) 'example_python_decorator' retrieved from /Library/Frameworks/Python.framework/Versions/3.11/lib/python3.11/site-packages/airflow/example_dags/example_python_decorator.py
[2025-10-28T14:09:43.660-0400] {logging_mixin.py:190} INFO - [2025-10-28T14:09:43.659-0400] {dag.py:3239} INFO - Sync 1 DAGs
[2025-10-28T14:09:43.663-0400] {logging_mixin.py:190} INFO - [2025-10-28T14:09:43.663-0400] {dag.py:4180} INFO - Setting next_dagrun for example_python_decorator to None, run_after=None
[2025-10-28T14:09:43.669-0400] {processor.py:208} INFO - Processing /Library/Frameworks/Python.framework/Versions/3.11/lib/python3.11/site-packages/airflow/example_dags/example_python_decorator.py took 0.086 seconds
[2025-10-28T14:11:59.606-0400] {processor.py:186} INFO - Started process (PID=92012) to work on /Library/Frameworks/Python.framework/Versions/3.11/lib/python3.11/site-packages/airflow/example_dags/example_python_decorator.py
[2025-10-28T14:11:59.609-0400] {processor.py:914} INFO - Processing file /Library/Frameworks/Python.framework/Versions/3.11/lib/python3.11/site-packages/airflow/example_dags/example_python_decorator.py for tasks to queue
[2025-10-28T14:11:59.609-0400] {logging_mixin.py:190} INFO - [2025-10-28T14:11:59.609-0400] {dagbag.py:588} INFO - Filling up the DagBag from /Library/Frameworks/Python.framework/Versions/3.11/lib/python3.11/site-packages/airflow/example_dags/example_python_decorator.py
[2025-10-28T14:11:59.627-0400] {processor.py:925} INFO - DAG(s) 'example_python_decorator' retrieved from /Library/Frameworks/Python.framework/Versions/3.11/lib/python3.11/site-packages/airflow/example_dags/example_python_decorator.py
[2025-10-28T14:11:59.690-0400] {logging_mixin.py:190} INFO - [2025-10-28T14:11:59.689-0400] {dag.py:3239} INFO - Sync 1 DAGs
[2025-10-28T14:11:59.696-0400] {logging_mixin.py:190} INFO - [2025-10-28T14:11:59.696-0400] {dag.py:4180} INFO - Setting next_dagrun for example_python_decorator to None, run_after=None
[2025-10-28T14:11:59.708-0400] {processor.py:208} INFO - Processing /Library/Frameworks/Python.framework/Versions/3.11/lib/python3.11/site-packages/airflow/example_dags/example_python_decorator.py took 0.103 seconds
[2025-10-28T14:13:40.272-0400] {processor.py:186} INFO - Started process (PID=92904) to work on /Library/Frameworks/Python.framework/Versions/3.11/lib/python3.11/site-packages/airflow/example_dags/example_python_decorator.py
[2025-10-28T14:13:40.273-0400] {processor.py:914} INFO - Processing file /Library/Frameworks/Python.framework/Versions/3.11/lib/python3.11/site-packages/airflow/example_dags/example_python_decorator.py for tasks to queue
[2025-10-28T14:13:40.273-0400] {logging_mixin.py:190} INFO - [2025-10-28T14:13:40.273-0400] {dagbag.py:588} INFO - Filling up the DagBag from /Library/Frameworks/Python.framework/Versions/3.11/lib/python3.11/site-packages/airflow/example_dags/example_python_decorator.py
[2025-10-28T14:13:40.287-0400] {processor.py:925} INFO - DAG(s) 'example_python_decorator' retrieved from /Library/Frameworks/Python.framework/Versions/3.11/lib/python3.11/site-packages/airflow/example_dags/example_python_decorator.py
[2025-10-28T14:13:40.337-0400] {logging_mixin.py:190} INFO - [2025-10-28T14:13:40.337-0400] {dag.py:3239} INFO - Sync 1 DAGs
[2025-10-28T14:13:40.341-0400] {logging_mixin.py:190} INFO - [2025-10-28T14:13:40.341-0400] {dag.py:4180} INFO - Setting next_dagrun for example_python_decorator to None, run_after=None
[2025-10-28T14:13:40.347-0400] {processor.py:208} INFO - Processing /Library/Frameworks/Python.framework/Versions/3.11/lib/python3.11/site-packages/airflow/example_dags/example_python_decorator.py took 0.075 seconds
[2025-10-28T14:16:38.094-0400] {processor.py:186} INFO - Started process (PID=94711) to work on /Library/Frameworks/Python.framework/Versions/3.11/lib/python3.11/site-packages/airflow/example_dags/example_python_decorator.py
[2025-10-28T14:16:38.095-0400] {processor.py:914} INFO - Processing file /Library/Frameworks/Python.framework/Versions/3.11/lib/python3.11/site-packages/airflow/example_dags/example_python_decorator.py for tasks to queue
[2025-10-28T14:16:38.095-0400] {logging_mixin.py:190} INFO - [2025-10-28T14:16:38.095-0400] {dagbag.py:588} INFO - Filling up the DagBag from /Library/Frameworks/Python.framework/Versions/3.11/lib/python3.11/site-packages/airflow/example_dags/example_python_decorator.py
[2025-10-28T14:16:38.110-0400] {processor.py:925} INFO - DAG(s) 'example_python_decorator' retrieved from /Library/Frameworks/Python.framework/Versions/3.11/lib/python3.11/site-packages/airflow/example_dags/example_python_decorator.py
[2025-10-28T14:16:38.160-0400] {logging_mixin.py:190} INFO - [2025-10-28T14:16:38.160-0400] {dag.py:3239} INFO - Sync 1 DAGs
[2025-10-28T14:16:38.163-0400] {logging_mixin.py:190} INFO - [2025-10-28T14:16:38.163-0400] {dag.py:4180} INFO - Setting next_dagrun for example_python_decorator to None, run_after=None
[2025-10-28T14:16:38.169-0400] {processor.py:208} INFO - Processing /Library/Frameworks/Python.framework/Versions/3.11/lib/python3.11/site-packages/airflow/example_dags/example_python_decorator.py took 0.076 seconds
[2025-10-28T14:17:53.621-0400] {processor.py:186} INFO - Started process (PID=95610) to work on /Library/Frameworks/Python.framework/Versions/3.11/lib/python3.11/site-packages/airflow/example_dags/example_python_decorator.py
[2025-10-28T14:17:53.624-0400] {processor.py:914} INFO - Processing file /Library/Frameworks/Python.framework/Versions/3.11/lib/python3.11/site-packages/airflow/example_dags/example_python_decorator.py for tasks to queue
[2025-10-28T14:17:53.625-0400] {logging_mixin.py:190} INFO - [2025-10-28T14:17:53.625-0400] {dagbag.py:588} INFO - Filling up the DagBag from /Library/Frameworks/Python.framework/Versions/3.11/lib/python3.11/site-packages/airflow/example_dags/example_python_decorator.py
[2025-10-28T14:17:53.649-0400] {processor.py:925} INFO - DAG(s) 'example_python_decorator' retrieved from /Library/Frameworks/Python.framework/Versions/3.11/lib/python3.11/site-packages/airflow/example_dags/example_python_decorator.py
[2025-10-28T14:17:53.707-0400] {logging_mixin.py:190} INFO - [2025-10-28T14:17:53.707-0400] {dag.py:3239} INFO - Sync 1 DAGs
[2025-10-28T14:17:53.712-0400] {logging_mixin.py:190} INFO - [2025-10-28T14:17:53.712-0400] {dag.py:4180} INFO - Setting next_dagrun for example_python_decorator to None, run_after=None
[2025-10-28T14:17:53.719-0400] {processor.py:208} INFO - Processing /Library/Frameworks/Python.framework/Versions/3.11/lib/python3.11/site-packages/airflow/example_dags/example_python_decorator.py took 0.099 seconds
[2025-10-28T14:19:38.869-0400] {processor.py:186} INFO - Started process (PID=96579) to work on /Library/Frameworks/Python.framework/Versions/3.11/lib/python3.11/site-packages/airflow/example_dags/example_python_decorator.py
[2025-10-28T14:19:38.871-0400] {processor.py:914} INFO - Processing file /Library/Frameworks/Python.framework/Versions/3.11/lib/python3.11/site-packages/airflow/example_dags/example_python_decorator.py for tasks to queue
[2025-10-28T14:19:38.872-0400] {logging_mixin.py:190} INFO - [2025-10-28T14:19:38.872-0400] {dagbag.py:588} INFO - Filling up the DagBag from /Library/Frameworks/Python.framework/Versions/3.11/lib/python3.11/site-packages/airflow/example_dags/example_python_decorator.py
[2025-10-28T14:19:38.888-0400] {processor.py:925} INFO - DAG(s) 'example_python_decorator' retrieved from /Library/Frameworks/Python.framework/Versions/3.11/lib/python3.11/site-packages/airflow/example_dags/example_python_decorator.py
[2025-10-28T14:19:38.947-0400] {logging_mixin.py:190} INFO - [2025-10-28T14:19:38.947-0400] {dag.py:3239} INFO - Sync 1 DAGs
[2025-10-28T14:19:38.951-0400] {logging_mixin.py:190} INFO - [2025-10-28T14:19:38.951-0400] {dag.py:4180} INFO - Setting next_dagrun for example_python_decorator to None, run_after=None
[2025-10-28T14:19:38.958-0400] {processor.py:208} INFO - Processing /Library/Frameworks/Python.framework/Versions/3.11/lib/python3.11/site-packages/airflow/example_dags/example_python_decorator.py took 0.090 seconds
[2025-10-28T14:22:06.188-0400] {processor.py:186} INFO - Started process (PID=97993) to work on /Library/Frameworks/Python.framework/Versions/3.11/lib/python3.11/site-packages/airflow/example_dags/example_python_decorator.py
[2025-10-28T14:22:06.189-0400] {processor.py:914} INFO - Processing file /Library/Frameworks/Python.framework/Versions/3.11/lib/python3.11/site-packages/airflow/example_dags/example_python_decorator.py for tasks to queue
[2025-10-28T14:22:06.190-0400] {logging_mixin.py:190} INFO - [2025-10-28T14:22:06.190-0400] {dagbag.py:588} INFO - Filling up the DagBag from /Library/Frameworks/Python.framework/Versions/3.11/lib/python3.11/site-packages/airflow/example_dags/example_python_decorator.py
[2025-10-28T14:22:06.205-0400] {processor.py:925} INFO - DAG(s) 'example_python_decorator' retrieved from /Library/Frameworks/Python.framework/Versions/3.11/lib/python3.11/site-packages/airflow/example_dags/example_python_decorator.py
[2025-10-28T14:22:06.261-0400] {logging_mixin.py:190} INFO - [2025-10-28T14:22:06.261-0400] {dag.py:3239} INFO - Sync 1 DAGs
[2025-10-28T14:22:06.264-0400] {logging_mixin.py:190} INFO - [2025-10-28T14:22:06.264-0400] {dag.py:4180} INFO - Setting next_dagrun for example_python_decorator to None, run_after=None
[2025-10-28T14:22:06.271-0400] {processor.py:208} INFO - Processing /Library/Frameworks/Python.framework/Versions/3.11/lib/python3.11/site-packages/airflow/example_dags/example_python_decorator.py took 0.083 seconds
[2025-10-28T14:24:36.327-0400] {processor.py:186} INFO - Started process (PID=99297) to work on /Library/Frameworks/Python.framework/Versions/3.11/lib/python3.11/site-packages/airflow/example_dags/example_python_decorator.py
[2025-10-28T14:24:36.329-0400] {processor.py:914} INFO - Processing file /Library/Frameworks/Python.framework/Versions/3.11/lib/python3.11/site-packages/airflow/example_dags/example_python_decorator.py for tasks to queue
[2025-10-28T14:24:36.329-0400] {logging_mixin.py:190} INFO - [2025-10-28T14:24:36.329-0400] {dagbag.py:588} INFO - Filling up the DagBag from /Library/Frameworks/Python.framework/Versions/3.11/lib/python3.11/site-packages/airflow/example_dags/example_python_decorator.py
[2025-10-28T14:24:36.343-0400] {processor.py:925} INFO - DAG(s) 'example_python_decorator' retrieved from /Library/Frameworks/Python.framework/Versions/3.11/lib/python3.11/site-packages/airflow/example_dags/example_python_decorator.py
[2025-10-28T14:24:36.397-0400] {logging_mixin.py:190} INFO - [2025-10-28T14:24:36.396-0400] {dag.py:3239} INFO - Sync 1 DAGs
[2025-10-28T14:24:36.400-0400] {logging_mixin.py:190} INFO - [2025-10-28T14:24:36.400-0400] {dag.py:4180} INFO - Setting next_dagrun for example_python_decorator to None, run_after=None
[2025-10-28T14:24:36.406-0400] {processor.py:208} INFO - Processing /Library/Frameworks/Python.framework/Versions/3.11/lib/python3.11/site-packages/airflow/example_dags/example_python_decorator.py took 0.079 seconds
[2025-10-28T14:26:57.110-0400] {processor.py:186} INFO - Started process (PID=750) to work on /Library/Frameworks/Python.framework/Versions/3.11/lib/python3.11/site-packages/airflow/example_dags/example_python_decorator.py
[2025-10-28T14:26:57.111-0400] {processor.py:914} INFO - Processing file /Library/Frameworks/Python.framework/Versions/3.11/lib/python3.11/site-packages/airflow/example_dags/example_python_decorator.py for tasks to queue
[2025-10-28T14:26:57.111-0400] {logging_mixin.py:190} INFO - [2025-10-28T14:26:57.111-0400] {dagbag.py:588} INFO - Filling up the DagBag from /Library/Frameworks/Python.framework/Versions/3.11/lib/python3.11/site-packages/airflow/example_dags/example_python_decorator.py
[2025-10-28T14:26:57.127-0400] {processor.py:925} INFO - DAG(s) 'example_python_decorator' retrieved from /Library/Frameworks/Python.framework/Versions/3.11/lib/python3.11/site-packages/airflow/example_dags/example_python_decorator.py
[2025-10-28T14:26:57.184-0400] {logging_mixin.py:190} INFO - [2025-10-28T14:26:57.183-0400] {dag.py:3239} INFO - Sync 1 DAGs
[2025-10-28T14:26:57.188-0400] {logging_mixin.py:190} INFO - [2025-10-28T14:26:57.187-0400] {dag.py:4180} INFO - Setting next_dagrun for example_python_decorator to None, run_after=None
[2025-10-28T14:26:57.194-0400] {processor.py:208} INFO - Processing /Library/Frameworks/Python.framework/Versions/3.11/lib/python3.11/site-packages/airflow/example_dags/example_python_decorator.py took 0.085 seconds
[2025-10-28T14:29:27.086-0400] {processor.py:186} INFO - Started process (PID=2112) to work on /Library/Frameworks/Python.framework/Versions/3.11/lib/python3.11/site-packages/airflow/example_dags/example_python_decorator.py
[2025-10-28T14:29:27.087-0400] {processor.py:914} INFO - Processing file /Library/Frameworks/Python.framework/Versions/3.11/lib/python3.11/site-packages/airflow/example_dags/example_python_decorator.py for tasks to queue
[2025-10-28T14:29:27.087-0400] {logging_mixin.py:190} INFO - [2025-10-28T14:29:27.087-0400] {dagbag.py:588} INFO - Filling up the DagBag from /Library/Frameworks/Python.framework/Versions/3.11/lib/python3.11/site-packages/airflow/example_dags/example_python_decorator.py
[2025-10-28T14:29:27.100-0400] {processor.py:925} INFO - DAG(s) 'example_python_decorator' retrieved from /Library/Frameworks/Python.framework/Versions/3.11/lib/python3.11/site-packages/airflow/example_dags/example_python_decorator.py
[2025-10-28T14:29:27.150-0400] {logging_mixin.py:190} INFO - [2025-10-28T14:29:27.150-0400] {dag.py:3239} INFO - Sync 1 DAGs
[2025-10-28T14:29:27.153-0400] {logging_mixin.py:190} INFO - [2025-10-28T14:29:27.153-0400] {dag.py:4180} INFO - Setting next_dagrun for example_python_decorator to None, run_after=None
[2025-10-28T14:29:27.158-0400] {processor.py:208} INFO - Processing /Library/Frameworks/Python.framework/Versions/3.11/lib/python3.11/site-packages/airflow/example_dags/example_python_decorator.py took 0.072 seconds
[2025-10-28T14:31:36.342-0400] {processor.py:186} INFO - Started process (PID=3187) to work on /Library/Frameworks/Python.framework/Versions/3.11/lib/python3.11/site-packages/airflow/example_dags/example_python_decorator.py
[2025-10-28T14:31:36.343-0400] {processor.py:914} INFO - Processing file /Library/Frameworks/Python.framework/Versions/3.11/lib/python3.11/site-packages/airflow/example_dags/example_python_decorator.py for tasks to queue
[2025-10-28T14:31:36.343-0400] {logging_mixin.py:190} INFO - [2025-10-28T14:31:36.343-0400] {dagbag.py:588} INFO - Filling up the DagBag from /Library/Frameworks/Python.framework/Versions/3.11/lib/python3.11/site-packages/airflow/example_dags/example_python_decorator.py
[2025-10-28T14:31:36.356-0400] {processor.py:925} INFO - DAG(s) 'example_python_decorator' retrieved from /Library/Frameworks/Python.framework/Versions/3.11/lib/python3.11/site-packages/airflow/example_dags/example_python_decorator.py
[2025-10-28T14:31:36.406-0400] {logging_mixin.py:190} INFO - [2025-10-28T14:31:36.406-0400] {dag.py:3239} INFO - Sync 1 DAGs
[2025-10-28T14:31:36.409-0400] {logging_mixin.py:190} INFO - [2025-10-28T14:31:36.409-0400] {dag.py:4180} INFO - Setting next_dagrun for example_python_decorator to None, run_after=None
[2025-10-28T14:31:36.416-0400] {processor.py:208} INFO - Processing /Library/Frameworks/Python.framework/Versions/3.11/lib/python3.11/site-packages/airflow/example_dags/example_python_decorator.py took 0.075 seconds
[2025-10-28T14:33:54.357-0400] {processor.py:186} INFO - Started process (PID=4297) to work on /Library/Frameworks/Python.framework/Versions/3.11/lib/python3.11/site-packages/airflow/example_dags/example_python_decorator.py
[2025-10-28T14:33:54.358-0400] {processor.py:914} INFO - Processing file /Library/Frameworks/Python.framework/Versions/3.11/lib/python3.11/site-packages/airflow/example_dags/example_python_decorator.py for tasks to queue
[2025-10-28T14:33:54.359-0400] {logging_mixin.py:190} INFO - [2025-10-28T14:33:54.359-0400] {dagbag.py:588} INFO - Filling up the DagBag from /Library/Frameworks/Python.framework/Versions/3.11/lib/python3.11/site-packages/airflow/example_dags/example_python_decorator.py
[2025-10-28T14:33:54.372-0400] {processor.py:925} INFO - DAG(s) 'example_python_decorator' retrieved from /Library/Frameworks/Python.framework/Versions/3.11/lib/python3.11/site-packages/airflow/example_dags/example_python_decorator.py
[2025-10-28T14:33:54.423-0400] {logging_mixin.py:190} INFO - [2025-10-28T14:33:54.422-0400] {dag.py:3239} INFO - Sync 1 DAGs
[2025-10-28T14:33:54.426-0400] {logging_mixin.py:190} INFO - [2025-10-28T14:33:54.426-0400] {dag.py:4180} INFO - Setting next_dagrun for example_python_decorator to None, run_after=None
[2025-10-28T14:33:54.432-0400] {processor.py:208} INFO - Processing /Library/Frameworks/Python.framework/Versions/3.11/lib/python3.11/site-packages/airflow/example_dags/example_python_decorator.py took 0.076 seconds
[2025-10-28T14:36:04.836-0400] {processor.py:186} INFO - Started process (PID=5415) to work on /Library/Frameworks/Python.framework/Versions/3.11/lib/python3.11/site-packages/airflow/example_dags/example_python_decorator.py
[2025-10-28T14:36:04.838-0400] {processor.py:914} INFO - Processing file /Library/Frameworks/Python.framework/Versions/3.11/lib/python3.11/site-packages/airflow/example_dags/example_python_decorator.py for tasks to queue
[2025-10-28T14:36:04.838-0400] {logging_mixin.py:190} INFO - [2025-10-28T14:36:04.838-0400] {dagbag.py:588} INFO - Filling up the DagBag from /Library/Frameworks/Python.framework/Versions/3.11/lib/python3.11/site-packages/airflow/example_dags/example_python_decorator.py
[2025-10-28T14:36:04.852-0400] {processor.py:925} INFO - DAG(s) 'example_python_decorator' retrieved from /Library/Frameworks/Python.framework/Versions/3.11/lib/python3.11/site-packages/airflow/example_dags/example_python_decorator.py
[2025-10-28T14:36:04.901-0400] {logging_mixin.py:190} INFO - [2025-10-28T14:36:04.901-0400] {dag.py:3239} INFO - Sync 1 DAGs
[2025-10-28T14:36:04.904-0400] {logging_mixin.py:190} INFO - [2025-10-28T14:36:04.904-0400] {dag.py:4180} INFO - Setting next_dagrun for example_python_decorator to None, run_after=None
[2025-10-28T14:36:04.909-0400] {processor.py:208} INFO - Processing /Library/Frameworks/Python.framework/Versions/3.11/lib/python3.11/site-packages/airflow/example_dags/example_python_decorator.py took 0.074 seconds
[2025-10-28T14:38:16.274-0400] {processor.py:186} INFO - Started process (PID=6559) to work on /Library/Frameworks/Python.framework/Versions/3.11/lib/python3.11/site-packages/airflow/example_dags/example_python_decorator.py
[2025-10-28T14:38:16.275-0400] {processor.py:914} INFO - Processing file /Library/Frameworks/Python.framework/Versions/3.11/lib/python3.11/site-packages/airflow/example_dags/example_python_decorator.py for tasks to queue
[2025-10-28T14:38:16.275-0400] {logging_mixin.py:190} INFO - [2025-10-28T14:38:16.275-0400] {dagbag.py:588} INFO - Filling up the DagBag from /Library/Frameworks/Python.framework/Versions/3.11/lib/python3.11/site-packages/airflow/example_dags/example_python_decorator.py
[2025-10-28T14:38:16.295-0400] {processor.py:925} INFO - DAG(s) 'example_python_decorator' retrieved from /Library/Frameworks/Python.framework/Versions/3.11/lib/python3.11/site-packages/airflow/example_dags/example_python_decorator.py
[2025-10-28T14:38:16.351-0400] {logging_mixin.py:190} INFO - [2025-10-28T14:38:16.350-0400] {dag.py:3239} INFO - Sync 1 DAGs
[2025-10-28T14:38:16.355-0400] {logging_mixin.py:190} INFO - [2025-10-28T14:38:16.355-0400] {dag.py:4180} INFO - Setting next_dagrun for example_python_decorator to None, run_after=None
[2025-10-28T14:38:16.364-0400] {processor.py:208} INFO - Processing /Library/Frameworks/Python.framework/Versions/3.11/lib/python3.11/site-packages/airflow/example_dags/example_python_decorator.py took 0.092 seconds
[2025-10-28T14:40:28.709-0400] {processor.py:186} INFO - Started process (PID=7717) to work on /Library/Frameworks/Python.framework/Versions/3.11/lib/python3.11/site-packages/airflow/example_dags/example_python_decorator.py
[2025-10-28T14:40:28.710-0400] {processor.py:914} INFO - Processing file /Library/Frameworks/Python.framework/Versions/3.11/lib/python3.11/site-packages/airflow/example_dags/example_python_decorator.py for tasks to queue
[2025-10-28T14:40:28.710-0400] {logging_mixin.py:190} INFO - [2025-10-28T14:40:28.710-0400] {dagbag.py:588} INFO - Filling up the DagBag from /Library/Frameworks/Python.framework/Versions/3.11/lib/python3.11/site-packages/airflow/example_dags/example_python_decorator.py
[2025-10-28T14:40:28.724-0400] {processor.py:925} INFO - DAG(s) 'example_python_decorator' retrieved from /Library/Frameworks/Python.framework/Versions/3.11/lib/python3.11/site-packages/airflow/example_dags/example_python_decorator.py
[2025-10-28T14:40:28.777-0400] {logging_mixin.py:190} INFO - [2025-10-28T14:40:28.776-0400] {dag.py:3239} INFO - Sync 1 DAGs
[2025-10-28T14:40:28.780-0400] {logging_mixin.py:190} INFO - [2025-10-28T14:40:28.780-0400] {dag.py:4180} INFO - Setting next_dagrun for example_python_decorator to None, run_after=None
[2025-10-28T14:40:28.785-0400] {processor.py:208} INFO - Processing /Library/Frameworks/Python.framework/Versions/3.11/lib/python3.11/site-packages/airflow/example_dags/example_python_decorator.py took 0.077 seconds
[2025-10-28T14:42:08.128-0400] {processor.py:186} INFO - Started process (PID=8812) to work on /Library/Frameworks/Python.framework/Versions/3.11/lib/python3.11/site-packages/airflow/example_dags/example_python_decorator.py
[2025-10-28T14:42:08.130-0400] {processor.py:914} INFO - Processing file /Library/Frameworks/Python.framework/Versions/3.11/lib/python3.11/site-packages/airflow/example_dags/example_python_decorator.py for tasks to queue
[2025-10-28T14:42:08.130-0400] {logging_mixin.py:190} INFO - [2025-10-28T14:42:08.130-0400] {dagbag.py:588} INFO - Filling up the DagBag from /Library/Frameworks/Python.framework/Versions/3.11/lib/python3.11/site-packages/airflow/example_dags/example_python_decorator.py
[2025-10-28T14:42:08.144-0400] {processor.py:925} INFO - DAG(s) 'example_python_decorator' retrieved from /Library/Frameworks/Python.framework/Versions/3.11/lib/python3.11/site-packages/airflow/example_dags/example_python_decorator.py
[2025-10-28T14:42:08.193-0400] {logging_mixin.py:190} INFO - [2025-10-28T14:42:08.193-0400] {dag.py:3239} INFO - Sync 1 DAGs
[2025-10-28T14:42:08.197-0400] {logging_mixin.py:190} INFO - [2025-10-28T14:42:08.196-0400] {dag.py:4180} INFO - Setting next_dagrun for example_python_decorator to None, run_after=None
[2025-10-28T14:42:08.202-0400] {processor.py:208} INFO - Processing /Library/Frameworks/Python.framework/Versions/3.11/lib/python3.11/site-packages/airflow/example_dags/example_python_decorator.py took 0.074 seconds
[2025-10-28T14:43:51.152-0400] {processor.py:186} INFO - Started process (PID=9742) to work on /Library/Frameworks/Python.framework/Versions/3.11/lib/python3.11/site-packages/airflow/example_dags/example_python_decorator.py
[2025-10-28T14:43:51.153-0400] {processor.py:914} INFO - Processing file /Library/Frameworks/Python.framework/Versions/3.11/lib/python3.11/site-packages/airflow/example_dags/example_python_decorator.py for tasks to queue
[2025-10-28T14:43:51.153-0400] {logging_mixin.py:190} INFO - [2025-10-28T14:43:51.153-0400] {dagbag.py:588} INFO - Filling up the DagBag from /Library/Frameworks/Python.framework/Versions/3.11/lib/python3.11/site-packages/airflow/example_dags/example_python_decorator.py
[2025-10-28T14:43:51.167-0400] {processor.py:925} INFO - DAG(s) 'example_python_decorator' retrieved from /Library/Frameworks/Python.framework/Versions/3.11/lib/python3.11/site-packages/airflow/example_dags/example_python_decorator.py
[2025-10-28T14:43:51.216-0400] {logging_mixin.py:190} INFO - [2025-10-28T14:43:51.216-0400] {dag.py:3239} INFO - Sync 1 DAGs
[2025-10-28T14:43:51.219-0400] {logging_mixin.py:190} INFO - [2025-10-28T14:43:51.219-0400] {dag.py:4180} INFO - Setting next_dagrun for example_python_decorator to None, run_after=None
[2025-10-28T14:43:51.225-0400] {processor.py:208} INFO - Processing /Library/Frameworks/Python.framework/Versions/3.11/lib/python3.11/site-packages/airflow/example_dags/example_python_decorator.py took 0.073 seconds
[2025-10-28T14:46:08.351-0400] {processor.py:186} INFO - Started process (PID=10899) to work on /Library/Frameworks/Python.framework/Versions/3.11/lib/python3.11/site-packages/airflow/example_dags/example_python_decorator.py
[2025-10-28T14:46:08.352-0400] {processor.py:914} INFO - Processing file /Library/Frameworks/Python.framework/Versions/3.11/lib/python3.11/site-packages/airflow/example_dags/example_python_decorator.py for tasks to queue
[2025-10-28T14:46:08.353-0400] {logging_mixin.py:190} INFO - [2025-10-28T14:46:08.353-0400] {dagbag.py:588} INFO - Filling up the DagBag from /Library/Frameworks/Python.framework/Versions/3.11/lib/python3.11/site-packages/airflow/example_dags/example_python_decorator.py
[2025-10-28T14:46:08.367-0400] {processor.py:925} INFO - DAG(s) 'example_python_decorator' retrieved from /Library/Frameworks/Python.framework/Versions/3.11/lib/python3.11/site-packages/airflow/example_dags/example_python_decorator.py
[2025-10-28T14:46:08.418-0400] {logging_mixin.py:190} INFO - [2025-10-28T14:46:08.418-0400] {dag.py:3239} INFO - Sync 1 DAGs
[2025-10-28T14:46:08.421-0400] {logging_mixin.py:190} INFO - [2025-10-28T14:46:08.421-0400] {dag.py:4180} INFO - Setting next_dagrun for example_python_decorator to None, run_after=None
[2025-10-28T14:46:08.427-0400] {processor.py:208} INFO - Processing /Library/Frameworks/Python.framework/Versions/3.11/lib/python3.11/site-packages/airflow/example_dags/example_python_decorator.py took 0.077 seconds
[2025-10-28T14:48:54.016-0400] {processor.py:186} INFO - Started process (PID=12573) to work on /Library/Frameworks/Python.framework/Versions/3.11/lib/python3.11/site-packages/airflow/example_dags/example_python_decorator.py
[2025-10-28T14:48:54.017-0400] {processor.py:914} INFO - Processing file /Library/Frameworks/Python.framework/Versions/3.11/lib/python3.11/site-packages/airflow/example_dags/example_python_decorator.py for tasks to queue
[2025-10-28T14:48:54.018-0400] {logging_mixin.py:190} INFO - [2025-10-28T14:48:54.018-0400] {dagbag.py:588} INFO - Filling up the DagBag from /Library/Frameworks/Python.framework/Versions/3.11/lib/python3.11/site-packages/airflow/example_dags/example_python_decorator.py
[2025-10-28T14:48:54.031-0400] {processor.py:925} INFO - DAG(s) 'example_python_decorator' retrieved from /Library/Frameworks/Python.framework/Versions/3.11/lib/python3.11/site-packages/airflow/example_dags/example_python_decorator.py
[2025-10-28T14:48:54.080-0400] {logging_mixin.py:190} INFO - [2025-10-28T14:48:54.080-0400] {dag.py:3239} INFO - Sync 1 DAGs
[2025-10-28T14:48:54.083-0400] {logging_mixin.py:190} INFO - [2025-10-28T14:48:54.083-0400] {dag.py:4180} INFO - Setting next_dagrun for example_python_decorator to None, run_after=None
[2025-10-28T14:48:54.089-0400] {processor.py:208} INFO - Processing /Library/Frameworks/Python.framework/Versions/3.11/lib/python3.11/site-packages/airflow/example_dags/example_python_decorator.py took 0.074 seconds
[2025-10-28T14:50:33.339-0400] {processor.py:186} INFO - Started process (PID=13436) to work on /Library/Frameworks/Python.framework/Versions/3.11/lib/python3.11/site-packages/airflow/example_dags/example_python_decorator.py
[2025-10-28T14:50:33.340-0400] {processor.py:914} INFO - Processing file /Library/Frameworks/Python.framework/Versions/3.11/lib/python3.11/site-packages/airflow/example_dags/example_python_decorator.py for tasks to queue
[2025-10-28T14:50:33.341-0400] {logging_mixin.py:190} INFO - [2025-10-28T14:50:33.341-0400] {dagbag.py:588} INFO - Filling up the DagBag from /Library/Frameworks/Python.framework/Versions/3.11/lib/python3.11/site-packages/airflow/example_dags/example_python_decorator.py
[2025-10-28T14:50:33.354-0400] {processor.py:925} INFO - DAG(s) 'example_python_decorator' retrieved from /Library/Frameworks/Python.framework/Versions/3.11/lib/python3.11/site-packages/airflow/example_dags/example_python_decorator.py
[2025-10-28T14:50:33.403-0400] {logging_mixin.py:190} INFO - [2025-10-28T14:50:33.403-0400] {dag.py:3239} INFO - Sync 1 DAGs
[2025-10-28T14:50:33.406-0400] {logging_mixin.py:190} INFO - [2025-10-28T14:50:33.406-0400] {dag.py:4180} INFO - Setting next_dagrun for example_python_decorator to None, run_after=None
[2025-10-28T14:50:33.412-0400] {processor.py:208} INFO - Processing /Library/Frameworks/Python.framework/Versions/3.11/lib/python3.11/site-packages/airflow/example_dags/example_python_decorator.py took 0.074 seconds
[2025-10-28T14:53:53.415-0400] {processor.py:186} INFO - Started process (PID=15397) to work on /Library/Frameworks/Python.framework/Versions/3.11/lib/python3.11/site-packages/airflow/example_dags/example_python_decorator.py
[2025-10-28T14:53:53.415-0400] {processor.py:914} INFO - Processing file /Library/Frameworks/Python.framework/Versions/3.11/lib/python3.11/site-packages/airflow/example_dags/example_python_decorator.py for tasks to queue
[2025-10-28T14:53:53.416-0400] {logging_mixin.py:190} INFO - [2025-10-28T14:53:53.416-0400] {dagbag.py:588} INFO - Filling up the DagBag from /Library/Frameworks/Python.framework/Versions/3.11/lib/python3.11/site-packages/airflow/example_dags/example_python_decorator.py
[2025-10-28T14:53:53.431-0400] {processor.py:925} INFO - DAG(s) 'example_python_decorator' retrieved from /Library/Frameworks/Python.framework/Versions/3.11/lib/python3.11/site-packages/airflow/example_dags/example_python_decorator.py
[2025-10-28T14:53:53.483-0400] {logging_mixin.py:190} INFO - [2025-10-28T14:53:53.482-0400] {dag.py:3239} INFO - Sync 1 DAGs
[2025-10-28T14:53:53.486-0400] {logging_mixin.py:190} INFO - [2025-10-28T14:53:53.486-0400] {dag.py:4180} INFO - Setting next_dagrun for example_python_decorator to None, run_after=None
[2025-10-28T14:53:53.492-0400] {processor.py:208} INFO - Processing /Library/Frameworks/Python.framework/Versions/3.11/lib/python3.11/site-packages/airflow/example_dags/example_python_decorator.py took 0.079 seconds
[2025-10-28T14:55:29.671-0400] {processor.py:186} INFO - Started process (PID=16012) to work on /Library/Frameworks/Python.framework/Versions/3.11/lib/python3.11/site-packages/airflow/example_dags/example_python_decorator.py
[2025-10-28T14:55:29.672-0400] {processor.py:914} INFO - Processing file /Library/Frameworks/Python.framework/Versions/3.11/lib/python3.11/site-packages/airflow/example_dags/example_python_decorator.py for tasks to queue
[2025-10-28T14:55:29.673-0400] {logging_mixin.py:190} INFO - [2025-10-28T14:55:29.673-0400] {dagbag.py:588} INFO - Filling up the DagBag from /Library/Frameworks/Python.framework/Versions/3.11/lib/python3.11/site-packages/airflow/example_dags/example_python_decorator.py
[2025-10-28T14:55:29.686-0400] {processor.py:925} INFO - DAG(s) 'example_python_decorator' retrieved from /Library/Frameworks/Python.framework/Versions/3.11/lib/python3.11/site-packages/airflow/example_dags/example_python_decorator.py
[2025-10-28T14:55:29.734-0400] {logging_mixin.py:190} INFO - [2025-10-28T14:55:29.734-0400] {dag.py:3239} INFO - Sync 1 DAGs
[2025-10-28T14:55:29.737-0400] {logging_mixin.py:190} INFO - [2025-10-28T14:55:29.737-0400] {dag.py:4180} INFO - Setting next_dagrun for example_python_decorator to None, run_after=None
[2025-10-28T14:55:29.742-0400] {processor.py:208} INFO - Processing /Library/Frameworks/Python.framework/Versions/3.11/lib/python3.11/site-packages/airflow/example_dags/example_python_decorator.py took 0.072 seconds
[2025-10-28T14:57:39.017-0400] {processor.py:186} INFO - Started process (PID=16753) to work on /Library/Frameworks/Python.framework/Versions/3.11/lib/python3.11/site-packages/airflow/example_dags/example_python_decorator.py
[2025-10-28T14:57:39.018-0400] {processor.py:914} INFO - Processing file /Library/Frameworks/Python.framework/Versions/3.11/lib/python3.11/site-packages/airflow/example_dags/example_python_decorator.py for tasks to queue
[2025-10-28T14:57:39.019-0400] {logging_mixin.py:190} INFO - [2025-10-28T14:57:39.019-0400] {dagbag.py:588} INFO - Filling up the DagBag from /Library/Frameworks/Python.framework/Versions/3.11/lib/python3.11/site-packages/airflow/example_dags/example_python_decorator.py
[2025-10-28T14:57:39.033-0400] {processor.py:925} INFO - DAG(s) 'example_python_decorator' retrieved from /Library/Frameworks/Python.framework/Versions/3.11/lib/python3.11/site-packages/airflow/example_dags/example_python_decorator.py
[2025-10-28T14:57:39.083-0400] {logging_mixin.py:190} INFO - [2025-10-28T14:57:39.083-0400] {dag.py:3239} INFO - Sync 1 DAGs
[2025-10-28T14:57:39.086-0400] {logging_mixin.py:190} INFO - [2025-10-28T14:57:39.086-0400] {dag.py:4180} INFO - Setting next_dagrun for example_python_decorator to None, run_after=None
[2025-10-28T14:57:39.091-0400] {processor.py:208} INFO - Processing /Library/Frameworks/Python.framework/Versions/3.11/lib/python3.11/site-packages/airflow/example_dags/example_python_decorator.py took 0.075 seconds
[2025-10-28T14:59:13.964-0400] {processor.py:186} INFO - Started process (PID=17731) to work on /Library/Frameworks/Python.framework/Versions/3.11/lib/python3.11/site-packages/airflow/example_dags/example_python_decorator.py
[2025-10-28T14:59:13.965-0400] {processor.py:914} INFO - Processing file /Library/Frameworks/Python.framework/Versions/3.11/lib/python3.11/site-packages/airflow/example_dags/example_python_decorator.py for tasks to queue
[2025-10-28T14:59:13.965-0400] {logging_mixin.py:190} INFO - [2025-10-28T14:59:13.965-0400] {dagbag.py:588} INFO - Filling up the DagBag from /Library/Frameworks/Python.framework/Versions/3.11/lib/python3.11/site-packages/airflow/example_dags/example_python_decorator.py
[2025-10-28T14:59:13.981-0400] {processor.py:925} INFO - DAG(s) 'example_python_decorator' retrieved from /Library/Frameworks/Python.framework/Versions/3.11/lib/python3.11/site-packages/airflow/example_dags/example_python_decorator.py
[2025-10-28T14:59:14.037-0400] {logging_mixin.py:190} INFO - [2025-10-28T14:59:14.036-0400] {dag.py:3239} INFO - Sync 1 DAGs
[2025-10-28T14:59:14.044-0400] {logging_mixin.py:190} INFO - [2025-10-28T14:59:14.044-0400] {dag.py:4180} INFO - Setting next_dagrun for example_python_decorator to None, run_after=None
[2025-10-28T14:59:14.050-0400] {processor.py:208} INFO - Processing /Library/Frameworks/Python.framework/Versions/3.11/lib/python3.11/site-packages/airflow/example_dags/example_python_decorator.py took 0.087 seconds
[2025-10-28T15:00:46.191-0400] {processor.py:186} INFO - Started process (PID=18218) to work on /Library/Frameworks/Python.framework/Versions/3.11/lib/python3.11/site-packages/airflow/example_dags/example_python_decorator.py
[2025-10-28T15:00:46.193-0400] {processor.py:914} INFO - Processing file /Library/Frameworks/Python.framework/Versions/3.11/lib/python3.11/site-packages/airflow/example_dags/example_python_decorator.py for tasks to queue
[2025-10-28T15:00:46.193-0400] {logging_mixin.py:190} INFO - [2025-10-28T15:00:46.193-0400] {dagbag.py:588} INFO - Filling up the DagBag from /Library/Frameworks/Python.framework/Versions/3.11/lib/python3.11/site-packages/airflow/example_dags/example_python_decorator.py
[2025-10-28T15:00:46.207-0400] {processor.py:925} INFO - DAG(s) 'example_python_decorator' retrieved from /Library/Frameworks/Python.framework/Versions/3.11/lib/python3.11/site-packages/airflow/example_dags/example_python_decorator.py
[2025-10-28T15:00:46.255-0400] {logging_mixin.py:190} INFO - [2025-10-28T15:00:46.255-0400] {dag.py:3239} INFO - Sync 1 DAGs
[2025-10-28T15:00:46.258-0400] {logging_mixin.py:190} INFO - [2025-10-28T15:00:46.258-0400] {dag.py:4180} INFO - Setting next_dagrun for example_python_decorator to None, run_after=None
[2025-10-28T15:00:46.263-0400] {processor.py:208} INFO - Processing /Library/Frameworks/Python.framework/Versions/3.11/lib/python3.11/site-packages/airflow/example_dags/example_python_decorator.py took 0.072 seconds
[2025-10-28T15:02:52.231-0400] {processor.py:186} INFO - Started process (PID=18883) to work on /Library/Frameworks/Python.framework/Versions/3.11/lib/python3.11/site-packages/airflow/example_dags/example_python_decorator.py
[2025-10-28T15:02:52.231-0400] {processor.py:914} INFO - Processing file /Library/Frameworks/Python.framework/Versions/3.11/lib/python3.11/site-packages/airflow/example_dags/example_python_decorator.py for tasks to queue
[2025-10-28T15:02:52.231-0400] {logging_mixin.py:190} INFO - [2025-10-28T15:02:52.231-0400] {dagbag.py:588} INFO - Filling up the DagBag from /Library/Frameworks/Python.framework/Versions/3.11/lib/python3.11/site-packages/airflow/example_dags/example_python_decorator.py
[2025-10-28T15:02:52.245-0400] {processor.py:925} INFO - DAG(s) 'example_python_decorator' retrieved from /Library/Frameworks/Python.framework/Versions/3.11/lib/python3.11/site-packages/airflow/example_dags/example_python_decorator.py
[2025-10-28T15:02:52.294-0400] {logging_mixin.py:190} INFO - [2025-10-28T15:02:52.294-0400] {dag.py:3239} INFO - Sync 1 DAGs
[2025-10-28T15:02:52.297-0400] {logging_mixin.py:190} INFO - [2025-10-28T15:02:52.297-0400] {dag.py:4180} INFO - Setting next_dagrun for example_python_decorator to None, run_after=None
[2025-10-28T15:02:52.302-0400] {processor.py:208} INFO - Processing /Library/Frameworks/Python.framework/Versions/3.11/lib/python3.11/site-packages/airflow/example_dags/example_python_decorator.py took 0.072 seconds
[2025-10-28T15:04:55.064-0400] {processor.py:186} INFO - Started process (PID=19856) to work on /Library/Frameworks/Python.framework/Versions/3.11/lib/python3.11/site-packages/airflow/example_dags/example_python_decorator.py
[2025-10-28T15:04:55.066-0400] {processor.py:914} INFO - Processing file /Library/Frameworks/Python.framework/Versions/3.11/lib/python3.11/site-packages/airflow/example_dags/example_python_decorator.py for tasks to queue
[2025-10-28T15:04:55.066-0400] {logging_mixin.py:190} INFO - [2025-10-28T15:04:55.066-0400] {dagbag.py:588} INFO - Filling up the DagBag from /Library/Frameworks/Python.framework/Versions/3.11/lib/python3.11/site-packages/airflow/example_dags/example_python_decorator.py
[2025-10-28T15:04:55.080-0400] {processor.py:925} INFO - DAG(s) 'example_python_decorator' retrieved from /Library/Frameworks/Python.framework/Versions/3.11/lib/python3.11/site-packages/airflow/example_dags/example_python_decorator.py
[2025-10-28T15:04:55.130-0400] {logging_mixin.py:190} INFO - [2025-10-28T15:04:55.130-0400] {dag.py:3239} INFO - Sync 1 DAGs
[2025-10-28T15:04:55.133-0400] {logging_mixin.py:190} INFO - [2025-10-28T15:04:55.133-0400] {dag.py:4180} INFO - Setting next_dagrun for example_python_decorator to None, run_after=None
[2025-10-28T15:04:55.138-0400] {processor.py:208} INFO - Processing /Library/Frameworks/Python.framework/Versions/3.11/lib/python3.11/site-packages/airflow/example_dags/example_python_decorator.py took 0.075 seconds
[2025-10-28T15:06:26.354-0400] {processor.py:186} INFO - Started process (PID=20357) to work on /Library/Frameworks/Python.framework/Versions/3.11/lib/python3.11/site-packages/airflow/example_dags/example_python_decorator.py
[2025-10-28T15:06:26.356-0400] {processor.py:914} INFO - Processing file /Library/Frameworks/Python.framework/Versions/3.11/lib/python3.11/site-packages/airflow/example_dags/example_python_decorator.py for tasks to queue
[2025-10-28T15:06:26.356-0400] {logging_mixin.py:190} INFO - [2025-10-28T15:06:26.356-0400] {dagbag.py:588} INFO - Filling up the DagBag from /Library/Frameworks/Python.framework/Versions/3.11/lib/python3.11/site-packages/airflow/example_dags/example_python_decorator.py
[2025-10-28T15:06:26.369-0400] {processor.py:925} INFO - DAG(s) 'example_python_decorator' retrieved from /Library/Frameworks/Python.framework/Versions/3.11/lib/python3.11/site-packages/airflow/example_dags/example_python_decorator.py
[2025-10-28T15:06:26.416-0400] {logging_mixin.py:190} INFO - [2025-10-28T15:06:26.416-0400] {dag.py:3239} INFO - Sync 1 DAGs
[2025-10-28T15:06:26.419-0400] {logging_mixin.py:190} INFO - [2025-10-28T15:06:26.419-0400] {dag.py:4180} INFO - Setting next_dagrun for example_python_decorator to None, run_after=None
[2025-10-28T15:06:26.424-0400] {processor.py:208} INFO - Processing /Library/Frameworks/Python.framework/Versions/3.11/lib/python3.11/site-packages/airflow/example_dags/example_python_decorator.py took 0.071 seconds
[2025-10-28T15:08:40.526-0400] {processor.py:186} INFO - Started process (PID=21047) to work on /Library/Frameworks/Python.framework/Versions/3.11/lib/python3.11/site-packages/airflow/example_dags/example_python_decorator.py
[2025-10-28T15:08:40.527-0400] {processor.py:914} INFO - Processing file /Library/Frameworks/Python.framework/Versions/3.11/lib/python3.11/site-packages/airflow/example_dags/example_python_decorator.py for tasks to queue
[2025-10-28T15:08:40.527-0400] {logging_mixin.py:190} INFO - [2025-10-28T15:08:40.527-0400] {dagbag.py:588} INFO - Filling up the DagBag from /Library/Frameworks/Python.framework/Versions/3.11/lib/python3.11/site-packages/airflow/example_dags/example_python_decorator.py
[2025-10-28T15:08:40.540-0400] {processor.py:925} INFO - DAG(s) 'example_python_decorator' retrieved from /Library/Frameworks/Python.framework/Versions/3.11/lib/python3.11/site-packages/airflow/example_dags/example_python_decorator.py
[2025-10-28T15:08:40.589-0400] {logging_mixin.py:190} INFO - [2025-10-28T15:08:40.589-0400] {dag.py:3239} INFO - Sync 1 DAGs
[2025-10-28T15:08:40.592-0400] {logging_mixin.py:190} INFO - [2025-10-28T15:08:40.592-0400] {dag.py:4180} INFO - Setting next_dagrun for example_python_decorator to None, run_after=None
[2025-10-28T15:08:40.597-0400] {processor.py:208} INFO - Processing /Library/Frameworks/Python.framework/Versions/3.11/lib/python3.11/site-packages/airflow/example_dags/example_python_decorator.py took 0.072 seconds
[2025-10-28T15:57:05.742-0400] {processor.py:186} INFO - Started process (PID=21895) to work on /Library/Frameworks/Python.framework/Versions/3.11/lib/python3.11/site-packages/airflow/example_dags/example_python_decorator.py
[2025-10-28T15:57:05.743-0400] {processor.py:914} INFO - Processing file /Library/Frameworks/Python.framework/Versions/3.11/lib/python3.11/site-packages/airflow/example_dags/example_python_decorator.py for tasks to queue
[2025-10-28T15:57:05.743-0400] {logging_mixin.py:190} INFO - [2025-10-28T15:57:05.743-0400] {dagbag.py:588} INFO - Filling up the DagBag from /Library/Frameworks/Python.framework/Versions/3.11/lib/python3.11/site-packages/airflow/example_dags/example_python_decorator.py
[2025-10-28T15:57:05.759-0400] {processor.py:925} INFO - DAG(s) 'example_python_decorator' retrieved from /Library/Frameworks/Python.framework/Versions/3.11/lib/python3.11/site-packages/airflow/example_dags/example_python_decorator.py
[2025-10-28T15:57:05.815-0400] {logging_mixin.py:190} INFO - [2025-10-28T15:57:05.815-0400] {dag.py:3239} INFO - Sync 1 DAGs
[2025-10-28T15:57:05.819-0400] {logging_mixin.py:190} INFO - [2025-10-28T15:57:05.819-0400] {dag.py:4180} INFO - Setting next_dagrun for example_python_decorator to None, run_after=None
[2025-10-28T15:57:05.826-0400] {processor.py:208} INFO - Processing /Library/Frameworks/Python.framework/Versions/3.11/lib/python3.11/site-packages/airflow/example_dags/example_python_decorator.py took 0.085 seconds
[2025-10-28T15:58:25.646-0400] {processor.py:186} INFO - Started process (PID=22315) to work on /Library/Frameworks/Python.framework/Versions/3.11/lib/python3.11/site-packages/airflow/example_dags/example_python_decorator.py
[2025-10-28T15:58:25.647-0400] {processor.py:914} INFO - Processing file /Library/Frameworks/Python.framework/Versions/3.11/lib/python3.11/site-packages/airflow/example_dags/example_python_decorator.py for tasks to queue
[2025-10-28T15:58:25.647-0400] {logging_mixin.py:190} INFO - [2025-10-28T15:58:25.647-0400] {dagbag.py:588} INFO - Filling up the DagBag from /Library/Frameworks/Python.framework/Versions/3.11/lib/python3.11/site-packages/airflow/example_dags/example_python_decorator.py
[2025-10-28T15:58:25.660-0400] {processor.py:925} INFO - DAG(s) 'example_python_decorator' retrieved from /Library/Frameworks/Python.framework/Versions/3.11/lib/python3.11/site-packages/airflow/example_dags/example_python_decorator.py
[2025-10-28T15:58:25.716-0400] {logging_mixin.py:190} INFO - [2025-10-28T15:58:25.715-0400] {dag.py:3239} INFO - Sync 1 DAGs
[2025-10-28T15:58:25.718-0400] {logging_mixin.py:190} INFO - [2025-10-28T15:58:25.718-0400] {dag.py:4180} INFO - Setting next_dagrun for example_python_decorator to None, run_after=None
[2025-10-28T15:58:25.723-0400] {processor.py:208} INFO - Processing /Library/Frameworks/Python.framework/Versions/3.11/lib/python3.11/site-packages/airflow/example_dags/example_python_decorator.py took 0.078 seconds
[2025-10-28T16:01:29.266-0400] {processor.py:186} INFO - Started process (PID=23518) to work on /Library/Frameworks/Python.framework/Versions/3.11/lib/python3.11/site-packages/airflow/example_dags/example_python_decorator.py
[2025-10-28T16:01:29.267-0400] {processor.py:914} INFO - Processing file /Library/Frameworks/Python.framework/Versions/3.11/lib/python3.11/site-packages/airflow/example_dags/example_python_decorator.py for tasks to queue
[2025-10-28T16:01:29.267-0400] {logging_mixin.py:190} INFO - [2025-10-28T16:01:29.267-0400] {dagbag.py:588} INFO - Filling up the DagBag from /Library/Frameworks/Python.framework/Versions/3.11/lib/python3.11/site-packages/airflow/example_dags/example_python_decorator.py
[2025-10-28T16:01:29.281-0400] {processor.py:925} INFO - DAG(s) 'example_python_decorator' retrieved from /Library/Frameworks/Python.framework/Versions/3.11/lib/python3.11/site-packages/airflow/example_dags/example_python_decorator.py
[2025-10-28T16:01:29.331-0400] {logging_mixin.py:190} INFO - [2025-10-28T16:01:29.331-0400] {dag.py:3239} INFO - Sync 1 DAGs
[2025-10-28T16:01:29.334-0400] {logging_mixin.py:190} INFO - [2025-10-28T16:01:29.334-0400] {dag.py:4180} INFO - Setting next_dagrun for example_python_decorator to None, run_after=None
[2025-10-28T16:01:29.339-0400] {processor.py:208} INFO - Processing /Library/Frameworks/Python.framework/Versions/3.11/lib/python3.11/site-packages/airflow/example_dags/example_python_decorator.py took 0.075 seconds
[2025-10-28T16:03:06.427-0400] {processor.py:186} INFO - Started process (PID=24036) to work on /Library/Frameworks/Python.framework/Versions/3.11/lib/python3.11/site-packages/airflow/example_dags/example_python_decorator.py
[2025-10-28T16:03:06.428-0400] {processor.py:914} INFO - Processing file /Library/Frameworks/Python.framework/Versions/3.11/lib/python3.11/site-packages/airflow/example_dags/example_python_decorator.py for tasks to queue
[2025-10-28T16:03:06.429-0400] {logging_mixin.py:190} INFO - [2025-10-28T16:03:06.429-0400] {dagbag.py:588} INFO - Filling up the DagBag from /Library/Frameworks/Python.framework/Versions/3.11/lib/python3.11/site-packages/airflow/example_dags/example_python_decorator.py
[2025-10-28T16:03:06.442-0400] {processor.py:925} INFO - DAG(s) 'example_python_decorator' retrieved from /Library/Frameworks/Python.framework/Versions/3.11/lib/python3.11/site-packages/airflow/example_dags/example_python_decorator.py
[2025-10-28T16:03:06.494-0400] {logging_mixin.py:190} INFO - [2025-10-28T16:03:06.493-0400] {dag.py:3239} INFO - Sync 1 DAGs
[2025-10-28T16:03:06.498-0400] {logging_mixin.py:190} INFO - [2025-10-28T16:03:06.498-0400] {dag.py:4180} INFO - Setting next_dagrun for example_python_decorator to None, run_after=None
[2025-10-28T16:03:06.504-0400] {processor.py:208} INFO - Processing /Library/Frameworks/Python.framework/Versions/3.11/lib/python3.11/site-packages/airflow/example_dags/example_python_decorator.py took 0.077 seconds
[2025-10-28T16:05:27.402-0400] {processor.py:186} INFO - Started process (PID=24749) to work on /Library/Frameworks/Python.framework/Versions/3.11/lib/python3.11/site-packages/airflow/example_dags/example_python_decorator.py
[2025-10-28T16:05:27.403-0400] {processor.py:914} INFO - Processing file /Library/Frameworks/Python.framework/Versions/3.11/lib/python3.11/site-packages/airflow/example_dags/example_python_decorator.py for tasks to queue
[2025-10-28T16:05:27.404-0400] {logging_mixin.py:190} INFO - [2025-10-28T16:05:27.404-0400] {dagbag.py:588} INFO - Filling up the DagBag from /Library/Frameworks/Python.framework/Versions/3.11/lib/python3.11/site-packages/airflow/example_dags/example_python_decorator.py
[2025-10-28T16:05:27.422-0400] {processor.py:925} INFO - DAG(s) 'example_python_decorator' retrieved from /Library/Frameworks/Python.framework/Versions/3.11/lib/python3.11/site-packages/airflow/example_dags/example_python_decorator.py
[2025-10-28T16:05:27.490-0400] {logging_mixin.py:190} INFO - [2025-10-28T16:05:27.490-0400] {dag.py:3239} INFO - Sync 1 DAGs
[2025-10-28T16:05:27.494-0400] {logging_mixin.py:190} INFO - [2025-10-28T16:05:27.494-0400] {dag.py:4180} INFO - Setting next_dagrun for example_python_decorator to None, run_after=None
[2025-10-28T16:05:27.501-0400] {processor.py:208} INFO - Processing /Library/Frameworks/Python.framework/Versions/3.11/lib/python3.11/site-packages/airflow/example_dags/example_python_decorator.py took 0.100 seconds
[2025-10-28T16:08:26.467-0400] {processor.py:186} INFO - Started process (PID=26284) to work on /Library/Frameworks/Python.framework/Versions/3.11/lib/python3.11/site-packages/airflow/example_dags/example_python_decorator.py
[2025-10-28T16:08:26.470-0400] {processor.py:914} INFO - Processing file /Library/Frameworks/Python.framework/Versions/3.11/lib/python3.11/site-packages/airflow/example_dags/example_python_decorator.py for tasks to queue
[2025-10-28T16:08:26.470-0400] {logging_mixin.py:190} INFO - [2025-10-28T16:08:26.470-0400] {dagbag.py:588} INFO - Filling up the DagBag from /Library/Frameworks/Python.framework/Versions/3.11/lib/python3.11/site-packages/airflow/example_dags/example_python_decorator.py
[2025-10-28T16:08:26.484-0400] {processor.py:925} INFO - DAG(s) 'example_python_decorator' retrieved from /Library/Frameworks/Python.framework/Versions/3.11/lib/python3.11/site-packages/airflow/example_dags/example_python_decorator.py
[2025-10-28T16:08:26.534-0400] {logging_mixin.py:190} INFO - [2025-10-28T16:08:26.534-0400] {dag.py:3239} INFO - Sync 1 DAGs
[2025-10-28T16:08:26.537-0400] {logging_mixin.py:190} INFO - [2025-10-28T16:08:26.537-0400] {dag.py:4180} INFO - Setting next_dagrun for example_python_decorator to None, run_after=None
[2025-10-28T16:08:26.542-0400] {processor.py:208} INFO - Processing /Library/Frameworks/Python.framework/Versions/3.11/lib/python3.11/site-packages/airflow/example_dags/example_python_decorator.py took 0.076 seconds
[2025-10-28T16:10:06.707-0400] {processor.py:186} INFO - Started process (PID=26811) to work on /Library/Frameworks/Python.framework/Versions/3.11/lib/python3.11/site-packages/airflow/example_dags/example_python_decorator.py
[2025-10-28T16:10:06.708-0400] {processor.py:914} INFO - Processing file /Library/Frameworks/Python.framework/Versions/3.11/lib/python3.11/site-packages/airflow/example_dags/example_python_decorator.py for tasks to queue
[2025-10-28T16:10:06.709-0400] {logging_mixin.py:190} INFO - [2025-10-28T16:10:06.709-0400] {dagbag.py:588} INFO - Filling up the DagBag from /Library/Frameworks/Python.framework/Versions/3.11/lib/python3.11/site-packages/airflow/example_dags/example_python_decorator.py
[2025-10-28T16:10:06.725-0400] {processor.py:925} INFO - DAG(s) 'example_python_decorator' retrieved from /Library/Frameworks/Python.framework/Versions/3.11/lib/python3.11/site-packages/airflow/example_dags/example_python_decorator.py
[2025-10-28T16:10:06.781-0400] {logging_mixin.py:190} INFO - [2025-10-28T16:10:06.781-0400] {dag.py:3239} INFO - Sync 1 DAGs
[2025-10-28T16:10:06.785-0400] {logging_mixin.py:190} INFO - [2025-10-28T16:10:06.785-0400] {dag.py:4180} INFO - Setting next_dagrun for example_python_decorator to None, run_after=None
[2025-10-28T16:10:06.792-0400] {processor.py:208} INFO - Processing /Library/Frameworks/Python.framework/Versions/3.11/lib/python3.11/site-packages/airflow/example_dags/example_python_decorator.py took 0.086 seconds
[2025-10-28T16:12:52.354-0400] {processor.py:186} INFO - Started process (PID=27891) to work on /Library/Frameworks/Python.framework/Versions/3.11/lib/python3.11/site-packages/airflow/example_dags/example_python_decorator.py
[2025-10-28T16:12:52.355-0400] {processor.py:914} INFO - Processing file /Library/Frameworks/Python.framework/Versions/3.11/lib/python3.11/site-packages/airflow/example_dags/example_python_decorator.py for tasks to queue
[2025-10-28T16:12:52.355-0400] {logging_mixin.py:190} INFO - [2025-10-28T16:12:52.355-0400] {dagbag.py:588} INFO - Filling up the DagBag from /Library/Frameworks/Python.framework/Versions/3.11/lib/python3.11/site-packages/airflow/example_dags/example_python_decorator.py
[2025-10-28T16:12:52.370-0400] {processor.py:925} INFO - DAG(s) 'example_python_decorator' retrieved from /Library/Frameworks/Python.framework/Versions/3.11/lib/python3.11/site-packages/airflow/example_dags/example_python_decorator.py
[2025-10-28T16:12:52.430-0400] {logging_mixin.py:190} INFO - [2025-10-28T16:12:52.430-0400] {dag.py:3239} INFO - Sync 1 DAGs
[2025-10-28T16:12:52.433-0400] {logging_mixin.py:190} INFO - [2025-10-28T16:12:52.433-0400] {dag.py:4180} INFO - Setting next_dagrun for example_python_decorator to None, run_after=None
[2025-10-28T16:12:52.438-0400] {processor.py:208} INFO - Processing /Library/Frameworks/Python.framework/Versions/3.11/lib/python3.11/site-packages/airflow/example_dags/example_python_decorator.py took 0.086 seconds
[2025-10-28T16:14:45.780-0400] {processor.py:186} INFO - Started process (PID=28715) to work on /Library/Frameworks/Python.framework/Versions/3.11/lib/python3.11/site-packages/airflow/example_dags/example_python_decorator.py
[2025-10-28T16:14:45.782-0400] {processor.py:914} INFO - Processing file /Library/Frameworks/Python.framework/Versions/3.11/lib/python3.11/site-packages/airflow/example_dags/example_python_decorator.py for tasks to queue
[2025-10-28T16:14:45.782-0400] {logging_mixin.py:190} INFO - [2025-10-28T16:14:45.782-0400] {dagbag.py:588} INFO - Filling up the DagBag from /Library/Frameworks/Python.framework/Versions/3.11/lib/python3.11/site-packages/airflow/example_dags/example_python_decorator.py
[2025-10-28T16:14:45.796-0400] {processor.py:925} INFO - DAG(s) 'example_python_decorator' retrieved from /Library/Frameworks/Python.framework/Versions/3.11/lib/python3.11/site-packages/airflow/example_dags/example_python_decorator.py
[2025-10-28T16:14:45.852-0400] {logging_mixin.py:190} INFO - [2025-10-28T16:14:45.852-0400] {dag.py:3239} INFO - Sync 1 DAGs
[2025-10-28T16:14:45.855-0400] {logging_mixin.py:190} INFO - [2025-10-28T16:14:45.855-0400] {dag.py:4180} INFO - Setting next_dagrun for example_python_decorator to None, run_after=None
[2025-10-28T16:14:45.860-0400] {processor.py:208} INFO - Processing /Library/Frameworks/Python.framework/Versions/3.11/lib/python3.11/site-packages/airflow/example_dags/example_python_decorator.py took 0.081 seconds
[2025-10-28T16:17:34.491-0400] {processor.py:186} INFO - Started process (PID=29845) to work on /Library/Frameworks/Python.framework/Versions/3.11/lib/python3.11/site-packages/airflow/example_dags/example_python_decorator.py
[2025-10-28T16:17:34.493-0400] {processor.py:914} INFO - Processing file /Library/Frameworks/Python.framework/Versions/3.11/lib/python3.11/site-packages/airflow/example_dags/example_python_decorator.py for tasks to queue
[2025-10-28T16:17:34.493-0400] {logging_mixin.py:190} INFO - [2025-10-28T16:17:34.493-0400] {dagbag.py:588} INFO - Filling up the DagBag from /Library/Frameworks/Python.framework/Versions/3.11/lib/python3.11/site-packages/airflow/example_dags/example_python_decorator.py
[2025-10-28T16:17:34.507-0400] {processor.py:925} INFO - DAG(s) 'example_python_decorator' retrieved from /Library/Frameworks/Python.framework/Versions/3.11/lib/python3.11/site-packages/airflow/example_dags/example_python_decorator.py
[2025-10-28T16:17:34.558-0400] {logging_mixin.py:190} INFO - [2025-10-28T16:17:34.558-0400] {dag.py:3239} INFO - Sync 1 DAGs
[2025-10-28T16:17:34.561-0400] {logging_mixin.py:190} INFO - [2025-10-28T16:17:34.561-0400] {dag.py:4180} INFO - Setting next_dagrun for example_python_decorator to None, run_after=None
[2025-10-28T16:17:34.566-0400] {processor.py:208} INFO - Processing /Library/Frameworks/Python.framework/Versions/3.11/lib/python3.11/site-packages/airflow/example_dags/example_python_decorator.py took 0.076 seconds
[2025-10-28T16:19:10.619-0400] {processor.py:186} INFO - Started process (PID=30348) to work on /Library/Frameworks/Python.framework/Versions/3.11/lib/python3.11/site-packages/airflow/example_dags/example_python_decorator.py
[2025-10-28T16:19:10.620-0400] {processor.py:914} INFO - Processing file /Library/Frameworks/Python.framework/Versions/3.11/lib/python3.11/site-packages/airflow/example_dags/example_python_decorator.py for tasks to queue
[2025-10-28T16:19:10.620-0400] {logging_mixin.py:190} INFO - [2025-10-28T16:19:10.620-0400] {dagbag.py:588} INFO - Filling up the DagBag from /Library/Frameworks/Python.framework/Versions/3.11/lib/python3.11/site-packages/airflow/example_dags/example_python_decorator.py
[2025-10-28T16:19:10.634-0400] {processor.py:925} INFO - DAG(s) 'example_python_decorator' retrieved from /Library/Frameworks/Python.framework/Versions/3.11/lib/python3.11/site-packages/airflow/example_dags/example_python_decorator.py
[2025-10-28T16:19:10.683-0400] {logging_mixin.py:190} INFO - [2025-10-28T16:19:10.683-0400] {dag.py:3239} INFO - Sync 1 DAGs
[2025-10-28T16:19:10.686-0400] {logging_mixin.py:190} INFO - [2025-10-28T16:19:10.686-0400] {dag.py:4180} INFO - Setting next_dagrun for example_python_decorator to None, run_after=None
[2025-10-28T16:19:10.692-0400] {processor.py:208} INFO - Processing /Library/Frameworks/Python.framework/Versions/3.11/lib/python3.11/site-packages/airflow/example_dags/example_python_decorator.py took 0.074 seconds
