[2025-10-28T13:31:44.693-0400] {processor.py:186} INFO - Started process (PID=68753) to work on /Library/Frameworks/Python.framework/Versions/3.11/lib/python3.11/site-packages/airflow/example_dags/example_dataset_alias.py
[2025-10-28T13:31:44.693-0400] {processor.py:914} INFO - Processing file /Library/Frameworks/Python.framework/Versions/3.11/lib/python3.11/site-packages/airflow/example_dags/example_dataset_alias.py for tasks to queue
[2025-10-28T13:31:44.694-0400] {logging_mixin.py:190} INFO - [2025-10-28T13:31:44.694-0400] {dagbag.py:588} INFO - Filling up the DagBag from /Library/Frameworks/Python.framework/Versions/3.11/lib/python3.11/site-packages/airflow/example_dags/example_dataset_alias.py
[2025-10-28T13:31:44.745-0400] {processor.py:925} INFO - DAG(s) 'dataset_s3_bucket_producer', 'dataset_alias_example_alias_consumer', 'dataset_s3_bucket_consumer', 'dataset_alias_example_alias_producer' retrieved from /Library/Frameworks/Python.framework/Versions/3.11/lib/python3.11/site-packages/airflow/example_dags/example_dataset_alias.py
[2025-10-28T13:31:44.797-0400] {logging_mixin.py:190} INFO - [2025-10-28T13:31:44.797-0400] {dag.py:3239} INFO - Sync 4 DAGs
[2025-10-28T13:31:44.802-0400] {logging_mixin.py:190} INFO - [2025-10-28T13:31:44.802-0400] {dag.py:4180} INFO - Setting next_dagrun for dataset_alias_example_alias_consumer to None, run_after=None
[2025-10-28T13:31:44.803-0400] {logging_mixin.py:190} INFO - [2025-10-28T13:31:44.803-0400] {dag.py:4180} INFO - Setting next_dagrun for dataset_alias_example_alias_producer to None, run_after=None
[2025-10-28T13:31:44.803-0400] {logging_mixin.py:190} INFO - [2025-10-28T13:31:44.803-0400] {dag.py:4180} INFO - Setting next_dagrun for dataset_s3_bucket_consumer to None, run_after=None
[2025-10-28T13:31:44.804-0400] {logging_mixin.py:190} INFO - [2025-10-28T13:31:44.803-0400] {dag.py:4180} INFO - Setting next_dagrun for dataset_s3_bucket_producer to None, run_after=None
[2025-10-28T13:31:44.812-0400] {processor.py:208} INFO - Processing /Library/Frameworks/Python.framework/Versions/3.11/lib/python3.11/site-packages/airflow/example_dags/example_dataset_alias.py took 0.119 seconds
[2025-10-28T13:33:58.831-0400] {processor.py:186} INFO - Started process (PID=69919) to work on /Library/Frameworks/Python.framework/Versions/3.11/lib/python3.11/site-packages/airflow/example_dags/example_dataset_alias.py
[2025-10-28T13:33:58.833-0400] {processor.py:914} INFO - Processing file /Library/Frameworks/Python.framework/Versions/3.11/lib/python3.11/site-packages/airflow/example_dags/example_dataset_alias.py for tasks to queue
[2025-10-28T13:33:58.833-0400] {logging_mixin.py:190} INFO - [2025-10-28T13:33:58.833-0400] {dagbag.py:588} INFO - Filling up the DagBag from /Library/Frameworks/Python.framework/Versions/3.11/lib/python3.11/site-packages/airflow/example_dags/example_dataset_alias.py
[2025-10-28T13:33:58.877-0400] {processor.py:925} INFO - DAG(s) 'dataset_alias_example_alias_consumer', 'dataset_alias_example_alias_producer', 'dataset_s3_bucket_producer', 'dataset_s3_bucket_consumer' retrieved from /Library/Frameworks/Python.framework/Versions/3.11/lib/python3.11/site-packages/airflow/example_dags/example_dataset_alias.py
[2025-10-28T13:33:58.884-0400] {logging_mixin.py:190} INFO - [2025-10-28T13:33:58.884-0400] {dag.py:3239} INFO - Sync 4 DAGs
[2025-10-28T13:33:58.888-0400] {logging_mixin.py:190} INFO - [2025-10-28T13:33:58.888-0400] {dag.py:4180} INFO - Setting next_dagrun for dataset_alias_example_alias_consumer to None, run_after=None
[2025-10-28T13:33:58.889-0400] {logging_mixin.py:190} INFO - [2025-10-28T13:33:58.889-0400] {dag.py:4180} INFO - Setting next_dagrun for dataset_alias_example_alias_producer to None, run_after=None
[2025-10-28T13:33:58.889-0400] {logging_mixin.py:190} INFO - [2025-10-28T13:33:58.889-0400] {dag.py:4180} INFO - Setting next_dagrun for dataset_s3_bucket_consumer to None, run_after=None
[2025-10-28T13:33:58.889-0400] {logging_mixin.py:190} INFO - [2025-10-28T13:33:58.889-0400] {dag.py:4180} INFO - Setting next_dagrun for dataset_s3_bucket_producer to None, run_after=None
[2025-10-28T13:33:58.895-0400] {processor.py:208} INFO - Processing /Library/Frameworks/Python.framework/Versions/3.11/lib/python3.11/site-packages/airflow/example_dags/example_dataset_alias.py took 0.065 seconds
[2025-10-28T13:36:10.512-0400] {processor.py:186} INFO - Started process (PID=71037) to work on /Library/Frameworks/Python.framework/Versions/3.11/lib/python3.11/site-packages/airflow/example_dags/example_dataset_alias.py
[2025-10-28T13:36:10.513-0400] {processor.py:914} INFO - Processing file /Library/Frameworks/Python.framework/Versions/3.11/lib/python3.11/site-packages/airflow/example_dags/example_dataset_alias.py for tasks to queue
[2025-10-28T13:36:10.513-0400] {logging_mixin.py:190} INFO - [2025-10-28T13:36:10.513-0400] {dagbag.py:588} INFO - Filling up the DagBag from /Library/Frameworks/Python.framework/Versions/3.11/lib/python3.11/site-packages/airflow/example_dags/example_dataset_alias.py
[2025-10-28T13:36:10.560-0400] {processor.py:925} INFO - DAG(s) 'dataset_alias_example_alias_producer', 'dataset_s3_bucket_producer', 'dataset_alias_example_alias_consumer', 'dataset_s3_bucket_consumer' retrieved from /Library/Frameworks/Python.framework/Versions/3.11/lib/python3.11/site-packages/airflow/example_dags/example_dataset_alias.py
[2025-10-28T13:36:10.566-0400] {logging_mixin.py:190} INFO - [2025-10-28T13:36:10.566-0400] {dag.py:3239} INFO - Sync 4 DAGs
[2025-10-28T13:36:10.572-0400] {logging_mixin.py:190} INFO - [2025-10-28T13:36:10.572-0400] {dag.py:4180} INFO - Setting next_dagrun for dataset_alias_example_alias_consumer to None, run_after=None
[2025-10-28T13:36:10.572-0400] {logging_mixin.py:190} INFO - [2025-10-28T13:36:10.572-0400] {dag.py:4180} INFO - Setting next_dagrun for dataset_alias_example_alias_producer to None, run_after=None
[2025-10-28T13:36:10.573-0400] {logging_mixin.py:190} INFO - [2025-10-28T13:36:10.572-0400] {dag.py:4180} INFO - Setting next_dagrun for dataset_s3_bucket_consumer to None, run_after=None
[2025-10-28T13:36:10.573-0400] {logging_mixin.py:190} INFO - [2025-10-28T13:36:10.573-0400] {dag.py:4180} INFO - Setting next_dagrun for dataset_s3_bucket_producer to None, run_after=None
[2025-10-28T13:36:10.579-0400] {processor.py:208} INFO - Processing /Library/Frameworks/Python.framework/Versions/3.11/lib/python3.11/site-packages/airflow/example_dags/example_dataset_alias.py took 0.069 seconds
[2025-10-28T13:38:27.844-0400] {processor.py:186} INFO - Started process (PID=72215) to work on /Library/Frameworks/Python.framework/Versions/3.11/lib/python3.11/site-packages/airflow/example_dags/example_dataset_alias.py
[2025-10-28T13:38:27.846-0400] {processor.py:914} INFO - Processing file /Library/Frameworks/Python.framework/Versions/3.11/lib/python3.11/site-packages/airflow/example_dags/example_dataset_alias.py for tasks to queue
[2025-10-28T13:38:27.846-0400] {logging_mixin.py:190} INFO - [2025-10-28T13:38:27.846-0400] {dagbag.py:588} INFO - Filling up the DagBag from /Library/Frameworks/Python.framework/Versions/3.11/lib/python3.11/site-packages/airflow/example_dags/example_dataset_alias.py
[2025-10-28T13:38:27.903-0400] {processor.py:925} INFO - DAG(s) 'dataset_alias_example_alias_producer', 'dataset_alias_example_alias_consumer', 'dataset_s3_bucket_consumer', 'dataset_s3_bucket_producer' retrieved from /Library/Frameworks/Python.framework/Versions/3.11/lib/python3.11/site-packages/airflow/example_dags/example_dataset_alias.py
[2025-10-28T13:38:27.912-0400] {logging_mixin.py:190} INFO - [2025-10-28T13:38:27.911-0400] {dag.py:3239} INFO - Sync 4 DAGs
[2025-10-28T13:38:27.918-0400] {logging_mixin.py:190} INFO - [2025-10-28T13:38:27.918-0400] {dag.py:4180} INFO - Setting next_dagrun for dataset_alias_example_alias_consumer to None, run_after=None
[2025-10-28T13:38:27.919-0400] {logging_mixin.py:190} INFO - [2025-10-28T13:38:27.919-0400] {dag.py:4180} INFO - Setting next_dagrun for dataset_alias_example_alias_producer to None, run_after=None
[2025-10-28T13:38:27.919-0400] {logging_mixin.py:190} INFO - [2025-10-28T13:38:27.919-0400] {dag.py:4180} INFO - Setting next_dagrun for dataset_s3_bucket_consumer to None, run_after=None
[2025-10-28T13:38:27.920-0400] {logging_mixin.py:190} INFO - [2025-10-28T13:38:27.919-0400] {dag.py:4180} INFO - Setting next_dagrun for dataset_s3_bucket_producer to None, run_after=None
[2025-10-28T13:38:27.927-0400] {processor.py:208} INFO - Processing /Library/Frameworks/Python.framework/Versions/3.11/lib/python3.11/site-packages/airflow/example_dags/example_dataset_alias.py took 0.084 seconds
[2025-10-28T13:40:51.948-0400] {processor.py:186} INFO - Started process (PID=73440) to work on /Library/Frameworks/Python.framework/Versions/3.11/lib/python3.11/site-packages/airflow/example_dags/example_dataset_alias.py
[2025-10-28T13:40:51.949-0400] {processor.py:914} INFO - Processing file /Library/Frameworks/Python.framework/Versions/3.11/lib/python3.11/site-packages/airflow/example_dags/example_dataset_alias.py for tasks to queue
[2025-10-28T13:40:51.949-0400] {logging_mixin.py:190} INFO - [2025-10-28T13:40:51.949-0400] {dagbag.py:588} INFO - Filling up the DagBag from /Library/Frameworks/Python.framework/Versions/3.11/lib/python3.11/site-packages/airflow/example_dags/example_dataset_alias.py
[2025-10-28T13:40:51.998-0400] {processor.py:925} INFO - DAG(s) 'dataset_alias_example_alias_producer', 'dataset_alias_example_alias_consumer', 'dataset_s3_bucket_consumer', 'dataset_s3_bucket_producer' retrieved from /Library/Frameworks/Python.framework/Versions/3.11/lib/python3.11/site-packages/airflow/example_dags/example_dataset_alias.py
[2025-10-28T13:40:52.006-0400] {logging_mixin.py:190} INFO - [2025-10-28T13:40:52.005-0400] {dag.py:3239} INFO - Sync 4 DAGs
[2025-10-28T13:40:52.011-0400] {logging_mixin.py:190} INFO - [2025-10-28T13:40:52.011-0400] {dag.py:4180} INFO - Setting next_dagrun for dataset_alias_example_alias_consumer to None, run_after=None
[2025-10-28T13:40:52.011-0400] {logging_mixin.py:190} INFO - [2025-10-28T13:40:52.011-0400] {dag.py:4180} INFO - Setting next_dagrun for dataset_alias_example_alias_producer to None, run_after=None
[2025-10-28T13:40:52.011-0400] {logging_mixin.py:190} INFO - [2025-10-28T13:40:52.011-0400] {dag.py:4180} INFO - Setting next_dagrun for dataset_s3_bucket_consumer to None, run_after=None
[2025-10-28T13:40:52.012-0400] {logging_mixin.py:190} INFO - [2025-10-28T13:40:52.012-0400] {dag.py:4180} INFO - Setting next_dagrun for dataset_s3_bucket_producer to None, run_after=None
[2025-10-28T13:40:52.018-0400] {processor.py:208} INFO - Processing /Library/Frameworks/Python.framework/Versions/3.11/lib/python3.11/site-packages/airflow/example_dags/example_dataset_alias.py took 0.071 seconds
[2025-10-28T13:43:14.708-0400] {processor.py:186} INFO - Started process (PID=74683) to work on /Library/Frameworks/Python.framework/Versions/3.11/lib/python3.11/site-packages/airflow/example_dags/example_dataset_alias.py
[2025-10-28T13:43:14.710-0400] {processor.py:914} INFO - Processing file /Library/Frameworks/Python.framework/Versions/3.11/lib/python3.11/site-packages/airflow/example_dags/example_dataset_alias.py for tasks to queue
[2025-10-28T13:43:14.710-0400] {logging_mixin.py:190} INFO - [2025-10-28T13:43:14.710-0400] {dagbag.py:588} INFO - Filling up the DagBag from /Library/Frameworks/Python.framework/Versions/3.11/lib/python3.11/site-packages/airflow/example_dags/example_dataset_alias.py
[2025-10-28T13:43:14.758-0400] {processor.py:925} INFO - DAG(s) 'dataset_s3_bucket_producer', 'dataset_alias_example_alias_consumer', 'dataset_alias_example_alias_producer', 'dataset_s3_bucket_consumer' retrieved from /Library/Frameworks/Python.framework/Versions/3.11/lib/python3.11/site-packages/airflow/example_dags/example_dataset_alias.py
[2025-10-28T13:43:14.766-0400] {logging_mixin.py:190} INFO - [2025-10-28T13:43:14.766-0400] {dag.py:3239} INFO - Sync 4 DAGs
[2025-10-28T13:43:14.771-0400] {logging_mixin.py:190} INFO - [2025-10-28T13:43:14.771-0400] {dag.py:4180} INFO - Setting next_dagrun for dataset_alias_example_alias_consumer to None, run_after=None
[2025-10-28T13:43:14.772-0400] {logging_mixin.py:190} INFO - [2025-10-28T13:43:14.772-0400] {dag.py:4180} INFO - Setting next_dagrun for dataset_alias_example_alias_producer to None, run_after=None
[2025-10-28T13:43:14.772-0400] {logging_mixin.py:190} INFO - [2025-10-28T13:43:14.772-0400] {dag.py:4180} INFO - Setting next_dagrun for dataset_s3_bucket_consumer to None, run_after=None
[2025-10-28T13:43:14.772-0400] {logging_mixin.py:190} INFO - [2025-10-28T13:43:14.772-0400] {dag.py:4180} INFO - Setting next_dagrun for dataset_s3_bucket_producer to None, run_after=None
[2025-10-28T13:43:14.779-0400] {processor.py:208} INFO - Processing /Library/Frameworks/Python.framework/Versions/3.11/lib/python3.11/site-packages/airflow/example_dags/example_dataset_alias.py took 0.072 seconds
[2025-10-28T13:45:40.294-0400] {processor.py:186} INFO - Started process (PID=75975) to work on /Library/Frameworks/Python.framework/Versions/3.11/lib/python3.11/site-packages/airflow/example_dags/example_dataset_alias.py
[2025-10-28T13:45:40.295-0400] {processor.py:914} INFO - Processing file /Library/Frameworks/Python.framework/Versions/3.11/lib/python3.11/site-packages/airflow/example_dags/example_dataset_alias.py for tasks to queue
[2025-10-28T13:45:40.295-0400] {logging_mixin.py:190} INFO - [2025-10-28T13:45:40.295-0400] {dagbag.py:588} INFO - Filling up the DagBag from /Library/Frameworks/Python.framework/Versions/3.11/lib/python3.11/site-packages/airflow/example_dags/example_dataset_alias.py
[2025-10-28T13:45:40.343-0400] {processor.py:925} INFO - DAG(s) 'dataset_alias_example_alias_producer', 'dataset_s3_bucket_producer', 'dataset_s3_bucket_consumer', 'dataset_alias_example_alias_consumer' retrieved from /Library/Frameworks/Python.framework/Versions/3.11/lib/python3.11/site-packages/airflow/example_dags/example_dataset_alias.py
[2025-10-28T13:45:40.350-0400] {logging_mixin.py:190} INFO - [2025-10-28T13:45:40.350-0400] {dag.py:3239} INFO - Sync 4 DAGs
[2025-10-28T13:45:40.355-0400] {logging_mixin.py:190} INFO - [2025-10-28T13:45:40.355-0400] {dag.py:4180} INFO - Setting next_dagrun for dataset_alias_example_alias_consumer to None, run_after=None
[2025-10-28T13:45:40.360-0400] {logging_mixin.py:190} INFO - [2025-10-28T13:45:40.360-0400] {dag.py:4180} INFO - Setting next_dagrun for dataset_alias_example_alias_producer to None, run_after=None
[2025-10-28T13:45:40.360-0400] {logging_mixin.py:190} INFO - [2025-10-28T13:45:40.360-0400] {dag.py:4180} INFO - Setting next_dagrun for dataset_s3_bucket_consumer to None, run_after=None
[2025-10-28T13:45:40.360-0400] {logging_mixin.py:190} INFO - [2025-10-28T13:45:40.360-0400] {dag.py:4180} INFO - Setting next_dagrun for dataset_s3_bucket_producer to None, run_after=None
[2025-10-28T13:45:40.373-0400] {processor.py:208} INFO - Processing /Library/Frameworks/Python.framework/Versions/3.11/lib/python3.11/site-packages/airflow/example_dags/example_dataset_alias.py took 0.080 seconds
[2025-10-28T13:47:59.560-0400] {processor.py:186} INFO - Started process (PID=77180) to work on /Library/Frameworks/Python.framework/Versions/3.11/lib/python3.11/site-packages/airflow/example_dags/example_dataset_alias.py
[2025-10-28T13:47:59.561-0400] {processor.py:914} INFO - Processing file /Library/Frameworks/Python.framework/Versions/3.11/lib/python3.11/site-packages/airflow/example_dags/example_dataset_alias.py for tasks to queue
[2025-10-28T13:47:59.561-0400] {logging_mixin.py:190} INFO - [2025-10-28T13:47:59.561-0400] {dagbag.py:588} INFO - Filling up the DagBag from /Library/Frameworks/Python.framework/Versions/3.11/lib/python3.11/site-packages/airflow/example_dags/example_dataset_alias.py
[2025-10-28T13:47:59.609-0400] {processor.py:925} INFO - DAG(s) 'dataset_alias_example_alias_consumer', 'dataset_s3_bucket_producer', 'dataset_alias_example_alias_producer', 'dataset_s3_bucket_consumer' retrieved from /Library/Frameworks/Python.framework/Versions/3.11/lib/python3.11/site-packages/airflow/example_dags/example_dataset_alias.py
[2025-10-28T13:47:59.616-0400] {logging_mixin.py:190} INFO - [2025-10-28T13:47:59.616-0400] {dag.py:3239} INFO - Sync 4 DAGs
[2025-10-28T13:47:59.621-0400] {logging_mixin.py:190} INFO - [2025-10-28T13:47:59.621-0400] {dag.py:4180} INFO - Setting next_dagrun for dataset_alias_example_alias_consumer to None, run_after=None
[2025-10-28T13:47:59.622-0400] {logging_mixin.py:190} INFO - [2025-10-28T13:47:59.622-0400] {dag.py:4180} INFO - Setting next_dagrun for dataset_alias_example_alias_producer to None, run_after=None
[2025-10-28T13:47:59.623-0400] {logging_mixin.py:190} INFO - [2025-10-28T13:47:59.623-0400] {dag.py:4180} INFO - Setting next_dagrun for dataset_s3_bucket_consumer to None, run_after=None
[2025-10-28T13:47:59.623-0400] {logging_mixin.py:190} INFO - [2025-10-28T13:47:59.623-0400] {dag.py:4180} INFO - Setting next_dagrun for dataset_s3_bucket_producer to None, run_after=None
[2025-10-28T13:47:59.629-0400] {processor.py:208} INFO - Processing /Library/Frameworks/Python.framework/Versions/3.11/lib/python3.11/site-packages/airflow/example_dags/example_dataset_alias.py took 0.070 seconds
[2025-10-28T13:50:14.079-0400] {processor.py:186} INFO - Started process (PID=78336) to work on /Library/Frameworks/Python.framework/Versions/3.11/lib/python3.11/site-packages/airflow/example_dags/example_dataset_alias.py
[2025-10-28T13:50:14.080-0400] {processor.py:914} INFO - Processing file /Library/Frameworks/Python.framework/Versions/3.11/lib/python3.11/site-packages/airflow/example_dags/example_dataset_alias.py for tasks to queue
[2025-10-28T13:50:14.080-0400] {logging_mixin.py:190} INFO - [2025-10-28T13:50:14.080-0400] {dagbag.py:588} INFO - Filling up the DagBag from /Library/Frameworks/Python.framework/Versions/3.11/lib/python3.11/site-packages/airflow/example_dags/example_dataset_alias.py
[2025-10-28T13:50:14.129-0400] {processor.py:925} INFO - DAG(s) 'dataset_s3_bucket_consumer', 'dataset_alias_example_alias_consumer', 'dataset_s3_bucket_producer', 'dataset_alias_example_alias_producer' retrieved from /Library/Frameworks/Python.framework/Versions/3.11/lib/python3.11/site-packages/airflow/example_dags/example_dataset_alias.py
[2025-10-28T13:50:14.136-0400] {logging_mixin.py:190} INFO - [2025-10-28T13:50:14.136-0400] {dag.py:3239} INFO - Sync 4 DAGs
[2025-10-28T13:50:14.141-0400] {logging_mixin.py:190} INFO - [2025-10-28T13:50:14.141-0400] {dag.py:4180} INFO - Setting next_dagrun for dataset_alias_example_alias_consumer to None, run_after=None
[2025-10-28T13:50:14.141-0400] {logging_mixin.py:190} INFO - [2025-10-28T13:50:14.141-0400] {dag.py:4180} INFO - Setting next_dagrun for dataset_alias_example_alias_producer to None, run_after=None
[2025-10-28T13:50:14.141-0400] {logging_mixin.py:190} INFO - [2025-10-28T13:50:14.141-0400] {dag.py:4180} INFO - Setting next_dagrun for dataset_s3_bucket_consumer to None, run_after=None
[2025-10-28T13:50:14.142-0400] {logging_mixin.py:190} INFO - [2025-10-28T13:50:14.142-0400] {dag.py:4180} INFO - Setting next_dagrun for dataset_s3_bucket_producer to None, run_after=None
[2025-10-28T13:50:14.148-0400] {processor.py:208} INFO - Processing /Library/Frameworks/Python.framework/Versions/3.11/lib/python3.11/site-packages/airflow/example_dags/example_dataset_alias.py took 0.070 seconds
[2025-10-28T13:52:41.475-0400] {processor.py:186} INFO - Started process (PID=79574) to work on /Library/Frameworks/Python.framework/Versions/3.11/lib/python3.11/site-packages/airflow/example_dags/example_dataset_alias.py
[2025-10-28T13:52:41.476-0400] {processor.py:914} INFO - Processing file /Library/Frameworks/Python.framework/Versions/3.11/lib/python3.11/site-packages/airflow/example_dags/example_dataset_alias.py for tasks to queue
[2025-10-28T13:52:41.476-0400] {logging_mixin.py:190} INFO - [2025-10-28T13:52:41.476-0400] {dagbag.py:588} INFO - Filling up the DagBag from /Library/Frameworks/Python.framework/Versions/3.11/lib/python3.11/site-packages/airflow/example_dags/example_dataset_alias.py
[2025-10-28T13:52:41.538-0400] {processor.py:925} INFO - DAG(s) 'dataset_alias_example_alias_producer', 'dataset_s3_bucket_producer', 'dataset_s3_bucket_consumer', 'dataset_alias_example_alias_consumer' retrieved from /Library/Frameworks/Python.framework/Versions/3.11/lib/python3.11/site-packages/airflow/example_dags/example_dataset_alias.py
[2025-10-28T13:52:41.547-0400] {logging_mixin.py:190} INFO - [2025-10-28T13:52:41.546-0400] {dag.py:3239} INFO - Sync 4 DAGs
[2025-10-28T13:52:41.553-0400] {logging_mixin.py:190} INFO - [2025-10-28T13:52:41.553-0400] {dag.py:4180} INFO - Setting next_dagrun for dataset_alias_example_alias_consumer to None, run_after=None
[2025-10-28T13:52:41.554-0400] {logging_mixin.py:190} INFO - [2025-10-28T13:52:41.554-0400] {dag.py:4180} INFO - Setting next_dagrun for dataset_alias_example_alias_producer to None, run_after=None
[2025-10-28T13:52:41.554-0400] {logging_mixin.py:190} INFO - [2025-10-28T13:52:41.554-0400] {dag.py:4180} INFO - Setting next_dagrun for dataset_s3_bucket_consumer to None, run_after=None
[2025-10-28T13:52:41.555-0400] {logging_mixin.py:190} INFO - [2025-10-28T13:52:41.555-0400] {dag.py:4180} INFO - Setting next_dagrun for dataset_s3_bucket_producer to None, run_after=None
[2025-10-28T13:52:41.565-0400] {processor.py:208} INFO - Processing /Library/Frameworks/Python.framework/Versions/3.11/lib/python3.11/site-packages/airflow/example_dags/example_dataset_alias.py took 0.092 seconds
[2025-10-28T13:54:26.199-0400] {processor.py:186} INFO - Started process (PID=80804) to work on /Library/Frameworks/Python.framework/Versions/3.11/lib/python3.11/site-packages/airflow/example_dags/example_dataset_alias.py
[2025-10-28T13:54:26.201-0400] {processor.py:914} INFO - Processing file /Library/Frameworks/Python.framework/Versions/3.11/lib/python3.11/site-packages/airflow/example_dags/example_dataset_alias.py for tasks to queue
[2025-10-28T13:54:26.201-0400] {logging_mixin.py:190} INFO - [2025-10-28T13:54:26.201-0400] {dagbag.py:588} INFO - Filling up the DagBag from /Library/Frameworks/Python.framework/Versions/3.11/lib/python3.11/site-packages/airflow/example_dags/example_dataset_alias.py
[2025-10-28T13:54:26.249-0400] {processor.py:925} INFO - DAG(s) 'dataset_s3_bucket_consumer', 'dataset_alias_example_alias_consumer', 'dataset_s3_bucket_producer', 'dataset_alias_example_alias_producer' retrieved from /Library/Frameworks/Python.framework/Versions/3.11/lib/python3.11/site-packages/airflow/example_dags/example_dataset_alias.py
[2025-10-28T13:54:26.258-0400] {logging_mixin.py:190} INFO - [2025-10-28T13:54:26.257-0400] {dag.py:3239} INFO - Sync 4 DAGs
[2025-10-28T13:54:26.264-0400] {logging_mixin.py:190} INFO - [2025-10-28T13:54:26.264-0400] {dag.py:4180} INFO - Setting next_dagrun for dataset_alias_example_alias_consumer to None, run_after=None
[2025-10-28T13:54:26.265-0400] {logging_mixin.py:190} INFO - [2025-10-28T13:54:26.265-0400] {dag.py:4180} INFO - Setting next_dagrun for dataset_alias_example_alias_producer to None, run_after=None
[2025-10-28T13:54:26.265-0400] {logging_mixin.py:190} INFO - [2025-10-28T13:54:26.265-0400] {dag.py:4180} INFO - Setting next_dagrun for dataset_s3_bucket_consumer to None, run_after=None
[2025-10-28T13:54:26.265-0400] {logging_mixin.py:190} INFO - [2025-10-28T13:54:26.265-0400] {dag.py:4180} INFO - Setting next_dagrun for dataset_s3_bucket_producer to None, run_after=None
[2025-10-28T13:54:26.272-0400] {processor.py:208} INFO - Processing /Library/Frameworks/Python.framework/Versions/3.11/lib/python3.11/site-packages/airflow/example_dags/example_dataset_alias.py took 0.074 seconds
[2025-10-28T13:57:06.476-0400] {processor.py:186} INFO - Started process (PID=82189) to work on /Library/Frameworks/Python.framework/Versions/3.11/lib/python3.11/site-packages/airflow/example_dags/example_dataset_alias.py
[2025-10-28T13:57:06.477-0400] {processor.py:914} INFO - Processing file /Library/Frameworks/Python.framework/Versions/3.11/lib/python3.11/site-packages/airflow/example_dags/example_dataset_alias.py for tasks to queue
[2025-10-28T13:57:06.477-0400] {logging_mixin.py:190} INFO - [2025-10-28T13:57:06.477-0400] {dagbag.py:588} INFO - Filling up the DagBag from /Library/Frameworks/Python.framework/Versions/3.11/lib/python3.11/site-packages/airflow/example_dags/example_dataset_alias.py
[2025-10-28T13:57:06.548-0400] {processor.py:925} INFO - DAG(s) 'dataset_s3_bucket_consumer', 'dataset_alias_example_alias_consumer', 'dataset_alias_example_alias_producer', 'dataset_s3_bucket_producer' retrieved from /Library/Frameworks/Python.framework/Versions/3.11/lib/python3.11/site-packages/airflow/example_dags/example_dataset_alias.py
[2025-10-28T13:57:06.567-0400] {logging_mixin.py:190} INFO - [2025-10-28T13:57:06.567-0400] {dag.py:3239} INFO - Sync 4 DAGs
[2025-10-28T13:57:06.575-0400] {logging_mixin.py:190} INFO - [2025-10-28T13:57:06.574-0400] {dag.py:4180} INFO - Setting next_dagrun for dataset_alias_example_alias_consumer to None, run_after=None
[2025-10-28T13:57:06.576-0400] {logging_mixin.py:190} INFO - [2025-10-28T13:57:06.576-0400] {dag.py:4180} INFO - Setting next_dagrun for dataset_alias_example_alias_producer to None, run_after=None
[2025-10-28T13:57:06.576-0400] {logging_mixin.py:190} INFO - [2025-10-28T13:57:06.576-0400] {dag.py:4180} INFO - Setting next_dagrun for dataset_s3_bucket_consumer to None, run_after=None
[2025-10-28T13:57:06.576-0400] {logging_mixin.py:190} INFO - [2025-10-28T13:57:06.576-0400] {dag.py:4180} INFO - Setting next_dagrun for dataset_s3_bucket_producer to None, run_after=None
[2025-10-28T13:57:06.590-0400] {processor.py:208} INFO - Processing /Library/Frameworks/Python.framework/Versions/3.11/lib/python3.11/site-packages/airflow/example_dags/example_dataset_alias.py took 0.115 seconds
[2025-10-28T14:00:56.931-0400] {processor.py:186} INFO - Started process (PID=84507) to work on /Library/Frameworks/Python.framework/Versions/3.11/lib/python3.11/site-packages/airflow/example_dags/example_dataset_alias.py
[2025-10-28T14:00:56.935-0400] {processor.py:914} INFO - Processing file /Library/Frameworks/Python.framework/Versions/3.11/lib/python3.11/site-packages/airflow/example_dags/example_dataset_alias.py for tasks to queue
[2025-10-28T14:00:56.935-0400] {logging_mixin.py:190} INFO - [2025-10-28T14:00:56.935-0400] {dagbag.py:588} INFO - Filling up the DagBag from /Library/Frameworks/Python.framework/Versions/3.11/lib/python3.11/site-packages/airflow/example_dags/example_dataset_alias.py
[2025-10-28T14:00:56.987-0400] {processor.py:925} INFO - DAG(s) 'dataset_alias_example_alias_producer', 'dataset_s3_bucket_producer', 'dataset_alias_example_alias_consumer', 'dataset_s3_bucket_consumer' retrieved from /Library/Frameworks/Python.framework/Versions/3.11/lib/python3.11/site-packages/airflow/example_dags/example_dataset_alias.py
[2025-10-28T14:00:56.994-0400] {logging_mixin.py:190} INFO - [2025-10-28T14:00:56.994-0400] {dag.py:3239} INFO - Sync 4 DAGs
[2025-10-28T14:00:56.999-0400] {logging_mixin.py:190} INFO - [2025-10-28T14:00:56.999-0400] {dag.py:4180} INFO - Setting next_dagrun for dataset_alias_example_alias_consumer to None, run_after=None
[2025-10-28T14:00:57.000-0400] {logging_mixin.py:190} INFO - [2025-10-28T14:00:57.000-0400] {dag.py:4180} INFO - Setting next_dagrun for dataset_alias_example_alias_producer to None, run_after=None
[2025-10-28T14:00:57.000-0400] {logging_mixin.py:190} INFO - [2025-10-28T14:00:57.000-0400] {dag.py:4180} INFO - Setting next_dagrun for dataset_s3_bucket_consumer to None, run_after=None
[2025-10-28T14:00:57.000-0400] {logging_mixin.py:190} INFO - [2025-10-28T14:00:57.000-0400] {dag.py:4180} INFO - Setting next_dagrun for dataset_s3_bucket_producer to None, run_after=None
[2025-10-28T14:00:57.008-0400] {processor.py:208} INFO - Processing /Library/Frameworks/Python.framework/Versions/3.11/lib/python3.11/site-packages/airflow/example_dags/example_dataset_alias.py took 0.078 seconds
[2025-10-28T14:04:23.589-0400] {processor.py:186} INFO - Started process (PID=86974) to work on /Library/Frameworks/Python.framework/Versions/3.11/lib/python3.11/site-packages/airflow/example_dags/example_dataset_alias.py
[2025-10-28T14:04:23.590-0400] {processor.py:914} INFO - Processing file /Library/Frameworks/Python.framework/Versions/3.11/lib/python3.11/site-packages/airflow/example_dags/example_dataset_alias.py for tasks to queue
[2025-10-28T14:04:23.590-0400] {logging_mixin.py:190} INFO - [2025-10-28T14:04:23.590-0400] {dagbag.py:588} INFO - Filling up the DagBag from /Library/Frameworks/Python.framework/Versions/3.11/lib/python3.11/site-packages/airflow/example_dags/example_dataset_alias.py
[2025-10-28T14:04:23.639-0400] {processor.py:925} INFO - DAG(s) 'dataset_alias_example_alias_consumer', 'dataset_s3_bucket_consumer', 'dataset_alias_example_alias_producer', 'dataset_s3_bucket_producer' retrieved from /Library/Frameworks/Python.framework/Versions/3.11/lib/python3.11/site-packages/airflow/example_dags/example_dataset_alias.py
[2025-10-28T14:04:23.647-0400] {logging_mixin.py:190} INFO - [2025-10-28T14:04:23.647-0400] {dag.py:3239} INFO - Sync 4 DAGs
[2025-10-28T14:04:23.652-0400] {logging_mixin.py:190} INFO - [2025-10-28T14:04:23.652-0400] {dag.py:4180} INFO - Setting next_dagrun for dataset_alias_example_alias_consumer to None, run_after=None
[2025-10-28T14:04:23.653-0400] {logging_mixin.py:190} INFO - [2025-10-28T14:04:23.653-0400] {dag.py:4180} INFO - Setting next_dagrun for dataset_alias_example_alias_producer to None, run_after=None
[2025-10-28T14:04:23.653-0400] {logging_mixin.py:190} INFO - [2025-10-28T14:04:23.653-0400] {dag.py:4180} INFO - Setting next_dagrun for dataset_s3_bucket_consumer to None, run_after=None
[2025-10-28T14:04:23.653-0400] {logging_mixin.py:190} INFO - [2025-10-28T14:04:23.653-0400] {dag.py:4180} INFO - Setting next_dagrun for dataset_s3_bucket_producer to None, run_after=None
[2025-10-28T14:04:23.660-0400] {processor.py:208} INFO - Processing /Library/Frameworks/Python.framework/Versions/3.11/lib/python3.11/site-packages/airflow/example_dags/example_dataset_alias.py took 0.072 seconds
[2025-10-28T14:06:43.115-0400] {processor.py:186} INFO - Started process (PID=88509) to work on /Library/Frameworks/Python.framework/Versions/3.11/lib/python3.11/site-packages/airflow/example_dags/example_dataset_alias.py
[2025-10-28T14:06:43.116-0400] {processor.py:914} INFO - Processing file /Library/Frameworks/Python.framework/Versions/3.11/lib/python3.11/site-packages/airflow/example_dags/example_dataset_alias.py for tasks to queue
[2025-10-28T14:06:43.117-0400] {logging_mixin.py:190} INFO - [2025-10-28T14:06:43.116-0400] {dagbag.py:588} INFO - Filling up the DagBag from /Library/Frameworks/Python.framework/Versions/3.11/lib/python3.11/site-packages/airflow/example_dags/example_dataset_alias.py
[2025-10-28T14:06:43.164-0400] {processor.py:925} INFO - DAG(s) 'dataset_alias_example_alias_consumer', 'dataset_s3_bucket_consumer', 'dataset_alias_example_alias_producer', 'dataset_s3_bucket_producer' retrieved from /Library/Frameworks/Python.framework/Versions/3.11/lib/python3.11/site-packages/airflow/example_dags/example_dataset_alias.py
[2025-10-28T14:06:43.171-0400] {logging_mixin.py:190} INFO - [2025-10-28T14:06:43.171-0400] {dag.py:3239} INFO - Sync 4 DAGs
[2025-10-28T14:06:43.176-0400] {logging_mixin.py:190} INFO - [2025-10-28T14:06:43.176-0400] {dag.py:4180} INFO - Setting next_dagrun for dataset_alias_example_alias_consumer to None, run_after=None
[2025-10-28T14:06:43.176-0400] {logging_mixin.py:190} INFO - [2025-10-28T14:06:43.176-0400] {dag.py:4180} INFO - Setting next_dagrun for dataset_alias_example_alias_producer to None, run_after=None
[2025-10-28T14:06:43.176-0400] {logging_mixin.py:190} INFO - [2025-10-28T14:06:43.176-0400] {dag.py:4180} INFO - Setting next_dagrun for dataset_s3_bucket_consumer to None, run_after=None
[2025-10-28T14:06:43.177-0400] {logging_mixin.py:190} INFO - [2025-10-28T14:06:43.177-0400] {dag.py:4180} INFO - Setting next_dagrun for dataset_s3_bucket_producer to None, run_after=None
[2025-10-28T14:06:43.183-0400] {processor.py:208} INFO - Processing /Library/Frameworks/Python.framework/Versions/3.11/lib/python3.11/site-packages/airflow/example_dags/example_dataset_alias.py took 0.069 seconds
[2025-10-28T14:10:14.374-0400] {processor.py:186} INFO - Started process (PID=90879) to work on /Library/Frameworks/Python.framework/Versions/3.11/lib/python3.11/site-packages/airflow/example_dags/example_dataset_alias.py
[2025-10-28T14:10:14.376-0400] {processor.py:914} INFO - Processing file /Library/Frameworks/Python.framework/Versions/3.11/lib/python3.11/site-packages/airflow/example_dags/example_dataset_alias.py for tasks to queue
[2025-10-28T14:10:14.377-0400] {logging_mixin.py:190} INFO - [2025-10-28T14:10:14.376-0400] {dagbag.py:588} INFO - Filling up the DagBag from /Library/Frameworks/Python.framework/Versions/3.11/lib/python3.11/site-packages/airflow/example_dags/example_dataset_alias.py
[2025-10-28T14:10:14.427-0400] {processor.py:925} INFO - DAG(s) 'dataset_alias_example_alias_producer', 'dataset_s3_bucket_consumer', 'dataset_s3_bucket_producer', 'dataset_alias_example_alias_consumer' retrieved from /Library/Frameworks/Python.framework/Versions/3.11/lib/python3.11/site-packages/airflow/example_dags/example_dataset_alias.py
[2025-10-28T14:10:14.434-0400] {logging_mixin.py:190} INFO - [2025-10-28T14:10:14.434-0400] {dag.py:3239} INFO - Sync 4 DAGs
[2025-10-28T14:10:14.439-0400] {logging_mixin.py:190} INFO - [2025-10-28T14:10:14.439-0400] {dag.py:4180} INFO - Setting next_dagrun for dataset_alias_example_alias_consumer to None, run_after=None
[2025-10-28T14:10:14.439-0400] {logging_mixin.py:190} INFO - [2025-10-28T14:10:14.439-0400] {dag.py:4180} INFO - Setting next_dagrun for dataset_alias_example_alias_producer to None, run_after=None
[2025-10-28T14:10:14.439-0400] {logging_mixin.py:190} INFO - [2025-10-28T14:10:14.439-0400] {dag.py:4180} INFO - Setting next_dagrun for dataset_s3_bucket_consumer to None, run_after=None
[2025-10-28T14:10:14.440-0400] {logging_mixin.py:190} INFO - [2025-10-28T14:10:14.440-0400] {dag.py:4180} INFO - Setting next_dagrun for dataset_s3_bucket_producer to None, run_after=None
[2025-10-28T14:10:14.446-0400] {processor.py:208} INFO - Processing /Library/Frameworks/Python.framework/Versions/3.11/lib/python3.11/site-packages/airflow/example_dags/example_dataset_alias.py took 0.073 seconds
[2025-10-28T14:12:31.075-0400] {processor.py:186} INFO - Started process (PID=92293) to work on /Library/Frameworks/Python.framework/Versions/3.11/lib/python3.11/site-packages/airflow/example_dags/example_dataset_alias.py
[2025-10-28T14:12:31.076-0400] {processor.py:914} INFO - Processing file /Library/Frameworks/Python.framework/Versions/3.11/lib/python3.11/site-packages/airflow/example_dags/example_dataset_alias.py for tasks to queue
[2025-10-28T14:12:31.076-0400] {logging_mixin.py:190} INFO - [2025-10-28T14:12:31.076-0400] {dagbag.py:588} INFO - Filling up the DagBag from /Library/Frameworks/Python.framework/Versions/3.11/lib/python3.11/site-packages/airflow/example_dags/example_dataset_alias.py
[2025-10-28T14:12:31.144-0400] {processor.py:925} INFO - DAG(s) 'dataset_alias_example_alias_consumer', 'dataset_s3_bucket_producer', 'dataset_s3_bucket_consumer', 'dataset_alias_example_alias_producer' retrieved from /Library/Frameworks/Python.framework/Versions/3.11/lib/python3.11/site-packages/airflow/example_dags/example_dataset_alias.py
[2025-10-28T14:12:31.152-0400] {logging_mixin.py:190} INFO - [2025-10-28T14:12:31.152-0400] {dag.py:3239} INFO - Sync 4 DAGs
[2025-10-28T14:12:31.158-0400] {logging_mixin.py:190} INFO - [2025-10-28T14:12:31.158-0400] {dag.py:4180} INFO - Setting next_dagrun for dataset_alias_example_alias_consumer to None, run_after=None
[2025-10-28T14:12:31.158-0400] {logging_mixin.py:190} INFO - [2025-10-28T14:12:31.158-0400] {dag.py:4180} INFO - Setting next_dagrun for dataset_alias_example_alias_producer to None, run_after=None
[2025-10-28T14:12:31.159-0400] {logging_mixin.py:190} INFO - [2025-10-28T14:12:31.159-0400] {dag.py:4180} INFO - Setting next_dagrun for dataset_s3_bucket_consumer to None, run_after=None
[2025-10-28T14:12:31.159-0400] {logging_mixin.py:190} INFO - [2025-10-28T14:12:31.159-0400] {dag.py:4180} INFO - Setting next_dagrun for dataset_s3_bucket_producer to None, run_after=None
[2025-10-28T14:12:31.167-0400] {processor.py:208} INFO - Processing /Library/Frameworks/Python.framework/Versions/3.11/lib/python3.11/site-packages/airflow/example_dags/example_dataset_alias.py took 0.093 seconds
[2025-10-28T14:14:55.160-0400] {processor.py:186} INFO - Started process (PID=93547) to work on /Library/Frameworks/Python.framework/Versions/3.11/lib/python3.11/site-packages/airflow/example_dags/example_dataset_alias.py
[2025-10-28T14:14:55.162-0400] {processor.py:914} INFO - Processing file /Library/Frameworks/Python.framework/Versions/3.11/lib/python3.11/site-packages/airflow/example_dags/example_dataset_alias.py for tasks to queue
[2025-10-28T14:14:55.162-0400] {logging_mixin.py:190} INFO - [2025-10-28T14:14:55.162-0400] {dagbag.py:588} INFO - Filling up the DagBag from /Library/Frameworks/Python.framework/Versions/3.11/lib/python3.11/site-packages/airflow/example_dags/example_dataset_alias.py
[2025-10-28T14:14:55.221-0400] {processor.py:925} INFO - DAG(s) 'dataset_alias_example_alias_producer', 'dataset_alias_example_alias_consumer', 'dataset_s3_bucket_producer', 'dataset_s3_bucket_consumer' retrieved from /Library/Frameworks/Python.framework/Versions/3.11/lib/python3.11/site-packages/airflow/example_dags/example_dataset_alias.py
[2025-10-28T14:14:55.229-0400] {logging_mixin.py:190} INFO - [2025-10-28T14:14:55.229-0400] {dag.py:3239} INFO - Sync 4 DAGs
[2025-10-28T14:14:55.236-0400] {logging_mixin.py:190} INFO - [2025-10-28T14:14:55.236-0400] {dag.py:4180} INFO - Setting next_dagrun for dataset_alias_example_alias_consumer to None, run_after=None
[2025-10-28T14:14:55.237-0400] {logging_mixin.py:190} INFO - [2025-10-28T14:14:55.237-0400] {dag.py:4180} INFO - Setting next_dagrun for dataset_alias_example_alias_producer to None, run_after=None
[2025-10-28T14:14:55.237-0400] {logging_mixin.py:190} INFO - [2025-10-28T14:14:55.237-0400] {dag.py:4180} INFO - Setting next_dagrun for dataset_s3_bucket_consumer to None, run_after=None
[2025-10-28T14:14:55.237-0400] {logging_mixin.py:190} INFO - [2025-10-28T14:14:55.237-0400] {dag.py:4180} INFO - Setting next_dagrun for dataset_s3_bucket_producer to None, run_after=None
[2025-10-28T14:14:55.246-0400] {processor.py:208} INFO - Processing /Library/Frameworks/Python.framework/Versions/3.11/lib/python3.11/site-packages/airflow/example_dags/example_dataset_alias.py took 0.087 seconds
[2025-10-28T14:18:24.542-0400] {processor.py:186} INFO - Started process (PID=95865) to work on /Library/Frameworks/Python.framework/Versions/3.11/lib/python3.11/site-packages/airflow/example_dags/example_dataset_alias.py
[2025-10-28T14:18:24.542-0400] {processor.py:914} INFO - Processing file /Library/Frameworks/Python.framework/Versions/3.11/lib/python3.11/site-packages/airflow/example_dags/example_dataset_alias.py for tasks to queue
[2025-10-28T14:18:24.543-0400] {logging_mixin.py:190} INFO - [2025-10-28T14:18:24.543-0400] {dagbag.py:588} INFO - Filling up the DagBag from /Library/Frameworks/Python.framework/Versions/3.11/lib/python3.11/site-packages/airflow/example_dags/example_dataset_alias.py
[2025-10-28T14:18:24.590-0400] {processor.py:925} INFO - DAG(s) 'dataset_s3_bucket_producer', 'dataset_alias_example_alias_consumer', 'dataset_alias_example_alias_producer', 'dataset_s3_bucket_consumer' retrieved from /Library/Frameworks/Python.framework/Versions/3.11/lib/python3.11/site-packages/airflow/example_dags/example_dataset_alias.py
[2025-10-28T14:18:24.597-0400] {logging_mixin.py:190} INFO - [2025-10-28T14:18:24.597-0400] {dag.py:3239} INFO - Sync 4 DAGs
[2025-10-28T14:18:24.602-0400] {logging_mixin.py:190} INFO - [2025-10-28T14:18:24.602-0400] {dag.py:4180} INFO - Setting next_dagrun for dataset_alias_example_alias_consumer to None, run_after=None
[2025-10-28T14:18:24.603-0400] {logging_mixin.py:190} INFO - [2025-10-28T14:18:24.603-0400] {dag.py:4180} INFO - Setting next_dagrun for dataset_alias_example_alias_producer to None, run_after=None
[2025-10-28T14:18:24.603-0400] {logging_mixin.py:190} INFO - [2025-10-28T14:18:24.603-0400] {dag.py:4180} INFO - Setting next_dagrun for dataset_s3_bucket_consumer to None, run_after=None
[2025-10-28T14:18:24.603-0400] {logging_mixin.py:190} INFO - [2025-10-28T14:18:24.603-0400] {dag.py:4180} INFO - Setting next_dagrun for dataset_s3_bucket_producer to None, run_after=None
[2025-10-28T14:18:24.609-0400] {processor.py:208} INFO - Processing /Library/Frameworks/Python.framework/Versions/3.11/lib/python3.11/site-packages/airflow/example_dags/example_dataset_alias.py took 0.068 seconds
[2025-10-28T14:20:52.771-0400] {processor.py:186} INFO - Started process (PID=97226) to work on /Library/Frameworks/Python.framework/Versions/3.11/lib/python3.11/site-packages/airflow/example_dags/example_dataset_alias.py
[2025-10-28T14:20:52.773-0400] {processor.py:914} INFO - Processing file /Library/Frameworks/Python.framework/Versions/3.11/lib/python3.11/site-packages/airflow/example_dags/example_dataset_alias.py for tasks to queue
[2025-10-28T14:20:52.774-0400] {logging_mixin.py:190} INFO - [2025-10-28T14:20:52.774-0400] {dagbag.py:588} INFO - Filling up the DagBag from /Library/Frameworks/Python.framework/Versions/3.11/lib/python3.11/site-packages/airflow/example_dags/example_dataset_alias.py
[2025-10-28T14:20:52.834-0400] {processor.py:925} INFO - DAG(s) 'dataset_s3_bucket_consumer', 'dataset_alias_example_alias_consumer', 'dataset_alias_example_alias_producer', 'dataset_s3_bucket_producer' retrieved from /Library/Frameworks/Python.framework/Versions/3.11/lib/python3.11/site-packages/airflow/example_dags/example_dataset_alias.py
[2025-10-28T14:20:52.844-0400] {logging_mixin.py:190} INFO - [2025-10-28T14:20:52.844-0400] {dag.py:3239} INFO - Sync 4 DAGs
[2025-10-28T14:20:52.851-0400] {logging_mixin.py:190} INFO - [2025-10-28T14:20:52.850-0400] {dag.py:4180} INFO - Setting next_dagrun for dataset_alias_example_alias_consumer to None, run_after=None
[2025-10-28T14:20:52.851-0400] {logging_mixin.py:190} INFO - [2025-10-28T14:20:52.851-0400] {dag.py:4180} INFO - Setting next_dagrun for dataset_alias_example_alias_producer to None, run_after=None
[2025-10-28T14:20:52.852-0400] {logging_mixin.py:190} INFO - [2025-10-28T14:20:52.852-0400] {dag.py:4180} INFO - Setting next_dagrun for dataset_s3_bucket_consumer to None, run_after=None
[2025-10-28T14:20:52.852-0400] {logging_mixin.py:190} INFO - [2025-10-28T14:20:52.852-0400] {dag.py:4180} INFO - Setting next_dagrun for dataset_s3_bucket_producer to None, run_after=None
[2025-10-28T14:20:52.861-0400] {processor.py:208} INFO - Processing /Library/Frameworks/Python.framework/Versions/3.11/lib/python3.11/site-packages/airflow/example_dags/example_dataset_alias.py took 0.091 seconds
