[2025-10-28T13:31:32.225-0400] {processor.py:186} INFO - Started process (PID=68657) to work on /Library/Frameworks/Python.framework/Versions/3.11/lib/python3.11/site-packages/airflow/example_dags/example_inlet_event_extra.py
[2025-10-28T13:31:32.226-0400] {processor.py:914} INFO - Processing file /Library/Frameworks/Python.framework/Versions/3.11/lib/python3.11/site-packages/airflow/example_dags/example_inlet_event_extra.py for tasks to queue
[2025-10-28T13:31:32.226-0400] {logging_mixin.py:190} INFO - [2025-10-28T13:31:32.226-0400] {dagbag.py:588} INFO - Filling up the DagBag from /Library/Frameworks/Python.framework/Versions/3.11/lib/python3.11/site-packages/airflow/example_dags/example_inlet_event_extra.py
[2025-10-28T13:31:32.254-0400] {processor.py:925} INFO - DAG(s) 'read_dataset_event', 'read_dataset_event_from_classic' retrieved from /Library/Frameworks/Python.framework/Versions/3.11/lib/python3.11/site-packages/airflow/example_dags/example_inlet_event_extra.py
[2025-10-28T13:31:32.304-0400] {logging_mixin.py:190} INFO - [2025-10-28T13:31:32.304-0400] {dag.py:3239} INFO - Sync 2 DAGs
[2025-10-28T13:31:32.309-0400] {logging_mixin.py:190} INFO - [2025-10-28T13:31:32.309-0400] {dag.py:4180} INFO - Setting next_dagrun for read_dataset_event to 2025-10-27 00:00:00+00:00, run_after=2025-10-28 00:00:00+00:00
[2025-10-28T13:31:32.310-0400] {logging_mixin.py:190} INFO - [2025-10-28T13:31:32.310-0400] {dag.py:4180} INFO - Setting next_dagrun for read_dataset_event_from_classic to 2025-10-27 00:00:00+00:00, run_after=2025-10-28 00:00:00+00:00
[2025-10-28T13:31:32.315-0400] {processor.py:208} INFO - Processing /Library/Frameworks/Python.framework/Versions/3.11/lib/python3.11/site-packages/airflow/example_dags/example_inlet_event_extra.py took 0.091 seconds
[2025-10-28T13:33:09.745-0400] {processor.py:186} INFO - Started process (PID=69506) to work on /Library/Frameworks/Python.framework/Versions/3.11/lib/python3.11/site-packages/airflow/example_dags/example_inlet_event_extra.py
[2025-10-28T13:33:09.747-0400] {processor.py:914} INFO - Processing file /Library/Frameworks/Python.framework/Versions/3.11/lib/python3.11/site-packages/airflow/example_dags/example_inlet_event_extra.py for tasks to queue
[2025-10-28T13:33:09.747-0400] {logging_mixin.py:190} INFO - [2025-10-28T13:33:09.747-0400] {dagbag.py:588} INFO - Filling up the DagBag from /Library/Frameworks/Python.framework/Versions/3.11/lib/python3.11/site-packages/airflow/example_dags/example_inlet_event_extra.py
[2025-10-28T13:33:09.775-0400] {processor.py:925} INFO - DAG(s) 'read_dataset_event', 'read_dataset_event_from_classic' retrieved from /Library/Frameworks/Python.framework/Versions/3.11/lib/python3.11/site-packages/airflow/example_dags/example_inlet_event_extra.py
[2025-10-28T13:33:09.801-0400] {logging_mixin.py:190} INFO - [2025-10-28T13:33:09.801-0400] {dag.py:3239} INFO - Sync 2 DAGs
[2025-10-28T13:33:09.807-0400] {logging_mixin.py:190} INFO - [2025-10-28T13:33:09.806-0400] {dag.py:4180} INFO - Setting next_dagrun for read_dataset_event to 2025-10-27 00:00:00+00:00, run_after=2025-10-28 00:00:00+00:00
[2025-10-28T13:33:09.808-0400] {logging_mixin.py:190} INFO - [2025-10-28T13:33:09.808-0400] {dag.py:4180} INFO - Setting next_dagrun for read_dataset_event_from_classic to 2025-10-27 00:00:00+00:00, run_after=2025-10-28 00:00:00+00:00
[2025-10-28T13:33:09.812-0400] {processor.py:208} INFO - Processing /Library/Frameworks/Python.framework/Versions/3.11/lib/python3.11/site-packages/airflow/example_dags/example_inlet_event_extra.py took 0.068 seconds
[2025-10-28T13:35:24.009-0400] {processor.py:186} INFO - Started process (PID=70628) to work on /Library/Frameworks/Python.framework/Versions/3.11/lib/python3.11/site-packages/airflow/example_dags/example_inlet_event_extra.py
[2025-10-28T13:35:24.010-0400] {processor.py:914} INFO - Processing file /Library/Frameworks/Python.framework/Versions/3.11/lib/python3.11/site-packages/airflow/example_dags/example_inlet_event_extra.py for tasks to queue
[2025-10-28T13:35:24.010-0400] {logging_mixin.py:190} INFO - [2025-10-28T13:35:24.010-0400] {dagbag.py:588} INFO - Filling up the DagBag from /Library/Frameworks/Python.framework/Versions/3.11/lib/python3.11/site-packages/airflow/example_dags/example_inlet_event_extra.py
[2025-10-28T13:35:24.050-0400] {processor.py:925} INFO - DAG(s) 'read_dataset_event_from_classic', 'read_dataset_event' retrieved from /Library/Frameworks/Python.framework/Versions/3.11/lib/python3.11/site-packages/airflow/example_dags/example_inlet_event_extra.py
[2025-10-28T13:35:24.088-0400] {logging_mixin.py:190} INFO - [2025-10-28T13:35:24.088-0400] {dag.py:3239} INFO - Sync 2 DAGs
[2025-10-28T13:35:24.095-0400] {logging_mixin.py:190} INFO - [2025-10-28T13:35:24.095-0400] {dag.py:4180} INFO - Setting next_dagrun for read_dataset_event to 2025-10-27 00:00:00+00:00, run_after=2025-10-28 00:00:00+00:00
[2025-10-28T13:35:24.097-0400] {logging_mixin.py:190} INFO - [2025-10-28T13:35:24.097-0400] {dag.py:4180} INFO - Setting next_dagrun for read_dataset_event_from_classic to 2025-10-27 00:00:00+00:00, run_after=2025-10-28 00:00:00+00:00
[2025-10-28T13:35:24.103-0400] {processor.py:208} INFO - Processing /Library/Frameworks/Python.framework/Versions/3.11/lib/python3.11/site-packages/airflow/example_dags/example_inlet_event_extra.py took 0.096 seconds
[2025-10-28T13:37:34.950-0400] {processor.py:186} INFO - Started process (PID=71770) to work on /Library/Frameworks/Python.framework/Versions/3.11/lib/python3.11/site-packages/airflow/example_dags/example_inlet_event_extra.py
[2025-10-28T13:37:34.951-0400] {processor.py:914} INFO - Processing file /Library/Frameworks/Python.framework/Versions/3.11/lib/python3.11/site-packages/airflow/example_dags/example_inlet_event_extra.py for tasks to queue
[2025-10-28T13:37:34.952-0400] {logging_mixin.py:190} INFO - [2025-10-28T13:37:34.952-0400] {dagbag.py:588} INFO - Filling up the DagBag from /Library/Frameworks/Python.framework/Versions/3.11/lib/python3.11/site-packages/airflow/example_dags/example_inlet_event_extra.py
[2025-10-28T13:37:34.980-0400] {processor.py:925} INFO - DAG(s) 'read_dataset_event', 'read_dataset_event_from_classic' retrieved from /Library/Frameworks/Python.framework/Versions/3.11/lib/python3.11/site-packages/airflow/example_dags/example_inlet_event_extra.py
[2025-10-28T13:37:35.007-0400] {logging_mixin.py:190} INFO - [2025-10-28T13:37:35.007-0400] {dag.py:3239} INFO - Sync 2 DAGs
[2025-10-28T13:37:35.012-0400] {logging_mixin.py:190} INFO - [2025-10-28T13:37:35.012-0400] {dag.py:4180} INFO - Setting next_dagrun for read_dataset_event to 2025-10-27 00:00:00+00:00, run_after=2025-10-28 00:00:00+00:00
[2025-10-28T13:37:35.013-0400] {logging_mixin.py:190} INFO - [2025-10-28T13:37:35.013-0400] {dag.py:4180} INFO - Setting next_dagrun for read_dataset_event_from_classic to 2025-10-27 00:00:00+00:00, run_after=2025-10-28 00:00:00+00:00
[2025-10-28T13:37:35.018-0400] {processor.py:208} INFO - Processing /Library/Frameworks/Python.framework/Versions/3.11/lib/python3.11/site-packages/airflow/example_dags/example_inlet_event_extra.py took 0.069 seconds
[2025-10-28T13:39:57.488-0400] {processor.py:186} INFO - Started process (PID=72972) to work on /Library/Frameworks/Python.framework/Versions/3.11/lib/python3.11/site-packages/airflow/example_dags/example_inlet_event_extra.py
[2025-10-28T13:39:57.489-0400] {processor.py:914} INFO - Processing file /Library/Frameworks/Python.framework/Versions/3.11/lib/python3.11/site-packages/airflow/example_dags/example_inlet_event_extra.py for tasks to queue
[2025-10-28T13:39:57.490-0400] {logging_mixin.py:190} INFO - [2025-10-28T13:39:57.489-0400] {dagbag.py:588} INFO - Filling up the DagBag from /Library/Frameworks/Python.framework/Versions/3.11/lib/python3.11/site-packages/airflow/example_dags/example_inlet_event_extra.py
[2025-10-28T13:39:57.521-0400] {processor.py:925} INFO - DAG(s) 'read_dataset_event_from_classic', 'read_dataset_event' retrieved from /Library/Frameworks/Python.framework/Versions/3.11/lib/python3.11/site-packages/airflow/example_dags/example_inlet_event_extra.py
[2025-10-28T13:39:57.548-0400] {logging_mixin.py:190} INFO - [2025-10-28T13:39:57.548-0400] {dag.py:3239} INFO - Sync 2 DAGs
[2025-10-28T13:39:57.555-0400] {logging_mixin.py:190} INFO - [2025-10-28T13:39:57.555-0400] {dag.py:4180} INFO - Setting next_dagrun for read_dataset_event to 2025-10-27 00:00:00+00:00, run_after=2025-10-28 00:00:00+00:00
[2025-10-28T13:39:57.556-0400] {logging_mixin.py:190} INFO - [2025-10-28T13:39:57.556-0400] {dag.py:4180} INFO - Setting next_dagrun for read_dataset_event_from_classic to 2025-10-27 00:00:00+00:00, run_after=2025-10-28 00:00:00+00:00
[2025-10-28T13:39:57.561-0400] {processor.py:208} INFO - Processing /Library/Frameworks/Python.framework/Versions/3.11/lib/python3.11/site-packages/airflow/example_dags/example_inlet_event_extra.py took 0.074 seconds
[2025-10-28T13:42:22.393-0400] {processor.py:186} INFO - Started process (PID=74235) to work on /Library/Frameworks/Python.framework/Versions/3.11/lib/python3.11/site-packages/airflow/example_dags/example_inlet_event_extra.py
[2025-10-28T13:42:22.395-0400] {processor.py:914} INFO - Processing file /Library/Frameworks/Python.framework/Versions/3.11/lib/python3.11/site-packages/airflow/example_dags/example_inlet_event_extra.py for tasks to queue
[2025-10-28T13:42:22.395-0400] {logging_mixin.py:190} INFO - [2025-10-28T13:42:22.395-0400] {dagbag.py:588} INFO - Filling up the DagBag from /Library/Frameworks/Python.framework/Versions/3.11/lib/python3.11/site-packages/airflow/example_dags/example_inlet_event_extra.py
[2025-10-28T13:42:22.426-0400] {processor.py:925} INFO - DAG(s) 'read_dataset_event', 'read_dataset_event_from_classic' retrieved from /Library/Frameworks/Python.framework/Versions/3.11/lib/python3.11/site-packages/airflow/example_dags/example_inlet_event_extra.py
[2025-10-28T13:42:22.455-0400] {logging_mixin.py:190} INFO - [2025-10-28T13:42:22.455-0400] {dag.py:3239} INFO - Sync 2 DAGs
[2025-10-28T13:42:22.463-0400] {logging_mixin.py:190} INFO - [2025-10-28T13:42:22.463-0400] {dag.py:4180} INFO - Setting next_dagrun for read_dataset_event to 2025-10-27 00:00:00+00:00, run_after=2025-10-28 00:00:00+00:00
[2025-10-28T13:42:22.464-0400] {logging_mixin.py:190} INFO - [2025-10-28T13:42:22.464-0400] {dag.py:4180} INFO - Setting next_dagrun for read_dataset_event_from_classic to 2025-10-27 00:00:00+00:00, run_after=2025-10-28 00:00:00+00:00
[2025-10-28T13:42:22.469-0400] {processor.py:208} INFO - Processing /Library/Frameworks/Python.framework/Versions/3.11/lib/python3.11/site-packages/airflow/example_dags/example_inlet_event_extra.py took 0.077 seconds
[2025-10-28T13:44:44.717-0400] {processor.py:186} INFO - Started process (PID=75482) to work on /Library/Frameworks/Python.framework/Versions/3.11/lib/python3.11/site-packages/airflow/example_dags/example_inlet_event_extra.py
[2025-10-28T13:44:44.719-0400] {processor.py:914} INFO - Processing file /Library/Frameworks/Python.framework/Versions/3.11/lib/python3.11/site-packages/airflow/example_dags/example_inlet_event_extra.py for tasks to queue
[2025-10-28T13:44:44.719-0400] {logging_mixin.py:190} INFO - [2025-10-28T13:44:44.719-0400] {dagbag.py:588} INFO - Filling up the DagBag from /Library/Frameworks/Python.framework/Versions/3.11/lib/python3.11/site-packages/airflow/example_dags/example_inlet_event_extra.py
[2025-10-28T13:44:44.754-0400] {processor.py:925} INFO - DAG(s) 'read_dataset_event_from_classic', 'read_dataset_event' retrieved from /Library/Frameworks/Python.framework/Versions/3.11/lib/python3.11/site-packages/airflow/example_dags/example_inlet_event_extra.py
[2025-10-28T13:44:44.780-0400] {logging_mixin.py:190} INFO - [2025-10-28T13:44:44.780-0400] {dag.py:3239} INFO - Sync 2 DAGs
[2025-10-28T13:44:44.785-0400] {logging_mixin.py:190} INFO - [2025-10-28T13:44:44.785-0400] {dag.py:4180} INFO - Setting next_dagrun for read_dataset_event to 2025-10-27 00:00:00+00:00, run_after=2025-10-28 00:00:00+00:00
[2025-10-28T13:44:44.786-0400] {logging_mixin.py:190} INFO - [2025-10-28T13:44:44.786-0400] {dag.py:4180} INFO - Setting next_dagrun for read_dataset_event_from_classic to 2025-10-27 00:00:00+00:00, run_after=2025-10-28 00:00:00+00:00
[2025-10-28T13:44:44.791-0400] {processor.py:208} INFO - Processing /Library/Frameworks/Python.framework/Versions/3.11/lib/python3.11/site-packages/airflow/example_dags/example_inlet_event_extra.py took 0.074 seconds
[2025-10-28T13:47:09.688-0400] {processor.py:186} INFO - Started process (PID=76746) to work on /Library/Frameworks/Python.framework/Versions/3.11/lib/python3.11/site-packages/airflow/example_dags/example_inlet_event_extra.py
[2025-10-28T13:47:09.689-0400] {processor.py:914} INFO - Processing file /Library/Frameworks/Python.framework/Versions/3.11/lib/python3.11/site-packages/airflow/example_dags/example_inlet_event_extra.py for tasks to queue
[2025-10-28T13:47:09.690-0400] {logging_mixin.py:190} INFO - [2025-10-28T13:47:09.689-0400] {dagbag.py:588} INFO - Filling up the DagBag from /Library/Frameworks/Python.framework/Versions/3.11/lib/python3.11/site-packages/airflow/example_dags/example_inlet_event_extra.py
[2025-10-28T13:47:09.719-0400] {processor.py:925} INFO - DAG(s) 'read_dataset_event', 'read_dataset_event_from_classic' retrieved from /Library/Frameworks/Python.framework/Versions/3.11/lib/python3.11/site-packages/airflow/example_dags/example_inlet_event_extra.py
[2025-10-28T13:47:09.748-0400] {logging_mixin.py:190} INFO - [2025-10-28T13:47:09.748-0400] {dag.py:3239} INFO - Sync 2 DAGs
[2025-10-28T13:47:09.753-0400] {logging_mixin.py:190} INFO - [2025-10-28T13:47:09.753-0400] {dag.py:4180} INFO - Setting next_dagrun for read_dataset_event to 2025-10-27 00:00:00+00:00, run_after=2025-10-28 00:00:00+00:00
[2025-10-28T13:47:09.755-0400] {logging_mixin.py:190} INFO - [2025-10-28T13:47:09.755-0400] {dag.py:4180} INFO - Setting next_dagrun for read_dataset_event_from_classic to 2025-10-27 00:00:00+00:00, run_after=2025-10-28 00:00:00+00:00
[2025-10-28T13:47:09.760-0400] {processor.py:208} INFO - Processing /Library/Frameworks/Python.framework/Versions/3.11/lib/python3.11/site-packages/airflow/example_dags/example_inlet_event_extra.py took 0.072 seconds
[2025-10-28T13:49:20.453-0400] {processor.py:186} INFO - Started process (PID=77874) to work on /Library/Frameworks/Python.framework/Versions/3.11/lib/python3.11/site-packages/airflow/example_dags/example_inlet_event_extra.py
[2025-10-28T13:49:20.455-0400] {processor.py:914} INFO - Processing file /Library/Frameworks/Python.framework/Versions/3.11/lib/python3.11/site-packages/airflow/example_dags/example_inlet_event_extra.py for tasks to queue
[2025-10-28T13:49:20.456-0400] {logging_mixin.py:190} INFO - [2025-10-28T13:49:20.456-0400] {dagbag.py:588} INFO - Filling up the DagBag from /Library/Frameworks/Python.framework/Versions/3.11/lib/python3.11/site-packages/airflow/example_dags/example_inlet_event_extra.py
[2025-10-28T13:49:20.485-0400] {processor.py:925} INFO - DAG(s) 'read_dataset_event', 'read_dataset_event_from_classic' retrieved from /Library/Frameworks/Python.framework/Versions/3.11/lib/python3.11/site-packages/airflow/example_dags/example_inlet_event_extra.py
[2025-10-28T13:49:20.511-0400] {logging_mixin.py:190} INFO - [2025-10-28T13:49:20.511-0400] {dag.py:3239} INFO - Sync 2 DAGs
[2025-10-28T13:49:20.516-0400] {logging_mixin.py:190} INFO - [2025-10-28T13:49:20.516-0400] {dag.py:4180} INFO - Setting next_dagrun for read_dataset_event to 2025-10-27 00:00:00+00:00, run_after=2025-10-28 00:00:00+00:00
[2025-10-28T13:49:20.517-0400] {logging_mixin.py:190} INFO - [2025-10-28T13:49:20.517-0400] {dag.py:4180} INFO - Setting next_dagrun for read_dataset_event_from_classic to 2025-10-27 00:00:00+00:00, run_after=2025-10-28 00:00:00+00:00
[2025-10-28T13:49:20.522-0400] {processor.py:208} INFO - Processing /Library/Frameworks/Python.framework/Versions/3.11/lib/python3.11/site-packages/airflow/example_dags/example_inlet_event_extra.py took 0.070 seconds
[2025-10-28T13:51:41.342-0400] {processor.py:186} INFO - Started process (PID=79093) to work on /Library/Frameworks/Python.framework/Versions/3.11/lib/python3.11/site-packages/airflow/example_dags/example_inlet_event_extra.py
[2025-10-28T13:51:41.344-0400] {processor.py:914} INFO - Processing file /Library/Frameworks/Python.framework/Versions/3.11/lib/python3.11/site-packages/airflow/example_dags/example_inlet_event_extra.py for tasks to queue
[2025-10-28T13:51:41.344-0400] {logging_mixin.py:190} INFO - [2025-10-28T13:51:41.344-0400] {dagbag.py:588} INFO - Filling up the DagBag from /Library/Frameworks/Python.framework/Versions/3.11/lib/python3.11/site-packages/airflow/example_dags/example_inlet_event_extra.py
[2025-10-28T13:51:41.378-0400] {processor.py:925} INFO - DAG(s) 'read_dataset_event', 'read_dataset_event_from_classic' retrieved from /Library/Frameworks/Python.framework/Versions/3.11/lib/python3.11/site-packages/airflow/example_dags/example_inlet_event_extra.py
[2025-10-28T13:51:41.408-0400] {logging_mixin.py:190} INFO - [2025-10-28T13:51:41.408-0400] {dag.py:3239} INFO - Sync 2 DAGs
[2025-10-28T13:51:41.414-0400] {logging_mixin.py:190} INFO - [2025-10-28T13:51:41.414-0400] {dag.py:4180} INFO - Setting next_dagrun for read_dataset_event to 2025-10-27 00:00:00+00:00, run_after=2025-10-28 00:00:00+00:00
[2025-10-28T13:51:41.415-0400] {logging_mixin.py:190} INFO - [2025-10-28T13:51:41.415-0400] {dag.py:4180} INFO - Setting next_dagrun for read_dataset_event_from_classic to 2025-10-27 00:00:00+00:00, run_after=2025-10-28 00:00:00+00:00
[2025-10-28T13:51:41.421-0400] {processor.py:208} INFO - Processing /Library/Frameworks/Python.framework/Versions/3.11/lib/python3.11/site-packages/airflow/example_dags/example_inlet_event_extra.py took 0.081 seconds
[2025-10-28T13:54:12.425-0400] {processor.py:186} INFO - Started process (PID=80699) to work on /Library/Frameworks/Python.framework/Versions/3.11/lib/python3.11/site-packages/airflow/example_dags/example_inlet_event_extra.py
[2025-10-28T13:54:12.426-0400] {processor.py:914} INFO - Processing file /Library/Frameworks/Python.framework/Versions/3.11/lib/python3.11/site-packages/airflow/example_dags/example_inlet_event_extra.py for tasks to queue
[2025-10-28T13:54:12.426-0400] {logging_mixin.py:190} INFO - [2025-10-28T13:54:12.426-0400] {dagbag.py:588} INFO - Filling up the DagBag from /Library/Frameworks/Python.framework/Versions/3.11/lib/python3.11/site-packages/airflow/example_dags/example_inlet_event_extra.py
[2025-10-28T13:54:12.457-0400] {processor.py:925} INFO - DAG(s) 'read_dataset_event', 'read_dataset_event_from_classic' retrieved from /Library/Frameworks/Python.framework/Versions/3.11/lib/python3.11/site-packages/airflow/example_dags/example_inlet_event_extra.py
[2025-10-28T13:54:12.484-0400] {logging_mixin.py:190} INFO - [2025-10-28T13:54:12.483-0400] {dag.py:3239} INFO - Sync 2 DAGs
[2025-10-28T13:54:12.489-0400] {logging_mixin.py:190} INFO - [2025-10-28T13:54:12.488-0400] {dag.py:4180} INFO - Setting next_dagrun for read_dataset_event to 2025-10-27 00:00:00+00:00, run_after=2025-10-28 00:00:00+00:00
[2025-10-28T13:54:12.490-0400] {logging_mixin.py:190} INFO - [2025-10-28T13:54:12.490-0400] {dag.py:4180} INFO - Setting next_dagrun for read_dataset_event_from_classic to 2025-10-27 00:00:00+00:00, run_after=2025-10-28 00:00:00+00:00
[2025-10-28T13:54:12.494-0400] {processor.py:208} INFO - Processing /Library/Frameworks/Python.framework/Versions/3.11/lib/python3.11/site-packages/airflow/example_dags/example_inlet_event_extra.py took 0.070 seconds
[2025-10-28T13:56:02.539-0400] {processor.py:186} INFO - Started process (PID=81644) to work on /Library/Frameworks/Python.framework/Versions/3.11/lib/python3.11/site-packages/airflow/example_dags/example_inlet_event_extra.py
[2025-10-28T13:56:02.541-0400] {processor.py:914} INFO - Processing file /Library/Frameworks/Python.framework/Versions/3.11/lib/python3.11/site-packages/airflow/example_dags/example_inlet_event_extra.py for tasks to queue
[2025-10-28T13:56:02.541-0400] {logging_mixin.py:190} INFO - [2025-10-28T13:56:02.541-0400] {dagbag.py:588} INFO - Filling up the DagBag from /Library/Frameworks/Python.framework/Versions/3.11/lib/python3.11/site-packages/airflow/example_dags/example_inlet_event_extra.py
[2025-10-28T13:56:02.583-0400] {processor.py:925} INFO - DAG(s) 'read_dataset_event', 'read_dataset_event_from_classic' retrieved from /Library/Frameworks/Python.framework/Versions/3.11/lib/python3.11/site-packages/airflow/example_dags/example_inlet_event_extra.py
[2025-10-28T13:56:02.614-0400] {logging_mixin.py:190} INFO - [2025-10-28T13:56:02.614-0400] {dag.py:3239} INFO - Sync 2 DAGs
[2025-10-28T13:56:02.620-0400] {logging_mixin.py:190} INFO - [2025-10-28T13:56:02.620-0400] {dag.py:4180} INFO - Setting next_dagrun for read_dataset_event to 2025-10-27 00:00:00+00:00, run_after=2025-10-28 00:00:00+00:00
[2025-10-28T13:56:02.622-0400] {logging_mixin.py:190} INFO - [2025-10-28T13:56:02.622-0400] {dag.py:4180} INFO - Setting next_dagrun for read_dataset_event_from_classic to 2025-10-27 00:00:00+00:00, run_after=2025-10-28 00:00:00+00:00
[2025-10-28T13:56:02.627-0400] {processor.py:208} INFO - Processing /Library/Frameworks/Python.framework/Versions/3.11/lib/python3.11/site-packages/airflow/example_dags/example_inlet_event_extra.py took 0.089 seconds
[2025-10-28T13:58:40.544-0400] {processor.py:186} INFO - Started process (PID=83031) to work on /Library/Frameworks/Python.framework/Versions/3.11/lib/python3.11/site-packages/airflow/example_dags/example_inlet_event_extra.py
[2025-10-28T13:58:40.545-0400] {processor.py:914} INFO - Processing file /Library/Frameworks/Python.framework/Versions/3.11/lib/python3.11/site-packages/airflow/example_dags/example_inlet_event_extra.py for tasks to queue
[2025-10-28T13:58:40.545-0400] {logging_mixin.py:190} INFO - [2025-10-28T13:58:40.545-0400] {dagbag.py:588} INFO - Filling up the DagBag from /Library/Frameworks/Python.framework/Versions/3.11/lib/python3.11/site-packages/airflow/example_dags/example_inlet_event_extra.py
[2025-10-28T13:58:40.578-0400] {processor.py:925} INFO - DAG(s) 'read_dataset_event_from_classic', 'read_dataset_event' retrieved from /Library/Frameworks/Python.framework/Versions/3.11/lib/python3.11/site-packages/airflow/example_dags/example_inlet_event_extra.py
[2025-10-28T13:58:40.606-0400] {logging_mixin.py:190} INFO - [2025-10-28T13:58:40.606-0400] {dag.py:3239} INFO - Sync 2 DAGs
[2025-10-28T13:58:40.612-0400] {logging_mixin.py:190} INFO - [2025-10-28T13:58:40.612-0400] {dag.py:4180} INFO - Setting next_dagrun for read_dataset_event to 2025-10-27 00:00:00+00:00, run_after=2025-10-28 00:00:00+00:00
[2025-10-28T13:58:40.613-0400] {logging_mixin.py:190} INFO - [2025-10-28T13:58:40.613-0400] {dag.py:4180} INFO - Setting next_dagrun for read_dataset_event_from_classic to 2025-10-27 00:00:00+00:00, run_after=2025-10-28 00:00:00+00:00
[2025-10-28T13:58:40.618-0400] {processor.py:208} INFO - Processing /Library/Frameworks/Python.framework/Versions/3.11/lib/python3.11/site-packages/airflow/example_dags/example_inlet_event_extra.py took 0.075 seconds
[2025-10-28T14:00:43.470-0400] {processor.py:186} INFO - Started process (PID=84391) to work on /Library/Frameworks/Python.framework/Versions/3.11/lib/python3.11/site-packages/airflow/example_dags/example_inlet_event_extra.py
[2025-10-28T14:00:43.472-0400] {processor.py:914} INFO - Processing file /Library/Frameworks/Python.framework/Versions/3.11/lib/python3.11/site-packages/airflow/example_dags/example_inlet_event_extra.py for tasks to queue
[2025-10-28T14:00:43.472-0400] {logging_mixin.py:190} INFO - [2025-10-28T14:00:43.472-0400] {dagbag.py:588} INFO - Filling up the DagBag from /Library/Frameworks/Python.framework/Versions/3.11/lib/python3.11/site-packages/airflow/example_dags/example_inlet_event_extra.py
[2025-10-28T14:00:43.505-0400] {processor.py:925} INFO - DAG(s) 'read_dataset_event_from_classic', 'read_dataset_event' retrieved from /Library/Frameworks/Python.framework/Versions/3.11/lib/python3.11/site-packages/airflow/example_dags/example_inlet_event_extra.py
[2025-10-28T14:00:43.531-0400] {logging_mixin.py:190} INFO - [2025-10-28T14:00:43.531-0400] {dag.py:3239} INFO - Sync 2 DAGs
[2025-10-28T14:00:43.536-0400] {logging_mixin.py:190} INFO - [2025-10-28T14:00:43.536-0400] {dag.py:4180} INFO - Setting next_dagrun for read_dataset_event to 2025-10-27 00:00:00+00:00, run_after=2025-10-28 00:00:00+00:00
[2025-10-28T14:00:43.537-0400] {logging_mixin.py:190} INFO - [2025-10-28T14:00:43.537-0400] {dag.py:4180} INFO - Setting next_dagrun for read_dataset_event_from_classic to 2025-10-27 00:00:00+00:00, run_after=2025-10-28 00:00:00+00:00
[2025-10-28T14:00:43.542-0400] {processor.py:208} INFO - Processing /Library/Frameworks/Python.framework/Versions/3.11/lib/python3.11/site-packages/airflow/example_dags/example_inlet_event_extra.py took 0.073 seconds
[2025-10-28T14:04:10.140-0400] {processor.py:186} INFO - Started process (PID=86844) to work on /Library/Frameworks/Python.framework/Versions/3.11/lib/python3.11/site-packages/airflow/example_dags/example_inlet_event_extra.py
[2025-10-28T14:04:10.142-0400] {processor.py:914} INFO - Processing file /Library/Frameworks/Python.framework/Versions/3.11/lib/python3.11/site-packages/airflow/example_dags/example_inlet_event_extra.py for tasks to queue
[2025-10-28T14:04:10.143-0400] {logging_mixin.py:190} INFO - [2025-10-28T14:04:10.143-0400] {dagbag.py:588} INFO - Filling up the DagBag from /Library/Frameworks/Python.framework/Versions/3.11/lib/python3.11/site-packages/airflow/example_dags/example_inlet_event_extra.py
[2025-10-28T14:04:10.184-0400] {processor.py:925} INFO - DAG(s) 'read_dataset_event', 'read_dataset_event_from_classic' retrieved from /Library/Frameworks/Python.framework/Versions/3.11/lib/python3.11/site-packages/airflow/example_dags/example_inlet_event_extra.py
[2025-10-28T14:04:10.216-0400] {logging_mixin.py:190} INFO - [2025-10-28T14:04:10.215-0400] {dag.py:3239} INFO - Sync 2 DAGs
[2025-10-28T14:04:10.222-0400] {logging_mixin.py:190} INFO - [2025-10-28T14:04:10.222-0400] {dag.py:4180} INFO - Setting next_dagrun for read_dataset_event to 2025-10-27 00:00:00+00:00, run_after=2025-10-28 00:00:00+00:00
[2025-10-28T14:04:10.224-0400] {logging_mixin.py:190} INFO - [2025-10-28T14:04:10.224-0400] {dag.py:4180} INFO - Setting next_dagrun for read_dataset_event_from_classic to 2025-10-27 00:00:00+00:00, run_after=2025-10-28 00:00:00+00:00
[2025-10-28T14:04:10.230-0400] {processor.py:208} INFO - Processing /Library/Frameworks/Python.framework/Versions/3.11/lib/python3.11/site-packages/airflow/example_dags/example_inlet_event_extra.py took 0.093 seconds
[2025-10-28T14:06:31.523-0400] {processor.py:186} INFO - Started process (PID=88404) to work on /Library/Frameworks/Python.framework/Versions/3.11/lib/python3.11/site-packages/airflow/example_dags/example_inlet_event_extra.py
[2025-10-28T14:06:31.524-0400] {processor.py:914} INFO - Processing file /Library/Frameworks/Python.framework/Versions/3.11/lib/python3.11/site-packages/airflow/example_dags/example_inlet_event_extra.py for tasks to queue
[2025-10-28T14:06:31.524-0400] {logging_mixin.py:190} INFO - [2025-10-28T14:06:31.524-0400] {dagbag.py:588} INFO - Filling up the DagBag from /Library/Frameworks/Python.framework/Versions/3.11/lib/python3.11/site-packages/airflow/example_dags/example_inlet_event_extra.py
[2025-10-28T14:06:31.555-0400] {processor.py:925} INFO - DAG(s) 'read_dataset_event_from_classic', 'read_dataset_event' retrieved from /Library/Frameworks/Python.framework/Versions/3.11/lib/python3.11/site-packages/airflow/example_dags/example_inlet_event_extra.py
[2025-10-28T14:06:31.586-0400] {logging_mixin.py:190} INFO - [2025-10-28T14:06:31.585-0400] {dag.py:3239} INFO - Sync 2 DAGs
[2025-10-28T14:06:31.592-0400] {logging_mixin.py:190} INFO - [2025-10-28T14:06:31.592-0400] {dag.py:4180} INFO - Setting next_dagrun for read_dataset_event to 2025-10-27 00:00:00+00:00, run_after=2025-10-28 00:00:00+00:00
[2025-10-28T14:06:31.593-0400] {logging_mixin.py:190} INFO - [2025-10-28T14:06:31.593-0400] {dag.py:4180} INFO - Setting next_dagrun for read_dataset_event_from_classic to 2025-10-27 00:00:00+00:00, run_after=2025-10-28 00:00:00+00:00
[2025-10-28T14:06:31.599-0400] {processor.py:208} INFO - Processing /Library/Frameworks/Python.framework/Versions/3.11/lib/python3.11/site-packages/airflow/example_dags/example_inlet_event_extra.py took 0.077 seconds
[2025-10-28T14:10:01.586-0400] {processor.py:186} INFO - Started process (PID=90767) to work on /Library/Frameworks/Python.framework/Versions/3.11/lib/python3.11/site-packages/airflow/example_dags/example_inlet_event_extra.py
[2025-10-28T14:10:01.588-0400] {processor.py:914} INFO - Processing file /Library/Frameworks/Python.framework/Versions/3.11/lib/python3.11/site-packages/airflow/example_dags/example_inlet_event_extra.py for tasks to queue
[2025-10-28T14:10:01.588-0400] {logging_mixin.py:190} INFO - [2025-10-28T14:10:01.588-0400] {dagbag.py:588} INFO - Filling up the DagBag from /Library/Frameworks/Python.framework/Versions/3.11/lib/python3.11/site-packages/airflow/example_dags/example_inlet_event_extra.py
[2025-10-28T14:10:01.618-0400] {processor.py:925} INFO - DAG(s) 'read_dataset_event', 'read_dataset_event_from_classic' retrieved from /Library/Frameworks/Python.framework/Versions/3.11/lib/python3.11/site-packages/airflow/example_dags/example_inlet_event_extra.py
[2025-10-28T14:10:01.645-0400] {logging_mixin.py:190} INFO - [2025-10-28T14:10:01.645-0400] {dag.py:3239} INFO - Sync 2 DAGs
[2025-10-28T14:10:01.650-0400] {logging_mixin.py:190} INFO - [2025-10-28T14:10:01.650-0400] {dag.py:4180} INFO - Setting next_dagrun for read_dataset_event to 2025-10-27 00:00:00+00:00, run_after=2025-10-28 00:00:00+00:00
[2025-10-28T14:10:01.651-0400] {logging_mixin.py:190} INFO - [2025-10-28T14:10:01.651-0400] {dag.py:4180} INFO - Setting next_dagrun for read_dataset_event_from_classic to 2025-10-27 00:00:00+00:00, run_after=2025-10-28 00:00:00+00:00
[2025-10-28T14:10:01.656-0400] {processor.py:208} INFO - Processing /Library/Frameworks/Python.framework/Versions/3.11/lib/python3.11/site-packages/airflow/example_dags/example_inlet_event_extra.py took 0.071 seconds
[2025-10-28T14:12:17.440-0400] {processor.py:186} INFO - Started process (PID=92185) to work on /Library/Frameworks/Python.framework/Versions/3.11/lib/python3.11/site-packages/airflow/example_dags/example_inlet_event_extra.py
[2025-10-28T14:12:17.442-0400] {processor.py:914} INFO - Processing file /Library/Frameworks/Python.framework/Versions/3.11/lib/python3.11/site-packages/airflow/example_dags/example_inlet_event_extra.py for tasks to queue
[2025-10-28T14:12:17.442-0400] {logging_mixin.py:190} INFO - [2025-10-28T14:12:17.442-0400] {dagbag.py:588} INFO - Filling up the DagBag from /Library/Frameworks/Python.framework/Versions/3.11/lib/python3.11/site-packages/airflow/example_dags/example_inlet_event_extra.py
[2025-10-28T14:12:17.471-0400] {processor.py:925} INFO - DAG(s) 'read_dataset_event_from_classic', 'read_dataset_event' retrieved from /Library/Frameworks/Python.framework/Versions/3.11/lib/python3.11/site-packages/airflow/example_dags/example_inlet_event_extra.py
[2025-10-28T14:12:17.500-0400] {logging_mixin.py:190} INFO - [2025-10-28T14:12:17.500-0400] {dag.py:3239} INFO - Sync 2 DAGs
[2025-10-28T14:12:17.505-0400] {logging_mixin.py:190} INFO - [2025-10-28T14:12:17.505-0400] {dag.py:4180} INFO - Setting next_dagrun for read_dataset_event to 2025-10-27 00:00:00+00:00, run_after=2025-10-28 00:00:00+00:00
[2025-10-28T14:12:17.506-0400] {logging_mixin.py:190} INFO - [2025-10-28T14:12:17.506-0400] {dag.py:4180} INFO - Setting next_dagrun for read_dataset_event_from_classic to 2025-10-27 00:00:00+00:00, run_after=2025-10-28 00:00:00+00:00
[2025-10-28T14:12:17.511-0400] {processor.py:208} INFO - Processing /Library/Frameworks/Python.framework/Versions/3.11/lib/python3.11/site-packages/airflow/example_dags/example_inlet_event_extra.py took 0.072 seconds
[2025-10-28T14:13:58.381-0400] {processor.py:186} INFO - Started process (PID=93063) to work on /Library/Frameworks/Python.framework/Versions/3.11/lib/python3.11/site-packages/airflow/example_dags/example_inlet_event_extra.py
[2025-10-28T14:13:58.383-0400] {processor.py:914} INFO - Processing file /Library/Frameworks/Python.framework/Versions/3.11/lib/python3.11/site-packages/airflow/example_dags/example_inlet_event_extra.py for tasks to queue
[2025-10-28T14:13:58.383-0400] {logging_mixin.py:190} INFO - [2025-10-28T14:13:58.383-0400] {dagbag.py:588} INFO - Filling up the DagBag from /Library/Frameworks/Python.framework/Versions/3.11/lib/python3.11/site-packages/airflow/example_dags/example_inlet_event_extra.py
[2025-10-28T14:13:58.413-0400] {processor.py:925} INFO - DAG(s) 'read_dataset_event', 'read_dataset_event_from_classic' retrieved from /Library/Frameworks/Python.framework/Versions/3.11/lib/python3.11/site-packages/airflow/example_dags/example_inlet_event_extra.py
[2025-10-28T14:13:58.441-0400] {logging_mixin.py:190} INFO - [2025-10-28T14:13:58.440-0400] {dag.py:3239} INFO - Sync 2 DAGs
[2025-10-28T14:13:58.446-0400] {logging_mixin.py:190} INFO - [2025-10-28T14:13:58.446-0400] {dag.py:4180} INFO - Setting next_dagrun for read_dataset_event to 2025-10-27 00:00:00+00:00, run_after=2025-10-28 00:00:00+00:00
[2025-10-28T14:13:58.447-0400] {logging_mixin.py:190} INFO - [2025-10-28T14:13:58.447-0400] {dag.py:4180} INFO - Setting next_dagrun for read_dataset_event_from_classic to 2025-10-27 00:00:00+00:00, run_after=2025-10-28 00:00:00+00:00
[2025-10-28T14:13:58.452-0400] {processor.py:208} INFO - Processing /Library/Frameworks/Python.framework/Versions/3.11/lib/python3.11/site-packages/airflow/example_dags/example_inlet_event_extra.py took 0.071 seconds
[2025-10-28T14:18:11.345-0400] {processor.py:186} INFO - Started process (PID=95760) to work on /Library/Frameworks/Python.framework/Versions/3.11/lib/python3.11/site-packages/airflow/example_dags/example_inlet_event_extra.py
[2025-10-28T14:18:11.346-0400] {processor.py:914} INFO - Processing file /Library/Frameworks/Python.framework/Versions/3.11/lib/python3.11/site-packages/airflow/example_dags/example_inlet_event_extra.py for tasks to queue
[2025-10-28T14:18:11.346-0400] {logging_mixin.py:190} INFO - [2025-10-28T14:18:11.346-0400] {dagbag.py:588} INFO - Filling up the DagBag from /Library/Frameworks/Python.framework/Versions/3.11/lib/python3.11/site-packages/airflow/example_dags/example_inlet_event_extra.py
[2025-10-28T14:18:11.432-0400] {processor.py:925} INFO - DAG(s) 'read_dataset_event', 'read_dataset_event_from_classic' retrieved from /Library/Frameworks/Python.framework/Versions/3.11/lib/python3.11/site-packages/airflow/example_dags/example_inlet_event_extra.py
[2025-10-28T14:18:11.466-0400] {logging_mixin.py:190} INFO - [2025-10-28T14:18:11.465-0400] {dag.py:3239} INFO - Sync 2 DAGs
[2025-10-28T14:18:11.475-0400] {logging_mixin.py:190} INFO - [2025-10-28T14:18:11.475-0400] {dag.py:4180} INFO - Setting next_dagrun for read_dataset_event to 2025-10-27 00:00:00+00:00, run_after=2025-10-28 00:00:00+00:00
[2025-10-28T14:18:11.478-0400] {logging_mixin.py:190} INFO - [2025-10-28T14:18:11.478-0400] {dag.py:4180} INFO - Setting next_dagrun for read_dataset_event_from_classic to 2025-10-27 00:00:00+00:00, run_after=2025-10-28 00:00:00+00:00
[2025-10-28T14:18:11.484-0400] {processor.py:208} INFO - Processing /Library/Frameworks/Python.framework/Versions/3.11/lib/python3.11/site-packages/airflow/example_dags/example_inlet_event_extra.py took 0.142 seconds
[2025-10-28T14:19:55.506-0400] {processor.py:186} INFO - Started process (PID=96720) to work on /Library/Frameworks/Python.framework/Versions/3.11/lib/python3.11/site-packages/airflow/example_dags/example_inlet_event_extra.py
[2025-10-28T14:19:55.508-0400] {processor.py:914} INFO - Processing file /Library/Frameworks/Python.framework/Versions/3.11/lib/python3.11/site-packages/airflow/example_dags/example_inlet_event_extra.py for tasks to queue
[2025-10-28T14:19:55.508-0400] {logging_mixin.py:190} INFO - [2025-10-28T14:19:55.508-0400] {dagbag.py:588} INFO - Filling up the DagBag from /Library/Frameworks/Python.framework/Versions/3.11/lib/python3.11/site-packages/airflow/example_dags/example_inlet_event_extra.py
[2025-10-28T14:19:55.540-0400] {processor.py:925} INFO - DAG(s) 'read_dataset_event', 'read_dataset_event_from_classic' retrieved from /Library/Frameworks/Python.framework/Versions/3.11/lib/python3.11/site-packages/airflow/example_dags/example_inlet_event_extra.py
[2025-10-28T14:19:55.571-0400] {logging_mixin.py:190} INFO - [2025-10-28T14:19:55.571-0400] {dag.py:3239} INFO - Sync 2 DAGs
[2025-10-28T14:19:55.579-0400] {logging_mixin.py:190} INFO - [2025-10-28T14:19:55.578-0400] {dag.py:4180} INFO - Setting next_dagrun for read_dataset_event to 2025-10-27 00:00:00+00:00, run_after=2025-10-28 00:00:00+00:00
[2025-10-28T14:19:55.580-0400] {logging_mixin.py:190} INFO - [2025-10-28T14:19:55.580-0400] {dag.py:4180} INFO - Setting next_dagrun for read_dataset_event_from_classic to 2025-10-27 00:00:00+00:00, run_after=2025-10-28 00:00:00+00:00
[2025-10-28T14:19:55.585-0400] {processor.py:208} INFO - Processing /Library/Frameworks/Python.framework/Versions/3.11/lib/python3.11/site-packages/airflow/example_dags/example_inlet_event_extra.py took 0.079 seconds
[2025-10-28T14:22:24.621-0400] {processor.py:186} INFO - Started process (PID=98137) to work on /Library/Frameworks/Python.framework/Versions/3.11/lib/python3.11/site-packages/airflow/example_dags/example_inlet_event_extra.py
[2025-10-28T14:22:24.621-0400] {processor.py:914} INFO - Processing file /Library/Frameworks/Python.framework/Versions/3.11/lib/python3.11/site-packages/airflow/example_dags/example_inlet_event_extra.py for tasks to queue
[2025-10-28T14:22:24.622-0400] {logging_mixin.py:190} INFO - [2025-10-28T14:22:24.622-0400] {dagbag.py:588} INFO - Filling up the DagBag from /Library/Frameworks/Python.framework/Versions/3.11/lib/python3.11/site-packages/airflow/example_dags/example_inlet_event_extra.py
[2025-10-28T14:22:24.652-0400] {processor.py:925} INFO - DAG(s) 'read_dataset_event_from_classic', 'read_dataset_event' retrieved from /Library/Frameworks/Python.framework/Versions/3.11/lib/python3.11/site-packages/airflow/example_dags/example_inlet_event_extra.py
[2025-10-28T14:22:24.680-0400] {logging_mixin.py:190} INFO - [2025-10-28T14:22:24.679-0400] {dag.py:3239} INFO - Sync 2 DAGs
[2025-10-28T14:22:24.685-0400] {logging_mixin.py:190} INFO - [2025-10-28T14:22:24.685-0400] {dag.py:4180} INFO - Setting next_dagrun for read_dataset_event to 2025-10-27 00:00:00+00:00, run_after=2025-10-28 00:00:00+00:00
[2025-10-28T14:22:24.686-0400] {logging_mixin.py:190} INFO - [2025-10-28T14:22:24.686-0400] {dag.py:4180} INFO - Setting next_dagrun for read_dataset_event_from_classic to 2025-10-27 00:00:00+00:00, run_after=2025-10-28 00:00:00+00:00
[2025-10-28T14:22:24.691-0400] {processor.py:208} INFO - Processing /Library/Frameworks/Python.framework/Versions/3.11/lib/python3.11/site-packages/airflow/example_dags/example_inlet_event_extra.py took 0.071 seconds
[2025-10-28T14:24:51.685-0400] {processor.py:186} INFO - Started process (PID=99423) to work on /Library/Frameworks/Python.framework/Versions/3.11/lib/python3.11/site-packages/airflow/example_dags/example_inlet_event_extra.py
[2025-10-28T14:24:51.687-0400] {processor.py:914} INFO - Processing file /Library/Frameworks/Python.framework/Versions/3.11/lib/python3.11/site-packages/airflow/example_dags/example_inlet_event_extra.py for tasks to queue
[2025-10-28T14:24:51.687-0400] {logging_mixin.py:190} INFO - [2025-10-28T14:24:51.687-0400] {dagbag.py:588} INFO - Filling up the DagBag from /Library/Frameworks/Python.framework/Versions/3.11/lib/python3.11/site-packages/airflow/example_dags/example_inlet_event_extra.py
[2025-10-28T14:24:51.712-0400] {processor.py:925} INFO - DAG(s) 'read_dataset_event', 'read_dataset_event_from_classic' retrieved from /Library/Frameworks/Python.framework/Versions/3.11/lib/python3.11/site-packages/airflow/example_dags/example_inlet_event_extra.py
[2025-10-28T14:24:51.739-0400] {logging_mixin.py:190} INFO - [2025-10-28T14:24:51.739-0400] {dag.py:3239} INFO - Sync 2 DAGs
[2025-10-28T14:24:51.745-0400] {logging_mixin.py:190} INFO - [2025-10-28T14:24:51.745-0400] {dag.py:4180} INFO - Setting next_dagrun for read_dataset_event to 2025-10-27 00:00:00+00:00, run_after=2025-10-28 00:00:00+00:00
[2025-10-28T14:24:51.746-0400] {logging_mixin.py:190} INFO - [2025-10-28T14:24:51.746-0400] {dag.py:4180} INFO - Setting next_dagrun for read_dataset_event_from_classic to 2025-10-27 00:00:00+00:00, run_after=2025-10-28 00:00:00+00:00
[2025-10-28T14:24:51.751-0400] {processor.py:208} INFO - Processing /Library/Frameworks/Python.framework/Versions/3.11/lib/python3.11/site-packages/airflow/example_dags/example_inlet_event_extra.py took 0.067 seconds
[2025-10-28T14:27:15.820-0400] {processor.py:186} INFO - Started process (PID=935) to work on /Library/Frameworks/Python.framework/Versions/3.11/lib/python3.11/site-packages/airflow/example_dags/example_inlet_event_extra.py
[2025-10-28T14:27:15.821-0400] {processor.py:914} INFO - Processing file /Library/Frameworks/Python.framework/Versions/3.11/lib/python3.11/site-packages/airflow/example_dags/example_inlet_event_extra.py for tasks to queue
[2025-10-28T14:27:15.822-0400] {logging_mixin.py:190} INFO - [2025-10-28T14:27:15.822-0400] {dagbag.py:588} INFO - Filling up the DagBag from /Library/Frameworks/Python.framework/Versions/3.11/lib/python3.11/site-packages/airflow/example_dags/example_inlet_event_extra.py
[2025-10-28T14:27:15.855-0400] {processor.py:925} INFO - DAG(s) 'read_dataset_event', 'read_dataset_event_from_classic' retrieved from /Library/Frameworks/Python.framework/Versions/3.11/lib/python3.11/site-packages/airflow/example_dags/example_inlet_event_extra.py
[2025-10-28T14:27:15.885-0400] {logging_mixin.py:190} INFO - [2025-10-28T14:27:15.885-0400] {dag.py:3239} INFO - Sync 2 DAGs
[2025-10-28T14:27:15.892-0400] {logging_mixin.py:190} INFO - [2025-10-28T14:27:15.891-0400] {dag.py:4180} INFO - Setting next_dagrun for read_dataset_event to 2025-10-27 00:00:00+00:00, run_after=2025-10-28 00:00:00+00:00
[2025-10-28T14:27:15.893-0400] {logging_mixin.py:190} INFO - [2025-10-28T14:27:15.893-0400] {dag.py:4180} INFO - Setting next_dagrun for read_dataset_event_from_classic to 2025-10-27 00:00:00+00:00, run_after=2025-10-28 00:00:00+00:00
[2025-10-28T14:27:15.900-0400] {processor.py:208} INFO - Processing /Library/Frameworks/Python.framework/Versions/3.11/lib/python3.11/site-packages/airflow/example_dags/example_inlet_event_extra.py took 0.081 seconds
[2025-10-28T14:29:44.314-0400] {processor.py:186} INFO - Started process (PID=2255) to work on /Library/Frameworks/Python.framework/Versions/3.11/lib/python3.11/site-packages/airflow/example_dags/example_inlet_event_extra.py
[2025-10-28T14:29:44.315-0400] {processor.py:914} INFO - Processing file /Library/Frameworks/Python.framework/Versions/3.11/lib/python3.11/site-packages/airflow/example_dags/example_inlet_event_extra.py for tasks to queue
[2025-10-28T14:29:44.315-0400] {logging_mixin.py:190} INFO - [2025-10-28T14:29:44.315-0400] {dagbag.py:588} INFO - Filling up the DagBag from /Library/Frameworks/Python.framework/Versions/3.11/lib/python3.11/site-packages/airflow/example_dags/example_inlet_event_extra.py
[2025-10-28T14:29:44.339-0400] {processor.py:925} INFO - DAG(s) 'read_dataset_event_from_classic', 'read_dataset_event' retrieved from /Library/Frameworks/Python.framework/Versions/3.11/lib/python3.11/site-packages/airflow/example_dags/example_inlet_event_extra.py
[2025-10-28T14:29:44.363-0400] {logging_mixin.py:190} INFO - [2025-10-28T14:29:44.363-0400] {dag.py:3239} INFO - Sync 2 DAGs
[2025-10-28T14:29:44.368-0400] {logging_mixin.py:190} INFO - [2025-10-28T14:29:44.368-0400] {dag.py:4180} INFO - Setting next_dagrun for read_dataset_event to 2025-10-27 00:00:00+00:00, run_after=2025-10-28 00:00:00+00:00
[2025-10-28T14:29:44.370-0400] {logging_mixin.py:190} INFO - [2025-10-28T14:29:44.369-0400] {dag.py:4180} INFO - Setting next_dagrun for read_dataset_event_from_classic to 2025-10-27 00:00:00+00:00, run_after=2025-10-28 00:00:00+00:00
[2025-10-28T14:29:44.374-0400] {processor.py:208} INFO - Processing /Library/Frameworks/Python.framework/Versions/3.11/lib/python3.11/site-packages/airflow/example_dags/example_inlet_event_extra.py took 0.061 seconds
[2025-10-28T14:31:53.448-0400] {processor.py:186} INFO - Started process (PID=3327) to work on /Library/Frameworks/Python.framework/Versions/3.11/lib/python3.11/site-packages/airflow/example_dags/example_inlet_event_extra.py
[2025-10-28T14:31:53.449-0400] {processor.py:914} INFO - Processing file /Library/Frameworks/Python.framework/Versions/3.11/lib/python3.11/site-packages/airflow/example_dags/example_inlet_event_extra.py for tasks to queue
[2025-10-28T14:31:53.450-0400] {logging_mixin.py:190} INFO - [2025-10-28T14:31:53.450-0400] {dagbag.py:588} INFO - Filling up the DagBag from /Library/Frameworks/Python.framework/Versions/3.11/lib/python3.11/site-packages/airflow/example_dags/example_inlet_event_extra.py
[2025-10-28T14:31:53.474-0400] {processor.py:925} INFO - DAG(s) 'read_dataset_event_from_classic', 'read_dataset_event' retrieved from /Library/Frameworks/Python.framework/Versions/3.11/lib/python3.11/site-packages/airflow/example_dags/example_inlet_event_extra.py
[2025-10-28T14:31:53.502-0400] {logging_mixin.py:190} INFO - [2025-10-28T14:31:53.502-0400] {dag.py:3239} INFO - Sync 2 DAGs
[2025-10-28T14:31:53.507-0400] {logging_mixin.py:190} INFO - [2025-10-28T14:31:53.507-0400] {dag.py:4180} INFO - Setting next_dagrun for read_dataset_event to 2025-10-27 00:00:00+00:00, run_after=2025-10-28 00:00:00+00:00
[2025-10-28T14:31:53.508-0400] {logging_mixin.py:190} INFO - [2025-10-28T14:31:53.508-0400] {dag.py:4180} INFO - Setting next_dagrun for read_dataset_event_from_classic to 2025-10-27 00:00:00+00:00, run_after=2025-10-28 00:00:00+00:00
[2025-10-28T14:31:53.513-0400] {processor.py:208} INFO - Processing /Library/Frameworks/Python.framework/Versions/3.11/lib/python3.11/site-packages/airflow/example_dags/example_inlet_event_extra.py took 0.065 seconds
[2025-10-28T14:34:10.092-0400] {processor.py:186} INFO - Started process (PID=4436) to work on /Library/Frameworks/Python.framework/Versions/3.11/lib/python3.11/site-packages/airflow/example_dags/example_inlet_event_extra.py
[2025-10-28T14:34:10.093-0400] {processor.py:914} INFO - Processing file /Library/Frameworks/Python.framework/Versions/3.11/lib/python3.11/site-packages/airflow/example_dags/example_inlet_event_extra.py for tasks to queue
[2025-10-28T14:34:10.093-0400] {logging_mixin.py:190} INFO - [2025-10-28T14:34:10.093-0400] {dagbag.py:588} INFO - Filling up the DagBag from /Library/Frameworks/Python.framework/Versions/3.11/lib/python3.11/site-packages/airflow/example_dags/example_inlet_event_extra.py
[2025-10-28T14:34:10.120-0400] {processor.py:925} INFO - DAG(s) 'read_dataset_event_from_classic', 'read_dataset_event' retrieved from /Library/Frameworks/Python.framework/Versions/3.11/lib/python3.11/site-packages/airflow/example_dags/example_inlet_event_extra.py
[2025-10-28T14:34:10.147-0400] {logging_mixin.py:190} INFO - [2025-10-28T14:34:10.146-0400] {dag.py:3239} INFO - Sync 2 DAGs
[2025-10-28T14:34:10.152-0400] {logging_mixin.py:190} INFO - [2025-10-28T14:34:10.152-0400] {dag.py:4180} INFO - Setting next_dagrun for read_dataset_event to 2025-10-27 00:00:00+00:00, run_after=2025-10-28 00:00:00+00:00
[2025-10-28T14:34:10.153-0400] {logging_mixin.py:190} INFO - [2025-10-28T14:34:10.153-0400] {dag.py:4180} INFO - Setting next_dagrun for read_dataset_event_from_classic to 2025-10-27 00:00:00+00:00, run_after=2025-10-28 00:00:00+00:00
[2025-10-28T14:34:10.158-0400] {processor.py:208} INFO - Processing /Library/Frameworks/Python.framework/Versions/3.11/lib/python3.11/site-packages/airflow/example_dags/example_inlet_event_extra.py took 0.067 seconds
[2025-10-28T14:36:20.671-0400] {processor.py:186} INFO - Started process (PID=5554) to work on /Library/Frameworks/Python.framework/Versions/3.11/lib/python3.11/site-packages/airflow/example_dags/example_inlet_event_extra.py
[2025-10-28T14:36:20.672-0400] {processor.py:914} INFO - Processing file /Library/Frameworks/Python.framework/Versions/3.11/lib/python3.11/site-packages/airflow/example_dags/example_inlet_event_extra.py for tasks to queue
[2025-10-28T14:36:20.672-0400] {logging_mixin.py:190} INFO - [2025-10-28T14:36:20.672-0400] {dagbag.py:588} INFO - Filling up the DagBag from /Library/Frameworks/Python.framework/Versions/3.11/lib/python3.11/site-packages/airflow/example_dags/example_inlet_event_extra.py
[2025-10-28T14:36:20.701-0400] {processor.py:925} INFO - DAG(s) 'read_dataset_event', 'read_dataset_event_from_classic' retrieved from /Library/Frameworks/Python.framework/Versions/3.11/lib/python3.11/site-packages/airflow/example_dags/example_inlet_event_extra.py
[2025-10-28T14:36:20.727-0400] {logging_mixin.py:190} INFO - [2025-10-28T14:36:20.727-0400] {dag.py:3239} INFO - Sync 2 DAGs
[2025-10-28T14:36:20.733-0400] {logging_mixin.py:190} INFO - [2025-10-28T14:36:20.733-0400] {dag.py:4180} INFO - Setting next_dagrun for read_dataset_event to 2025-10-27 00:00:00+00:00, run_after=2025-10-28 00:00:00+00:00
[2025-10-28T14:36:20.734-0400] {logging_mixin.py:190} INFO - [2025-10-28T14:36:20.734-0400] {dag.py:4180} INFO - Setting next_dagrun for read_dataset_event_from_classic to 2025-10-27 00:00:00+00:00, run_after=2025-10-28 00:00:00+00:00
[2025-10-28T14:36:20.739-0400] {processor.py:208} INFO - Processing /Library/Frameworks/Python.framework/Versions/3.11/lib/python3.11/site-packages/airflow/example_dags/example_inlet_event_extra.py took 0.068 seconds
[2025-10-28T14:38:33.654-0400] {processor.py:186} INFO - Started process (PID=6705) to work on /Library/Frameworks/Python.framework/Versions/3.11/lib/python3.11/site-packages/airflow/example_dags/example_inlet_event_extra.py
[2025-10-28T14:38:33.655-0400] {processor.py:914} INFO - Processing file /Library/Frameworks/Python.framework/Versions/3.11/lib/python3.11/site-packages/airflow/example_dags/example_inlet_event_extra.py for tasks to queue
[2025-10-28T14:38:33.655-0400] {logging_mixin.py:190} INFO - [2025-10-28T14:38:33.655-0400] {dagbag.py:588} INFO - Filling up the DagBag from /Library/Frameworks/Python.framework/Versions/3.11/lib/python3.11/site-packages/airflow/example_dags/example_inlet_event_extra.py
[2025-10-28T14:38:33.684-0400] {processor.py:925} INFO - DAG(s) 'read_dataset_event_from_classic', 'read_dataset_event' retrieved from /Library/Frameworks/Python.framework/Versions/3.11/lib/python3.11/site-packages/airflow/example_dags/example_inlet_event_extra.py
[2025-10-28T14:38:33.709-0400] {logging_mixin.py:190} INFO - [2025-10-28T14:38:33.709-0400] {dag.py:3239} INFO - Sync 2 DAGs
[2025-10-28T14:38:33.714-0400] {logging_mixin.py:190} INFO - [2025-10-28T14:38:33.714-0400] {dag.py:4180} INFO - Setting next_dagrun for read_dataset_event to 2025-10-27 00:00:00+00:00, run_after=2025-10-28 00:00:00+00:00
[2025-10-28T14:38:33.716-0400] {logging_mixin.py:190} INFO - [2025-10-28T14:38:33.716-0400] {dag.py:4180} INFO - Setting next_dagrun for read_dataset_event_from_classic to 2025-10-27 00:00:00+00:00, run_after=2025-10-28 00:00:00+00:00
[2025-10-28T14:38:33.720-0400] {processor.py:208} INFO - Processing /Library/Frameworks/Python.framework/Versions/3.11/lib/python3.11/site-packages/airflow/example_dags/example_inlet_event_extra.py took 0.067 seconds
[2025-10-28T14:40:46.274-0400] {processor.py:186} INFO - Started process (PID=7890) to work on /Library/Frameworks/Python.framework/Versions/3.11/lib/python3.11/site-packages/airflow/example_dags/example_inlet_event_extra.py
[2025-10-28T14:40:46.274-0400] {processor.py:914} INFO - Processing file /Library/Frameworks/Python.framework/Versions/3.11/lib/python3.11/site-packages/airflow/example_dags/example_inlet_event_extra.py for tasks to queue
[2025-10-28T14:40:46.275-0400] {logging_mixin.py:190} INFO - [2025-10-28T14:40:46.275-0400] {dagbag.py:588} INFO - Filling up the DagBag from /Library/Frameworks/Python.framework/Versions/3.11/lib/python3.11/site-packages/airflow/example_dags/example_inlet_event_extra.py
[2025-10-28T14:40:46.303-0400] {processor.py:925} INFO - DAG(s) 'read_dataset_event_from_classic', 'read_dataset_event' retrieved from /Library/Frameworks/Python.framework/Versions/3.11/lib/python3.11/site-packages/airflow/example_dags/example_inlet_event_extra.py
[2025-10-28T14:40:46.330-0400] {logging_mixin.py:190} INFO - [2025-10-28T14:40:46.330-0400] {dag.py:3239} INFO - Sync 2 DAGs
[2025-10-28T14:40:46.335-0400] {logging_mixin.py:190} INFO - [2025-10-28T14:40:46.335-0400] {dag.py:4180} INFO - Setting next_dagrun for read_dataset_event to 2025-10-27 00:00:00+00:00, run_after=2025-10-28 00:00:00+00:00
[2025-10-28T14:40:46.336-0400] {logging_mixin.py:190} INFO - [2025-10-28T14:40:46.336-0400] {dag.py:4180} INFO - Setting next_dagrun for read_dataset_event_from_classic to 2025-10-27 00:00:00+00:00, run_after=2025-10-28 00:00:00+00:00
[2025-10-28T14:40:46.340-0400] {processor.py:208} INFO - Processing /Library/Frameworks/Python.framework/Versions/3.11/lib/python3.11/site-packages/airflow/example_dags/example_inlet_event_extra.py took 0.067 seconds
[2025-10-28T14:42:23.060-0400] {processor.py:186} INFO - Started process (PID=8939) to work on /Library/Frameworks/Python.framework/Versions/3.11/lib/python3.11/site-packages/airflow/example_dags/example_inlet_event_extra.py
[2025-10-28T14:42:23.062-0400] {processor.py:914} INFO - Processing file /Library/Frameworks/Python.framework/Versions/3.11/lib/python3.11/site-packages/airflow/example_dags/example_inlet_event_extra.py for tasks to queue
[2025-10-28T14:42:23.062-0400] {logging_mixin.py:190} INFO - [2025-10-28T14:42:23.062-0400] {dagbag.py:588} INFO - Filling up the DagBag from /Library/Frameworks/Python.framework/Versions/3.11/lib/python3.11/site-packages/airflow/example_dags/example_inlet_event_extra.py
[2025-10-28T14:42:23.089-0400] {processor.py:925} INFO - DAG(s) 'read_dataset_event_from_classic', 'read_dataset_event' retrieved from /Library/Frameworks/Python.framework/Versions/3.11/lib/python3.11/site-packages/airflow/example_dags/example_inlet_event_extra.py
[2025-10-28T14:42:23.115-0400] {logging_mixin.py:190} INFO - [2025-10-28T14:42:23.115-0400] {dag.py:3239} INFO - Sync 2 DAGs
[2025-10-28T14:42:23.120-0400] {logging_mixin.py:190} INFO - [2025-10-28T14:42:23.120-0400] {dag.py:4180} INFO - Setting next_dagrun for read_dataset_event to 2025-10-27 00:00:00+00:00, run_after=2025-10-28 00:00:00+00:00
[2025-10-28T14:42:23.121-0400] {logging_mixin.py:190} INFO - [2025-10-28T14:42:23.121-0400] {dag.py:4180} INFO - Setting next_dagrun for read_dataset_event_from_classic to 2025-10-27 00:00:00+00:00, run_after=2025-10-28 00:00:00+00:00
[2025-10-28T14:42:23.126-0400] {processor.py:208} INFO - Processing /Library/Frameworks/Python.framework/Versions/3.11/lib/python3.11/site-packages/airflow/example_dags/example_inlet_event_extra.py took 0.066 seconds
[2025-10-28T14:44:08.512-0400] {processor.py:186} INFO - Started process (PID=9885) to work on /Library/Frameworks/Python.framework/Versions/3.11/lib/python3.11/site-packages/airflow/example_dags/example_inlet_event_extra.py
[2025-10-28T14:44:08.513-0400] {processor.py:914} INFO - Processing file /Library/Frameworks/Python.framework/Versions/3.11/lib/python3.11/site-packages/airflow/example_dags/example_inlet_event_extra.py for tasks to queue
[2025-10-28T14:44:08.513-0400] {logging_mixin.py:190} INFO - [2025-10-28T14:44:08.513-0400] {dagbag.py:588} INFO - Filling up the DagBag from /Library/Frameworks/Python.framework/Versions/3.11/lib/python3.11/site-packages/airflow/example_dags/example_inlet_event_extra.py
[2025-10-28T14:44:08.541-0400] {processor.py:925} INFO - DAG(s) 'read_dataset_event_from_classic', 'read_dataset_event' retrieved from /Library/Frameworks/Python.framework/Versions/3.11/lib/python3.11/site-packages/airflow/example_dags/example_inlet_event_extra.py
[2025-10-28T14:44:08.566-0400] {logging_mixin.py:190} INFO - [2025-10-28T14:44:08.566-0400] {dag.py:3239} INFO - Sync 2 DAGs
[2025-10-28T14:44:08.571-0400] {logging_mixin.py:190} INFO - [2025-10-28T14:44:08.571-0400] {dag.py:4180} INFO - Setting next_dagrun for read_dataset_event to 2025-10-27 00:00:00+00:00, run_after=2025-10-28 00:00:00+00:00
[2025-10-28T14:44:08.572-0400] {logging_mixin.py:190} INFO - [2025-10-28T14:44:08.572-0400] {dag.py:4180} INFO - Setting next_dagrun for read_dataset_event_from_classic to 2025-10-27 00:00:00+00:00, run_after=2025-10-28 00:00:00+00:00
[2025-10-28T14:44:08.577-0400] {processor.py:208} INFO - Processing /Library/Frameworks/Python.framework/Versions/3.11/lib/python3.11/site-packages/airflow/example_dags/example_inlet_event_extra.py took 0.065 seconds
[2025-10-28T14:46:26.076-0400] {processor.py:186} INFO - Started process (PID=11062) to work on /Library/Frameworks/Python.framework/Versions/3.11/lib/python3.11/site-packages/airflow/example_dags/example_inlet_event_extra.py
[2025-10-28T14:46:26.078-0400] {processor.py:914} INFO - Processing file /Library/Frameworks/Python.framework/Versions/3.11/lib/python3.11/site-packages/airflow/example_dags/example_inlet_event_extra.py for tasks to queue
[2025-10-28T14:46:26.078-0400] {logging_mixin.py:190} INFO - [2025-10-28T14:46:26.078-0400] {dagbag.py:588} INFO - Filling up the DagBag from /Library/Frameworks/Python.framework/Versions/3.11/lib/python3.11/site-packages/airflow/example_dags/example_inlet_event_extra.py
[2025-10-28T14:46:26.111-0400] {processor.py:925} INFO - DAG(s) 'read_dataset_event_from_classic', 'read_dataset_event' retrieved from /Library/Frameworks/Python.framework/Versions/3.11/lib/python3.11/site-packages/airflow/example_dags/example_inlet_event_extra.py
[2025-10-28T14:46:26.140-0400] {logging_mixin.py:190} INFO - [2025-10-28T14:46:26.140-0400] {dag.py:3239} INFO - Sync 2 DAGs
[2025-10-28T14:46:26.146-0400] {logging_mixin.py:190} INFO - [2025-10-28T14:46:26.146-0400] {dag.py:4180} INFO - Setting next_dagrun for read_dataset_event to 2025-10-27 00:00:00+00:00, run_after=2025-10-28 00:00:00+00:00
[2025-10-28T14:46:26.148-0400] {logging_mixin.py:190} INFO - [2025-10-28T14:46:26.148-0400] {dag.py:4180} INFO - Setting next_dagrun for read_dataset_event_from_classic to 2025-10-27 00:00:00+00:00, run_after=2025-10-28 00:00:00+00:00
[2025-10-28T14:46:26.154-0400] {processor.py:208} INFO - Processing /Library/Frameworks/Python.framework/Versions/3.11/lib/python3.11/site-packages/airflow/example_dags/example_inlet_event_extra.py took 0.078 seconds
[2025-10-28T14:49:10.103-0400] {processor.py:186} INFO - Started process (PID=12712) to work on /Library/Frameworks/Python.framework/Versions/3.11/lib/python3.11/site-packages/airflow/example_dags/example_inlet_event_extra.py
[2025-10-28T14:49:10.105-0400] {processor.py:914} INFO - Processing file /Library/Frameworks/Python.framework/Versions/3.11/lib/python3.11/site-packages/airflow/example_dags/example_inlet_event_extra.py for tasks to queue
[2025-10-28T14:49:10.105-0400] {logging_mixin.py:190} INFO - [2025-10-28T14:49:10.105-0400] {dagbag.py:588} INFO - Filling up the DagBag from /Library/Frameworks/Python.framework/Versions/3.11/lib/python3.11/site-packages/airflow/example_dags/example_inlet_event_extra.py
[2025-10-28T14:49:10.134-0400] {processor.py:925} INFO - DAG(s) 'read_dataset_event_from_classic', 'read_dataset_event' retrieved from /Library/Frameworks/Python.framework/Versions/3.11/lib/python3.11/site-packages/airflow/example_dags/example_inlet_event_extra.py
[2025-10-28T14:49:10.159-0400] {logging_mixin.py:190} INFO - [2025-10-28T14:49:10.159-0400] {dag.py:3239} INFO - Sync 2 DAGs
[2025-10-28T14:49:10.165-0400] {logging_mixin.py:190} INFO - [2025-10-28T14:49:10.165-0400] {dag.py:4180} INFO - Setting next_dagrun for read_dataset_event to 2025-10-27 00:00:00+00:00, run_after=2025-10-28 00:00:00+00:00
[2025-10-28T14:49:10.166-0400] {logging_mixin.py:190} INFO - [2025-10-28T14:49:10.166-0400] {dag.py:4180} INFO - Setting next_dagrun for read_dataset_event_from_classic to 2025-10-27 00:00:00+00:00, run_after=2025-10-28 00:00:00+00:00
[2025-10-28T14:49:10.171-0400] {processor.py:208} INFO - Processing /Library/Frameworks/Python.framework/Versions/3.11/lib/python3.11/site-packages/airflow/example_dags/example_inlet_event_extra.py took 0.068 seconds
[2025-10-28T14:50:49.405-0400] {processor.py:186} INFO - Started process (PID=13561) to work on /Library/Frameworks/Python.framework/Versions/3.11/lib/python3.11/site-packages/airflow/example_dags/example_inlet_event_extra.py
[2025-10-28T14:50:49.406-0400] {processor.py:914} INFO - Processing file /Library/Frameworks/Python.framework/Versions/3.11/lib/python3.11/site-packages/airflow/example_dags/example_inlet_event_extra.py for tasks to queue
[2025-10-28T14:50:49.406-0400] {logging_mixin.py:190} INFO - [2025-10-28T14:50:49.406-0400] {dagbag.py:588} INFO - Filling up the DagBag from /Library/Frameworks/Python.framework/Versions/3.11/lib/python3.11/site-packages/airflow/example_dags/example_inlet_event_extra.py
[2025-10-28T14:50:49.437-0400] {processor.py:925} INFO - DAG(s) 'read_dataset_event_from_classic', 'read_dataset_event' retrieved from /Library/Frameworks/Python.framework/Versions/3.11/lib/python3.11/site-packages/airflow/example_dags/example_inlet_event_extra.py
[2025-10-28T14:50:49.465-0400] {logging_mixin.py:190} INFO - [2025-10-28T14:50:49.465-0400] {dag.py:3239} INFO - Sync 2 DAGs
[2025-10-28T14:50:49.470-0400] {logging_mixin.py:190} INFO - [2025-10-28T14:50:49.470-0400] {dag.py:4180} INFO - Setting next_dagrun for read_dataset_event to 2025-10-27 00:00:00+00:00, run_after=2025-10-28 00:00:00+00:00
[2025-10-28T14:50:49.472-0400] {logging_mixin.py:190} INFO - [2025-10-28T14:50:49.471-0400] {dag.py:4180} INFO - Setting next_dagrun for read_dataset_event_from_classic to 2025-10-27 00:00:00+00:00, run_after=2025-10-28 00:00:00+00:00
[2025-10-28T14:50:49.477-0400] {processor.py:208} INFO - Processing /Library/Frameworks/Python.framework/Versions/3.11/lib/python3.11/site-packages/airflow/example_dags/example_inlet_event_extra.py took 0.072 seconds
[2025-10-28T14:54:09.278-0400] {processor.py:186} INFO - Started process (PID=15545) to work on /Library/Frameworks/Python.framework/Versions/3.11/lib/python3.11/site-packages/airflow/example_dags/example_inlet_event_extra.py
[2025-10-28T14:54:09.279-0400] {processor.py:914} INFO - Processing file /Library/Frameworks/Python.framework/Versions/3.11/lib/python3.11/site-packages/airflow/example_dags/example_inlet_event_extra.py for tasks to queue
[2025-10-28T14:54:09.279-0400] {logging_mixin.py:190} INFO - [2025-10-28T14:54:09.279-0400] {dagbag.py:588} INFO - Filling up the DagBag from /Library/Frameworks/Python.framework/Versions/3.11/lib/python3.11/site-packages/airflow/example_dags/example_inlet_event_extra.py
[2025-10-28T14:54:09.307-0400] {processor.py:925} INFO - DAG(s) 'read_dataset_event', 'read_dataset_event_from_classic' retrieved from /Library/Frameworks/Python.framework/Versions/3.11/lib/python3.11/site-packages/airflow/example_dags/example_inlet_event_extra.py
[2025-10-28T14:54:09.333-0400] {logging_mixin.py:190} INFO - [2025-10-28T14:54:09.333-0400] {dag.py:3239} INFO - Sync 2 DAGs
[2025-10-28T14:54:09.338-0400] {logging_mixin.py:190} INFO - [2025-10-28T14:54:09.338-0400] {dag.py:4180} INFO - Setting next_dagrun for read_dataset_event to 2025-10-27 00:00:00+00:00, run_after=2025-10-28 00:00:00+00:00
[2025-10-28T14:54:09.339-0400] {logging_mixin.py:190} INFO - [2025-10-28T14:54:09.339-0400] {dag.py:4180} INFO - Setting next_dagrun for read_dataset_event_from_classic to 2025-10-27 00:00:00+00:00, run_after=2025-10-28 00:00:00+00:00
[2025-10-28T14:54:09.343-0400] {processor.py:208} INFO - Processing /Library/Frameworks/Python.framework/Versions/3.11/lib/python3.11/site-packages/airflow/example_dags/example_inlet_event_extra.py took 0.066 seconds
[2025-10-28T14:55:44.560-0400] {processor.py:186} INFO - Started process (PID=16089) to work on /Library/Frameworks/Python.framework/Versions/3.11/lib/python3.11/site-packages/airflow/example_dags/example_inlet_event_extra.py
[2025-10-28T14:55:44.561-0400] {processor.py:914} INFO - Processing file /Library/Frameworks/Python.framework/Versions/3.11/lib/python3.11/site-packages/airflow/example_dags/example_inlet_event_extra.py for tasks to queue
[2025-10-28T14:55:44.561-0400] {logging_mixin.py:190} INFO - [2025-10-28T14:55:44.561-0400] {dagbag.py:588} INFO - Filling up the DagBag from /Library/Frameworks/Python.framework/Versions/3.11/lib/python3.11/site-packages/airflow/example_dags/example_inlet_event_extra.py
[2025-10-28T14:55:44.588-0400] {processor.py:925} INFO - DAG(s) 'read_dataset_event', 'read_dataset_event_from_classic' retrieved from /Library/Frameworks/Python.framework/Versions/3.11/lib/python3.11/site-packages/airflow/example_dags/example_inlet_event_extra.py
[2025-10-28T14:55:44.613-0400] {logging_mixin.py:190} INFO - [2025-10-28T14:55:44.613-0400] {dag.py:3239} INFO - Sync 2 DAGs
[2025-10-28T14:55:44.618-0400] {logging_mixin.py:190} INFO - [2025-10-28T14:55:44.618-0400] {dag.py:4180} INFO - Setting next_dagrun for read_dataset_event to 2025-10-27 00:00:00+00:00, run_after=2025-10-28 00:00:00+00:00
[2025-10-28T14:55:44.619-0400] {logging_mixin.py:190} INFO - [2025-10-28T14:55:44.619-0400] {dag.py:4180} INFO - Setting next_dagrun for read_dataset_event_from_classic to 2025-10-27 00:00:00+00:00, run_after=2025-10-28 00:00:00+00:00
[2025-10-28T14:55:44.624-0400] {processor.py:208} INFO - Processing /Library/Frameworks/Python.framework/Versions/3.11/lib/python3.11/site-packages/airflow/example_dags/example_inlet_event_extra.py took 0.065 seconds
[2025-10-28T14:59:29.292-0400] {processor.py:186} INFO - Started process (PID=17804) to work on /Library/Frameworks/Python.framework/Versions/3.11/lib/python3.11/site-packages/airflow/example_dags/example_inlet_event_extra.py
[2025-10-28T14:59:29.293-0400] {processor.py:914} INFO - Processing file /Library/Frameworks/Python.framework/Versions/3.11/lib/python3.11/site-packages/airflow/example_dags/example_inlet_event_extra.py for tasks to queue
[2025-10-28T14:59:29.294-0400] {logging_mixin.py:190} INFO - [2025-10-28T14:59:29.294-0400] {dagbag.py:588} INFO - Filling up the DagBag from /Library/Frameworks/Python.framework/Versions/3.11/lib/python3.11/site-packages/airflow/example_dags/example_inlet_event_extra.py
[2025-10-28T14:59:29.321-0400] {processor.py:925} INFO - DAG(s) 'read_dataset_event', 'read_dataset_event_from_classic' retrieved from /Library/Frameworks/Python.framework/Versions/3.11/lib/python3.11/site-packages/airflow/example_dags/example_inlet_event_extra.py
[2025-10-28T14:59:29.346-0400] {logging_mixin.py:190} INFO - [2025-10-28T14:59:29.346-0400] {dag.py:3239} INFO - Sync 2 DAGs
[2025-10-28T14:59:29.351-0400] {logging_mixin.py:190} INFO - [2025-10-28T14:59:29.351-0400] {dag.py:4180} INFO - Setting next_dagrun for read_dataset_event to 2025-10-27 00:00:00+00:00, run_after=2025-10-28 00:00:00+00:00
[2025-10-28T14:59:29.352-0400] {logging_mixin.py:190} INFO - [2025-10-28T14:59:29.352-0400] {dag.py:4180} INFO - Setting next_dagrun for read_dataset_event_from_classic to 2025-10-27 00:00:00+00:00, run_after=2025-10-28 00:00:00+00:00
[2025-10-28T14:59:29.356-0400] {processor.py:208} INFO - Processing /Library/Frameworks/Python.framework/Versions/3.11/lib/python3.11/site-packages/airflow/example_dags/example_inlet_event_extra.py took 0.065 seconds
[2025-10-28T15:01:37.364-0400] {processor.py:186} INFO - Started process (PID=18487) to work on /Library/Frameworks/Python.framework/Versions/3.11/lib/python3.11/site-packages/airflow/example_dags/example_inlet_event_extra.py
[2025-10-28T15:01:37.366-0400] {processor.py:914} INFO - Processing file /Library/Frameworks/Python.framework/Versions/3.11/lib/python3.11/site-packages/airflow/example_dags/example_inlet_event_extra.py for tasks to queue
[2025-10-28T15:01:37.366-0400] {logging_mixin.py:190} INFO - [2025-10-28T15:01:37.366-0400] {dagbag.py:588} INFO - Filling up the DagBag from /Library/Frameworks/Python.framework/Versions/3.11/lib/python3.11/site-packages/airflow/example_dags/example_inlet_event_extra.py
[2025-10-28T15:01:37.397-0400] {processor.py:925} INFO - DAG(s) 'read_dataset_event', 'read_dataset_event_from_classic' retrieved from /Library/Frameworks/Python.framework/Versions/3.11/lib/python3.11/site-packages/airflow/example_dags/example_inlet_event_extra.py
[2025-10-28T15:01:37.423-0400] {logging_mixin.py:190} INFO - [2025-10-28T15:01:37.423-0400] {dag.py:3239} INFO - Sync 2 DAGs
[2025-10-28T15:01:37.429-0400] {logging_mixin.py:190} INFO - [2025-10-28T15:01:37.428-0400] {dag.py:4180} INFO - Setting next_dagrun for read_dataset_event to 2025-10-27 00:00:00+00:00, run_after=2025-10-28 00:00:00+00:00
[2025-10-28T15:01:37.430-0400] {logging_mixin.py:190} INFO - [2025-10-28T15:01:37.430-0400] {dag.py:4180} INFO - Setting next_dagrun for read_dataset_event_from_classic to 2025-10-27 00:00:00+00:00, run_after=2025-10-28 00:00:00+00:00
[2025-10-28T15:01:37.434-0400] {processor.py:208} INFO - Processing /Library/Frameworks/Python.framework/Versions/3.11/lib/python3.11/site-packages/airflow/example_dags/example_inlet_event_extra.py took 0.070 seconds
[2025-10-28T15:03:41.768-0400] {processor.py:186} INFO - Started process (PID=19156) to work on /Library/Frameworks/Python.framework/Versions/3.11/lib/python3.11/site-packages/airflow/example_dags/example_inlet_event_extra.py
[2025-10-28T15:03:41.770-0400] {processor.py:914} INFO - Processing file /Library/Frameworks/Python.framework/Versions/3.11/lib/python3.11/site-packages/airflow/example_dags/example_inlet_event_extra.py for tasks to queue
[2025-10-28T15:03:41.770-0400] {logging_mixin.py:190} INFO - [2025-10-28T15:03:41.770-0400] {dagbag.py:588} INFO - Filling up the DagBag from /Library/Frameworks/Python.framework/Versions/3.11/lib/python3.11/site-packages/airflow/example_dags/example_inlet_event_extra.py
[2025-10-28T15:03:41.800-0400] {processor.py:925} INFO - DAG(s) 'read_dataset_event', 'read_dataset_event_from_classic' retrieved from /Library/Frameworks/Python.framework/Versions/3.11/lib/python3.11/site-packages/airflow/example_dags/example_inlet_event_extra.py
[2025-10-28T15:03:41.825-0400] {logging_mixin.py:190} INFO - [2025-10-28T15:03:41.825-0400] {dag.py:3239} INFO - Sync 2 DAGs
[2025-10-28T15:03:41.830-0400] {logging_mixin.py:190} INFO - [2025-10-28T15:03:41.830-0400] {dag.py:4180} INFO - Setting next_dagrun for read_dataset_event to 2025-10-27 00:00:00+00:00, run_after=2025-10-28 00:00:00+00:00
[2025-10-28T15:03:41.831-0400] {logging_mixin.py:190} INFO - [2025-10-28T15:03:41.831-0400] {dag.py:4180} INFO - Setting next_dagrun for read_dataset_event_from_classic to 2025-10-27 00:00:00+00:00, run_after=2025-10-28 00:00:00+00:00
[2025-10-28T15:03:41.835-0400] {processor.py:208} INFO - Processing /Library/Frameworks/Python.framework/Versions/3.11/lib/python3.11/site-packages/airflow/example_dags/example_inlet_event_extra.py took 0.068 seconds
[2025-10-28T15:05:10.438-0400] {processor.py:186} INFO - Started process (PID=19941) to work on /Library/Frameworks/Python.framework/Versions/3.11/lib/python3.11/site-packages/airflow/example_dags/example_inlet_event_extra.py
[2025-10-28T15:05:10.438-0400] {processor.py:914} INFO - Processing file /Library/Frameworks/Python.framework/Versions/3.11/lib/python3.11/site-packages/airflow/example_dags/example_inlet_event_extra.py for tasks to queue
[2025-10-28T15:05:10.439-0400] {logging_mixin.py:190} INFO - [2025-10-28T15:05:10.439-0400] {dagbag.py:588} INFO - Filling up the DagBag from /Library/Frameworks/Python.framework/Versions/3.11/lib/python3.11/site-packages/airflow/example_dags/example_inlet_event_extra.py
[2025-10-28T15:05:10.463-0400] {processor.py:925} INFO - DAG(s) 'read_dataset_event', 'read_dataset_event_from_classic' retrieved from /Library/Frameworks/Python.framework/Versions/3.11/lib/python3.11/site-packages/airflow/example_dags/example_inlet_event_extra.py
[2025-10-28T15:05:10.488-0400] {logging_mixin.py:190} INFO - [2025-10-28T15:05:10.488-0400] {dag.py:3239} INFO - Sync 2 DAGs
[2025-10-28T15:05:10.493-0400] {logging_mixin.py:190} INFO - [2025-10-28T15:05:10.493-0400] {dag.py:4180} INFO - Setting next_dagrun for read_dataset_event to 2025-10-27 00:00:00+00:00, run_after=2025-10-28 00:00:00+00:00
[2025-10-28T15:05:10.494-0400] {logging_mixin.py:190} INFO - [2025-10-28T15:05:10.494-0400] {dag.py:4180} INFO - Setting next_dagrun for read_dataset_event_from_classic to 2025-10-27 00:00:00+00:00, run_after=2025-10-28 00:00:00+00:00
[2025-10-28T15:05:10.498-0400] {processor.py:208} INFO - Processing /Library/Frameworks/Python.framework/Versions/3.11/lib/python3.11/site-packages/airflow/example_dags/example_inlet_event_extra.py took 0.061 seconds
[2025-10-28T15:07:19.083-0400] {processor.py:186} INFO - Started process (PID=20627) to work on /Library/Frameworks/Python.framework/Versions/3.11/lib/python3.11/site-packages/airflow/example_dags/example_inlet_event_extra.py
[2025-10-28T15:07:19.084-0400] {processor.py:914} INFO - Processing file /Library/Frameworks/Python.framework/Versions/3.11/lib/python3.11/site-packages/airflow/example_dags/example_inlet_event_extra.py for tasks to queue
[2025-10-28T15:07:19.085-0400] {logging_mixin.py:190} INFO - [2025-10-28T15:07:19.085-0400] {dagbag.py:588} INFO - Filling up the DagBag from /Library/Frameworks/Python.framework/Versions/3.11/lib/python3.11/site-packages/airflow/example_dags/example_inlet_event_extra.py
[2025-10-28T15:07:19.121-0400] {processor.py:925} INFO - DAG(s) 'read_dataset_event_from_classic', 'read_dataset_event' retrieved from /Library/Frameworks/Python.framework/Versions/3.11/lib/python3.11/site-packages/airflow/example_dags/example_inlet_event_extra.py
[2025-10-28T15:07:19.148-0400] {logging_mixin.py:190} INFO - [2025-10-28T15:07:19.148-0400] {dag.py:3239} INFO - Sync 2 DAGs
[2025-10-28T15:07:19.153-0400] {logging_mixin.py:190} INFO - [2025-10-28T15:07:19.153-0400] {dag.py:4180} INFO - Setting next_dagrun for read_dataset_event to 2025-10-27 00:00:00+00:00, run_after=2025-10-28 00:00:00+00:00
[2025-10-28T15:07:19.155-0400] {logging_mixin.py:190} INFO - [2025-10-28T15:07:19.155-0400] {dag.py:4180} INFO - Setting next_dagrun for read_dataset_event_from_classic to 2025-10-27 00:00:00+00:00, run_after=2025-10-28 00:00:00+00:00
[2025-10-28T15:07:19.160-0400] {processor.py:208} INFO - Processing /Library/Frameworks/Python.framework/Versions/3.11/lib/python3.11/site-packages/airflow/example_dags/example_inlet_event_extra.py took 0.078 seconds
[2025-10-28T15:09:33.862-0400] {processor.py:186} INFO - Started process (PID=21310) to work on /Library/Frameworks/Python.framework/Versions/3.11/lib/python3.11/site-packages/airflow/example_dags/example_inlet_event_extra.py
[2025-10-28T15:09:33.863-0400] {processor.py:914} INFO - Processing file /Library/Frameworks/Python.framework/Versions/3.11/lib/python3.11/site-packages/airflow/example_dags/example_inlet_event_extra.py for tasks to queue
[2025-10-28T15:09:33.863-0400] {logging_mixin.py:190} INFO - [2025-10-28T15:09:33.863-0400] {dagbag.py:588} INFO - Filling up the DagBag from /Library/Frameworks/Python.framework/Versions/3.11/lib/python3.11/site-packages/airflow/example_dags/example_inlet_event_extra.py
[2025-10-28T15:09:33.894-0400] {processor.py:925} INFO - DAG(s) 'read_dataset_event_from_classic', 'read_dataset_event' retrieved from /Library/Frameworks/Python.framework/Versions/3.11/lib/python3.11/site-packages/airflow/example_dags/example_inlet_event_extra.py
[2025-10-28T15:09:33.919-0400] {logging_mixin.py:190} INFO - [2025-10-28T15:09:33.919-0400] {dag.py:3239} INFO - Sync 2 DAGs
[2025-10-28T15:09:33.924-0400] {logging_mixin.py:190} INFO - [2025-10-28T15:09:33.924-0400] {dag.py:4180} INFO - Setting next_dagrun for read_dataset_event to 2025-10-27 00:00:00+00:00, run_after=2025-10-28 00:00:00+00:00
[2025-10-28T15:09:33.926-0400] {logging_mixin.py:190} INFO - [2025-10-28T15:09:33.926-0400] {dag.py:4180} INFO - Setting next_dagrun for read_dataset_event_from_classic to 2025-10-27 00:00:00+00:00, run_after=2025-10-28 00:00:00+00:00
[2025-10-28T15:09:33.930-0400] {processor.py:208} INFO - Processing /Library/Frameworks/Python.framework/Versions/3.11/lib/python3.11/site-packages/airflow/example_dags/example_inlet_event_extra.py took 0.069 seconds
[2025-10-28T15:57:21.226-0400] {processor.py:186} INFO - Started process (PID=21965) to work on /Library/Frameworks/Python.framework/Versions/3.11/lib/python3.11/site-packages/airflow/example_dags/example_inlet_event_extra.py
[2025-10-28T15:57:21.226-0400] {processor.py:914} INFO - Processing file /Library/Frameworks/Python.framework/Versions/3.11/lib/python3.11/site-packages/airflow/example_dags/example_inlet_event_extra.py for tasks to queue
[2025-10-28T15:57:21.227-0400] {logging_mixin.py:190} INFO - [2025-10-28T15:57:21.227-0400] {dagbag.py:588} INFO - Filling up the DagBag from /Library/Frameworks/Python.framework/Versions/3.11/lib/python3.11/site-packages/airflow/example_dags/example_inlet_event_extra.py
[2025-10-28T15:57:21.254-0400] {processor.py:925} INFO - DAG(s) 'read_dataset_event', 'read_dataset_event_from_classic' retrieved from /Library/Frameworks/Python.framework/Versions/3.11/lib/python3.11/site-packages/airflow/example_dags/example_inlet_event_extra.py
[2025-10-28T15:57:21.279-0400] {logging_mixin.py:190} INFO - [2025-10-28T15:57:21.279-0400] {dag.py:3239} INFO - Sync 2 DAGs
[2025-10-28T15:57:21.284-0400] {logging_mixin.py:190} INFO - [2025-10-28T15:57:21.284-0400] {dag.py:4180} INFO - Setting next_dagrun for read_dataset_event to 2025-10-27 00:00:00+00:00, run_after=2025-10-28 00:00:00+00:00
[2025-10-28T15:57:21.285-0400] {logging_mixin.py:190} INFO - [2025-10-28T15:57:21.285-0400] {dag.py:4180} INFO - Setting next_dagrun for read_dataset_event_from_classic to 2025-10-27 00:00:00+00:00, run_after=2025-10-28 00:00:00+00:00
[2025-10-28T15:57:21.290-0400] {processor.py:208} INFO - Processing /Library/Frameworks/Python.framework/Versions/3.11/lib/python3.11/site-packages/airflow/example_dags/example_inlet_event_extra.py took 0.065 seconds
[2025-10-28T15:59:29.472-0400] {processor.py:186} INFO - Started process (PID=22658) to work on /Library/Frameworks/Python.framework/Versions/3.11/lib/python3.11/site-packages/airflow/example_dags/example_inlet_event_extra.py
[2025-10-28T15:59:29.473-0400] {processor.py:914} INFO - Processing file /Library/Frameworks/Python.framework/Versions/3.11/lib/python3.11/site-packages/airflow/example_dags/example_inlet_event_extra.py for tasks to queue
[2025-10-28T15:59:29.474-0400] {logging_mixin.py:190} INFO - [2025-10-28T15:59:29.473-0400] {dagbag.py:588} INFO - Filling up the DagBag from /Library/Frameworks/Python.framework/Versions/3.11/lib/python3.11/site-packages/airflow/example_dags/example_inlet_event_extra.py
[2025-10-28T15:59:29.504-0400] {processor.py:925} INFO - DAG(s) 'read_dataset_event_from_classic', 'read_dataset_event' retrieved from /Library/Frameworks/Python.framework/Versions/3.11/lib/python3.11/site-packages/airflow/example_dags/example_inlet_event_extra.py
[2025-10-28T15:59:29.533-0400] {logging_mixin.py:190} INFO - [2025-10-28T15:59:29.533-0400] {dag.py:3239} INFO - Sync 2 DAGs
[2025-10-28T15:59:29.539-0400] {logging_mixin.py:190} INFO - [2025-10-28T15:59:29.539-0400] {dag.py:4180} INFO - Setting next_dagrun for read_dataset_event to 2025-10-27 00:00:00+00:00, run_after=2025-10-28 00:00:00+00:00
[2025-10-28T15:59:29.540-0400] {logging_mixin.py:190} INFO - [2025-10-28T15:59:29.540-0400] {dag.py:4180} INFO - Setting next_dagrun for read_dataset_event_from_classic to 2025-10-27 00:00:00+00:00, run_after=2025-10-28 00:00:00+00:00
[2025-10-28T15:59:29.545-0400] {processor.py:208} INFO - Processing /Library/Frameworks/Python.framework/Versions/3.11/lib/python3.11/site-packages/airflow/example_dags/example_inlet_event_extra.py took 0.074 seconds
[2025-10-28T16:01:46.280-0400] {processor.py:186} INFO - Started process (PID=23619) to work on /Library/Frameworks/Python.framework/Versions/3.11/lib/python3.11/site-packages/airflow/example_dags/example_inlet_event_extra.py
[2025-10-28T16:01:46.282-0400] {processor.py:914} INFO - Processing file /Library/Frameworks/Python.framework/Versions/3.11/lib/python3.11/site-packages/airflow/example_dags/example_inlet_event_extra.py for tasks to queue
[2025-10-28T16:01:46.282-0400] {logging_mixin.py:190} INFO - [2025-10-28T16:01:46.282-0400] {dagbag.py:588} INFO - Filling up the DagBag from /Library/Frameworks/Python.framework/Versions/3.11/lib/python3.11/site-packages/airflow/example_dags/example_inlet_event_extra.py
[2025-10-28T16:01:46.311-0400] {processor.py:925} INFO - DAG(s) 'read_dataset_event_from_classic', 'read_dataset_event' retrieved from /Library/Frameworks/Python.framework/Versions/3.11/lib/python3.11/site-packages/airflow/example_dags/example_inlet_event_extra.py
[2025-10-28T16:01:46.337-0400] {logging_mixin.py:190} INFO - [2025-10-28T16:01:46.337-0400] {dag.py:3239} INFO - Sync 2 DAGs
[2025-10-28T16:01:46.342-0400] {logging_mixin.py:190} INFO - [2025-10-28T16:01:46.342-0400] {dag.py:4180} INFO - Setting next_dagrun for read_dataset_event to 2025-10-27 00:00:00+00:00, run_after=2025-10-28 00:00:00+00:00
[2025-10-28T16:01:46.343-0400] {logging_mixin.py:190} INFO - [2025-10-28T16:01:46.343-0400] {dag.py:4180} INFO - Setting next_dagrun for read_dataset_event_from_classic to 2025-10-27 00:00:00+00:00, run_after=2025-10-28 00:00:00+00:00
[2025-10-28T16:01:46.348-0400] {processor.py:208} INFO - Processing /Library/Frameworks/Python.framework/Versions/3.11/lib/python3.11/site-packages/airflow/example_dags/example_inlet_event_extra.py took 0.068 seconds
[2025-10-28T16:04:04.502-0400] {processor.py:186} INFO - Started process (PID=24316) to work on /Library/Frameworks/Python.framework/Versions/3.11/lib/python3.11/site-packages/airflow/example_dags/example_inlet_event_extra.py
[2025-10-28T16:04:04.503-0400] {processor.py:914} INFO - Processing file /Library/Frameworks/Python.framework/Versions/3.11/lib/python3.11/site-packages/airflow/example_dags/example_inlet_event_extra.py for tasks to queue
[2025-10-28T16:04:04.504-0400] {logging_mixin.py:190} INFO - [2025-10-28T16:04:04.503-0400] {dagbag.py:588} INFO - Filling up the DagBag from /Library/Frameworks/Python.framework/Versions/3.11/lib/python3.11/site-packages/airflow/example_dags/example_inlet_event_extra.py
[2025-10-28T16:04:04.536-0400] {processor.py:925} INFO - DAG(s) 'read_dataset_event', 'read_dataset_event_from_classic' retrieved from /Library/Frameworks/Python.framework/Versions/3.11/lib/python3.11/site-packages/airflow/example_dags/example_inlet_event_extra.py
[2025-10-28T16:04:04.563-0400] {logging_mixin.py:190} INFO - [2025-10-28T16:04:04.563-0400] {dag.py:3239} INFO - Sync 2 DAGs
[2025-10-28T16:04:04.568-0400] {logging_mixin.py:190} INFO - [2025-10-28T16:04:04.568-0400] {dag.py:4180} INFO - Setting next_dagrun for read_dataset_event to 2025-10-27 00:00:00+00:00, run_after=2025-10-28 00:00:00+00:00
[2025-10-28T16:04:04.570-0400] {logging_mixin.py:190} INFO - [2025-10-28T16:04:04.570-0400] {dag.py:4180} INFO - Setting next_dagrun for read_dataset_event_from_classic to 2025-10-27 00:00:00+00:00, run_after=2025-10-28 00:00:00+00:00
[2025-10-28T16:04:04.575-0400] {processor.py:208} INFO - Processing /Library/Frameworks/Python.framework/Versions/3.11/lib/python3.11/site-packages/airflow/example_dags/example_inlet_event_extra.py took 0.074 seconds
[2025-10-28T16:08:44.684-0400] {processor.py:186} INFO - Started process (PID=26381) to work on /Library/Frameworks/Python.framework/Versions/3.11/lib/python3.11/site-packages/airflow/example_dags/example_inlet_event_extra.py
[2025-10-28T16:08:44.684-0400] {processor.py:914} INFO - Processing file /Library/Frameworks/Python.framework/Versions/3.11/lib/python3.11/site-packages/airflow/example_dags/example_inlet_event_extra.py for tasks to queue
[2025-10-28T16:08:44.685-0400] {logging_mixin.py:190} INFO - [2025-10-28T16:08:44.685-0400] {dagbag.py:588} INFO - Filling up the DagBag from /Library/Frameworks/Python.framework/Versions/3.11/lib/python3.11/site-packages/airflow/example_dags/example_inlet_event_extra.py
[2025-10-28T16:08:44.708-0400] {processor.py:925} INFO - DAG(s) 'read_dataset_event_from_classic', 'read_dataset_event' retrieved from /Library/Frameworks/Python.framework/Versions/3.11/lib/python3.11/site-packages/airflow/example_dags/example_inlet_event_extra.py
[2025-10-28T16:08:44.734-0400] {logging_mixin.py:190} INFO - [2025-10-28T16:08:44.734-0400] {dag.py:3239} INFO - Sync 2 DAGs
[2025-10-28T16:08:44.739-0400] {logging_mixin.py:190} INFO - [2025-10-28T16:08:44.739-0400] {dag.py:4180} INFO - Setting next_dagrun for read_dataset_event to 2025-10-27 00:00:00+00:00, run_after=2025-10-28 00:00:00+00:00
[2025-10-28T16:08:44.740-0400] {logging_mixin.py:190} INFO - [2025-10-28T16:08:44.740-0400] {dag.py:4180} INFO - Setting next_dagrun for read_dataset_event_from_classic to 2025-10-27 00:00:00+00:00, run_after=2025-10-28 00:00:00+00:00
[2025-10-28T16:08:44.744-0400] {processor.py:208} INFO - Processing /Library/Frameworks/Python.framework/Versions/3.11/lib/python3.11/site-packages/airflow/example_dags/example_inlet_event_extra.py took 0.061 seconds
[2025-10-28T16:10:24.319-0400] {processor.py:186} INFO - Started process (PID=26902) to work on /Library/Frameworks/Python.framework/Versions/3.11/lib/python3.11/site-packages/airflow/example_dags/example_inlet_event_extra.py
[2025-10-28T16:10:24.320-0400] {processor.py:914} INFO - Processing file /Library/Frameworks/Python.framework/Versions/3.11/lib/python3.11/site-packages/airflow/example_dags/example_inlet_event_extra.py for tasks to queue
[2025-10-28T16:10:24.320-0400] {logging_mixin.py:190} INFO - [2025-10-28T16:10:24.320-0400] {dagbag.py:588} INFO - Filling up the DagBag from /Library/Frameworks/Python.framework/Versions/3.11/lib/python3.11/site-packages/airflow/example_dags/example_inlet_event_extra.py
[2025-10-28T16:10:24.349-0400] {processor.py:925} INFO - DAG(s) 'read_dataset_event_from_classic', 'read_dataset_event' retrieved from /Library/Frameworks/Python.framework/Versions/3.11/lib/python3.11/site-packages/airflow/example_dags/example_inlet_event_extra.py
[2025-10-28T16:10:24.375-0400] {logging_mixin.py:190} INFO - [2025-10-28T16:10:24.374-0400] {dag.py:3239} INFO - Sync 2 DAGs
[2025-10-28T16:10:24.380-0400] {logging_mixin.py:190} INFO - [2025-10-28T16:10:24.380-0400] {dag.py:4180} INFO - Setting next_dagrun for read_dataset_event to 2025-10-27 00:00:00+00:00, run_after=2025-10-28 00:00:00+00:00
[2025-10-28T16:10:24.381-0400] {logging_mixin.py:190} INFO - [2025-10-28T16:10:24.381-0400] {dag.py:4180} INFO - Setting next_dagrun for read_dataset_event_from_classic to 2025-10-27 00:00:00+00:00, run_after=2025-10-28 00:00:00+00:00
[2025-10-28T16:10:24.385-0400] {processor.py:208} INFO - Processing /Library/Frameworks/Python.framework/Versions/3.11/lib/python3.11/site-packages/airflow/example_dags/example_inlet_event_extra.py took 0.067 seconds
[2025-10-28T16:13:09.850-0400] {processor.py:186} INFO - Started process (PID=27972) to work on /Library/Frameworks/Python.framework/Versions/3.11/lib/python3.11/site-packages/airflow/example_dags/example_inlet_event_extra.py
[2025-10-28T16:13:09.851-0400] {processor.py:914} INFO - Processing file /Library/Frameworks/Python.framework/Versions/3.11/lib/python3.11/site-packages/airflow/example_dags/example_inlet_event_extra.py for tasks to queue
[2025-10-28T16:13:09.852-0400] {logging_mixin.py:190} INFO - [2025-10-28T16:13:09.852-0400] {dagbag.py:588} INFO - Filling up the DagBag from /Library/Frameworks/Python.framework/Versions/3.11/lib/python3.11/site-packages/airflow/example_dags/example_inlet_event_extra.py
[2025-10-28T16:13:09.883-0400] {processor.py:925} INFO - DAG(s) 'read_dataset_event', 'read_dataset_event_from_classic' retrieved from /Library/Frameworks/Python.framework/Versions/3.11/lib/python3.11/site-packages/airflow/example_dags/example_inlet_event_extra.py
[2025-10-28T16:13:09.910-0400] {logging_mixin.py:190} INFO - [2025-10-28T16:13:09.910-0400] {dag.py:3239} INFO - Sync 2 DAGs
[2025-10-28T16:13:09.916-0400] {logging_mixin.py:190} INFO - [2025-10-28T16:13:09.916-0400] {dag.py:4180} INFO - Setting next_dagrun for read_dataset_event to 2025-10-27 00:00:00+00:00, run_after=2025-10-28 00:00:00+00:00
[2025-10-28T16:13:09.917-0400] {logging_mixin.py:190} INFO - [2025-10-28T16:13:09.917-0400] {dag.py:4180} INFO - Setting next_dagrun for read_dataset_event_from_classic to 2025-10-27 00:00:00+00:00, run_after=2025-10-28 00:00:00+00:00
[2025-10-28T16:13:09.922-0400] {processor.py:208} INFO - Processing /Library/Frameworks/Python.framework/Versions/3.11/lib/python3.11/site-packages/airflow/example_dags/example_inlet_event_extra.py took 0.072 seconds
[2025-10-28T16:15:03.630-0400] {processor.py:186} INFO - Started process (PID=28798) to work on /Library/Frameworks/Python.framework/Versions/3.11/lib/python3.11/site-packages/airflow/example_dags/example_inlet_event_extra.py
[2025-10-28T16:15:03.631-0400] {processor.py:914} INFO - Processing file /Library/Frameworks/Python.framework/Versions/3.11/lib/python3.11/site-packages/airflow/example_dags/example_inlet_event_extra.py for tasks to queue
[2025-10-28T16:15:03.631-0400] {logging_mixin.py:190} INFO - [2025-10-28T16:15:03.631-0400] {dagbag.py:588} INFO - Filling up the DagBag from /Library/Frameworks/Python.framework/Versions/3.11/lib/python3.11/site-packages/airflow/example_dags/example_inlet_event_extra.py
[2025-10-28T16:15:03.660-0400] {processor.py:925} INFO - DAG(s) 'read_dataset_event', 'read_dataset_event_from_classic' retrieved from /Library/Frameworks/Python.framework/Versions/3.11/lib/python3.11/site-packages/airflow/example_dags/example_inlet_event_extra.py
[2025-10-28T16:15:03.686-0400] {logging_mixin.py:190} INFO - [2025-10-28T16:15:03.686-0400] {dag.py:3239} INFO - Sync 2 DAGs
[2025-10-28T16:15:03.691-0400] {logging_mixin.py:190} INFO - [2025-10-28T16:15:03.691-0400] {dag.py:4180} INFO - Setting next_dagrun for read_dataset_event to 2025-10-27 00:00:00+00:00, run_after=2025-10-28 00:00:00+00:00
[2025-10-28T16:15:03.692-0400] {logging_mixin.py:190} INFO - [2025-10-28T16:15:03.692-0400] {dag.py:4180} INFO - Setting next_dagrun for read_dataset_event_from_classic to 2025-10-27 00:00:00+00:00, run_after=2025-10-28 00:00:00+00:00
[2025-10-28T16:15:03.696-0400] {processor.py:208} INFO - Processing /Library/Frameworks/Python.framework/Versions/3.11/lib/python3.11/site-packages/airflow/example_dags/example_inlet_event_extra.py took 0.067 seconds
[2025-10-28T16:17:51.342-0400] {processor.py:186} INFO - Started process (PID=29944) to work on /Library/Frameworks/Python.framework/Versions/3.11/lib/python3.11/site-packages/airflow/example_dags/example_inlet_event_extra.py
[2025-10-28T16:17:51.344-0400] {processor.py:914} INFO - Processing file /Library/Frameworks/Python.framework/Versions/3.11/lib/python3.11/site-packages/airflow/example_dags/example_inlet_event_extra.py for tasks to queue
[2025-10-28T16:17:51.344-0400] {logging_mixin.py:190} INFO - [2025-10-28T16:17:51.344-0400] {dagbag.py:588} INFO - Filling up the DagBag from /Library/Frameworks/Python.framework/Versions/3.11/lib/python3.11/site-packages/airflow/example_dags/example_inlet_event_extra.py
[2025-10-28T16:17:51.372-0400] {processor.py:925} INFO - DAG(s) 'read_dataset_event', 'read_dataset_event_from_classic' retrieved from /Library/Frameworks/Python.framework/Versions/3.11/lib/python3.11/site-packages/airflow/example_dags/example_inlet_event_extra.py
[2025-10-28T16:17:51.397-0400] {logging_mixin.py:190} INFO - [2025-10-28T16:17:51.397-0400] {dag.py:3239} INFO - Sync 2 DAGs
[2025-10-28T16:17:51.402-0400] {logging_mixin.py:190} INFO - [2025-10-28T16:17:51.402-0400] {dag.py:4180} INFO - Setting next_dagrun for read_dataset_event to 2025-10-27 00:00:00+00:00, run_after=2025-10-28 00:00:00+00:00
[2025-10-28T16:17:51.403-0400] {logging_mixin.py:190} INFO - [2025-10-28T16:17:51.403-0400] {dag.py:4180} INFO - Setting next_dagrun for read_dataset_event_from_classic to 2025-10-27 00:00:00+00:00, run_after=2025-10-28 00:00:00+00:00
[2025-10-28T16:17:51.408-0400] {processor.py:208} INFO - Processing /Library/Frameworks/Python.framework/Versions/3.11/lib/python3.11/site-packages/airflow/example_dags/example_inlet_event_extra.py took 0.066 seconds
[2025-10-28T16:19:28.165-0400] {processor.py:186} INFO - Started process (PID=30425) to work on /Library/Frameworks/Python.framework/Versions/3.11/lib/python3.11/site-packages/airflow/example_dags/example_inlet_event_extra.py
[2025-10-28T16:19:28.166-0400] {processor.py:914} INFO - Processing file /Library/Frameworks/Python.framework/Versions/3.11/lib/python3.11/site-packages/airflow/example_dags/example_inlet_event_extra.py for tasks to queue
[2025-10-28T16:19:28.166-0400] {logging_mixin.py:190} INFO - [2025-10-28T16:19:28.166-0400] {dagbag.py:588} INFO - Filling up the DagBag from /Library/Frameworks/Python.framework/Versions/3.11/lib/python3.11/site-packages/airflow/example_dags/example_inlet_event_extra.py
[2025-10-28T16:19:28.195-0400] {processor.py:925} INFO - DAG(s) 'read_dataset_event_from_classic', 'read_dataset_event' retrieved from /Library/Frameworks/Python.framework/Versions/3.11/lib/python3.11/site-packages/airflow/example_dags/example_inlet_event_extra.py
[2025-10-28T16:19:28.225-0400] {logging_mixin.py:190} INFO - [2025-10-28T16:19:28.225-0400] {dag.py:3239} INFO - Sync 2 DAGs
[2025-10-28T16:19:28.231-0400] {logging_mixin.py:190} INFO - [2025-10-28T16:19:28.231-0400] {dag.py:4180} INFO - Setting next_dagrun for read_dataset_event to 2025-10-27 00:00:00+00:00, run_after=2025-10-28 00:00:00+00:00
[2025-10-28T16:19:28.232-0400] {logging_mixin.py:190} INFO - [2025-10-28T16:19:28.232-0400] {dag.py:4180} INFO - Setting next_dagrun for read_dataset_event_from_classic to 2025-10-27 00:00:00+00:00, run_after=2025-10-28 00:00:00+00:00
[2025-10-28T16:19:28.238-0400] {processor.py:208} INFO - Processing /Library/Frameworks/Python.framework/Versions/3.11/lib/python3.11/site-packages/airflow/example_dags/example_inlet_event_extra.py took 0.073 seconds
