[2025-10-28T12:24:35.565-0400] {processor.py:157} INFO - Started process (PID=27685) to work on /opt/anaconda3/envs/oaenv/lib/python3.9/site-packages/airflow/example_dags/example_complex.py
[2025-10-28T12:24:35.568-0400] {processor.py:829} INFO - Processing file /opt/anaconda3/envs/oaenv/lib/python3.9/site-packages/airflow/example_dags/example_complex.py for tasks to queue
[2025-10-28T12:24:35.568-0400] {logging_mixin.py:151} INFO - [2025-10-28T12:24:35.568-0400] {dagbag.py:539} INFO - Filling up the DagBag from /opt/anaconda3/envs/oaenv/lib/python3.9/site-packages/airflow/example_dags/example_complex.py
[2025-10-28T12:24:35.574-0400] {logging_mixin.py:151} WARNING - /opt/anaconda3/envs/oaenv/lib/python3.9/site-packages/airflow/serialization/pydantic/dataset.py:23 PydanticDeprecatedSince20: Support for class-based `config` is deprecated, use ConfigDict instead. Deprecated in Pydantic V2.0 to be removed in V3.0. See Pydantic V2 Migration Guide at https://errors.pydantic.dev/2.12/migration/
[2025-10-28T12:24:35.576-0400] {logging_mixin.py:151} WARNING - /opt/anaconda3/envs/oaenv/lib/python3.9/site-packages/airflow/serialization/pydantic/dataset.py:38 PydanticDeprecatedSince20: Support for class-based `config` is deprecated, use ConfigDict instead. Deprecated in Pydantic V2.0 to be removed in V3.0. See Pydantic V2 Migration Guide at https://errors.pydantic.dev/2.12/migration/
[2025-10-28T12:24:35.576-0400] {logging_mixin.py:151} WARNING - /opt/anaconda3/envs/oaenv/lib/python3.9/site-packages/airflow/serialization/pydantic/dataset.py:54 PydanticDeprecatedSince20: Support for class-based `config` is deprecated, use ConfigDict instead. Deprecated in Pydantic V2.0 to be removed in V3.0. See Pydantic V2 Migration Guide at https://errors.pydantic.dev/2.12/migration/
[2025-10-28T12:24:35.577-0400] {logging_mixin.py:151} WARNING - /opt/anaconda3/envs/oaenv/lib/python3.9/site-packages/airflow/serialization/pydantic/dataset.py:74 PydanticDeprecatedSince20: Support for class-based `config` is deprecated, use ConfigDict instead. Deprecated in Pydantic V2.0 to be removed in V3.0. See Pydantic V2 Migration Guide at https://errors.pydantic.dev/2.12/migration/
[2025-10-28T12:24:35.577-0400] {logging_mixin.py:151} WARNING - /opt/anaconda3/envs/oaenv/lib/python3.9/site-packages/airflow/serialization/pydantic/dag_run.py:26 PydanticDeprecatedSince20: Support for class-based `config` is deprecated, use ConfigDict instead. Deprecated in Pydantic V2.0 to be removed in V3.0. See Pydantic V2 Migration Guide at https://errors.pydantic.dev/2.12/migration/
[2025-10-28T12:24:35.578-0400] {processor.py:839} INFO - DAG(s) dict_keys(['example_complex']) retrieved from /opt/anaconda3/envs/oaenv/lib/python3.9/site-packages/airflow/example_dags/example_complex.py
[2025-10-28T12:24:35.586-0400] {logging_mixin.py:151} WARNING - /opt/anaconda3/envs/oaenv/lib/python3.9/site-packages/airflow/serialization/pydantic/taskinstance.py:27 PydanticDeprecatedSince20: Support for class-based `config` is deprecated, use ConfigDict instead. Deprecated in Pydantic V2.0 to be removed in V3.0. See Pydantic V2 Migration Guide at https://errors.pydantic.dev/2.12/migration/
[2025-10-28T12:24:35.629-0400] {logging_mixin.py:151} INFO - [2025-10-28T12:24:35.628-0400] {dag.py:2915} INFO - Sync 1 DAGs
[2025-10-28T12:24:35.631-0400] {logging_mixin.py:151} INFO - [2025-10-28T12:24:35.631-0400] {dag.py:3696} INFO - Setting next_dagrun for example_complex to None, run_after=None
[2025-10-28T12:24:35.636-0400] {processor.py:179} INFO - Processing /opt/anaconda3/envs/oaenv/lib/python3.9/site-packages/airflow/example_dags/example_complex.py took 0.071 seconds
[2025-10-28T12:25:44.395-0400] {processor.py:157} INFO - Started process (PID=28382) to work on /opt/anaconda3/envs/oaenv/lib/python3.9/site-packages/airflow/example_dags/example_complex.py
[2025-10-28T12:25:44.397-0400] {processor.py:829} INFO - Processing file /opt/anaconda3/envs/oaenv/lib/python3.9/site-packages/airflow/example_dags/example_complex.py for tasks to queue
[2025-10-28T12:25:44.397-0400] {logging_mixin.py:151} INFO - [2025-10-28T12:25:44.397-0400] {dagbag.py:539} INFO - Filling up the DagBag from /opt/anaconda3/envs/oaenv/lib/python3.9/site-packages/airflow/example_dags/example_complex.py
[2025-10-28T12:25:44.407-0400] {logging_mixin.py:151} WARNING - /opt/anaconda3/envs/oaenv/lib/python3.9/site-packages/airflow/serialization/pydantic/dataset.py:23 PydanticDeprecatedSince20: Support for class-based `config` is deprecated, use ConfigDict instead. Deprecated in Pydantic V2.0 to be removed in V3.0. See Pydantic V2 Migration Guide at https://errors.pydantic.dev/2.12/migration/
[2025-10-28T12:25:44.407-0400] {logging_mixin.py:151} WARNING - /opt/anaconda3/envs/oaenv/lib/python3.9/site-packages/airflow/serialization/pydantic/dataset.py:38 PydanticDeprecatedSince20: Support for class-based `config` is deprecated, use ConfigDict instead. Deprecated in Pydantic V2.0 to be removed in V3.0. See Pydantic V2 Migration Guide at https://errors.pydantic.dev/2.12/migration/
[2025-10-28T12:25:44.408-0400] {logging_mixin.py:151} WARNING - /opt/anaconda3/envs/oaenv/lib/python3.9/site-packages/airflow/serialization/pydantic/dataset.py:54 PydanticDeprecatedSince20: Support for class-based `config` is deprecated, use ConfigDict instead. Deprecated in Pydantic V2.0 to be removed in V3.0. See Pydantic V2 Migration Guide at https://errors.pydantic.dev/2.12/migration/
[2025-10-28T12:25:44.409-0400] {logging_mixin.py:151} WARNING - /opt/anaconda3/envs/oaenv/lib/python3.9/site-packages/airflow/serialization/pydantic/dataset.py:74 PydanticDeprecatedSince20: Support for class-based `config` is deprecated, use ConfigDict instead. Deprecated in Pydantic V2.0 to be removed in V3.0. See Pydantic V2 Migration Guide at https://errors.pydantic.dev/2.12/migration/
[2025-10-28T12:25:44.409-0400] {logging_mixin.py:151} WARNING - /opt/anaconda3/envs/oaenv/lib/python3.9/site-packages/airflow/serialization/pydantic/dag_run.py:26 PydanticDeprecatedSince20: Support for class-based `config` is deprecated, use ConfigDict instead. Deprecated in Pydantic V2.0 to be removed in V3.0. See Pydantic V2 Migration Guide at https://errors.pydantic.dev/2.12/migration/
[2025-10-28T12:25:44.410-0400] {processor.py:839} INFO - DAG(s) dict_keys(['example_complex']) retrieved from /opt/anaconda3/envs/oaenv/lib/python3.9/site-packages/airflow/example_dags/example_complex.py
[2025-10-28T12:25:44.419-0400] {logging_mixin.py:151} WARNING - /opt/anaconda3/envs/oaenv/lib/python3.9/site-packages/airflow/serialization/pydantic/taskinstance.py:27 PydanticDeprecatedSince20: Support for class-based `config` is deprecated, use ConfigDict instead. Deprecated in Pydantic V2.0 to be removed in V3.0. See Pydantic V2 Migration Guide at https://errors.pydantic.dev/2.12/migration/
[2025-10-28T12:25:44.465-0400] {logging_mixin.py:151} INFO - [2025-10-28T12:25:44.464-0400] {dag.py:2915} INFO - Sync 1 DAGs
[2025-10-28T12:25:44.467-0400] {logging_mixin.py:151} INFO - [2025-10-28T12:25:44.467-0400] {dag.py:3696} INFO - Setting next_dagrun for example_complex to None, run_after=None
[2025-10-28T12:25:44.473-0400] {processor.py:179} INFO - Processing /opt/anaconda3/envs/oaenv/lib/python3.9/site-packages/airflow/example_dags/example_complex.py took 0.079 seconds
[2025-10-28T12:26:55.951-0400] {processor.py:157} INFO - Started process (PID=29053) to work on /opt/anaconda3/envs/oaenv/lib/python3.9/site-packages/airflow/example_dags/example_complex.py
[2025-10-28T12:26:55.953-0400] {processor.py:829} INFO - Processing file /opt/anaconda3/envs/oaenv/lib/python3.9/site-packages/airflow/example_dags/example_complex.py for tasks to queue
[2025-10-28T12:26:55.953-0400] {logging_mixin.py:151} INFO - [2025-10-28T12:26:55.953-0400] {dagbag.py:539} INFO - Filling up the DagBag from /opt/anaconda3/envs/oaenv/lib/python3.9/site-packages/airflow/example_dags/example_complex.py
[2025-10-28T12:26:55.959-0400] {logging_mixin.py:151} WARNING - /opt/anaconda3/envs/oaenv/lib/python3.9/site-packages/airflow/serialization/pydantic/dataset.py:23 PydanticDeprecatedSince20: Support for class-based `config` is deprecated, use ConfigDict instead. Deprecated in Pydantic V2.0 to be removed in V3.0. See Pydantic V2 Migration Guide at https://errors.pydantic.dev/2.12/migration/
[2025-10-28T12:26:55.960-0400] {logging_mixin.py:151} WARNING - /opt/anaconda3/envs/oaenv/lib/python3.9/site-packages/airflow/serialization/pydantic/dataset.py:38 PydanticDeprecatedSince20: Support for class-based `config` is deprecated, use ConfigDict instead. Deprecated in Pydantic V2.0 to be removed in V3.0. See Pydantic V2 Migration Guide at https://errors.pydantic.dev/2.12/migration/
[2025-10-28T12:26:55.960-0400] {logging_mixin.py:151} WARNING - /opt/anaconda3/envs/oaenv/lib/python3.9/site-packages/airflow/serialization/pydantic/dataset.py:54 PydanticDeprecatedSince20: Support for class-based `config` is deprecated, use ConfigDict instead. Deprecated in Pydantic V2.0 to be removed in V3.0. See Pydantic V2 Migration Guide at https://errors.pydantic.dev/2.12/migration/
[2025-10-28T12:26:55.961-0400] {logging_mixin.py:151} WARNING - /opt/anaconda3/envs/oaenv/lib/python3.9/site-packages/airflow/serialization/pydantic/dataset.py:74 PydanticDeprecatedSince20: Support for class-based `config` is deprecated, use ConfigDict instead. Deprecated in Pydantic V2.0 to be removed in V3.0. See Pydantic V2 Migration Guide at https://errors.pydantic.dev/2.12/migration/
[2025-10-28T12:26:55.961-0400] {logging_mixin.py:151} WARNING - /opt/anaconda3/envs/oaenv/lib/python3.9/site-packages/airflow/serialization/pydantic/dag_run.py:26 PydanticDeprecatedSince20: Support for class-based `config` is deprecated, use ConfigDict instead. Deprecated in Pydantic V2.0 to be removed in V3.0. See Pydantic V2 Migration Guide at https://errors.pydantic.dev/2.12/migration/
[2025-10-28T12:26:55.962-0400] {processor.py:839} INFO - DAG(s) dict_keys(['example_complex']) retrieved from /opt/anaconda3/envs/oaenv/lib/python3.9/site-packages/airflow/example_dags/example_complex.py
[2025-10-28T12:26:55.970-0400] {logging_mixin.py:151} WARNING - /opt/anaconda3/envs/oaenv/lib/python3.9/site-packages/airflow/serialization/pydantic/taskinstance.py:27 PydanticDeprecatedSince20: Support for class-based `config` is deprecated, use ConfigDict instead. Deprecated in Pydantic V2.0 to be removed in V3.0. See Pydantic V2 Migration Guide at https://errors.pydantic.dev/2.12/migration/
[2025-10-28T12:26:56.016-0400] {logging_mixin.py:151} INFO - [2025-10-28T12:26:56.016-0400] {dag.py:2915} INFO - Sync 1 DAGs
[2025-10-28T12:26:56.019-0400] {logging_mixin.py:151} INFO - [2025-10-28T12:26:56.019-0400] {dag.py:3696} INFO - Setting next_dagrun for example_complex to None, run_after=None
[2025-10-28T12:26:56.025-0400] {processor.py:179} INFO - Processing /opt/anaconda3/envs/oaenv/lib/python3.9/site-packages/airflow/example_dags/example_complex.py took 0.074 seconds
[2025-10-28T12:28:03.628-0400] {processor.py:157} INFO - Started process (PID=29727) to work on /opt/anaconda3/envs/oaenv/lib/python3.9/site-packages/airflow/example_dags/example_complex.py
[2025-10-28T12:28:03.630-0400] {processor.py:829} INFO - Processing file /opt/anaconda3/envs/oaenv/lib/python3.9/site-packages/airflow/example_dags/example_complex.py for tasks to queue
[2025-10-28T12:28:03.630-0400] {logging_mixin.py:151} INFO - [2025-10-28T12:28:03.630-0400] {dagbag.py:539} INFO - Filling up the DagBag from /opt/anaconda3/envs/oaenv/lib/python3.9/site-packages/airflow/example_dags/example_complex.py
[2025-10-28T12:28:03.637-0400] {logging_mixin.py:151} WARNING - /opt/anaconda3/envs/oaenv/lib/python3.9/site-packages/airflow/serialization/pydantic/dataset.py:23 PydanticDeprecatedSince20: Support for class-based `config` is deprecated, use ConfigDict instead. Deprecated in Pydantic V2.0 to be removed in V3.0. See Pydantic V2 Migration Guide at https://errors.pydantic.dev/2.12/migration/
[2025-10-28T12:28:03.637-0400] {logging_mixin.py:151} WARNING - /opt/anaconda3/envs/oaenv/lib/python3.9/site-packages/airflow/serialization/pydantic/dataset.py:38 PydanticDeprecatedSince20: Support for class-based `config` is deprecated, use ConfigDict instead. Deprecated in Pydantic V2.0 to be removed in V3.0. See Pydantic V2 Migration Guide at https://errors.pydantic.dev/2.12/migration/
[2025-10-28T12:28:03.638-0400] {logging_mixin.py:151} WARNING - /opt/anaconda3/envs/oaenv/lib/python3.9/site-packages/airflow/serialization/pydantic/dataset.py:54 PydanticDeprecatedSince20: Support for class-based `config` is deprecated, use ConfigDict instead. Deprecated in Pydantic V2.0 to be removed in V3.0. See Pydantic V2 Migration Guide at https://errors.pydantic.dev/2.12/migration/
[2025-10-28T12:28:03.638-0400] {logging_mixin.py:151} WARNING - /opt/anaconda3/envs/oaenv/lib/python3.9/site-packages/airflow/serialization/pydantic/dataset.py:74 PydanticDeprecatedSince20: Support for class-based `config` is deprecated, use ConfigDict instead. Deprecated in Pydantic V2.0 to be removed in V3.0. See Pydantic V2 Migration Guide at https://errors.pydantic.dev/2.12/migration/
[2025-10-28T12:28:03.639-0400] {logging_mixin.py:151} WARNING - /opt/anaconda3/envs/oaenv/lib/python3.9/site-packages/airflow/serialization/pydantic/dag_run.py:26 PydanticDeprecatedSince20: Support for class-based `config` is deprecated, use ConfigDict instead. Deprecated in Pydantic V2.0 to be removed in V3.0. See Pydantic V2 Migration Guide at https://errors.pydantic.dev/2.12/migration/
[2025-10-28T12:28:03.640-0400] {processor.py:839} INFO - DAG(s) dict_keys(['example_complex']) retrieved from /opt/anaconda3/envs/oaenv/lib/python3.9/site-packages/airflow/example_dags/example_complex.py
[2025-10-28T12:28:03.648-0400] {logging_mixin.py:151} WARNING - /opt/anaconda3/envs/oaenv/lib/python3.9/site-packages/airflow/serialization/pydantic/taskinstance.py:27 PydanticDeprecatedSince20: Support for class-based `config` is deprecated, use ConfigDict instead. Deprecated in Pydantic V2.0 to be removed in V3.0. See Pydantic V2 Migration Guide at https://errors.pydantic.dev/2.12/migration/
[2025-10-28T12:28:03.692-0400] {logging_mixin.py:151} INFO - [2025-10-28T12:28:03.692-0400] {dag.py:2915} INFO - Sync 1 DAGs
[2025-10-28T12:28:03.694-0400] {logging_mixin.py:151} INFO - [2025-10-28T12:28:03.694-0400] {dag.py:3696} INFO - Setting next_dagrun for example_complex to None, run_after=None
[2025-10-28T12:28:03.700-0400] {processor.py:179} INFO - Processing /opt/anaconda3/envs/oaenv/lib/python3.9/site-packages/airflow/example_dags/example_complex.py took 0.073 seconds
[2025-10-28T12:29:15.189-0400] {processor.py:157} INFO - Started process (PID=30399) to work on /opt/anaconda3/envs/oaenv/lib/python3.9/site-packages/airflow/example_dags/example_complex.py
[2025-10-28T12:29:15.191-0400] {processor.py:829} INFO - Processing file /opt/anaconda3/envs/oaenv/lib/python3.9/site-packages/airflow/example_dags/example_complex.py for tasks to queue
[2025-10-28T12:29:15.191-0400] {logging_mixin.py:151} INFO - [2025-10-28T12:29:15.191-0400] {dagbag.py:539} INFO - Filling up the DagBag from /opt/anaconda3/envs/oaenv/lib/python3.9/site-packages/airflow/example_dags/example_complex.py
[2025-10-28T12:29:15.199-0400] {logging_mixin.py:151} WARNING - /opt/anaconda3/envs/oaenv/lib/python3.9/site-packages/airflow/serialization/pydantic/dataset.py:23 PydanticDeprecatedSince20: Support for class-based `config` is deprecated, use ConfigDict instead. Deprecated in Pydantic V2.0 to be removed in V3.0. See Pydantic V2 Migration Guide at https://errors.pydantic.dev/2.12/migration/
[2025-10-28T12:29:15.199-0400] {logging_mixin.py:151} WARNING - /opt/anaconda3/envs/oaenv/lib/python3.9/site-packages/airflow/serialization/pydantic/dataset.py:38 PydanticDeprecatedSince20: Support for class-based `config` is deprecated, use ConfigDict instead. Deprecated in Pydantic V2.0 to be removed in V3.0. See Pydantic V2 Migration Guide at https://errors.pydantic.dev/2.12/migration/
[2025-10-28T12:29:15.200-0400] {logging_mixin.py:151} WARNING - /opt/anaconda3/envs/oaenv/lib/python3.9/site-packages/airflow/serialization/pydantic/dataset.py:54 PydanticDeprecatedSince20: Support for class-based `config` is deprecated, use ConfigDict instead. Deprecated in Pydantic V2.0 to be removed in V3.0. See Pydantic V2 Migration Guide at https://errors.pydantic.dev/2.12/migration/
[2025-10-28T12:29:15.201-0400] {logging_mixin.py:151} WARNING - /opt/anaconda3/envs/oaenv/lib/python3.9/site-packages/airflow/serialization/pydantic/dataset.py:74 PydanticDeprecatedSince20: Support for class-based `config` is deprecated, use ConfigDict instead. Deprecated in Pydantic V2.0 to be removed in V3.0. See Pydantic V2 Migration Guide at https://errors.pydantic.dev/2.12/migration/
[2025-10-28T12:29:15.201-0400] {logging_mixin.py:151} WARNING - /opt/anaconda3/envs/oaenv/lib/python3.9/site-packages/airflow/serialization/pydantic/dag_run.py:26 PydanticDeprecatedSince20: Support for class-based `config` is deprecated, use ConfigDict instead. Deprecated in Pydantic V2.0 to be removed in V3.0. See Pydantic V2 Migration Guide at https://errors.pydantic.dev/2.12/migration/
[2025-10-28T12:29:15.202-0400] {processor.py:839} INFO - DAG(s) dict_keys(['example_complex']) retrieved from /opt/anaconda3/envs/oaenv/lib/python3.9/site-packages/airflow/example_dags/example_complex.py
[2025-10-28T12:29:15.211-0400] {logging_mixin.py:151} WARNING - /opt/anaconda3/envs/oaenv/lib/python3.9/site-packages/airflow/serialization/pydantic/taskinstance.py:27 PydanticDeprecatedSince20: Support for class-based `config` is deprecated, use ConfigDict instead. Deprecated in Pydantic V2.0 to be removed in V3.0. See Pydantic V2 Migration Guide at https://errors.pydantic.dev/2.12/migration/
[2025-10-28T12:29:15.260-0400] {logging_mixin.py:151} INFO - [2025-10-28T12:29:15.260-0400] {dag.py:2915} INFO - Sync 1 DAGs
[2025-10-28T12:29:15.263-0400] {logging_mixin.py:151} INFO - [2025-10-28T12:29:15.263-0400] {dag.py:3696} INFO - Setting next_dagrun for example_complex to None, run_after=None
[2025-10-28T12:29:15.269-0400] {processor.py:179} INFO - Processing /opt/anaconda3/envs/oaenv/lib/python3.9/site-packages/airflow/example_dags/example_complex.py took 0.081 seconds
[2025-10-28T12:30:30.524-0400] {processor.py:157} INFO - Started process (PID=31087) to work on /opt/anaconda3/envs/oaenv/lib/python3.9/site-packages/airflow/example_dags/example_complex.py
[2025-10-28T12:30:30.526-0400] {processor.py:829} INFO - Processing file /opt/anaconda3/envs/oaenv/lib/python3.9/site-packages/airflow/example_dags/example_complex.py for tasks to queue
[2025-10-28T12:30:30.526-0400] {logging_mixin.py:151} INFO - [2025-10-28T12:30:30.526-0400] {dagbag.py:539} INFO - Filling up the DagBag from /opt/anaconda3/envs/oaenv/lib/python3.9/site-packages/airflow/example_dags/example_complex.py
[2025-10-28T12:30:30.534-0400] {logging_mixin.py:151} WARNING - /opt/anaconda3/envs/oaenv/lib/python3.9/site-packages/airflow/serialization/pydantic/dataset.py:23 PydanticDeprecatedSince20: Support for class-based `config` is deprecated, use ConfigDict instead. Deprecated in Pydantic V2.0 to be removed in V3.0. See Pydantic V2 Migration Guide at https://errors.pydantic.dev/2.12/migration/
[2025-10-28T12:30:30.534-0400] {logging_mixin.py:151} WARNING - /opt/anaconda3/envs/oaenv/lib/python3.9/site-packages/airflow/serialization/pydantic/dataset.py:38 PydanticDeprecatedSince20: Support for class-based `config` is deprecated, use ConfigDict instead. Deprecated in Pydantic V2.0 to be removed in V3.0. See Pydantic V2 Migration Guide at https://errors.pydantic.dev/2.12/migration/
[2025-10-28T12:30:30.535-0400] {logging_mixin.py:151} WARNING - /opt/anaconda3/envs/oaenv/lib/python3.9/site-packages/airflow/serialization/pydantic/dataset.py:54 PydanticDeprecatedSince20: Support for class-based `config` is deprecated, use ConfigDict instead. Deprecated in Pydantic V2.0 to be removed in V3.0. See Pydantic V2 Migration Guide at https://errors.pydantic.dev/2.12/migration/
[2025-10-28T12:30:30.535-0400] {logging_mixin.py:151} WARNING - /opt/anaconda3/envs/oaenv/lib/python3.9/site-packages/airflow/serialization/pydantic/dataset.py:74 PydanticDeprecatedSince20: Support for class-based `config` is deprecated, use ConfigDict instead. Deprecated in Pydantic V2.0 to be removed in V3.0. See Pydantic V2 Migration Guide at https://errors.pydantic.dev/2.12/migration/
[2025-10-28T12:30:30.536-0400] {logging_mixin.py:151} WARNING - /opt/anaconda3/envs/oaenv/lib/python3.9/site-packages/airflow/serialization/pydantic/dag_run.py:26 PydanticDeprecatedSince20: Support for class-based `config` is deprecated, use ConfigDict instead. Deprecated in Pydantic V2.0 to be removed in V3.0. See Pydantic V2 Migration Guide at https://errors.pydantic.dev/2.12/migration/
[2025-10-28T12:30:30.537-0400] {processor.py:839} INFO - DAG(s) dict_keys(['example_complex']) retrieved from /opt/anaconda3/envs/oaenv/lib/python3.9/site-packages/airflow/example_dags/example_complex.py
[2025-10-28T12:30:30.546-0400] {logging_mixin.py:151} WARNING - /opt/anaconda3/envs/oaenv/lib/python3.9/site-packages/airflow/serialization/pydantic/taskinstance.py:27 PydanticDeprecatedSince20: Support for class-based `config` is deprecated, use ConfigDict instead. Deprecated in Pydantic V2.0 to be removed in V3.0. See Pydantic V2 Migration Guide at https://errors.pydantic.dev/2.12/migration/
[2025-10-28T12:30:30.597-0400] {logging_mixin.py:151} INFO - [2025-10-28T12:30:30.597-0400] {dag.py:2915} INFO - Sync 1 DAGs
[2025-10-28T12:30:30.600-0400] {logging_mixin.py:151} INFO - [2025-10-28T12:30:30.599-0400] {dag.py:3696} INFO - Setting next_dagrun for example_complex to None, run_after=None
[2025-10-28T12:30:30.605-0400] {processor.py:179} INFO - Processing /opt/anaconda3/envs/oaenv/lib/python3.9/site-packages/airflow/example_dags/example_complex.py took 0.081 seconds
[2025-10-28T12:31:44.058-0400] {processor.py:157} INFO - Started process (PID=31776) to work on /opt/anaconda3/envs/oaenv/lib/python3.9/site-packages/airflow/example_dags/example_complex.py
[2025-10-28T12:31:44.059-0400] {processor.py:829} INFO - Processing file /opt/anaconda3/envs/oaenv/lib/python3.9/site-packages/airflow/example_dags/example_complex.py for tasks to queue
[2025-10-28T12:31:44.059-0400] {logging_mixin.py:151} INFO - [2025-10-28T12:31:44.059-0400] {dagbag.py:539} INFO - Filling up the DagBag from /opt/anaconda3/envs/oaenv/lib/python3.9/site-packages/airflow/example_dags/example_complex.py
[2025-10-28T12:31:44.066-0400] {logging_mixin.py:151} WARNING - /opt/anaconda3/envs/oaenv/lib/python3.9/site-packages/airflow/serialization/pydantic/dataset.py:23 PydanticDeprecatedSince20: Support for class-based `config` is deprecated, use ConfigDict instead. Deprecated in Pydantic V2.0 to be removed in V3.0. See Pydantic V2 Migration Guide at https://errors.pydantic.dev/2.12/migration/
[2025-10-28T12:31:44.067-0400] {logging_mixin.py:151} WARNING - /opt/anaconda3/envs/oaenv/lib/python3.9/site-packages/airflow/serialization/pydantic/dataset.py:38 PydanticDeprecatedSince20: Support for class-based `config` is deprecated, use ConfigDict instead. Deprecated in Pydantic V2.0 to be removed in V3.0. See Pydantic V2 Migration Guide at https://errors.pydantic.dev/2.12/migration/
[2025-10-28T12:31:44.067-0400] {logging_mixin.py:151} WARNING - /opt/anaconda3/envs/oaenv/lib/python3.9/site-packages/airflow/serialization/pydantic/dataset.py:54 PydanticDeprecatedSince20: Support for class-based `config` is deprecated, use ConfigDict instead. Deprecated in Pydantic V2.0 to be removed in V3.0. See Pydantic V2 Migration Guide at https://errors.pydantic.dev/2.12/migration/
[2025-10-28T12:31:44.068-0400] {logging_mixin.py:151} WARNING - /opt/anaconda3/envs/oaenv/lib/python3.9/site-packages/airflow/serialization/pydantic/dataset.py:74 PydanticDeprecatedSince20: Support for class-based `config` is deprecated, use ConfigDict instead. Deprecated in Pydantic V2.0 to be removed in V3.0. See Pydantic V2 Migration Guide at https://errors.pydantic.dev/2.12/migration/
[2025-10-28T12:31:44.068-0400] {logging_mixin.py:151} WARNING - /opt/anaconda3/envs/oaenv/lib/python3.9/site-packages/airflow/serialization/pydantic/dag_run.py:26 PydanticDeprecatedSince20: Support for class-based `config` is deprecated, use ConfigDict instead. Deprecated in Pydantic V2.0 to be removed in V3.0. See Pydantic V2 Migration Guide at https://errors.pydantic.dev/2.12/migration/
[2025-10-28T12:31:44.069-0400] {processor.py:839} INFO - DAG(s) dict_keys(['example_complex']) retrieved from /opt/anaconda3/envs/oaenv/lib/python3.9/site-packages/airflow/example_dags/example_complex.py
[2025-10-28T12:31:44.077-0400] {logging_mixin.py:151} WARNING - /opt/anaconda3/envs/oaenv/lib/python3.9/site-packages/airflow/serialization/pydantic/taskinstance.py:27 PydanticDeprecatedSince20: Support for class-based `config` is deprecated, use ConfigDict instead. Deprecated in Pydantic V2.0 to be removed in V3.0. See Pydantic V2 Migration Guide at https://errors.pydantic.dev/2.12/migration/
[2025-10-28T12:31:44.121-0400] {logging_mixin.py:151} INFO - [2025-10-28T12:31:44.121-0400] {dag.py:2915} INFO - Sync 1 DAGs
[2025-10-28T12:31:44.123-0400] {logging_mixin.py:151} INFO - [2025-10-28T12:31:44.123-0400] {dag.py:3696} INFO - Setting next_dagrun for example_complex to None, run_after=None
[2025-10-28T12:31:44.128-0400] {processor.py:179} INFO - Processing /opt/anaconda3/envs/oaenv/lib/python3.9/site-packages/airflow/example_dags/example_complex.py took 0.071 seconds
[2025-10-28T12:32:54.949-0400] {processor.py:157} INFO - Started process (PID=32426) to work on /opt/anaconda3/envs/oaenv/lib/python3.9/site-packages/airflow/example_dags/example_complex.py
[2025-10-28T12:32:54.951-0400] {processor.py:829} INFO - Processing file /opt/anaconda3/envs/oaenv/lib/python3.9/site-packages/airflow/example_dags/example_complex.py for tasks to queue
[2025-10-28T12:32:54.951-0400] {logging_mixin.py:151} INFO - [2025-10-28T12:32:54.951-0400] {dagbag.py:539} INFO - Filling up the DagBag from /opt/anaconda3/envs/oaenv/lib/python3.9/site-packages/airflow/example_dags/example_complex.py
[2025-10-28T12:32:54.957-0400] {logging_mixin.py:151} WARNING - /opt/anaconda3/envs/oaenv/lib/python3.9/site-packages/airflow/serialization/pydantic/dataset.py:23 PydanticDeprecatedSince20: Support for class-based `config` is deprecated, use ConfigDict instead. Deprecated in Pydantic V2.0 to be removed in V3.0. See Pydantic V2 Migration Guide at https://errors.pydantic.dev/2.12/migration/
[2025-10-28T12:32:54.958-0400] {logging_mixin.py:151} WARNING - /opt/anaconda3/envs/oaenv/lib/python3.9/site-packages/airflow/serialization/pydantic/dataset.py:38 PydanticDeprecatedSince20: Support for class-based `config` is deprecated, use ConfigDict instead. Deprecated in Pydantic V2.0 to be removed in V3.0. See Pydantic V2 Migration Guide at https://errors.pydantic.dev/2.12/migration/
[2025-10-28T12:32:54.959-0400] {logging_mixin.py:151} WARNING - /opt/anaconda3/envs/oaenv/lib/python3.9/site-packages/airflow/serialization/pydantic/dataset.py:54 PydanticDeprecatedSince20: Support for class-based `config` is deprecated, use ConfigDict instead. Deprecated in Pydantic V2.0 to be removed in V3.0. See Pydantic V2 Migration Guide at https://errors.pydantic.dev/2.12/migration/
[2025-10-28T12:32:54.959-0400] {logging_mixin.py:151} WARNING - /opt/anaconda3/envs/oaenv/lib/python3.9/site-packages/airflow/serialization/pydantic/dataset.py:74 PydanticDeprecatedSince20: Support for class-based `config` is deprecated, use ConfigDict instead. Deprecated in Pydantic V2.0 to be removed in V3.0. See Pydantic V2 Migration Guide at https://errors.pydantic.dev/2.12/migration/
[2025-10-28T12:32:54.960-0400] {logging_mixin.py:151} WARNING - /opt/anaconda3/envs/oaenv/lib/python3.9/site-packages/airflow/serialization/pydantic/dag_run.py:26 PydanticDeprecatedSince20: Support for class-based `config` is deprecated, use ConfigDict instead. Deprecated in Pydantic V2.0 to be removed in V3.0. See Pydantic V2 Migration Guide at https://errors.pydantic.dev/2.12/migration/
[2025-10-28T12:32:54.961-0400] {processor.py:839} INFO - DAG(s) dict_keys(['example_complex']) retrieved from /opt/anaconda3/envs/oaenv/lib/python3.9/site-packages/airflow/example_dags/example_complex.py
[2025-10-28T12:32:54.969-0400] {logging_mixin.py:151} WARNING - /opt/anaconda3/envs/oaenv/lib/python3.9/site-packages/airflow/serialization/pydantic/taskinstance.py:27 PydanticDeprecatedSince20: Support for class-based `config` is deprecated, use ConfigDict instead. Deprecated in Pydantic V2.0 to be removed in V3.0. See Pydantic V2 Migration Guide at https://errors.pydantic.dev/2.12/migration/
[2025-10-28T12:32:55.012-0400] {logging_mixin.py:151} INFO - [2025-10-28T12:32:55.012-0400] {dag.py:2915} INFO - Sync 1 DAGs
[2025-10-28T12:32:55.015-0400] {logging_mixin.py:151} INFO - [2025-10-28T12:32:55.015-0400] {dag.py:3696} INFO - Setting next_dagrun for example_complex to None, run_after=None
[2025-10-28T12:32:55.020-0400] {processor.py:179} INFO - Processing /opt/anaconda3/envs/oaenv/lib/python3.9/site-packages/airflow/example_dags/example_complex.py took 0.072 seconds
[2025-10-28T12:34:05.699-0400] {processor.py:157} INFO - Started process (PID=33078) to work on /opt/anaconda3/envs/oaenv/lib/python3.9/site-packages/airflow/example_dags/example_complex.py
[2025-10-28T12:34:05.701-0400] {processor.py:829} INFO - Processing file /opt/anaconda3/envs/oaenv/lib/python3.9/site-packages/airflow/example_dags/example_complex.py for tasks to queue
[2025-10-28T12:34:05.702-0400] {logging_mixin.py:151} INFO - [2025-10-28T12:34:05.702-0400] {dagbag.py:539} INFO - Filling up the DagBag from /opt/anaconda3/envs/oaenv/lib/python3.9/site-packages/airflow/example_dags/example_complex.py
[2025-10-28T12:34:05.709-0400] {logging_mixin.py:151} WARNING - /opt/anaconda3/envs/oaenv/lib/python3.9/site-packages/airflow/serialization/pydantic/dataset.py:23 PydanticDeprecatedSince20: Support for class-based `config` is deprecated, use ConfigDict instead. Deprecated in Pydantic V2.0 to be removed in V3.0. See Pydantic V2 Migration Guide at https://errors.pydantic.dev/2.12/migration/
[2025-10-28T12:34:05.709-0400] {logging_mixin.py:151} WARNING - /opt/anaconda3/envs/oaenv/lib/python3.9/site-packages/airflow/serialization/pydantic/dataset.py:38 PydanticDeprecatedSince20: Support for class-based `config` is deprecated, use ConfigDict instead. Deprecated in Pydantic V2.0 to be removed in V3.0. See Pydantic V2 Migration Guide at https://errors.pydantic.dev/2.12/migration/
[2025-10-28T12:34:05.710-0400] {logging_mixin.py:151} WARNING - /opt/anaconda3/envs/oaenv/lib/python3.9/site-packages/airflow/serialization/pydantic/dataset.py:54 PydanticDeprecatedSince20: Support for class-based `config` is deprecated, use ConfigDict instead. Deprecated in Pydantic V2.0 to be removed in V3.0. See Pydantic V2 Migration Guide at https://errors.pydantic.dev/2.12/migration/
[2025-10-28T12:34:05.710-0400] {logging_mixin.py:151} WARNING - /opt/anaconda3/envs/oaenv/lib/python3.9/site-packages/airflow/serialization/pydantic/dataset.py:74 PydanticDeprecatedSince20: Support for class-based `config` is deprecated, use ConfigDict instead. Deprecated in Pydantic V2.0 to be removed in V3.0. See Pydantic V2 Migration Guide at https://errors.pydantic.dev/2.12/migration/
[2025-10-28T12:34:05.711-0400] {logging_mixin.py:151} WARNING - /opt/anaconda3/envs/oaenv/lib/python3.9/site-packages/airflow/serialization/pydantic/dag_run.py:26 PydanticDeprecatedSince20: Support for class-based `config` is deprecated, use ConfigDict instead. Deprecated in Pydantic V2.0 to be removed in V3.0. See Pydantic V2 Migration Guide at https://errors.pydantic.dev/2.12/migration/
[2025-10-28T12:34:05.712-0400] {processor.py:839} INFO - DAG(s) dict_keys(['example_complex']) retrieved from /opt/anaconda3/envs/oaenv/lib/python3.9/site-packages/airflow/example_dags/example_complex.py
[2025-10-28T12:34:05.720-0400] {logging_mixin.py:151} WARNING - /opt/anaconda3/envs/oaenv/lib/python3.9/site-packages/airflow/serialization/pydantic/taskinstance.py:27 PydanticDeprecatedSince20: Support for class-based `config` is deprecated, use ConfigDict instead. Deprecated in Pydantic V2.0 to be removed in V3.0. See Pydantic V2 Migration Guide at https://errors.pydantic.dev/2.12/migration/
[2025-10-28T12:34:05.765-0400] {logging_mixin.py:151} INFO - [2025-10-28T12:34:05.765-0400] {dag.py:2915} INFO - Sync 1 DAGs
[2025-10-28T12:34:05.767-0400] {logging_mixin.py:151} INFO - [2025-10-28T12:34:05.767-0400] {dag.py:3696} INFO - Setting next_dagrun for example_complex to None, run_after=None
[2025-10-28T12:34:05.772-0400] {processor.py:179} INFO - Processing /opt/anaconda3/envs/oaenv/lib/python3.9/site-packages/airflow/example_dags/example_complex.py took 0.074 seconds
[2025-10-28T12:35:27.530-0400] {processor.py:157} INFO - Started process (PID=33829) to work on /opt/anaconda3/envs/oaenv/lib/python3.9/site-packages/airflow/example_dags/example_complex.py
[2025-10-28T12:35:27.532-0400] {processor.py:829} INFO - Processing file /opt/anaconda3/envs/oaenv/lib/python3.9/site-packages/airflow/example_dags/example_complex.py for tasks to queue
[2025-10-28T12:35:27.532-0400] {logging_mixin.py:151} INFO - [2025-10-28T12:35:27.532-0400] {dagbag.py:539} INFO - Filling up the DagBag from /opt/anaconda3/envs/oaenv/lib/python3.9/site-packages/airflow/example_dags/example_complex.py
[2025-10-28T12:35:27.540-0400] {logging_mixin.py:151} WARNING - /opt/anaconda3/envs/oaenv/lib/python3.9/site-packages/airflow/serialization/pydantic/dataset.py:23 PydanticDeprecatedSince20: Support for class-based `config` is deprecated, use ConfigDict instead. Deprecated in Pydantic V2.0 to be removed in V3.0. See Pydantic V2 Migration Guide at https://errors.pydantic.dev/2.12/migration/
[2025-10-28T12:35:27.540-0400] {logging_mixin.py:151} WARNING - /opt/anaconda3/envs/oaenv/lib/python3.9/site-packages/airflow/serialization/pydantic/dataset.py:38 PydanticDeprecatedSince20: Support for class-based `config` is deprecated, use ConfigDict instead. Deprecated in Pydantic V2.0 to be removed in V3.0. See Pydantic V2 Migration Guide at https://errors.pydantic.dev/2.12/migration/
[2025-10-28T12:35:27.541-0400] {logging_mixin.py:151} WARNING - /opt/anaconda3/envs/oaenv/lib/python3.9/site-packages/airflow/serialization/pydantic/dataset.py:54 PydanticDeprecatedSince20: Support for class-based `config` is deprecated, use ConfigDict instead. Deprecated in Pydantic V2.0 to be removed in V3.0. See Pydantic V2 Migration Guide at https://errors.pydantic.dev/2.12/migration/
[2025-10-28T12:35:27.541-0400] {logging_mixin.py:151} WARNING - /opt/anaconda3/envs/oaenv/lib/python3.9/site-packages/airflow/serialization/pydantic/dataset.py:74 PydanticDeprecatedSince20: Support for class-based `config` is deprecated, use ConfigDict instead. Deprecated in Pydantic V2.0 to be removed in V3.0. See Pydantic V2 Migration Guide at https://errors.pydantic.dev/2.12/migration/
[2025-10-28T12:35:27.542-0400] {logging_mixin.py:151} WARNING - /opt/anaconda3/envs/oaenv/lib/python3.9/site-packages/airflow/serialization/pydantic/dag_run.py:26 PydanticDeprecatedSince20: Support for class-based `config` is deprecated, use ConfigDict instead. Deprecated in Pydantic V2.0 to be removed in V3.0. See Pydantic V2 Migration Guide at https://errors.pydantic.dev/2.12/migration/
[2025-10-28T12:35:27.543-0400] {processor.py:839} INFO - DAG(s) dict_keys(['example_complex']) retrieved from /opt/anaconda3/envs/oaenv/lib/python3.9/site-packages/airflow/example_dags/example_complex.py
[2025-10-28T12:35:27.552-0400] {logging_mixin.py:151} WARNING - /opt/anaconda3/envs/oaenv/lib/python3.9/site-packages/airflow/serialization/pydantic/taskinstance.py:27 PydanticDeprecatedSince20: Support for class-based `config` is deprecated, use ConfigDict instead. Deprecated in Pydantic V2.0 to be removed in V3.0. See Pydantic V2 Migration Guide at https://errors.pydantic.dev/2.12/migration/
[2025-10-28T12:35:27.722-0400] {logging_mixin.py:151} INFO - [2025-10-28T12:35:27.722-0400] {security.py:708} INFO - Not syncing DAG-level permissions for DAG 'DAG:example_complex' as access control is unset.
[2025-10-28T12:35:27.723-0400] {logging_mixin.py:151} INFO - [2025-10-28T12:35:27.722-0400] {dag.py:2915} INFO - Sync 1 DAGs
[2025-10-28T12:35:27.725-0400] {logging_mixin.py:151} INFO - [2025-10-28T12:35:27.725-0400] {dag.py:2937} INFO - Creating ORM DAG for example_complex
[2025-10-28T12:35:27.725-0400] {logging_mixin.py:151} INFO - [2025-10-28T12:35:27.725-0400] {dag.py:3696} INFO - Setting next_dagrun for example_complex to None, run_after=None
[2025-10-28T12:35:27.732-0400] {processor.py:179} INFO - Processing /opt/anaconda3/envs/oaenv/lib/python3.9/site-packages/airflow/example_dags/example_complex.py took 0.202 seconds
[2025-10-28T12:36:58.629-0400] {processor.py:157} INFO - Started process (PID=34670) to work on /opt/anaconda3/envs/oaenv/lib/python3.9/site-packages/airflow/example_dags/example_complex.py
[2025-10-28T12:36:58.631-0400] {processor.py:829} INFO - Processing file /opt/anaconda3/envs/oaenv/lib/python3.9/site-packages/airflow/example_dags/example_complex.py for tasks to queue
[2025-10-28T12:36:58.631-0400] {logging_mixin.py:151} INFO - [2025-10-28T12:36:58.631-0400] {dagbag.py:539} INFO - Filling up the DagBag from /opt/anaconda3/envs/oaenv/lib/python3.9/site-packages/airflow/example_dags/example_complex.py
[2025-10-28T12:36:58.638-0400] {logging_mixin.py:151} WARNING - /opt/anaconda3/envs/oaenv/lib/python3.9/site-packages/airflow/serialization/pydantic/dataset.py:23 PydanticDeprecatedSince20: Support for class-based `config` is deprecated, use ConfigDict instead. Deprecated in Pydantic V2.0 to be removed in V3.0. See Pydantic V2 Migration Guide at https://errors.pydantic.dev/2.12/migration/
[2025-10-28T12:36:58.638-0400] {logging_mixin.py:151} WARNING - /opt/anaconda3/envs/oaenv/lib/python3.9/site-packages/airflow/serialization/pydantic/dataset.py:38 PydanticDeprecatedSince20: Support for class-based `config` is deprecated, use ConfigDict instead. Deprecated in Pydantic V2.0 to be removed in V3.0. See Pydantic V2 Migration Guide at https://errors.pydantic.dev/2.12/migration/
[2025-10-28T12:36:58.639-0400] {logging_mixin.py:151} WARNING - /opt/anaconda3/envs/oaenv/lib/python3.9/site-packages/airflow/serialization/pydantic/dataset.py:54 PydanticDeprecatedSince20: Support for class-based `config` is deprecated, use ConfigDict instead. Deprecated in Pydantic V2.0 to be removed in V3.0. See Pydantic V2 Migration Guide at https://errors.pydantic.dev/2.12/migration/
[2025-10-28T12:36:58.639-0400] {logging_mixin.py:151} WARNING - /opt/anaconda3/envs/oaenv/lib/python3.9/site-packages/airflow/serialization/pydantic/dataset.py:74 PydanticDeprecatedSince20: Support for class-based `config` is deprecated, use ConfigDict instead. Deprecated in Pydantic V2.0 to be removed in V3.0. See Pydantic V2 Migration Guide at https://errors.pydantic.dev/2.12/migration/
[2025-10-28T12:36:58.640-0400] {logging_mixin.py:151} WARNING - /opt/anaconda3/envs/oaenv/lib/python3.9/site-packages/airflow/serialization/pydantic/dag_run.py:26 PydanticDeprecatedSince20: Support for class-based `config` is deprecated, use ConfigDict instead. Deprecated in Pydantic V2.0 to be removed in V3.0. See Pydantic V2 Migration Guide at https://errors.pydantic.dev/2.12/migration/
[2025-10-28T12:36:58.641-0400] {processor.py:839} INFO - DAG(s) dict_keys(['example_complex']) retrieved from /opt/anaconda3/envs/oaenv/lib/python3.9/site-packages/airflow/example_dags/example_complex.py
[2025-10-28T12:36:58.651-0400] {logging_mixin.py:151} WARNING - /opt/anaconda3/envs/oaenv/lib/python3.9/site-packages/airflow/serialization/pydantic/taskinstance.py:27 PydanticDeprecatedSince20: Support for class-based `config` is deprecated, use ConfigDict instead. Deprecated in Pydantic V2.0 to be removed in V3.0. See Pydantic V2 Migration Guide at https://errors.pydantic.dev/2.12/migration/
[2025-10-28T12:36:58.693-0400] {logging_mixin.py:151} INFO - [2025-10-28T12:36:58.693-0400] {dag.py:2915} INFO - Sync 1 DAGs
[2025-10-28T12:36:58.695-0400] {logging_mixin.py:151} INFO - [2025-10-28T12:36:58.695-0400] {dag.py:3696} INFO - Setting next_dagrun for example_complex to None, run_after=None
[2025-10-28T12:36:58.700-0400] {processor.py:179} INFO - Processing /opt/anaconda3/envs/oaenv/lib/python3.9/site-packages/airflow/example_dags/example_complex.py took 0.072 seconds
[2025-10-28T12:38:21.710-0400] {processor.py:157} INFO - Started process (PID=35439) to work on /opt/anaconda3/envs/oaenv/lib/python3.9/site-packages/airflow/example_dags/example_complex.py
[2025-10-28T12:38:21.712-0400] {processor.py:829} INFO - Processing file /opt/anaconda3/envs/oaenv/lib/python3.9/site-packages/airflow/example_dags/example_complex.py for tasks to queue
[2025-10-28T12:38:21.712-0400] {logging_mixin.py:151} INFO - [2025-10-28T12:38:21.712-0400] {dagbag.py:539} INFO - Filling up the DagBag from /opt/anaconda3/envs/oaenv/lib/python3.9/site-packages/airflow/example_dags/example_complex.py
[2025-10-28T12:38:21.719-0400] {logging_mixin.py:151} WARNING - /opt/anaconda3/envs/oaenv/lib/python3.9/site-packages/airflow/serialization/pydantic/dataset.py:23 PydanticDeprecatedSince20: Support for class-based `config` is deprecated, use ConfigDict instead. Deprecated in Pydantic V2.0 to be removed in V3.0. See Pydantic V2 Migration Guide at https://errors.pydantic.dev/2.12/migration/
[2025-10-28T12:38:21.720-0400] {logging_mixin.py:151} WARNING - /opt/anaconda3/envs/oaenv/lib/python3.9/site-packages/airflow/serialization/pydantic/dataset.py:38 PydanticDeprecatedSince20: Support for class-based `config` is deprecated, use ConfigDict instead. Deprecated in Pydantic V2.0 to be removed in V3.0. See Pydantic V2 Migration Guide at https://errors.pydantic.dev/2.12/migration/
[2025-10-28T12:38:21.720-0400] {logging_mixin.py:151} WARNING - /opt/anaconda3/envs/oaenv/lib/python3.9/site-packages/airflow/serialization/pydantic/dataset.py:54 PydanticDeprecatedSince20: Support for class-based `config` is deprecated, use ConfigDict instead. Deprecated in Pydantic V2.0 to be removed in V3.0. See Pydantic V2 Migration Guide at https://errors.pydantic.dev/2.12/migration/
[2025-10-28T12:38:21.721-0400] {logging_mixin.py:151} WARNING - /opt/anaconda3/envs/oaenv/lib/python3.9/site-packages/airflow/serialization/pydantic/dataset.py:74 PydanticDeprecatedSince20: Support for class-based `config` is deprecated, use ConfigDict instead. Deprecated in Pydantic V2.0 to be removed in V3.0. See Pydantic V2 Migration Guide at https://errors.pydantic.dev/2.12/migration/
[2025-10-28T12:38:21.722-0400] {logging_mixin.py:151} WARNING - /opt/anaconda3/envs/oaenv/lib/python3.9/site-packages/airflow/serialization/pydantic/dag_run.py:26 PydanticDeprecatedSince20: Support for class-based `config` is deprecated, use ConfigDict instead. Deprecated in Pydantic V2.0 to be removed in V3.0. See Pydantic V2 Migration Guide at https://errors.pydantic.dev/2.12/migration/
[2025-10-28T12:38:21.723-0400] {processor.py:839} INFO - DAG(s) dict_keys(['example_complex']) retrieved from /opt/anaconda3/envs/oaenv/lib/python3.9/site-packages/airflow/example_dags/example_complex.py
[2025-10-28T12:38:21.731-0400] {logging_mixin.py:151} WARNING - /opt/anaconda3/envs/oaenv/lib/python3.9/site-packages/airflow/serialization/pydantic/taskinstance.py:27 PydanticDeprecatedSince20: Support for class-based `config` is deprecated, use ConfigDict instead. Deprecated in Pydantic V2.0 to be removed in V3.0. See Pydantic V2 Migration Guide at https://errors.pydantic.dev/2.12/migration/
[2025-10-28T12:38:21.775-0400] {logging_mixin.py:151} INFO - [2025-10-28T12:38:21.775-0400] {dag.py:2915} INFO - Sync 1 DAGs
[2025-10-28T12:38:21.778-0400] {logging_mixin.py:151} INFO - [2025-10-28T12:38:21.778-0400] {dag.py:3696} INFO - Setting next_dagrun for example_complex to None, run_after=None
[2025-10-28T12:38:21.783-0400] {processor.py:179} INFO - Processing /opt/anaconda3/envs/oaenv/lib/python3.9/site-packages/airflow/example_dags/example_complex.py took 0.074 seconds
[2025-10-28T12:39:31.410-0400] {processor.py:157} INFO - Started process (PID=36424) to work on /opt/anaconda3/envs/oaenv/lib/python3.9/site-packages/airflow/example_dags/example_complex.py
[2025-10-28T12:39:31.412-0400] {processor.py:829} INFO - Processing file /opt/anaconda3/envs/oaenv/lib/python3.9/site-packages/airflow/example_dags/example_complex.py for tasks to queue
[2025-10-28T12:39:31.412-0400] {logging_mixin.py:151} INFO - [2025-10-28T12:39:31.412-0400] {dagbag.py:539} INFO - Filling up the DagBag from /opt/anaconda3/envs/oaenv/lib/python3.9/site-packages/airflow/example_dags/example_complex.py
[2025-10-28T12:39:31.420-0400] {logging_mixin.py:151} WARNING - /opt/anaconda3/envs/oaenv/lib/python3.9/site-packages/airflow/serialization/pydantic/dataset.py:23 PydanticDeprecatedSince20: Support for class-based `config` is deprecated, use ConfigDict instead. Deprecated in Pydantic V2.0 to be removed in V3.0. See Pydantic V2 Migration Guide at https://errors.pydantic.dev/2.12/migration/
[2025-10-28T12:39:31.421-0400] {logging_mixin.py:151} WARNING - /opt/anaconda3/envs/oaenv/lib/python3.9/site-packages/airflow/serialization/pydantic/dataset.py:38 PydanticDeprecatedSince20: Support for class-based `config` is deprecated, use ConfigDict instead. Deprecated in Pydantic V2.0 to be removed in V3.0. See Pydantic V2 Migration Guide at https://errors.pydantic.dev/2.12/migration/
[2025-10-28T12:39:31.421-0400] {logging_mixin.py:151} WARNING - /opt/anaconda3/envs/oaenv/lib/python3.9/site-packages/airflow/serialization/pydantic/dataset.py:54 PydanticDeprecatedSince20: Support for class-based `config` is deprecated, use ConfigDict instead. Deprecated in Pydantic V2.0 to be removed in V3.0. See Pydantic V2 Migration Guide at https://errors.pydantic.dev/2.12/migration/
[2025-10-28T12:39:31.422-0400] {logging_mixin.py:151} WARNING - /opt/anaconda3/envs/oaenv/lib/python3.9/site-packages/airflow/serialization/pydantic/dataset.py:74 PydanticDeprecatedSince20: Support for class-based `config` is deprecated, use ConfigDict instead. Deprecated in Pydantic V2.0 to be removed in V3.0. See Pydantic V2 Migration Guide at https://errors.pydantic.dev/2.12/migration/
[2025-10-28T12:39:31.423-0400] {logging_mixin.py:151} WARNING - /opt/anaconda3/envs/oaenv/lib/python3.9/site-packages/airflow/serialization/pydantic/dag_run.py:26 PydanticDeprecatedSince20: Support for class-based `config` is deprecated, use ConfigDict instead. Deprecated in Pydantic V2.0 to be removed in V3.0. See Pydantic V2 Migration Guide at https://errors.pydantic.dev/2.12/migration/
[2025-10-28T12:39:31.424-0400] {processor.py:839} INFO - DAG(s) dict_keys(['example_complex']) retrieved from /opt/anaconda3/envs/oaenv/lib/python3.9/site-packages/airflow/example_dags/example_complex.py
[2025-10-28T12:39:31.433-0400] {logging_mixin.py:151} WARNING - /opt/anaconda3/envs/oaenv/lib/python3.9/site-packages/airflow/serialization/pydantic/taskinstance.py:27 PydanticDeprecatedSince20: Support for class-based `config` is deprecated, use ConfigDict instead. Deprecated in Pydantic V2.0 to be removed in V3.0. See Pydantic V2 Migration Guide at https://errors.pydantic.dev/2.12/migration/
[2025-10-28T12:39:31.490-0400] {logging_mixin.py:151} INFO - [2025-10-28T12:39:31.490-0400] {dag.py:2915} INFO - Sync 1 DAGs
[2025-10-28T12:39:31.493-0400] {logging_mixin.py:151} INFO - [2025-10-28T12:39:31.493-0400] {dag.py:3696} INFO - Setting next_dagrun for example_complex to None, run_after=None
[2025-10-28T12:39:31.499-0400] {processor.py:179} INFO - Processing /opt/anaconda3/envs/oaenv/lib/python3.9/site-packages/airflow/example_dags/example_complex.py took 0.090 seconds
[2025-10-28T12:40:40.437-0400] {processor.py:157} INFO - Started process (PID=37123) to work on /opt/anaconda3/envs/oaenv/lib/python3.9/site-packages/airflow/example_dags/example_complex.py
[2025-10-28T12:40:40.438-0400] {processor.py:829} INFO - Processing file /opt/anaconda3/envs/oaenv/lib/python3.9/site-packages/airflow/example_dags/example_complex.py for tasks to queue
[2025-10-28T12:40:40.439-0400] {logging_mixin.py:151} INFO - [2025-10-28T12:40:40.439-0400] {dagbag.py:539} INFO - Filling up the DagBag from /opt/anaconda3/envs/oaenv/lib/python3.9/site-packages/airflow/example_dags/example_complex.py
[2025-10-28T12:40:40.446-0400] {logging_mixin.py:151} WARNING - /opt/anaconda3/envs/oaenv/lib/python3.9/site-packages/airflow/serialization/pydantic/dataset.py:23 PydanticDeprecatedSince20: Support for class-based `config` is deprecated, use ConfigDict instead. Deprecated in Pydantic V2.0 to be removed in V3.0. See Pydantic V2 Migration Guide at https://errors.pydantic.dev/2.12/migration/
[2025-10-28T12:40:40.447-0400] {logging_mixin.py:151} WARNING - /opt/anaconda3/envs/oaenv/lib/python3.9/site-packages/airflow/serialization/pydantic/dataset.py:38 PydanticDeprecatedSince20: Support for class-based `config` is deprecated, use ConfigDict instead. Deprecated in Pydantic V2.0 to be removed in V3.0. See Pydantic V2 Migration Guide at https://errors.pydantic.dev/2.12/migration/
[2025-10-28T12:40:40.447-0400] {logging_mixin.py:151} WARNING - /opt/anaconda3/envs/oaenv/lib/python3.9/site-packages/airflow/serialization/pydantic/dataset.py:54 PydanticDeprecatedSince20: Support for class-based `config` is deprecated, use ConfigDict instead. Deprecated in Pydantic V2.0 to be removed in V3.0. See Pydantic V2 Migration Guide at https://errors.pydantic.dev/2.12/migration/
[2025-10-28T12:40:40.448-0400] {logging_mixin.py:151} WARNING - /opt/anaconda3/envs/oaenv/lib/python3.9/site-packages/airflow/serialization/pydantic/dataset.py:74 PydanticDeprecatedSince20: Support for class-based `config` is deprecated, use ConfigDict instead. Deprecated in Pydantic V2.0 to be removed in V3.0. See Pydantic V2 Migration Guide at https://errors.pydantic.dev/2.12/migration/
[2025-10-28T12:40:40.448-0400] {logging_mixin.py:151} WARNING - /opt/anaconda3/envs/oaenv/lib/python3.9/site-packages/airflow/serialization/pydantic/dag_run.py:26 PydanticDeprecatedSince20: Support for class-based `config` is deprecated, use ConfigDict instead. Deprecated in Pydantic V2.0 to be removed in V3.0. See Pydantic V2 Migration Guide at https://errors.pydantic.dev/2.12/migration/
[2025-10-28T12:40:40.449-0400] {processor.py:839} INFO - DAG(s) dict_keys(['example_complex']) retrieved from /opt/anaconda3/envs/oaenv/lib/python3.9/site-packages/airflow/example_dags/example_complex.py
[2025-10-28T12:40:40.458-0400] {logging_mixin.py:151} WARNING - /opt/anaconda3/envs/oaenv/lib/python3.9/site-packages/airflow/serialization/pydantic/taskinstance.py:27 PydanticDeprecatedSince20: Support for class-based `config` is deprecated, use ConfigDict instead. Deprecated in Pydantic V2.0 to be removed in V3.0. See Pydantic V2 Migration Guide at https://errors.pydantic.dev/2.12/migration/
[2025-10-28T12:40:40.503-0400] {logging_mixin.py:151} INFO - [2025-10-28T12:40:40.503-0400] {dag.py:2915} INFO - Sync 1 DAGs
[2025-10-28T12:40:40.505-0400] {logging_mixin.py:151} INFO - [2025-10-28T12:40:40.505-0400] {dag.py:3696} INFO - Setting next_dagrun for example_complex to None, run_after=None
[2025-10-28T12:40:40.510-0400] {processor.py:179} INFO - Processing /opt/anaconda3/envs/oaenv/lib/python3.9/site-packages/airflow/example_dags/example_complex.py took 0.074 seconds
[2025-10-28T12:42:21.748-0400] {processor.py:157} INFO - Started process (PID=38433) to work on /opt/anaconda3/envs/oaenv/lib/python3.9/site-packages/airflow/example_dags/example_complex.py
[2025-10-28T12:42:21.749-0400] {processor.py:829} INFO - Processing file /opt/anaconda3/envs/oaenv/lib/python3.9/site-packages/airflow/example_dags/example_complex.py for tasks to queue
[2025-10-28T12:42:21.749-0400] {logging_mixin.py:151} INFO - [2025-10-28T12:42:21.749-0400] {dagbag.py:539} INFO - Filling up the DagBag from /opt/anaconda3/envs/oaenv/lib/python3.9/site-packages/airflow/example_dags/example_complex.py
[2025-10-28T12:42:21.756-0400] {logging_mixin.py:151} WARNING - /opt/anaconda3/envs/oaenv/lib/python3.9/site-packages/airflow/serialization/pydantic/dataset.py:23 PydanticDeprecatedSince20: Support for class-based `config` is deprecated, use ConfigDict instead. Deprecated in Pydantic V2.0 to be removed in V3.0. See Pydantic V2 Migration Guide at https://errors.pydantic.dev/2.12/migration/
[2025-10-28T12:42:21.756-0400] {logging_mixin.py:151} WARNING - /opt/anaconda3/envs/oaenv/lib/python3.9/site-packages/airflow/serialization/pydantic/dataset.py:38 PydanticDeprecatedSince20: Support for class-based `config` is deprecated, use ConfigDict instead. Deprecated in Pydantic V2.0 to be removed in V3.0. See Pydantic V2 Migration Guide at https://errors.pydantic.dev/2.12/migration/
[2025-10-28T12:42:21.757-0400] {logging_mixin.py:151} WARNING - /opt/anaconda3/envs/oaenv/lib/python3.9/site-packages/airflow/serialization/pydantic/dataset.py:54 PydanticDeprecatedSince20: Support for class-based `config` is deprecated, use ConfigDict instead. Deprecated in Pydantic V2.0 to be removed in V3.0. See Pydantic V2 Migration Guide at https://errors.pydantic.dev/2.12/migration/
[2025-10-28T12:42:21.757-0400] {logging_mixin.py:151} WARNING - /opt/anaconda3/envs/oaenv/lib/python3.9/site-packages/airflow/serialization/pydantic/dataset.py:74 PydanticDeprecatedSince20: Support for class-based `config` is deprecated, use ConfigDict instead. Deprecated in Pydantic V2.0 to be removed in V3.0. See Pydantic V2 Migration Guide at https://errors.pydantic.dev/2.12/migration/
[2025-10-28T12:42:21.758-0400] {logging_mixin.py:151} WARNING - /opt/anaconda3/envs/oaenv/lib/python3.9/site-packages/airflow/serialization/pydantic/dag_run.py:26 PydanticDeprecatedSince20: Support for class-based `config` is deprecated, use ConfigDict instead. Deprecated in Pydantic V2.0 to be removed in V3.0. See Pydantic V2 Migration Guide at https://errors.pydantic.dev/2.12/migration/
[2025-10-28T12:42:21.759-0400] {processor.py:839} INFO - DAG(s) dict_keys(['example_complex']) retrieved from /opt/anaconda3/envs/oaenv/lib/python3.9/site-packages/airflow/example_dags/example_complex.py
[2025-10-28T12:42:21.766-0400] {logging_mixin.py:151} WARNING - /opt/anaconda3/envs/oaenv/lib/python3.9/site-packages/airflow/serialization/pydantic/taskinstance.py:27 PydanticDeprecatedSince20: Support for class-based `config` is deprecated, use ConfigDict instead. Deprecated in Pydantic V2.0 to be removed in V3.0. See Pydantic V2 Migration Guide at https://errors.pydantic.dev/2.12/migration/
[2025-10-28T12:42:21.808-0400] {logging_mixin.py:151} INFO - [2025-10-28T12:42:21.808-0400] {dag.py:2915} INFO - Sync 1 DAGs
[2025-10-28T12:42:21.811-0400] {logging_mixin.py:151} INFO - [2025-10-28T12:42:21.811-0400] {dag.py:3696} INFO - Setting next_dagrun for example_complex to None, run_after=None
[2025-10-28T12:42:21.816-0400] {processor.py:179} INFO - Processing /opt/anaconda3/envs/oaenv/lib/python3.9/site-packages/airflow/example_dags/example_complex.py took 0.069 seconds
[2025-10-28T12:43:31.468-0400] {processor.py:157} INFO - Started process (PID=39076) to work on /opt/anaconda3/envs/oaenv/lib/python3.9/site-packages/airflow/example_dags/example_complex.py
[2025-10-28T12:43:31.470-0400] {processor.py:829} INFO - Processing file /opt/anaconda3/envs/oaenv/lib/python3.9/site-packages/airflow/example_dags/example_complex.py for tasks to queue
[2025-10-28T12:43:31.470-0400] {logging_mixin.py:151} INFO - [2025-10-28T12:43:31.470-0400] {dagbag.py:539} INFO - Filling up the DagBag from /opt/anaconda3/envs/oaenv/lib/python3.9/site-packages/airflow/example_dags/example_complex.py
[2025-10-28T12:43:31.480-0400] {logging_mixin.py:151} WARNING - /opt/anaconda3/envs/oaenv/lib/python3.9/site-packages/airflow/serialization/pydantic/dataset.py:23 PydanticDeprecatedSince20: Support for class-based `config` is deprecated, use ConfigDict instead. Deprecated in Pydantic V2.0 to be removed in V3.0. See Pydantic V2 Migration Guide at https://errors.pydantic.dev/2.12/migration/
[2025-10-28T12:43:31.480-0400] {logging_mixin.py:151} WARNING - /opt/anaconda3/envs/oaenv/lib/python3.9/site-packages/airflow/serialization/pydantic/dataset.py:38 PydanticDeprecatedSince20: Support for class-based `config` is deprecated, use ConfigDict instead. Deprecated in Pydantic V2.0 to be removed in V3.0. See Pydantic V2 Migration Guide at https://errors.pydantic.dev/2.12/migration/
[2025-10-28T12:43:31.481-0400] {logging_mixin.py:151} WARNING - /opt/anaconda3/envs/oaenv/lib/python3.9/site-packages/airflow/serialization/pydantic/dataset.py:54 PydanticDeprecatedSince20: Support for class-based `config` is deprecated, use ConfigDict instead. Deprecated in Pydantic V2.0 to be removed in V3.0. See Pydantic V2 Migration Guide at https://errors.pydantic.dev/2.12/migration/
[2025-10-28T12:43:31.482-0400] {logging_mixin.py:151} WARNING - /opt/anaconda3/envs/oaenv/lib/python3.9/site-packages/airflow/serialization/pydantic/dataset.py:74 PydanticDeprecatedSince20: Support for class-based `config` is deprecated, use ConfigDict instead. Deprecated in Pydantic V2.0 to be removed in V3.0. See Pydantic V2 Migration Guide at https://errors.pydantic.dev/2.12/migration/
[2025-10-28T12:43:31.482-0400] {logging_mixin.py:151} WARNING - /opt/anaconda3/envs/oaenv/lib/python3.9/site-packages/airflow/serialization/pydantic/dag_run.py:26 PydanticDeprecatedSince20: Support for class-based `config` is deprecated, use ConfigDict instead. Deprecated in Pydantic V2.0 to be removed in V3.0. See Pydantic V2 Migration Guide at https://errors.pydantic.dev/2.12/migration/
[2025-10-28T12:43:31.483-0400] {processor.py:839} INFO - DAG(s) dict_keys(['example_complex']) retrieved from /opt/anaconda3/envs/oaenv/lib/python3.9/site-packages/airflow/example_dags/example_complex.py
[2025-10-28T12:43:31.496-0400] {logging_mixin.py:151} WARNING - /opt/anaconda3/envs/oaenv/lib/python3.9/site-packages/airflow/serialization/pydantic/taskinstance.py:27 PydanticDeprecatedSince20: Support for class-based `config` is deprecated, use ConfigDict instead. Deprecated in Pydantic V2.0 to be removed in V3.0. See Pydantic V2 Migration Guide at https://errors.pydantic.dev/2.12/migration/
[2025-10-28T12:43:31.557-0400] {logging_mixin.py:151} INFO - [2025-10-28T12:43:31.557-0400] {dag.py:2915} INFO - Sync 1 DAGs
[2025-10-28T12:43:31.560-0400] {logging_mixin.py:151} INFO - [2025-10-28T12:43:31.560-0400] {dag.py:3696} INFO - Setting next_dagrun for example_complex to None, run_after=None
[2025-10-28T12:43:31.567-0400] {processor.py:179} INFO - Processing /opt/anaconda3/envs/oaenv/lib/python3.9/site-packages/airflow/example_dags/example_complex.py took 0.099 seconds
[2025-10-28T12:44:48.970-0400] {processor.py:157} INFO - Started process (PID=39800) to work on /opt/anaconda3/envs/oaenv/lib/python3.9/site-packages/airflow/example_dags/example_complex.py
[2025-10-28T12:44:48.972-0400] {processor.py:829} INFO - Processing file /opt/anaconda3/envs/oaenv/lib/python3.9/site-packages/airflow/example_dags/example_complex.py for tasks to queue
[2025-10-28T12:44:48.972-0400] {logging_mixin.py:151} INFO - [2025-10-28T12:44:48.972-0400] {dagbag.py:539} INFO - Filling up the DagBag from /opt/anaconda3/envs/oaenv/lib/python3.9/site-packages/airflow/example_dags/example_complex.py
[2025-10-28T12:44:48.979-0400] {logging_mixin.py:151} WARNING - /opt/anaconda3/envs/oaenv/lib/python3.9/site-packages/airflow/serialization/pydantic/dataset.py:23 PydanticDeprecatedSince20: Support for class-based `config` is deprecated, use ConfigDict instead. Deprecated in Pydantic V2.0 to be removed in V3.0. See Pydantic V2 Migration Guide at https://errors.pydantic.dev/2.12/migration/
[2025-10-28T12:44:48.980-0400] {logging_mixin.py:151} WARNING - /opt/anaconda3/envs/oaenv/lib/python3.9/site-packages/airflow/serialization/pydantic/dataset.py:38 PydanticDeprecatedSince20: Support for class-based `config` is deprecated, use ConfigDict instead. Deprecated in Pydantic V2.0 to be removed in V3.0. See Pydantic V2 Migration Guide at https://errors.pydantic.dev/2.12/migration/
[2025-10-28T12:44:48.981-0400] {logging_mixin.py:151} WARNING - /opt/anaconda3/envs/oaenv/lib/python3.9/site-packages/airflow/serialization/pydantic/dataset.py:54 PydanticDeprecatedSince20: Support for class-based `config` is deprecated, use ConfigDict instead. Deprecated in Pydantic V2.0 to be removed in V3.0. See Pydantic V2 Migration Guide at https://errors.pydantic.dev/2.12/migration/
[2025-10-28T12:44:48.981-0400] {logging_mixin.py:151} WARNING - /opt/anaconda3/envs/oaenv/lib/python3.9/site-packages/airflow/serialization/pydantic/dataset.py:74 PydanticDeprecatedSince20: Support for class-based `config` is deprecated, use ConfigDict instead. Deprecated in Pydantic V2.0 to be removed in V3.0. See Pydantic V2 Migration Guide at https://errors.pydantic.dev/2.12/migration/
[2025-10-28T12:44:48.982-0400] {logging_mixin.py:151} WARNING - /opt/anaconda3/envs/oaenv/lib/python3.9/site-packages/airflow/serialization/pydantic/dag_run.py:26 PydanticDeprecatedSince20: Support for class-based `config` is deprecated, use ConfigDict instead. Deprecated in Pydantic V2.0 to be removed in V3.0. See Pydantic V2 Migration Guide at https://errors.pydantic.dev/2.12/migration/
[2025-10-28T12:44:48.983-0400] {processor.py:839} INFO - DAG(s) dict_keys(['example_complex']) retrieved from /opt/anaconda3/envs/oaenv/lib/python3.9/site-packages/airflow/example_dags/example_complex.py
[2025-10-28T12:44:48.991-0400] {logging_mixin.py:151} WARNING - /opt/anaconda3/envs/oaenv/lib/python3.9/site-packages/airflow/serialization/pydantic/taskinstance.py:27 PydanticDeprecatedSince20: Support for class-based `config` is deprecated, use ConfigDict instead. Deprecated in Pydantic V2.0 to be removed in V3.0. See Pydantic V2 Migration Guide at https://errors.pydantic.dev/2.12/migration/
[2025-10-28T12:44:49.037-0400] {logging_mixin.py:151} INFO - [2025-10-28T12:44:49.037-0400] {dag.py:2915} INFO - Sync 1 DAGs
[2025-10-28T12:44:49.040-0400] {logging_mixin.py:151} INFO - [2025-10-28T12:44:49.039-0400] {dag.py:3696} INFO - Setting next_dagrun for example_complex to None, run_after=None
[2025-10-28T12:44:49.045-0400] {processor.py:179} INFO - Processing /opt/anaconda3/envs/oaenv/lib/python3.9/site-packages/airflow/example_dags/example_complex.py took 0.075 seconds
[2025-10-28T12:46:02.461-0400] {processor.py:157} INFO - Started process (PID=40507) to work on /opt/anaconda3/envs/oaenv/lib/python3.9/site-packages/airflow/example_dags/example_complex.py
[2025-10-28T12:46:02.463-0400] {processor.py:829} INFO - Processing file /opt/anaconda3/envs/oaenv/lib/python3.9/site-packages/airflow/example_dags/example_complex.py for tasks to queue
[2025-10-28T12:46:02.463-0400] {logging_mixin.py:151} INFO - [2025-10-28T12:46:02.463-0400] {dagbag.py:539} INFO - Filling up the DagBag from /opt/anaconda3/envs/oaenv/lib/python3.9/site-packages/airflow/example_dags/example_complex.py
[2025-10-28T12:46:02.471-0400] {logging_mixin.py:151} WARNING - /opt/anaconda3/envs/oaenv/lib/python3.9/site-packages/airflow/serialization/pydantic/dataset.py:23 PydanticDeprecatedSince20: Support for class-based `config` is deprecated, use ConfigDict instead. Deprecated in Pydantic V2.0 to be removed in V3.0. See Pydantic V2 Migration Guide at https://errors.pydantic.dev/2.12/migration/
[2025-10-28T12:46:02.472-0400] {logging_mixin.py:151} WARNING - /opt/anaconda3/envs/oaenv/lib/python3.9/site-packages/airflow/serialization/pydantic/dataset.py:38 PydanticDeprecatedSince20: Support for class-based `config` is deprecated, use ConfigDict instead. Deprecated in Pydantic V2.0 to be removed in V3.0. See Pydantic V2 Migration Guide at https://errors.pydantic.dev/2.12/migration/
[2025-10-28T12:46:02.472-0400] {logging_mixin.py:151} WARNING - /opt/anaconda3/envs/oaenv/lib/python3.9/site-packages/airflow/serialization/pydantic/dataset.py:54 PydanticDeprecatedSince20: Support for class-based `config` is deprecated, use ConfigDict instead. Deprecated in Pydantic V2.0 to be removed in V3.0. See Pydantic V2 Migration Guide at https://errors.pydantic.dev/2.12/migration/
[2025-10-28T12:46:02.473-0400] {logging_mixin.py:151} WARNING - /opt/anaconda3/envs/oaenv/lib/python3.9/site-packages/airflow/serialization/pydantic/dataset.py:74 PydanticDeprecatedSince20: Support for class-based `config` is deprecated, use ConfigDict instead. Deprecated in Pydantic V2.0 to be removed in V3.0. See Pydantic V2 Migration Guide at https://errors.pydantic.dev/2.12/migration/
[2025-10-28T12:46:02.473-0400] {logging_mixin.py:151} WARNING - /opt/anaconda3/envs/oaenv/lib/python3.9/site-packages/airflow/serialization/pydantic/dag_run.py:26 PydanticDeprecatedSince20: Support for class-based `config` is deprecated, use ConfigDict instead. Deprecated in Pydantic V2.0 to be removed in V3.0. See Pydantic V2 Migration Guide at https://errors.pydantic.dev/2.12/migration/
[2025-10-28T12:46:02.474-0400] {processor.py:839} INFO - DAG(s) dict_keys(['example_complex']) retrieved from /opt/anaconda3/envs/oaenv/lib/python3.9/site-packages/airflow/example_dags/example_complex.py
[2025-10-28T12:46:02.483-0400] {logging_mixin.py:151} WARNING - /opt/anaconda3/envs/oaenv/lib/python3.9/site-packages/airflow/serialization/pydantic/taskinstance.py:27 PydanticDeprecatedSince20: Support for class-based `config` is deprecated, use ConfigDict instead. Deprecated in Pydantic V2.0 to be removed in V3.0. See Pydantic V2 Migration Guide at https://errors.pydantic.dev/2.12/migration/
[2025-10-28T12:46:02.531-0400] {logging_mixin.py:151} INFO - [2025-10-28T12:46:02.531-0400] {dag.py:2915} INFO - Sync 1 DAGs
[2025-10-28T12:46:02.534-0400] {logging_mixin.py:151} INFO - [2025-10-28T12:46:02.534-0400] {dag.py:3696} INFO - Setting next_dagrun for example_complex to None, run_after=None
[2025-10-28T12:46:02.540-0400] {processor.py:179} INFO - Processing /opt/anaconda3/envs/oaenv/lib/python3.9/site-packages/airflow/example_dags/example_complex.py took 0.080 seconds
[2025-10-28T12:47:09.014-0400] {processor.py:157} INFO - Started process (PID=41239) to work on /opt/anaconda3/envs/oaenv/lib/python3.9/site-packages/airflow/example_dags/example_complex.py
[2025-10-28T12:47:09.016-0400] {processor.py:829} INFO - Processing file /opt/anaconda3/envs/oaenv/lib/python3.9/site-packages/airflow/example_dags/example_complex.py for tasks to queue
[2025-10-28T12:47:09.016-0400] {logging_mixin.py:151} INFO - [2025-10-28T12:47:09.016-0400] {dagbag.py:539} INFO - Filling up the DagBag from /opt/anaconda3/envs/oaenv/lib/python3.9/site-packages/airflow/example_dags/example_complex.py
[2025-10-28T12:47:09.024-0400] {logging_mixin.py:151} WARNING - /opt/anaconda3/envs/oaenv/lib/python3.9/site-packages/airflow/serialization/pydantic/dataset.py:23 PydanticDeprecatedSince20: Support for class-based `config` is deprecated, use ConfigDict instead. Deprecated in Pydantic V2.0 to be removed in V3.0. See Pydantic V2 Migration Guide at https://errors.pydantic.dev/2.12/migration/
[2025-10-28T12:47:09.029-0400] {logging_mixin.py:151} WARNING - /opt/anaconda3/envs/oaenv/lib/python3.9/site-packages/airflow/serialization/pydantic/dataset.py:38 PydanticDeprecatedSince20: Support for class-based `config` is deprecated, use ConfigDict instead. Deprecated in Pydantic V2.0 to be removed in V3.0. See Pydantic V2 Migration Guide at https://errors.pydantic.dev/2.12/migration/
[2025-10-28T12:47:09.030-0400] {logging_mixin.py:151} WARNING - /opt/anaconda3/envs/oaenv/lib/python3.9/site-packages/airflow/serialization/pydantic/dataset.py:54 PydanticDeprecatedSince20: Support for class-based `config` is deprecated, use ConfigDict instead. Deprecated in Pydantic V2.0 to be removed in V3.0. See Pydantic V2 Migration Guide at https://errors.pydantic.dev/2.12/migration/
[2025-10-28T12:47:09.030-0400] {logging_mixin.py:151} WARNING - /opt/anaconda3/envs/oaenv/lib/python3.9/site-packages/airflow/serialization/pydantic/dataset.py:74 PydanticDeprecatedSince20: Support for class-based `config` is deprecated, use ConfigDict instead. Deprecated in Pydantic V2.0 to be removed in V3.0. See Pydantic V2 Migration Guide at https://errors.pydantic.dev/2.12/migration/
[2025-10-28T12:47:09.031-0400] {logging_mixin.py:151} WARNING - /opt/anaconda3/envs/oaenv/lib/python3.9/site-packages/airflow/serialization/pydantic/dag_run.py:26 PydanticDeprecatedSince20: Support for class-based `config` is deprecated, use ConfigDict instead. Deprecated in Pydantic V2.0 to be removed in V3.0. See Pydantic V2 Migration Guide at https://errors.pydantic.dev/2.12/migration/
[2025-10-28T12:47:09.032-0400] {processor.py:839} INFO - DAG(s) dict_keys(['example_complex']) retrieved from /opt/anaconda3/envs/oaenv/lib/python3.9/site-packages/airflow/example_dags/example_complex.py
[2025-10-28T12:47:09.041-0400] {logging_mixin.py:151} WARNING - /opt/anaconda3/envs/oaenv/lib/python3.9/site-packages/airflow/serialization/pydantic/taskinstance.py:27 PydanticDeprecatedSince20: Support for class-based `config` is deprecated, use ConfigDict instead. Deprecated in Pydantic V2.0 to be removed in V3.0. See Pydantic V2 Migration Guide at https://errors.pydantic.dev/2.12/migration/
[2025-10-28T12:47:09.085-0400] {logging_mixin.py:151} INFO - [2025-10-28T12:47:09.084-0400] {dag.py:2915} INFO - Sync 1 DAGs
[2025-10-28T12:47:09.087-0400] {logging_mixin.py:151} INFO - [2025-10-28T12:47:09.087-0400] {dag.py:3696} INFO - Setting next_dagrun for example_complex to None, run_after=None
[2025-10-28T12:47:09.092-0400] {processor.py:179} INFO - Processing /opt/anaconda3/envs/oaenv/lib/python3.9/site-packages/airflow/example_dags/example_complex.py took 0.078 seconds
[2025-10-28T13:31:48.293-0400] {processor.py:186} INFO - Started process (PID=68787) to work on /Library/Frameworks/Python.framework/Versions/3.11/lib/python3.11/site-packages/airflow/example_dags/example_complex.py
[2025-10-28T13:31:48.296-0400] {processor.py:914} INFO - Processing file /Library/Frameworks/Python.framework/Versions/3.11/lib/python3.11/site-packages/airflow/example_dags/example_complex.py for tasks to queue
[2025-10-28T13:31:48.297-0400] {logging_mixin.py:190} INFO - [2025-10-28T13:31:48.297-0400] {dagbag.py:588} INFO - Filling up the DagBag from /Library/Frameworks/Python.framework/Versions/3.11/lib/python3.11/site-packages/airflow/example_dags/example_complex.py
[2025-10-28T13:31:48.301-0400] {processor.py:925} INFO - DAG(s) 'example_complex' retrieved from /Library/Frameworks/Python.framework/Versions/3.11/lib/python3.11/site-packages/airflow/example_dags/example_complex.py
[2025-10-28T13:31:48.352-0400] {logging_mixin.py:190} INFO - [2025-10-28T13:31:48.352-0400] {dag.py:3239} INFO - Sync 1 DAGs
[2025-10-28T13:31:48.355-0400] {logging_mixin.py:190} INFO - [2025-10-28T13:31:48.355-0400] {dag.py:4180} INFO - Setting next_dagrun for example_complex to None, run_after=None
[2025-10-28T13:31:48.360-0400] {processor.py:208} INFO - Processing /Library/Frameworks/Python.framework/Versions/3.11/lib/python3.11/site-packages/airflow/example_dags/example_complex.py took 0.068 seconds
[2025-10-28T13:34:02.318-0400] {processor.py:186} INFO - Started process (PID=69943) to work on /Library/Frameworks/Python.framework/Versions/3.11/lib/python3.11/site-packages/airflow/example_dags/example_complex.py
[2025-10-28T13:34:02.320-0400] {processor.py:914} INFO - Processing file /Library/Frameworks/Python.framework/Versions/3.11/lib/python3.11/site-packages/airflow/example_dags/example_complex.py for tasks to queue
[2025-10-28T13:34:02.320-0400] {logging_mixin.py:190} INFO - [2025-10-28T13:34:02.320-0400] {dagbag.py:588} INFO - Filling up the DagBag from /Library/Frameworks/Python.framework/Versions/3.11/lib/python3.11/site-packages/airflow/example_dags/example_complex.py
[2025-10-28T13:34:02.323-0400] {processor.py:925} INFO - DAG(s) 'example_complex' retrieved from /Library/Frameworks/Python.framework/Versions/3.11/lib/python3.11/site-packages/airflow/example_dags/example_complex.py
[2025-10-28T13:34:02.351-0400] {logging_mixin.py:190} INFO - [2025-10-28T13:34:02.351-0400] {dag.py:3239} INFO - Sync 1 DAGs
[2025-10-28T13:34:02.354-0400] {logging_mixin.py:190} INFO - [2025-10-28T13:34:02.354-0400] {dag.py:4180} INFO - Setting next_dagrun for example_complex to None, run_after=None
[2025-10-28T13:34:02.359-0400] {processor.py:208} INFO - Processing /Library/Frameworks/Python.framework/Versions/3.11/lib/python3.11/site-packages/airflow/example_dags/example_complex.py took 0.041 seconds
[2025-10-28T13:36:13.394-0400] {processor.py:186} INFO - Started process (PID=71063) to work on /Library/Frameworks/Python.framework/Versions/3.11/lib/python3.11/site-packages/airflow/example_dags/example_complex.py
[2025-10-28T13:36:13.395-0400] {processor.py:914} INFO - Processing file /Library/Frameworks/Python.framework/Versions/3.11/lib/python3.11/site-packages/airflow/example_dags/example_complex.py for tasks to queue
[2025-10-28T13:36:13.395-0400] {logging_mixin.py:190} INFO - [2025-10-28T13:36:13.395-0400] {dagbag.py:588} INFO - Filling up the DagBag from /Library/Frameworks/Python.framework/Versions/3.11/lib/python3.11/site-packages/airflow/example_dags/example_complex.py
[2025-10-28T13:36:13.399-0400] {processor.py:925} INFO - DAG(s) 'example_complex' retrieved from /Library/Frameworks/Python.framework/Versions/3.11/lib/python3.11/site-packages/airflow/example_dags/example_complex.py
[2025-10-28T13:36:13.428-0400] {logging_mixin.py:190} INFO - [2025-10-28T13:36:13.428-0400] {dag.py:3239} INFO - Sync 1 DAGs
[2025-10-28T13:36:13.431-0400] {logging_mixin.py:190} INFO - [2025-10-28T13:36:13.431-0400] {dag.py:4180} INFO - Setting next_dagrun for example_complex to None, run_after=None
[2025-10-28T13:36:13.436-0400] {processor.py:208} INFO - Processing /Library/Frameworks/Python.framework/Versions/3.11/lib/python3.11/site-packages/airflow/example_dags/example_complex.py took 0.042 seconds
[2025-10-28T13:38:30.617-0400] {processor.py:186} INFO - Started process (PID=72245) to work on /Library/Frameworks/Python.framework/Versions/3.11/lib/python3.11/site-packages/airflow/example_dags/example_complex.py
[2025-10-28T13:38:30.619-0400] {processor.py:914} INFO - Processing file /Library/Frameworks/Python.framework/Versions/3.11/lib/python3.11/site-packages/airflow/example_dags/example_complex.py for tasks to queue
[2025-10-28T13:38:30.619-0400] {logging_mixin.py:190} INFO - [2025-10-28T13:38:30.619-0400] {dagbag.py:588} INFO - Filling up the DagBag from /Library/Frameworks/Python.framework/Versions/3.11/lib/python3.11/site-packages/airflow/example_dags/example_complex.py
[2025-10-28T13:38:30.623-0400] {processor.py:925} INFO - DAG(s) 'example_complex' retrieved from /Library/Frameworks/Python.framework/Versions/3.11/lib/python3.11/site-packages/airflow/example_dags/example_complex.py
[2025-10-28T13:38:30.653-0400] {logging_mixin.py:190} INFO - [2025-10-28T13:38:30.653-0400] {dag.py:3239} INFO - Sync 1 DAGs
[2025-10-28T13:38:30.657-0400] {logging_mixin.py:190} INFO - [2025-10-28T13:38:30.657-0400] {dag.py:4180} INFO - Setting next_dagrun for example_complex to None, run_after=None
[2025-10-28T13:38:30.662-0400] {processor.py:208} INFO - Processing /Library/Frameworks/Python.framework/Versions/3.11/lib/python3.11/site-packages/airflow/example_dags/example_complex.py took 0.046 seconds
[2025-10-28T13:40:55.680-0400] {processor.py:186} INFO - Started process (PID=73474) to work on /Library/Frameworks/Python.framework/Versions/3.11/lib/python3.11/site-packages/airflow/example_dags/example_complex.py
[2025-10-28T13:40:55.682-0400] {processor.py:914} INFO - Processing file /Library/Frameworks/Python.framework/Versions/3.11/lib/python3.11/site-packages/airflow/example_dags/example_complex.py for tasks to queue
[2025-10-28T13:40:55.682-0400] {logging_mixin.py:190} INFO - [2025-10-28T13:40:55.682-0400] {dagbag.py:588} INFO - Filling up the DagBag from /Library/Frameworks/Python.framework/Versions/3.11/lib/python3.11/site-packages/airflow/example_dags/example_complex.py
[2025-10-28T13:40:55.686-0400] {processor.py:925} INFO - DAG(s) 'example_complex' retrieved from /Library/Frameworks/Python.framework/Versions/3.11/lib/python3.11/site-packages/airflow/example_dags/example_complex.py
[2025-10-28T13:40:55.717-0400] {logging_mixin.py:190} INFO - [2025-10-28T13:40:55.717-0400] {dag.py:3239} INFO - Sync 1 DAGs
[2025-10-28T13:40:55.721-0400] {logging_mixin.py:190} INFO - [2025-10-28T13:40:55.720-0400] {dag.py:4180} INFO - Setting next_dagrun for example_complex to None, run_after=None
[2025-10-28T13:40:55.727-0400] {processor.py:208} INFO - Processing /Library/Frameworks/Python.framework/Versions/3.11/lib/python3.11/site-packages/airflow/example_dags/example_complex.py took 0.048 seconds
[2025-10-28T13:43:18.496-0400] {processor.py:186} INFO - Started process (PID=74716) to work on /Library/Frameworks/Python.framework/Versions/3.11/lib/python3.11/site-packages/airflow/example_dags/example_complex.py
[2025-10-28T13:43:18.497-0400] {processor.py:914} INFO - Processing file /Library/Frameworks/Python.framework/Versions/3.11/lib/python3.11/site-packages/airflow/example_dags/example_complex.py for tasks to queue
[2025-10-28T13:43:18.498-0400] {logging_mixin.py:190} INFO - [2025-10-28T13:43:18.498-0400] {dagbag.py:588} INFO - Filling up the DagBag from /Library/Frameworks/Python.framework/Versions/3.11/lib/python3.11/site-packages/airflow/example_dags/example_complex.py
[2025-10-28T13:43:18.502-0400] {processor.py:925} INFO - DAG(s) 'example_complex' retrieved from /Library/Frameworks/Python.framework/Versions/3.11/lib/python3.11/site-packages/airflow/example_dags/example_complex.py
[2025-10-28T13:43:18.532-0400] {logging_mixin.py:190} INFO - [2025-10-28T13:43:18.532-0400] {dag.py:3239} INFO - Sync 1 DAGs
[2025-10-28T13:43:18.534-0400] {logging_mixin.py:190} INFO - [2025-10-28T13:43:18.534-0400] {dag.py:4180} INFO - Setting next_dagrun for example_complex to None, run_after=None
[2025-10-28T13:43:18.539-0400] {processor.py:208} INFO - Processing /Library/Frameworks/Python.framework/Versions/3.11/lib/python3.11/site-packages/airflow/example_dags/example_complex.py took 0.044 seconds
[2025-10-28T13:45:43.492-0400] {processor.py:186} INFO - Started process (PID=75995) to work on /Library/Frameworks/Python.framework/Versions/3.11/lib/python3.11/site-packages/airflow/example_dags/example_complex.py
[2025-10-28T13:45:43.493-0400] {processor.py:914} INFO - Processing file /Library/Frameworks/Python.framework/Versions/3.11/lib/python3.11/site-packages/airflow/example_dags/example_complex.py for tasks to queue
[2025-10-28T13:45:43.494-0400] {logging_mixin.py:190} INFO - [2025-10-28T13:45:43.494-0400] {dagbag.py:588} INFO - Filling up the DagBag from /Library/Frameworks/Python.framework/Versions/3.11/lib/python3.11/site-packages/airflow/example_dags/example_complex.py
[2025-10-28T13:45:43.498-0400] {processor.py:925} INFO - DAG(s) 'example_complex' retrieved from /Library/Frameworks/Python.framework/Versions/3.11/lib/python3.11/site-packages/airflow/example_dags/example_complex.py
[2025-10-28T13:45:43.528-0400] {logging_mixin.py:190} INFO - [2025-10-28T13:45:43.528-0400] {dag.py:3239} INFO - Sync 1 DAGs
[2025-10-28T13:45:43.531-0400] {logging_mixin.py:190} INFO - [2025-10-28T13:45:43.531-0400] {dag.py:4180} INFO - Setting next_dagrun for example_complex to None, run_after=None
[2025-10-28T13:45:43.537-0400] {processor.py:208} INFO - Processing /Library/Frameworks/Python.framework/Versions/3.11/lib/python3.11/site-packages/airflow/example_dags/example_complex.py took 0.046 seconds
[2025-10-28T13:48:03.235-0400] {processor.py:186} INFO - Started process (PID=77214) to work on /Library/Frameworks/Python.framework/Versions/3.11/lib/python3.11/site-packages/airflow/example_dags/example_complex.py
[2025-10-28T13:48:03.237-0400] {processor.py:914} INFO - Processing file /Library/Frameworks/Python.framework/Versions/3.11/lib/python3.11/site-packages/airflow/example_dags/example_complex.py for tasks to queue
[2025-10-28T13:48:03.237-0400] {logging_mixin.py:190} INFO - [2025-10-28T13:48:03.237-0400] {dagbag.py:588} INFO - Filling up the DagBag from /Library/Frameworks/Python.framework/Versions/3.11/lib/python3.11/site-packages/airflow/example_dags/example_complex.py
[2025-10-28T13:48:03.241-0400] {processor.py:925} INFO - DAG(s) 'example_complex' retrieved from /Library/Frameworks/Python.framework/Versions/3.11/lib/python3.11/site-packages/airflow/example_dags/example_complex.py
[2025-10-28T13:48:03.270-0400] {logging_mixin.py:190} INFO - [2025-10-28T13:48:03.270-0400] {dag.py:3239} INFO - Sync 1 DAGs
[2025-10-28T13:48:03.273-0400] {logging_mixin.py:190} INFO - [2025-10-28T13:48:03.273-0400] {dag.py:4180} INFO - Setting next_dagrun for example_complex to None, run_after=None
[2025-10-28T13:48:03.278-0400] {processor.py:208} INFO - Processing /Library/Frameworks/Python.framework/Versions/3.11/lib/python3.11/site-packages/airflow/example_dags/example_complex.py took 0.044 seconds
[2025-10-28T13:50:16.742-0400] {processor.py:186} INFO - Started process (PID=78352) to work on /Library/Frameworks/Python.framework/Versions/3.11/lib/python3.11/site-packages/airflow/example_dags/example_complex.py
[2025-10-28T13:50:16.743-0400] {processor.py:914} INFO - Processing file /Library/Frameworks/Python.framework/Versions/3.11/lib/python3.11/site-packages/airflow/example_dags/example_complex.py for tasks to queue
[2025-10-28T13:50:16.744-0400] {logging_mixin.py:190} INFO - [2025-10-28T13:50:16.743-0400] {dagbag.py:588} INFO - Filling up the DagBag from /Library/Frameworks/Python.framework/Versions/3.11/lib/python3.11/site-packages/airflow/example_dags/example_complex.py
[2025-10-28T13:50:16.747-0400] {processor.py:925} INFO - DAG(s) 'example_complex' retrieved from /Library/Frameworks/Python.framework/Versions/3.11/lib/python3.11/site-packages/airflow/example_dags/example_complex.py
[2025-10-28T13:50:16.779-0400] {logging_mixin.py:190} INFO - [2025-10-28T13:50:16.779-0400] {dag.py:3239} INFO - Sync 1 DAGs
[2025-10-28T13:50:16.783-0400] {logging_mixin.py:190} INFO - [2025-10-28T13:50:16.783-0400] {dag.py:4180} INFO - Setting next_dagrun for example_complex to None, run_after=None
[2025-10-28T13:50:16.789-0400] {processor.py:208} INFO - Processing /Library/Frameworks/Python.framework/Versions/3.11/lib/python3.11/site-packages/airflow/example_dags/example_complex.py took 0.048 seconds
[2025-10-28T13:52:45.480-0400] {processor.py:186} INFO - Started process (PID=79653) to work on /Library/Frameworks/Python.framework/Versions/3.11/lib/python3.11/site-packages/airflow/example_dags/example_complex.py
[2025-10-28T13:52:45.481-0400] {processor.py:914} INFO - Processing file /Library/Frameworks/Python.framework/Versions/3.11/lib/python3.11/site-packages/airflow/example_dags/example_complex.py for tasks to queue
[2025-10-28T13:52:45.482-0400] {logging_mixin.py:190} INFO - [2025-10-28T13:52:45.482-0400] {dagbag.py:588} INFO - Filling up the DagBag from /Library/Frameworks/Python.framework/Versions/3.11/lib/python3.11/site-packages/airflow/example_dags/example_complex.py
[2025-10-28T13:52:45.486-0400] {processor.py:925} INFO - DAG(s) 'example_complex' retrieved from /Library/Frameworks/Python.framework/Versions/3.11/lib/python3.11/site-packages/airflow/example_dags/example_complex.py
[2025-10-28T13:52:45.518-0400] {logging_mixin.py:190} INFO - [2025-10-28T13:52:45.518-0400] {dag.py:3239} INFO - Sync 1 DAGs
[2025-10-28T13:52:45.521-0400] {logging_mixin.py:190} INFO - [2025-10-28T13:52:45.521-0400] {dag.py:4180} INFO - Setting next_dagrun for example_complex to None, run_after=None
[2025-10-28T13:52:45.526-0400] {processor.py:208} INFO - Processing /Library/Frameworks/Python.framework/Versions/3.11/lib/python3.11/site-packages/airflow/example_dags/example_complex.py took 0.047 seconds
[2025-10-28T13:54:30.676-0400] {processor.py:186} INFO - Started process (PID=80841) to work on /Library/Frameworks/Python.framework/Versions/3.11/lib/python3.11/site-packages/airflow/example_dags/example_complex.py
[2025-10-28T13:54:30.676-0400] {processor.py:914} INFO - Processing file /Library/Frameworks/Python.framework/Versions/3.11/lib/python3.11/site-packages/airflow/example_dags/example_complex.py for tasks to queue
[2025-10-28T13:54:30.677-0400] {logging_mixin.py:190} INFO - [2025-10-28T13:54:30.676-0400] {dagbag.py:588} INFO - Filling up the DagBag from /Library/Frameworks/Python.framework/Versions/3.11/lib/python3.11/site-packages/airflow/example_dags/example_complex.py
[2025-10-28T13:54:30.681-0400] {processor.py:925} INFO - DAG(s) 'example_complex' retrieved from /Library/Frameworks/Python.framework/Versions/3.11/lib/python3.11/site-packages/airflow/example_dags/example_complex.py
[2025-10-28T13:54:30.714-0400] {logging_mixin.py:190} INFO - [2025-10-28T13:54:30.713-0400] {dag.py:3239} INFO - Sync 1 DAGs
[2025-10-28T13:54:30.717-0400] {logging_mixin.py:190} INFO - [2025-10-28T13:54:30.717-0400] {dag.py:4180} INFO - Setting next_dagrun for example_complex to None, run_after=None
[2025-10-28T13:54:30.723-0400] {processor.py:208} INFO - Processing /Library/Frameworks/Python.framework/Versions/3.11/lib/python3.11/site-packages/airflow/example_dags/example_complex.py took 0.049 seconds
[2025-10-28T13:57:10.808-0400] {processor.py:186} INFO - Started process (PID=82237) to work on /Library/Frameworks/Python.framework/Versions/3.11/lib/python3.11/site-packages/airflow/example_dags/example_complex.py
[2025-10-28T13:57:10.809-0400] {processor.py:914} INFO - Processing file /Library/Frameworks/Python.framework/Versions/3.11/lib/python3.11/site-packages/airflow/example_dags/example_complex.py for tasks to queue
[2025-10-28T13:57:10.809-0400] {logging_mixin.py:190} INFO - [2025-10-28T13:57:10.809-0400] {dagbag.py:588} INFO - Filling up the DagBag from /Library/Frameworks/Python.framework/Versions/3.11/lib/python3.11/site-packages/airflow/example_dags/example_complex.py
[2025-10-28T13:57:10.814-0400] {processor.py:925} INFO - DAG(s) 'example_complex' retrieved from /Library/Frameworks/Python.framework/Versions/3.11/lib/python3.11/site-packages/airflow/example_dags/example_complex.py
[2025-10-28T13:57:10.849-0400] {logging_mixin.py:190} INFO - [2025-10-28T13:57:10.849-0400] {dag.py:3239} INFO - Sync 1 DAGs
[2025-10-28T13:57:10.853-0400] {logging_mixin.py:190} INFO - [2025-10-28T13:57:10.853-0400] {dag.py:4180} INFO - Setting next_dagrun for example_complex to None, run_after=None
[2025-10-28T13:57:10.860-0400] {processor.py:208} INFO - Processing /Library/Frameworks/Python.framework/Versions/3.11/lib/python3.11/site-packages/airflow/example_dags/example_complex.py took 0.053 seconds
[2025-10-28T14:01:00.207-0400] {processor.py:186} INFO - Started process (PID=84528) to work on /Library/Frameworks/Python.framework/Versions/3.11/lib/python3.11/site-packages/airflow/example_dags/example_complex.py
[2025-10-28T14:01:00.207-0400] {processor.py:914} INFO - Processing file /Library/Frameworks/Python.framework/Versions/3.11/lib/python3.11/site-packages/airflow/example_dags/example_complex.py for tasks to queue
[2025-10-28T14:01:00.208-0400] {logging_mixin.py:190} INFO - [2025-10-28T14:01:00.208-0400] {dagbag.py:588} INFO - Filling up the DagBag from /Library/Frameworks/Python.framework/Versions/3.11/lib/python3.11/site-packages/airflow/example_dags/example_complex.py
[2025-10-28T14:01:00.213-0400] {processor.py:925} INFO - DAG(s) 'example_complex' retrieved from /Library/Frameworks/Python.framework/Versions/3.11/lib/python3.11/site-packages/airflow/example_dags/example_complex.py
[2025-10-28T14:01:00.243-0400] {logging_mixin.py:190} INFO - [2025-10-28T14:01:00.243-0400] {dag.py:3239} INFO - Sync 1 DAGs
[2025-10-28T14:01:00.246-0400] {logging_mixin.py:190} INFO - [2025-10-28T14:01:00.246-0400] {dag.py:4180} INFO - Setting next_dagrun for example_complex to None, run_after=None
[2025-10-28T14:01:00.252-0400] {processor.py:208} INFO - Processing /Library/Frameworks/Python.framework/Versions/3.11/lib/python3.11/site-packages/airflow/example_dags/example_complex.py took 0.046 seconds
[2025-10-28T14:04:27.289-0400] {processor.py:186} INFO - Started process (PID=87008) to work on /Library/Frameworks/Python.framework/Versions/3.11/lib/python3.11/site-packages/airflow/example_dags/example_complex.py
[2025-10-28T14:04:27.290-0400] {processor.py:914} INFO - Processing file /Library/Frameworks/Python.framework/Versions/3.11/lib/python3.11/site-packages/airflow/example_dags/example_complex.py for tasks to queue
[2025-10-28T14:04:27.291-0400] {logging_mixin.py:190} INFO - [2025-10-28T14:04:27.291-0400] {dagbag.py:588} INFO - Filling up the DagBag from /Library/Frameworks/Python.framework/Versions/3.11/lib/python3.11/site-packages/airflow/example_dags/example_complex.py
[2025-10-28T14:04:27.295-0400] {processor.py:925} INFO - DAG(s) 'example_complex' retrieved from /Library/Frameworks/Python.framework/Versions/3.11/lib/python3.11/site-packages/airflow/example_dags/example_complex.py
[2025-10-28T14:04:27.325-0400] {logging_mixin.py:190} INFO - [2025-10-28T14:04:27.325-0400] {dag.py:3239} INFO - Sync 1 DAGs
[2025-10-28T14:04:27.328-0400] {logging_mixin.py:190} INFO - [2025-10-28T14:04:27.328-0400] {dag.py:4180} INFO - Setting next_dagrun for example_complex to None, run_after=None
[2025-10-28T14:04:27.333-0400] {processor.py:208} INFO - Processing /Library/Frameworks/Python.framework/Versions/3.11/lib/python3.11/site-packages/airflow/example_dags/example_complex.py took 0.045 seconds
[2025-10-28T14:06:47.053-0400] {processor.py:186} INFO - Started process (PID=88534) to work on /Library/Frameworks/Python.framework/Versions/3.11/lib/python3.11/site-packages/airflow/example_dags/example_complex.py
[2025-10-28T14:06:47.056-0400] {processor.py:914} INFO - Processing file /Library/Frameworks/Python.framework/Versions/3.11/lib/python3.11/site-packages/airflow/example_dags/example_complex.py for tasks to queue
[2025-10-28T14:06:47.056-0400] {logging_mixin.py:190} INFO - [2025-10-28T14:06:47.056-0400] {dagbag.py:588} INFO - Filling up the DagBag from /Library/Frameworks/Python.framework/Versions/3.11/lib/python3.11/site-packages/airflow/example_dags/example_complex.py
[2025-10-28T14:06:47.060-0400] {processor.py:925} INFO - DAG(s) 'example_complex' retrieved from /Library/Frameworks/Python.framework/Versions/3.11/lib/python3.11/site-packages/airflow/example_dags/example_complex.py
[2025-10-28T14:06:47.091-0400] {logging_mixin.py:190} INFO - [2025-10-28T14:06:47.091-0400] {dag.py:3239} INFO - Sync 1 DAGs
[2025-10-28T14:06:47.094-0400] {logging_mixin.py:190} INFO - [2025-10-28T14:06:47.094-0400] {dag.py:4180} INFO - Setting next_dagrun for example_complex to None, run_after=None
[2025-10-28T14:06:47.099-0400] {processor.py:208} INFO - Processing /Library/Frameworks/Python.framework/Versions/3.11/lib/python3.11/site-packages/airflow/example_dags/example_complex.py took 0.047 seconds
[2025-10-28T14:10:19.071-0400] {processor.py:186} INFO - Started process (PID=90914) to work on /Library/Frameworks/Python.framework/Versions/3.11/lib/python3.11/site-packages/airflow/example_dags/example_complex.py
[2025-10-28T14:10:19.075-0400] {processor.py:914} INFO - Processing file /Library/Frameworks/Python.framework/Versions/3.11/lib/python3.11/site-packages/airflow/example_dags/example_complex.py for tasks to queue
[2025-10-28T14:10:19.076-0400] {logging_mixin.py:190} INFO - [2025-10-28T14:10:19.076-0400] {dagbag.py:588} INFO - Filling up the DagBag from /Library/Frameworks/Python.framework/Versions/3.11/lib/python3.11/site-packages/airflow/example_dags/example_complex.py
[2025-10-28T14:10:19.080-0400] {processor.py:925} INFO - DAG(s) 'example_complex' retrieved from /Library/Frameworks/Python.framework/Versions/3.11/lib/python3.11/site-packages/airflow/example_dags/example_complex.py
[2025-10-28T14:10:19.112-0400] {logging_mixin.py:190} INFO - [2025-10-28T14:10:19.112-0400] {dag.py:3239} INFO - Sync 1 DAGs
[2025-10-28T14:10:19.116-0400] {logging_mixin.py:190} INFO - [2025-10-28T14:10:19.116-0400] {dag.py:4180} INFO - Setting next_dagrun for example_complex to None, run_after=None
[2025-10-28T14:10:19.125-0400] {processor.py:208} INFO - Processing /Library/Frameworks/Python.framework/Versions/3.11/lib/python3.11/site-packages/airflow/example_dags/example_complex.py took 0.054 seconds
[2025-10-28T14:12:34.133-0400] {processor.py:186} INFO - Started process (PID=92327) to work on /Library/Frameworks/Python.framework/Versions/3.11/lib/python3.11/site-packages/airflow/example_dags/example_complex.py
[2025-10-28T14:12:34.135-0400] {processor.py:914} INFO - Processing file /Library/Frameworks/Python.framework/Versions/3.11/lib/python3.11/site-packages/airflow/example_dags/example_complex.py for tasks to queue
[2025-10-28T14:12:34.135-0400] {logging_mixin.py:190} INFO - [2025-10-28T14:12:34.135-0400] {dagbag.py:588} INFO - Filling up the DagBag from /Library/Frameworks/Python.framework/Versions/3.11/lib/python3.11/site-packages/airflow/example_dags/example_complex.py
[2025-10-28T14:12:34.139-0400] {processor.py:925} INFO - DAG(s) 'example_complex' retrieved from /Library/Frameworks/Python.framework/Versions/3.11/lib/python3.11/site-packages/airflow/example_dags/example_complex.py
[2025-10-28T14:12:34.170-0400] {logging_mixin.py:190} INFO - [2025-10-28T14:12:34.170-0400] {dag.py:3239} INFO - Sync 1 DAGs
[2025-10-28T14:12:34.173-0400] {logging_mixin.py:190} INFO - [2025-10-28T14:12:34.173-0400] {dag.py:4180} INFO - Setting next_dagrun for example_complex to None, run_after=None
[2025-10-28T14:12:34.179-0400] {processor.py:208} INFO - Processing /Library/Frameworks/Python.framework/Versions/3.11/lib/python3.11/site-packages/airflow/example_dags/example_complex.py took 0.046 seconds
[2025-10-28T14:14:57.709-0400] {processor.py:186} INFO - Started process (PID=93566) to work on /Library/Frameworks/Python.framework/Versions/3.11/lib/python3.11/site-packages/airflow/example_dags/example_complex.py
[2025-10-28T14:14:57.711-0400] {processor.py:914} INFO - Processing file /Library/Frameworks/Python.framework/Versions/3.11/lib/python3.11/site-packages/airflow/example_dags/example_complex.py for tasks to queue
[2025-10-28T14:14:57.711-0400] {logging_mixin.py:190} INFO - [2025-10-28T14:14:57.711-0400] {dagbag.py:588} INFO - Filling up the DagBag from /Library/Frameworks/Python.framework/Versions/3.11/lib/python3.11/site-packages/airflow/example_dags/example_complex.py
[2025-10-28T14:14:57.715-0400] {processor.py:925} INFO - DAG(s) 'example_complex' retrieved from /Library/Frameworks/Python.framework/Versions/3.11/lib/python3.11/site-packages/airflow/example_dags/example_complex.py
[2025-10-28T14:14:57.746-0400] {logging_mixin.py:190} INFO - [2025-10-28T14:14:57.746-0400] {dag.py:3239} INFO - Sync 1 DAGs
[2025-10-28T14:14:57.750-0400] {logging_mixin.py:190} INFO - [2025-10-28T14:14:57.750-0400] {dag.py:4180} INFO - Setting next_dagrun for example_complex to None, run_after=None
[2025-10-28T14:14:57.756-0400] {processor.py:208} INFO - Processing /Library/Frameworks/Python.framework/Versions/3.11/lib/python3.11/site-packages/airflow/example_dags/example_complex.py took 0.048 seconds
[2025-10-28T14:18:28.514-0400] {processor.py:186} INFO - Started process (PID=95899) to work on /Library/Frameworks/Python.framework/Versions/3.11/lib/python3.11/site-packages/airflow/example_dags/example_complex.py
[2025-10-28T14:18:28.515-0400] {processor.py:914} INFO - Processing file /Library/Frameworks/Python.framework/Versions/3.11/lib/python3.11/site-packages/airflow/example_dags/example_complex.py for tasks to queue
[2025-10-28T14:18:28.516-0400] {logging_mixin.py:190} INFO - [2025-10-28T14:18:28.516-0400] {dagbag.py:588} INFO - Filling up the DagBag from /Library/Frameworks/Python.framework/Versions/3.11/lib/python3.11/site-packages/airflow/example_dags/example_complex.py
[2025-10-28T14:18:28.520-0400] {processor.py:925} INFO - DAG(s) 'example_complex' retrieved from /Library/Frameworks/Python.framework/Versions/3.11/lib/python3.11/site-packages/airflow/example_dags/example_complex.py
[2025-10-28T14:18:28.552-0400] {logging_mixin.py:190} INFO - [2025-10-28T14:18:28.552-0400] {dag.py:3239} INFO - Sync 1 DAGs
[2025-10-28T14:18:28.556-0400] {logging_mixin.py:190} INFO - [2025-10-28T14:18:28.556-0400] {dag.py:4180} INFO - Setting next_dagrun for example_complex to None, run_after=None
[2025-10-28T14:18:28.562-0400] {processor.py:208} INFO - Processing /Library/Frameworks/Python.framework/Versions/3.11/lib/python3.11/site-packages/airflow/example_dags/example_complex.py took 0.049 seconds
[2025-10-28T14:20:56.588-0400] {processor.py:186} INFO - Started process (PID=97256) to work on /Library/Frameworks/Python.framework/Versions/3.11/lib/python3.11/site-packages/airflow/example_dags/example_complex.py
[2025-10-28T14:20:56.590-0400] {processor.py:914} INFO - Processing file /Library/Frameworks/Python.framework/Versions/3.11/lib/python3.11/site-packages/airflow/example_dags/example_complex.py for tasks to queue
[2025-10-28T14:20:56.590-0400] {logging_mixin.py:190} INFO - [2025-10-28T14:20:56.590-0400] {dagbag.py:588} INFO - Filling up the DagBag from /Library/Frameworks/Python.framework/Versions/3.11/lib/python3.11/site-packages/airflow/example_dags/example_complex.py
[2025-10-28T14:20:56.594-0400] {processor.py:925} INFO - DAG(s) 'example_complex' retrieved from /Library/Frameworks/Python.framework/Versions/3.11/lib/python3.11/site-packages/airflow/example_dags/example_complex.py
[2025-10-28T14:20:56.626-0400] {logging_mixin.py:190} INFO - [2025-10-28T14:20:56.626-0400] {dag.py:3239} INFO - Sync 1 DAGs
[2025-10-28T14:20:56.629-0400] {logging_mixin.py:190} INFO - [2025-10-28T14:20:56.628-0400] {dag.py:4180} INFO - Setting next_dagrun for example_complex to None, run_after=None
[2025-10-28T14:20:56.634-0400] {processor.py:208} INFO - Processing /Library/Frameworks/Python.framework/Versions/3.11/lib/python3.11/site-packages/airflow/example_dags/example_complex.py took 0.047 seconds
