[2025-10-28T13:31:39.611-0400] {processor.py:186} INFO - Started process (PID=68712) to work on /Library/Frameworks/Python.framework/Versions/3.11/lib/python3.11/site-packages/airflow/example_dags/example_display_name.py
[2025-10-28T13:31:39.611-0400] {processor.py:914} INFO - Processing file /Library/Frameworks/Python.framework/Versions/3.11/lib/python3.11/site-packages/airflow/example_dags/example_display_name.py for tasks to queue
[2025-10-28T13:31:39.611-0400] {logging_mixin.py:190} INFO - [2025-10-28T13:31:39.611-0400] {dagbag.py:588} INFO - Filling up the DagBag from /Library/Frameworks/Python.framework/Versions/3.11/lib/python3.11/site-packages/airflow/example_dags/example_display_name.py
[2025-10-28T13:31:39.625-0400] {processor.py:925} INFO - DAG(s) 'example_display_name' retrieved from /Library/Frameworks/Python.framework/Versions/3.11/lib/python3.11/site-packages/airflow/example_dags/example_display_name.py
[2025-10-28T13:31:39.674-0400] {logging_mixin.py:190} INFO - [2025-10-28T13:31:39.674-0400] {dag.py:3239} INFO - Sync 1 DAGs
[2025-10-28T13:31:39.677-0400] {logging_mixin.py:190} INFO - [2025-10-28T13:31:39.677-0400] {dag.py:4180} INFO - Setting next_dagrun for example_display_name to None, run_after=None
[2025-10-28T13:31:39.683-0400] {processor.py:208} INFO - Processing /Library/Frameworks/Python.framework/Versions/3.11/lib/python3.11/site-packages/airflow/example_dags/example_display_name.py took 0.073 seconds
[2025-10-28T13:33:53.589-0400] {processor.py:186} INFO - Started process (PID=69870) to work on /Library/Frameworks/Python.framework/Versions/3.11/lib/python3.11/site-packages/airflow/example_dags/example_display_name.py
[2025-10-28T13:33:53.590-0400] {processor.py:914} INFO - Processing file /Library/Frameworks/Python.framework/Versions/3.11/lib/python3.11/site-packages/airflow/example_dags/example_display_name.py for tasks to queue
[2025-10-28T13:33:53.590-0400] {logging_mixin.py:190} INFO - [2025-10-28T13:33:53.590-0400] {dagbag.py:588} INFO - Filling up the DagBag from /Library/Frameworks/Python.framework/Versions/3.11/lib/python3.11/site-packages/airflow/example_dags/example_display_name.py
[2025-10-28T13:33:53.602-0400] {processor.py:925} INFO - DAG(s) 'example_display_name' retrieved from /Library/Frameworks/Python.framework/Versions/3.11/lib/python3.11/site-packages/airflow/example_dags/example_display_name.py
[2025-10-28T13:33:53.627-0400] {logging_mixin.py:190} INFO - [2025-10-28T13:33:53.627-0400] {dag.py:3239} INFO - Sync 1 DAGs
[2025-10-28T13:33:53.631-0400] {logging_mixin.py:190} INFO - [2025-10-28T13:33:53.631-0400] {dag.py:4180} INFO - Setting next_dagrun for example_display_name to None, run_after=None
[2025-10-28T13:33:53.636-0400] {processor.py:208} INFO - Processing /Library/Frameworks/Python.framework/Versions/3.11/lib/python3.11/site-packages/airflow/example_dags/example_display_name.py took 0.048 seconds
[2025-10-28T13:36:05.835-0400] {processor.py:186} INFO - Started process (PID=70988) to work on /Library/Frameworks/Python.framework/Versions/3.11/lib/python3.11/site-packages/airflow/example_dags/example_display_name.py
[2025-10-28T13:36:05.836-0400] {processor.py:914} INFO - Processing file /Library/Frameworks/Python.framework/Versions/3.11/lib/python3.11/site-packages/airflow/example_dags/example_display_name.py for tasks to queue
[2025-10-28T13:36:05.837-0400] {logging_mixin.py:190} INFO - [2025-10-28T13:36:05.837-0400] {dagbag.py:588} INFO - Filling up the DagBag from /Library/Frameworks/Python.framework/Versions/3.11/lib/python3.11/site-packages/airflow/example_dags/example_display_name.py
[2025-10-28T13:36:05.849-0400] {processor.py:925} INFO - DAG(s) 'example_display_name' retrieved from /Library/Frameworks/Python.framework/Versions/3.11/lib/python3.11/site-packages/airflow/example_dags/example_display_name.py
[2025-10-28T13:36:05.873-0400] {logging_mixin.py:190} INFO - [2025-10-28T13:36:05.873-0400] {dag.py:3239} INFO - Sync 1 DAGs
[2025-10-28T13:36:05.876-0400] {logging_mixin.py:190} INFO - [2025-10-28T13:36:05.876-0400] {dag.py:4180} INFO - Setting next_dagrun for example_display_name to None, run_after=None
[2025-10-28T13:36:05.881-0400] {processor.py:208} INFO - Processing /Library/Frameworks/Python.framework/Versions/3.11/lib/python3.11/site-packages/airflow/example_dags/example_display_name.py took 0.047 seconds
[2025-10-28T13:38:23.015-0400] {processor.py:186} INFO - Started process (PID=72181) to work on /Library/Frameworks/Python.framework/Versions/3.11/lib/python3.11/site-packages/airflow/example_dags/example_display_name.py
[2025-10-28T13:38:23.016-0400] {processor.py:914} INFO - Processing file /Library/Frameworks/Python.framework/Versions/3.11/lib/python3.11/site-packages/airflow/example_dags/example_display_name.py for tasks to queue
[2025-10-28T13:38:23.016-0400] {logging_mixin.py:190} INFO - [2025-10-28T13:38:23.016-0400] {dagbag.py:588} INFO - Filling up the DagBag from /Library/Frameworks/Python.framework/Versions/3.11/lib/python3.11/site-packages/airflow/example_dags/example_display_name.py
[2025-10-28T13:38:23.029-0400] {processor.py:925} INFO - DAG(s) 'example_display_name' retrieved from /Library/Frameworks/Python.framework/Versions/3.11/lib/python3.11/site-packages/airflow/example_dags/example_display_name.py
[2025-10-28T13:38:23.055-0400] {logging_mixin.py:190} INFO - [2025-10-28T13:38:23.055-0400] {dag.py:3239} INFO - Sync 1 DAGs
[2025-10-28T13:38:23.059-0400] {logging_mixin.py:190} INFO - [2025-10-28T13:38:23.059-0400] {dag.py:4180} INFO - Setting next_dagrun for example_display_name to None, run_after=None
[2025-10-28T13:38:23.066-0400] {processor.py:208} INFO - Processing /Library/Frameworks/Python.framework/Versions/3.11/lib/python3.11/site-packages/airflow/example_dags/example_display_name.py took 0.052 seconds
[2025-10-28T13:40:46.296-0400] {processor.py:186} INFO - Started process (PID=73391) to work on /Library/Frameworks/Python.framework/Versions/3.11/lib/python3.11/site-packages/airflow/example_dags/example_display_name.py
[2025-10-28T13:40:46.296-0400] {processor.py:914} INFO - Processing file /Library/Frameworks/Python.framework/Versions/3.11/lib/python3.11/site-packages/airflow/example_dags/example_display_name.py for tasks to queue
[2025-10-28T13:40:46.297-0400] {logging_mixin.py:190} INFO - [2025-10-28T13:40:46.297-0400] {dagbag.py:588} INFO - Filling up the DagBag from /Library/Frameworks/Python.framework/Versions/3.11/lib/python3.11/site-packages/airflow/example_dags/example_display_name.py
[2025-10-28T13:40:46.309-0400] {processor.py:925} INFO - DAG(s) 'example_display_name' retrieved from /Library/Frameworks/Python.framework/Versions/3.11/lib/python3.11/site-packages/airflow/example_dags/example_display_name.py
[2025-10-28T13:40:46.337-0400] {logging_mixin.py:190} INFO - [2025-10-28T13:40:46.337-0400] {dag.py:3239} INFO - Sync 1 DAGs
[2025-10-28T13:40:46.340-0400] {logging_mixin.py:190} INFO - [2025-10-28T13:40:46.340-0400] {dag.py:4180} INFO - Setting next_dagrun for example_display_name to None, run_after=None
[2025-10-28T13:40:46.345-0400] {processor.py:208} INFO - Processing /Library/Frameworks/Python.framework/Versions/3.11/lib/python3.11/site-packages/airflow/example_dags/example_display_name.py took 0.050 seconds
[2025-10-28T13:43:09.967-0400] {processor.py:186} INFO - Started process (PID=74639) to work on /Library/Frameworks/Python.framework/Versions/3.11/lib/python3.11/site-packages/airflow/example_dags/example_display_name.py
[2025-10-28T13:43:09.968-0400] {processor.py:914} INFO - Processing file /Library/Frameworks/Python.framework/Versions/3.11/lib/python3.11/site-packages/airflow/example_dags/example_display_name.py for tasks to queue
[2025-10-28T13:43:09.969-0400] {logging_mixin.py:190} INFO - [2025-10-28T13:43:09.968-0400] {dagbag.py:588} INFO - Filling up the DagBag from /Library/Frameworks/Python.framework/Versions/3.11/lib/python3.11/site-packages/airflow/example_dags/example_display_name.py
[2025-10-28T13:43:09.983-0400] {processor.py:925} INFO - DAG(s) 'example_display_name' retrieved from /Library/Frameworks/Python.framework/Versions/3.11/lib/python3.11/site-packages/airflow/example_dags/example_display_name.py
[2025-10-28T13:43:10.009-0400] {logging_mixin.py:190} INFO - [2025-10-28T13:43:10.009-0400] {dag.py:3239} INFO - Sync 1 DAGs
[2025-10-28T13:43:10.012-0400] {logging_mixin.py:190} INFO - [2025-10-28T13:43:10.012-0400] {dag.py:4180} INFO - Setting next_dagrun for example_display_name to None, run_after=None
[2025-10-28T13:43:10.018-0400] {processor.py:208} INFO - Processing /Library/Frameworks/Python.framework/Versions/3.11/lib/python3.11/site-packages/airflow/example_dags/example_display_name.py took 0.052 seconds
[2025-10-28T13:45:35.497-0400] {processor.py:186} INFO - Started process (PID=75940) to work on /Library/Frameworks/Python.framework/Versions/3.11/lib/python3.11/site-packages/airflow/example_dags/example_display_name.py
[2025-10-28T13:45:35.498-0400] {processor.py:914} INFO - Processing file /Library/Frameworks/Python.framework/Versions/3.11/lib/python3.11/site-packages/airflow/example_dags/example_display_name.py for tasks to queue
[2025-10-28T13:45:35.498-0400] {logging_mixin.py:190} INFO - [2025-10-28T13:45:35.498-0400] {dagbag.py:588} INFO - Filling up the DagBag from /Library/Frameworks/Python.framework/Versions/3.11/lib/python3.11/site-packages/airflow/example_dags/example_display_name.py
[2025-10-28T13:45:35.518-0400] {processor.py:925} INFO - DAG(s) 'example_display_name' retrieved from /Library/Frameworks/Python.framework/Versions/3.11/lib/python3.11/site-packages/airflow/example_dags/example_display_name.py
[2025-10-28T13:45:35.565-0400] {logging_mixin.py:190} INFO - [2025-10-28T13:45:35.565-0400] {dag.py:3239} INFO - Sync 1 DAGs
[2025-10-28T13:45:35.571-0400] {logging_mixin.py:190} INFO - [2025-10-28T13:45:35.570-0400] {dag.py:4180} INFO - Setting next_dagrun for example_display_name to None, run_after=None
[2025-10-28T13:45:35.593-0400] {processor.py:208} INFO - Processing /Library/Frameworks/Python.framework/Versions/3.11/lib/python3.11/site-packages/airflow/example_dags/example_display_name.py took 0.096 seconds
[2025-10-28T13:47:55.566-0400] {processor.py:186} INFO - Started process (PID=77152) to work on /Library/Frameworks/Python.framework/Versions/3.11/lib/python3.11/site-packages/airflow/example_dags/example_display_name.py
[2025-10-28T13:47:55.566-0400] {processor.py:914} INFO - Processing file /Library/Frameworks/Python.framework/Versions/3.11/lib/python3.11/site-packages/airflow/example_dags/example_display_name.py for tasks to queue
[2025-10-28T13:47:55.567-0400] {logging_mixin.py:190} INFO - [2025-10-28T13:47:55.567-0400] {dagbag.py:588} INFO - Filling up the DagBag from /Library/Frameworks/Python.framework/Versions/3.11/lib/python3.11/site-packages/airflow/example_dags/example_display_name.py
[2025-10-28T13:47:55.579-0400] {processor.py:925} INFO - DAG(s) 'example_display_name' retrieved from /Library/Frameworks/Python.framework/Versions/3.11/lib/python3.11/site-packages/airflow/example_dags/example_display_name.py
[2025-10-28T13:47:55.609-0400] {logging_mixin.py:190} INFO - [2025-10-28T13:47:55.608-0400] {dag.py:3239} INFO - Sync 1 DAGs
[2025-10-28T13:47:55.612-0400] {logging_mixin.py:190} INFO - [2025-10-28T13:47:55.612-0400] {dag.py:4180} INFO - Setting next_dagrun for example_display_name to None, run_after=None
[2025-10-28T13:47:55.617-0400] {processor.py:208} INFO - Processing /Library/Frameworks/Python.framework/Versions/3.11/lib/python3.11/site-packages/airflow/example_dags/example_display_name.py took 0.052 seconds
[2025-10-28T13:50:08.491-0400] {processor.py:186} INFO - Started process (PID=78286) to work on /Library/Frameworks/Python.framework/Versions/3.11/lib/python3.11/site-packages/airflow/example_dags/example_display_name.py
[2025-10-28T13:50:08.492-0400] {processor.py:914} INFO - Processing file /Library/Frameworks/Python.framework/Versions/3.11/lib/python3.11/site-packages/airflow/example_dags/example_display_name.py for tasks to queue
[2025-10-28T13:50:08.493-0400] {logging_mixin.py:190} INFO - [2025-10-28T13:50:08.493-0400] {dagbag.py:588} INFO - Filling up the DagBag from /Library/Frameworks/Python.framework/Versions/3.11/lib/python3.11/site-packages/airflow/example_dags/example_display_name.py
[2025-10-28T13:50:08.508-0400] {processor.py:925} INFO - DAG(s) 'example_display_name' retrieved from /Library/Frameworks/Python.framework/Versions/3.11/lib/python3.11/site-packages/airflow/example_dags/example_display_name.py
[2025-10-28T13:50:08.538-0400] {logging_mixin.py:190} INFO - [2025-10-28T13:50:08.538-0400] {dag.py:3239} INFO - Sync 1 DAGs
[2025-10-28T13:50:08.543-0400] {logging_mixin.py:190} INFO - [2025-10-28T13:50:08.543-0400] {dag.py:4180} INFO - Setting next_dagrun for example_display_name to None, run_after=None
[2025-10-28T13:50:08.549-0400] {processor.py:208} INFO - Processing /Library/Frameworks/Python.framework/Versions/3.11/lib/python3.11/site-packages/airflow/example_dags/example_display_name.py took 0.059 seconds
[2025-10-28T13:52:34.137-0400] {processor.py:186} INFO - Started process (PID=79541) to work on /Library/Frameworks/Python.framework/Versions/3.11/lib/python3.11/site-packages/airflow/example_dags/example_display_name.py
[2025-10-28T13:52:34.138-0400] {processor.py:914} INFO - Processing file /Library/Frameworks/Python.framework/Versions/3.11/lib/python3.11/site-packages/airflow/example_dags/example_display_name.py for tasks to queue
[2025-10-28T13:52:34.138-0400] {logging_mixin.py:190} INFO - [2025-10-28T13:52:34.138-0400] {dagbag.py:588} INFO - Filling up the DagBag from /Library/Frameworks/Python.framework/Versions/3.11/lib/python3.11/site-packages/airflow/example_dags/example_display_name.py
[2025-10-28T13:52:34.151-0400] {processor.py:925} INFO - DAG(s) 'example_display_name' retrieved from /Library/Frameworks/Python.framework/Versions/3.11/lib/python3.11/site-packages/airflow/example_dags/example_display_name.py
[2025-10-28T13:52:34.180-0400] {logging_mixin.py:190} INFO - [2025-10-28T13:52:34.179-0400] {dag.py:3239} INFO - Sync 1 DAGs
[2025-10-28T13:52:34.183-0400] {logging_mixin.py:190} INFO - [2025-10-28T13:52:34.183-0400] {dag.py:4180} INFO - Setting next_dagrun for example_display_name to None, run_after=None
[2025-10-28T13:52:34.189-0400] {processor.py:208} INFO - Processing /Library/Frameworks/Python.framework/Versions/3.11/lib/python3.11/site-packages/airflow/example_dags/example_display_name.py took 0.053 seconds
[2025-10-28T13:54:20.438-0400] {processor.py:186} INFO - Started process (PID=80752) to work on /Library/Frameworks/Python.framework/Versions/3.11/lib/python3.11/site-packages/airflow/example_dags/example_display_name.py
[2025-10-28T13:54:20.439-0400] {processor.py:914} INFO - Processing file /Library/Frameworks/Python.framework/Versions/3.11/lib/python3.11/site-packages/airflow/example_dags/example_display_name.py for tasks to queue
[2025-10-28T13:54:20.439-0400] {logging_mixin.py:190} INFO - [2025-10-28T13:54:20.439-0400] {dagbag.py:588} INFO - Filling up the DagBag from /Library/Frameworks/Python.framework/Versions/3.11/lib/python3.11/site-packages/airflow/example_dags/example_display_name.py
[2025-10-28T13:54:20.454-0400] {processor.py:925} INFO - DAG(s) 'example_display_name' retrieved from /Library/Frameworks/Python.framework/Versions/3.11/lib/python3.11/site-packages/airflow/example_dags/example_display_name.py
[2025-10-28T13:54:20.481-0400] {logging_mixin.py:190} INFO - [2025-10-28T13:54:20.481-0400] {dag.py:3239} INFO - Sync 1 DAGs
[2025-10-28T13:54:20.484-0400] {logging_mixin.py:190} INFO - [2025-10-28T13:54:20.484-0400] {dag.py:4180} INFO - Setting next_dagrun for example_display_name to None, run_after=None
[2025-10-28T13:54:20.490-0400] {processor.py:208} INFO - Processing /Library/Frameworks/Python.framework/Versions/3.11/lib/python3.11/site-packages/airflow/example_dags/example_display_name.py took 0.053 seconds
[2025-10-28T13:57:00.431-0400] {processor.py:186} INFO - Started process (PID=82149) to work on /Library/Frameworks/Python.framework/Versions/3.11/lib/python3.11/site-packages/airflow/example_dags/example_display_name.py
[2025-10-28T13:57:00.432-0400] {processor.py:914} INFO - Processing file /Library/Frameworks/Python.framework/Versions/3.11/lib/python3.11/site-packages/airflow/example_dags/example_display_name.py for tasks to queue
[2025-10-28T13:57:00.432-0400] {logging_mixin.py:190} INFO - [2025-10-28T13:57:00.432-0400] {dagbag.py:588} INFO - Filling up the DagBag from /Library/Frameworks/Python.framework/Versions/3.11/lib/python3.11/site-packages/airflow/example_dags/example_display_name.py
[2025-10-28T13:57:00.447-0400] {processor.py:925} INFO - DAG(s) 'example_display_name' retrieved from /Library/Frameworks/Python.framework/Versions/3.11/lib/python3.11/site-packages/airflow/example_dags/example_display_name.py
[2025-10-28T13:57:00.473-0400] {logging_mixin.py:190} INFO - [2025-10-28T13:57:00.473-0400] {dag.py:3239} INFO - Sync 1 DAGs
[2025-10-28T13:57:00.476-0400] {logging_mixin.py:190} INFO - [2025-10-28T13:57:00.476-0400] {dag.py:4180} INFO - Setting next_dagrun for example_display_name to None, run_after=None
[2025-10-28T13:57:00.482-0400] {processor.py:208} INFO - Processing /Library/Frameworks/Python.framework/Versions/3.11/lib/python3.11/site-packages/airflow/example_dags/example_display_name.py took 0.052 seconds
[2025-10-28T14:00:51.339-0400] {processor.py:186} INFO - Started process (PID=84452) to work on /Library/Frameworks/Python.framework/Versions/3.11/lib/python3.11/site-packages/airflow/example_dags/example_display_name.py
[2025-10-28T14:00:51.340-0400] {processor.py:914} INFO - Processing file /Library/Frameworks/Python.framework/Versions/3.11/lib/python3.11/site-packages/airflow/example_dags/example_display_name.py for tasks to queue
[2025-10-28T14:00:51.340-0400] {logging_mixin.py:190} INFO - [2025-10-28T14:00:51.340-0400] {dagbag.py:588} INFO - Filling up the DagBag from /Library/Frameworks/Python.framework/Versions/3.11/lib/python3.11/site-packages/airflow/example_dags/example_display_name.py
[2025-10-28T14:00:51.355-0400] {processor.py:925} INFO - DAG(s) 'example_display_name' retrieved from /Library/Frameworks/Python.framework/Versions/3.11/lib/python3.11/site-packages/airflow/example_dags/example_display_name.py
[2025-10-28T14:00:51.386-0400] {logging_mixin.py:190} INFO - [2025-10-28T14:00:51.386-0400] {dag.py:3239} INFO - Sync 1 DAGs
[2025-10-28T14:00:51.390-0400] {logging_mixin.py:190} INFO - [2025-10-28T14:00:51.390-0400] {dag.py:4180} INFO - Setting next_dagrun for example_display_name to None, run_after=None
[2025-10-28T14:00:51.396-0400] {processor.py:208} INFO - Processing /Library/Frameworks/Python.framework/Versions/3.11/lib/python3.11/site-packages/airflow/example_dags/example_display_name.py took 0.058 seconds
[2025-10-28T14:04:17.919-0400] {processor.py:186} INFO - Started process (PID=86923) to work on /Library/Frameworks/Python.framework/Versions/3.11/lib/python3.11/site-packages/airflow/example_dags/example_display_name.py
[2025-10-28T14:04:17.919-0400] {processor.py:914} INFO - Processing file /Library/Frameworks/Python.framework/Versions/3.11/lib/python3.11/site-packages/airflow/example_dags/example_display_name.py for tasks to queue
[2025-10-28T14:04:17.920-0400] {logging_mixin.py:190} INFO - [2025-10-28T14:04:17.920-0400] {dagbag.py:588} INFO - Filling up the DagBag from /Library/Frameworks/Python.framework/Versions/3.11/lib/python3.11/site-packages/airflow/example_dags/example_display_name.py
[2025-10-28T14:04:17.933-0400] {processor.py:925} INFO - DAG(s) 'example_display_name' retrieved from /Library/Frameworks/Python.framework/Versions/3.11/lib/python3.11/site-packages/airflow/example_dags/example_display_name.py
[2025-10-28T14:04:17.960-0400] {logging_mixin.py:190} INFO - [2025-10-28T14:04:17.959-0400] {dag.py:3239} INFO - Sync 1 DAGs
[2025-10-28T14:04:17.963-0400] {logging_mixin.py:190} INFO - [2025-10-28T14:04:17.963-0400] {dag.py:4180} INFO - Setting next_dagrun for example_display_name to None, run_after=None
[2025-10-28T14:04:17.971-0400] {processor.py:208} INFO - Processing /Library/Frameworks/Python.framework/Versions/3.11/lib/python3.11/site-packages/airflow/example_dags/example_display_name.py took 0.053 seconds
[2025-10-28T14:06:38.644-0400] {processor.py:186} INFO - Started process (PID=88460) to work on /Library/Frameworks/Python.framework/Versions/3.11/lib/python3.11/site-packages/airflow/example_dags/example_display_name.py
[2025-10-28T14:06:38.645-0400] {processor.py:914} INFO - Processing file /Library/Frameworks/Python.framework/Versions/3.11/lib/python3.11/site-packages/airflow/example_dags/example_display_name.py for tasks to queue
[2025-10-28T14:06:38.645-0400] {logging_mixin.py:190} INFO - [2025-10-28T14:06:38.645-0400] {dagbag.py:588} INFO - Filling up the DagBag from /Library/Frameworks/Python.framework/Versions/3.11/lib/python3.11/site-packages/airflow/example_dags/example_display_name.py
[2025-10-28T14:06:38.661-0400] {processor.py:925} INFO - DAG(s) 'example_display_name' retrieved from /Library/Frameworks/Python.framework/Versions/3.11/lib/python3.11/site-packages/airflow/example_dags/example_display_name.py
[2025-10-28T14:06:38.689-0400] {logging_mixin.py:190} INFO - [2025-10-28T14:06:38.689-0400] {dag.py:3239} INFO - Sync 1 DAGs
[2025-10-28T14:06:38.692-0400] {logging_mixin.py:190} INFO - [2025-10-28T14:06:38.692-0400] {dag.py:4180} INFO - Setting next_dagrun for example_display_name to None, run_after=None
[2025-10-28T14:06:38.698-0400] {processor.py:208} INFO - Processing /Library/Frameworks/Python.framework/Versions/3.11/lib/python3.11/site-packages/airflow/example_dags/example_display_name.py took 0.055 seconds
[2025-10-28T14:10:08.703-0400] {processor.py:186} INFO - Started process (PID=90830) to work on /Library/Frameworks/Python.framework/Versions/3.11/lib/python3.11/site-packages/airflow/example_dags/example_display_name.py
[2025-10-28T14:10:08.703-0400] {processor.py:914} INFO - Processing file /Library/Frameworks/Python.framework/Versions/3.11/lib/python3.11/site-packages/airflow/example_dags/example_display_name.py for tasks to queue
[2025-10-28T14:10:08.704-0400] {logging_mixin.py:190} INFO - [2025-10-28T14:10:08.704-0400] {dagbag.py:588} INFO - Filling up the DagBag from /Library/Frameworks/Python.framework/Versions/3.11/lib/python3.11/site-packages/airflow/example_dags/example_display_name.py
[2025-10-28T14:10:08.716-0400] {processor.py:925} INFO - DAG(s) 'example_display_name' retrieved from /Library/Frameworks/Python.framework/Versions/3.11/lib/python3.11/site-packages/airflow/example_dags/example_display_name.py
[2025-10-28T14:10:08.742-0400] {logging_mixin.py:190} INFO - [2025-10-28T14:10:08.742-0400] {dag.py:3239} INFO - Sync 1 DAGs
[2025-10-28T14:10:08.745-0400] {logging_mixin.py:190} INFO - [2025-10-28T14:10:08.745-0400] {dag.py:4180} INFO - Setting next_dagrun for example_display_name to None, run_after=None
[2025-10-28T14:10:08.751-0400] {processor.py:208} INFO - Processing /Library/Frameworks/Python.framework/Versions/3.11/lib/python3.11/site-packages/airflow/example_dags/example_display_name.py took 0.049 seconds
[2025-10-28T14:12:25.208-0400] {processor.py:186} INFO - Started process (PID=92236) to work on /Library/Frameworks/Python.framework/Versions/3.11/lib/python3.11/site-packages/airflow/example_dags/example_display_name.py
[2025-10-28T14:12:25.208-0400] {processor.py:914} INFO - Processing file /Library/Frameworks/Python.framework/Versions/3.11/lib/python3.11/site-packages/airflow/example_dags/example_display_name.py for tasks to queue
[2025-10-28T14:12:25.209-0400] {logging_mixin.py:190} INFO - [2025-10-28T14:12:25.209-0400] {dagbag.py:588} INFO - Filling up the DagBag from /Library/Frameworks/Python.framework/Versions/3.11/lib/python3.11/site-packages/airflow/example_dags/example_display_name.py
[2025-10-28T14:12:25.235-0400] {processor.py:925} INFO - DAG(s) 'example_display_name' retrieved from /Library/Frameworks/Python.framework/Versions/3.11/lib/python3.11/site-packages/airflow/example_dags/example_display_name.py
[2025-10-28T14:12:25.268-0400] {logging_mixin.py:190} INFO - [2025-10-28T14:12:25.268-0400] {dag.py:3239} INFO - Sync 1 DAGs
[2025-10-28T14:12:25.271-0400] {logging_mixin.py:190} INFO - [2025-10-28T14:12:25.271-0400] {dag.py:4180} INFO - Setting next_dagrun for example_display_name to None, run_after=None
[2025-10-28T14:12:25.277-0400] {processor.py:208} INFO - Processing /Library/Frameworks/Python.framework/Versions/3.11/lib/python3.11/site-packages/airflow/example_dags/example_display_name.py took 0.071 seconds
[2025-10-28T14:14:49.592-0400] {processor.py:186} INFO - Started process (PID=93490) to work on /Library/Frameworks/Python.framework/Versions/3.11/lib/python3.11/site-packages/airflow/example_dags/example_display_name.py
[2025-10-28T14:14:49.593-0400] {processor.py:914} INFO - Processing file /Library/Frameworks/Python.framework/Versions/3.11/lib/python3.11/site-packages/airflow/example_dags/example_display_name.py for tasks to queue
[2025-10-28T14:14:49.593-0400] {logging_mixin.py:190} INFO - [2025-10-28T14:14:49.593-0400] {dagbag.py:588} INFO - Filling up the DagBag from /Library/Frameworks/Python.framework/Versions/3.11/lib/python3.11/site-packages/airflow/example_dags/example_display_name.py
[2025-10-28T14:14:49.608-0400] {processor.py:925} INFO - DAG(s) 'example_display_name' retrieved from /Library/Frameworks/Python.framework/Versions/3.11/lib/python3.11/site-packages/airflow/example_dags/example_display_name.py
[2025-10-28T14:14:49.639-0400] {logging_mixin.py:190} INFO - [2025-10-28T14:14:49.639-0400] {dag.py:3239} INFO - Sync 1 DAGs
[2025-10-28T14:14:49.643-0400] {logging_mixin.py:190} INFO - [2025-10-28T14:14:49.643-0400] {dag.py:4180} INFO - Setting next_dagrun for example_display_name to None, run_after=None
[2025-10-28T14:14:49.650-0400] {processor.py:208} INFO - Processing /Library/Frameworks/Python.framework/Versions/3.11/lib/python3.11/site-packages/airflow/example_dags/example_display_name.py took 0.059 seconds
[2025-10-28T14:18:19.426-0400] {processor.py:186} INFO - Started process (PID=95824) to work on /Library/Frameworks/Python.framework/Versions/3.11/lib/python3.11/site-packages/airflow/example_dags/example_display_name.py
[2025-10-28T14:18:19.427-0400] {processor.py:914} INFO - Processing file /Library/Frameworks/Python.framework/Versions/3.11/lib/python3.11/site-packages/airflow/example_dags/example_display_name.py for tasks to queue
[2025-10-28T14:18:19.428-0400] {logging_mixin.py:190} INFO - [2025-10-28T14:18:19.428-0400] {dagbag.py:588} INFO - Filling up the DagBag from /Library/Frameworks/Python.framework/Versions/3.11/lib/python3.11/site-packages/airflow/example_dags/example_display_name.py
[2025-10-28T14:18:19.442-0400] {processor.py:925} INFO - DAG(s) 'example_display_name' retrieved from /Library/Frameworks/Python.framework/Versions/3.11/lib/python3.11/site-packages/airflow/example_dags/example_display_name.py
[2025-10-28T14:18:19.471-0400] {logging_mixin.py:190} INFO - [2025-10-28T14:18:19.471-0400] {dag.py:3239} INFO - Sync 1 DAGs
[2025-10-28T14:18:19.475-0400] {logging_mixin.py:190} INFO - [2025-10-28T14:18:19.475-0400] {dag.py:4180} INFO - Setting next_dagrun for example_display_name to None, run_after=None
[2025-10-28T14:18:19.480-0400] {processor.py:208} INFO - Processing /Library/Frameworks/Python.framework/Versions/3.11/lib/python3.11/site-packages/airflow/example_dags/example_display_name.py took 0.056 seconds
[2025-10-28T14:20:48.504-0400] {processor.py:186} INFO - Started process (PID=97195) to work on /Library/Frameworks/Python.framework/Versions/3.11/lib/python3.11/site-packages/airflow/example_dags/example_display_name.py
[2025-10-28T14:20:48.505-0400] {processor.py:914} INFO - Processing file /Library/Frameworks/Python.framework/Versions/3.11/lib/python3.11/site-packages/airflow/example_dags/example_display_name.py for tasks to queue
[2025-10-28T14:20:48.505-0400] {logging_mixin.py:190} INFO - [2025-10-28T14:20:48.505-0400] {dagbag.py:588} INFO - Filling up the DagBag from /Library/Frameworks/Python.framework/Versions/3.11/lib/python3.11/site-packages/airflow/example_dags/example_display_name.py
[2025-10-28T14:20:48.519-0400] {processor.py:925} INFO - DAG(s) 'example_display_name' retrieved from /Library/Frameworks/Python.framework/Versions/3.11/lib/python3.11/site-packages/airflow/example_dags/example_display_name.py
[2025-10-28T14:20:48.547-0400] {logging_mixin.py:190} INFO - [2025-10-28T14:20:48.547-0400] {dag.py:3239} INFO - Sync 1 DAGs
[2025-10-28T14:20:48.550-0400] {logging_mixin.py:190} INFO - [2025-10-28T14:20:48.550-0400] {dag.py:4180} INFO - Setting next_dagrun for example_display_name to None, run_after=None
[2025-10-28T14:20:48.557-0400] {processor.py:208} INFO - Processing /Library/Frameworks/Python.framework/Versions/3.11/lib/python3.11/site-packages/airflow/example_dags/example_display_name.py took 0.054 seconds
