[2025-10-28T13:32:02.406-0400] {processor.py:186} INFO - Started process (PID=68914) to work on /Library/Frameworks/Python.framework/Versions/3.11/lib/python3.11/site-packages/airflow/example_dags/example_bash_decorator.py
[2025-10-28T13:32:02.407-0400] {processor.py:914} INFO - Processing file /Library/Frameworks/Python.framework/Versions/3.11/lib/python3.11/site-packages/airflow/example_dags/example_bash_decorator.py for tasks to queue
[2025-10-28T13:32:02.407-0400] {logging_mixin.py:190} INFO - [2025-10-28T13:32:02.407-0400] {dagbag.py:588} INFO - Filling up the DagBag from /Library/Frameworks/Python.framework/Versions/3.11/lib/python3.11/site-packages/airflow/example_dags/example_bash_decorator.py
[2025-10-28T13:32:02.421-0400] {processor.py:925} INFO - DAG(s) 'example_bash_decorator' retrieved from /Library/Frameworks/Python.framework/Versions/3.11/lib/python3.11/site-packages/airflow/example_dags/example_bash_decorator.py
[2025-10-28T13:32:02.471-0400] {logging_mixin.py:190} INFO - [2025-10-28T13:32:02.471-0400] {dag.py:3239} INFO - Sync 1 DAGs
[2025-10-28T13:32:02.474-0400] {logging_mixin.py:190} INFO - [2025-10-28T13:32:02.474-0400] {dag.py:4180} INFO - Setting next_dagrun for example_bash_decorator to None, run_after=None
[2025-10-28T13:32:02.479-0400] {processor.py:208} INFO - Processing /Library/Frameworks/Python.framework/Versions/3.11/lib/python3.11/site-packages/airflow/example_dags/example_bash_decorator.py took 0.073 seconds
[2025-10-28T13:34:16.148-0400] {processor.py:186} INFO - Started process (PID=70068) to work on /Library/Frameworks/Python.framework/Versions/3.11/lib/python3.11/site-packages/airflow/example_dags/example_bash_decorator.py
[2025-10-28T13:34:16.159-0400] {processor.py:914} INFO - Processing file /Library/Frameworks/Python.framework/Versions/3.11/lib/python3.11/site-packages/airflow/example_dags/example_bash_decorator.py for tasks to queue
[2025-10-28T13:34:16.269-0400] {logging_mixin.py:190} INFO - [2025-10-28T13:34:16.269-0400] {dagbag.py:588} INFO - Filling up the DagBag from /Library/Frameworks/Python.framework/Versions/3.11/lib/python3.11/site-packages/airflow/example_dags/example_bash_decorator.py
[2025-10-28T13:34:16.291-0400] {processor.py:925} INFO - DAG(s) 'example_bash_decorator' retrieved from /Library/Frameworks/Python.framework/Versions/3.11/lib/python3.11/site-packages/airflow/example_dags/example_bash_decorator.py
[2025-10-28T13:34:16.343-0400] {logging_mixin.py:190} INFO - [2025-10-28T13:34:16.343-0400] {dag.py:3239} INFO - Sync 1 DAGs
[2025-10-28T13:34:16.346-0400] {logging_mixin.py:190} INFO - [2025-10-28T13:34:16.346-0400] {dag.py:4180} INFO - Setting next_dagrun for example_bash_decorator to None, run_after=None
[2025-10-28T13:34:16.351-0400] {processor.py:208} INFO - Processing /Library/Frameworks/Python.framework/Versions/3.11/lib/python3.11/site-packages/airflow/example_dags/example_bash_decorator.py took 0.205 seconds
[2025-10-28T13:36:26.937-0400] {processor.py:186} INFO - Started process (PID=71179) to work on /Library/Frameworks/Python.framework/Versions/3.11/lib/python3.11/site-packages/airflow/example_dags/example_bash_decorator.py
[2025-10-28T13:36:26.938-0400] {processor.py:914} INFO - Processing file /Library/Frameworks/Python.framework/Versions/3.11/lib/python3.11/site-packages/airflow/example_dags/example_bash_decorator.py for tasks to queue
[2025-10-28T13:36:26.939-0400] {logging_mixin.py:190} INFO - [2025-10-28T13:36:26.939-0400] {dagbag.py:588} INFO - Filling up the DagBag from /Library/Frameworks/Python.framework/Versions/3.11/lib/python3.11/site-packages/airflow/example_dags/example_bash_decorator.py
[2025-10-28T13:36:26.952-0400] {processor.py:925} INFO - DAG(s) 'example_bash_decorator' retrieved from /Library/Frameworks/Python.framework/Versions/3.11/lib/python3.11/site-packages/airflow/example_dags/example_bash_decorator.py
[2025-10-28T13:36:27.004-0400] {logging_mixin.py:190} INFO - [2025-10-28T13:36:27.004-0400] {dag.py:3239} INFO - Sync 1 DAGs
[2025-10-28T13:36:27.007-0400] {logging_mixin.py:190} INFO - [2025-10-28T13:36:27.007-0400] {dag.py:4180} INFO - Setting next_dagrun for example_bash_decorator to None, run_after=None
[2025-10-28T13:36:27.013-0400] {processor.py:208} INFO - Processing /Library/Frameworks/Python.framework/Versions/3.11/lib/python3.11/site-packages/airflow/example_dags/example_bash_decorator.py took 0.077 seconds
[2025-10-28T13:38:46.493-0400] {processor.py:186} INFO - Started process (PID=72371) to work on /Library/Frameworks/Python.framework/Versions/3.11/lib/python3.11/site-packages/airflow/example_dags/example_bash_decorator.py
[2025-10-28T13:38:46.494-0400] {processor.py:914} INFO - Processing file /Library/Frameworks/Python.framework/Versions/3.11/lib/python3.11/site-packages/airflow/example_dags/example_bash_decorator.py for tasks to queue
[2025-10-28T13:38:46.495-0400] {logging_mixin.py:190} INFO - [2025-10-28T13:38:46.495-0400] {dagbag.py:588} INFO - Filling up the DagBag from /Library/Frameworks/Python.framework/Versions/3.11/lib/python3.11/site-packages/airflow/example_dags/example_bash_decorator.py
[2025-10-28T13:38:46.513-0400] {processor.py:925} INFO - DAG(s) 'example_bash_decorator' retrieved from /Library/Frameworks/Python.framework/Versions/3.11/lib/python3.11/site-packages/airflow/example_dags/example_bash_decorator.py
[2025-10-28T13:38:46.572-0400] {logging_mixin.py:190} INFO - [2025-10-28T13:38:46.572-0400] {dag.py:3239} INFO - Sync 1 DAGs
[2025-10-28T13:38:46.576-0400] {logging_mixin.py:190} INFO - [2025-10-28T13:38:46.575-0400] {dag.py:4180} INFO - Setting next_dagrun for example_bash_decorator to None, run_after=None
[2025-10-28T13:38:46.582-0400] {processor.py:208} INFO - Processing /Library/Frameworks/Python.framework/Versions/3.11/lib/python3.11/site-packages/airflow/example_dags/example_bash_decorator.py took 0.090 seconds
[2025-10-28T13:41:09.653-0400] {processor.py:186} INFO - Started process (PID=73598) to work on /Library/Frameworks/Python.framework/Versions/3.11/lib/python3.11/site-packages/airflow/example_dags/example_bash_decorator.py
[2025-10-28T13:41:09.654-0400] {processor.py:914} INFO - Processing file /Library/Frameworks/Python.framework/Versions/3.11/lib/python3.11/site-packages/airflow/example_dags/example_bash_decorator.py for tasks to queue
[2025-10-28T13:41:09.655-0400] {logging_mixin.py:190} INFO - [2025-10-28T13:41:09.655-0400] {dagbag.py:588} INFO - Filling up the DagBag from /Library/Frameworks/Python.framework/Versions/3.11/lib/python3.11/site-packages/airflow/example_dags/example_bash_decorator.py
[2025-10-28T13:41:09.669-0400] {processor.py:925} INFO - DAG(s) 'example_bash_decorator' retrieved from /Library/Frameworks/Python.framework/Versions/3.11/lib/python3.11/site-packages/airflow/example_dags/example_bash_decorator.py
[2025-10-28T13:41:09.725-0400] {logging_mixin.py:190} INFO - [2025-10-28T13:41:09.725-0400] {dag.py:3239} INFO - Sync 1 DAGs
[2025-10-28T13:41:09.729-0400] {logging_mixin.py:190} INFO - [2025-10-28T13:41:09.729-0400] {dag.py:4180} INFO - Setting next_dagrun for example_bash_decorator to None, run_after=None
[2025-10-28T13:41:09.735-0400] {processor.py:208} INFO - Processing /Library/Frameworks/Python.framework/Versions/3.11/lib/python3.11/site-packages/airflow/example_dags/example_bash_decorator.py took 0.083 seconds
[2025-10-28T13:43:33.308-0400] {processor.py:186} INFO - Started process (PID=74849) to work on /Library/Frameworks/Python.framework/Versions/3.11/lib/python3.11/site-packages/airflow/example_dags/example_bash_decorator.py
[2025-10-28T13:43:33.309-0400] {processor.py:914} INFO - Processing file /Library/Frameworks/Python.framework/Versions/3.11/lib/python3.11/site-packages/airflow/example_dags/example_bash_decorator.py for tasks to queue
[2025-10-28T13:43:33.309-0400] {logging_mixin.py:190} INFO - [2025-10-28T13:43:33.309-0400] {dagbag.py:588} INFO - Filling up the DagBag from /Library/Frameworks/Python.framework/Versions/3.11/lib/python3.11/site-packages/airflow/example_dags/example_bash_decorator.py
[2025-10-28T13:43:33.329-0400] {processor.py:925} INFO - DAG(s) 'example_bash_decorator' retrieved from /Library/Frameworks/Python.framework/Versions/3.11/lib/python3.11/site-packages/airflow/example_dags/example_bash_decorator.py
[2025-10-28T13:43:33.389-0400] {logging_mixin.py:190} INFO - [2025-10-28T13:43:33.388-0400] {dag.py:3239} INFO - Sync 1 DAGs
[2025-10-28T13:43:33.392-0400] {logging_mixin.py:190} INFO - [2025-10-28T13:43:33.392-0400] {dag.py:4180} INFO - Setting next_dagrun for example_bash_decorator to None, run_after=None
[2025-10-28T13:43:33.399-0400] {processor.py:208} INFO - Processing /Library/Frameworks/Python.framework/Versions/3.11/lib/python3.11/site-packages/airflow/example_dags/example_bash_decorator.py took 0.092 seconds
[2025-10-28T13:45:58.900-0400] {processor.py:186} INFO - Started process (PID=76139) to work on /Library/Frameworks/Python.framework/Versions/3.11/lib/python3.11/site-packages/airflow/example_dags/example_bash_decorator.py
[2025-10-28T13:45:58.902-0400] {processor.py:914} INFO - Processing file /Library/Frameworks/Python.framework/Versions/3.11/lib/python3.11/site-packages/airflow/example_dags/example_bash_decorator.py for tasks to queue
[2025-10-28T13:45:58.902-0400] {logging_mixin.py:190} INFO - [2025-10-28T13:45:58.902-0400] {dagbag.py:588} INFO - Filling up the DagBag from /Library/Frameworks/Python.framework/Versions/3.11/lib/python3.11/site-packages/airflow/example_dags/example_bash_decorator.py
[2025-10-28T13:45:58.927-0400] {processor.py:925} INFO - DAG(s) 'example_bash_decorator' retrieved from /Library/Frameworks/Python.framework/Versions/3.11/lib/python3.11/site-packages/airflow/example_dags/example_bash_decorator.py
[2025-10-28T13:45:58.990-0400] {logging_mixin.py:190} INFO - [2025-10-28T13:45:58.989-0400] {dag.py:3239} INFO - Sync 1 DAGs
[2025-10-28T13:45:58.993-0400] {logging_mixin.py:190} INFO - [2025-10-28T13:45:58.993-0400] {dag.py:4180} INFO - Setting next_dagrun for example_bash_decorator to None, run_after=None
[2025-10-28T13:45:58.998-0400] {processor.py:208} INFO - Processing /Library/Frameworks/Python.framework/Versions/3.11/lib/python3.11/site-packages/airflow/example_dags/example_bash_decorator.py took 0.099 seconds
[2025-10-28T13:48:16.348-0400] {processor.py:186} INFO - Started process (PID=77323) to work on /Library/Frameworks/Python.framework/Versions/3.11/lib/python3.11/site-packages/airflow/example_dags/example_bash_decorator.py
[2025-10-28T13:48:16.349-0400] {processor.py:914} INFO - Processing file /Library/Frameworks/Python.framework/Versions/3.11/lib/python3.11/site-packages/airflow/example_dags/example_bash_decorator.py for tasks to queue
[2025-10-28T13:48:16.349-0400] {logging_mixin.py:190} INFO - [2025-10-28T13:48:16.349-0400] {dagbag.py:588} INFO - Filling up the DagBag from /Library/Frameworks/Python.framework/Versions/3.11/lib/python3.11/site-packages/airflow/example_dags/example_bash_decorator.py
[2025-10-28T13:48:16.364-0400] {processor.py:925} INFO - DAG(s) 'example_bash_decorator' retrieved from /Library/Frameworks/Python.framework/Versions/3.11/lib/python3.11/site-packages/airflow/example_dags/example_bash_decorator.py
[2025-10-28T13:48:16.417-0400] {logging_mixin.py:190} INFO - [2025-10-28T13:48:16.417-0400] {dag.py:3239} INFO - Sync 1 DAGs
[2025-10-28T13:48:16.421-0400] {logging_mixin.py:190} INFO - [2025-10-28T13:48:16.420-0400] {dag.py:4180} INFO - Setting next_dagrun for example_bash_decorator to None, run_after=None
[2025-10-28T13:48:16.426-0400] {processor.py:208} INFO - Processing /Library/Frameworks/Python.framework/Versions/3.11/lib/python3.11/site-packages/airflow/example_dags/example_bash_decorator.py took 0.079 seconds
[2025-10-28T13:50:30.519-0400] {processor.py:186} INFO - Started process (PID=78472) to work on /Library/Frameworks/Python.framework/Versions/3.11/lib/python3.11/site-packages/airflow/example_dags/example_bash_decorator.py
[2025-10-28T13:50:30.520-0400] {processor.py:914} INFO - Processing file /Library/Frameworks/Python.framework/Versions/3.11/lib/python3.11/site-packages/airflow/example_dags/example_bash_decorator.py for tasks to queue
[2025-10-28T13:50:30.520-0400] {logging_mixin.py:190} INFO - [2025-10-28T13:50:30.520-0400] {dagbag.py:588} INFO - Filling up the DagBag from /Library/Frameworks/Python.framework/Versions/3.11/lib/python3.11/site-packages/airflow/example_dags/example_bash_decorator.py
[2025-10-28T13:50:30.541-0400] {processor.py:925} INFO - DAG(s) 'example_bash_decorator' retrieved from /Library/Frameworks/Python.framework/Versions/3.11/lib/python3.11/site-packages/airflow/example_dags/example_bash_decorator.py
[2025-10-28T13:50:30.608-0400] {logging_mixin.py:190} INFO - [2025-10-28T13:50:30.608-0400] {dag.py:3239} INFO - Sync 1 DAGs
[2025-10-28T13:50:30.613-0400] {logging_mixin.py:190} INFO - [2025-10-28T13:50:30.613-0400] {dag.py:4180} INFO - Setting next_dagrun for example_bash_decorator to None, run_after=None
[2025-10-28T13:50:30.620-0400] {processor.py:208} INFO - Processing /Library/Frameworks/Python.framework/Versions/3.11/lib/python3.11/site-packages/airflow/example_dags/example_bash_decorator.py took 0.103 seconds
[2025-10-28T13:54:45.526-0400] {processor.py:186} INFO - Started process (PID=80980) to work on /Library/Frameworks/Python.framework/Versions/3.11/lib/python3.11/site-packages/airflow/example_dags/example_bash_decorator.py
[2025-10-28T13:54:45.528-0400] {processor.py:914} INFO - Processing file /Library/Frameworks/Python.framework/Versions/3.11/lib/python3.11/site-packages/airflow/example_dags/example_bash_decorator.py for tasks to queue
[2025-10-28T13:54:45.528-0400] {logging_mixin.py:190} INFO - [2025-10-28T13:54:45.528-0400] {dagbag.py:588} INFO - Filling up the DagBag from /Library/Frameworks/Python.framework/Versions/3.11/lib/python3.11/site-packages/airflow/example_dags/example_bash_decorator.py
[2025-10-28T13:54:45.546-0400] {processor.py:925} INFO - DAG(s) 'example_bash_decorator' retrieved from /Library/Frameworks/Python.framework/Versions/3.11/lib/python3.11/site-packages/airflow/example_dags/example_bash_decorator.py
[2025-10-28T13:54:45.601-0400] {logging_mixin.py:190} INFO - [2025-10-28T13:54:45.601-0400] {dag.py:3239} INFO - Sync 1 DAGs
[2025-10-28T13:54:45.604-0400] {logging_mixin.py:190} INFO - [2025-10-28T13:54:45.604-0400] {dag.py:4180} INFO - Setting next_dagrun for example_bash_decorator to None, run_after=None
[2025-10-28T13:54:45.610-0400] {processor.py:208} INFO - Processing /Library/Frameworks/Python.framework/Versions/3.11/lib/python3.11/site-packages/airflow/example_dags/example_bash_decorator.py took 0.084 seconds
[2025-10-28T13:57:25.728-0400] {processor.py:186} INFO - Started process (PID=82364) to work on /Library/Frameworks/Python.framework/Versions/3.11/lib/python3.11/site-packages/airflow/example_dags/example_bash_decorator.py
[2025-10-28T13:57:25.729-0400] {processor.py:914} INFO - Processing file /Library/Frameworks/Python.framework/Versions/3.11/lib/python3.11/site-packages/airflow/example_dags/example_bash_decorator.py for tasks to queue
[2025-10-28T13:57:25.729-0400] {logging_mixin.py:190} INFO - [2025-10-28T13:57:25.729-0400] {dagbag.py:588} INFO - Filling up the DagBag from /Library/Frameworks/Python.framework/Versions/3.11/lib/python3.11/site-packages/airflow/example_dags/example_bash_decorator.py
[2025-10-28T13:57:25.760-0400] {processor.py:925} INFO - DAG(s) 'example_bash_decorator' retrieved from /Library/Frameworks/Python.framework/Versions/3.11/lib/python3.11/site-packages/airflow/example_dags/example_bash_decorator.py
[2025-10-28T13:57:25.824-0400] {logging_mixin.py:190} INFO - [2025-10-28T13:57:25.824-0400] {dag.py:3239} INFO - Sync 1 DAGs
[2025-10-28T13:57:25.829-0400] {logging_mixin.py:190} INFO - [2025-10-28T13:57:25.829-0400] {dag.py:4180} INFO - Setting next_dagrun for example_bash_decorator to None, run_after=None
[2025-10-28T13:57:25.836-0400] {processor.py:208} INFO - Processing /Library/Frameworks/Python.framework/Versions/3.11/lib/python3.11/site-packages/airflow/example_dags/example_bash_decorator.py took 0.110 seconds
[2025-10-28T14:01:15.042-0400] {processor.py:186} INFO - Started process (PID=84652) to work on /Library/Frameworks/Python.framework/Versions/3.11/lib/python3.11/site-packages/airflow/example_dags/example_bash_decorator.py
[2025-10-28T14:01:15.043-0400] {processor.py:914} INFO - Processing file /Library/Frameworks/Python.framework/Versions/3.11/lib/python3.11/site-packages/airflow/example_dags/example_bash_decorator.py for tasks to queue
[2025-10-28T14:01:15.044-0400] {logging_mixin.py:190} INFO - [2025-10-28T14:01:15.044-0400] {dagbag.py:588} INFO - Filling up the DagBag from /Library/Frameworks/Python.framework/Versions/3.11/lib/python3.11/site-packages/airflow/example_dags/example_bash_decorator.py
[2025-10-28T14:01:15.069-0400] {processor.py:925} INFO - DAG(s) 'example_bash_decorator' retrieved from /Library/Frameworks/Python.framework/Versions/3.11/lib/python3.11/site-packages/airflow/example_dags/example_bash_decorator.py
[2025-10-28T14:01:15.126-0400] {logging_mixin.py:190} INFO - [2025-10-28T14:01:15.126-0400] {dag.py:3239} INFO - Sync 1 DAGs
[2025-10-28T14:01:15.130-0400] {logging_mixin.py:190} INFO - [2025-10-28T14:01:15.130-0400] {dag.py:4180} INFO - Setting next_dagrun for example_bash_decorator to None, run_after=None
[2025-10-28T14:01:15.136-0400] {processor.py:208} INFO - Processing /Library/Frameworks/Python.framework/Versions/3.11/lib/python3.11/site-packages/airflow/example_dags/example_bash_decorator.py took 0.095 seconds
[2025-10-28T14:04:41.443-0400] {processor.py:186} INFO - Started process (PID=87134) to work on /Library/Frameworks/Python.framework/Versions/3.11/lib/python3.11/site-packages/airflow/example_dags/example_bash_decorator.py
[2025-10-28T14:04:41.444-0400] {processor.py:914} INFO - Processing file /Library/Frameworks/Python.framework/Versions/3.11/lib/python3.11/site-packages/airflow/example_dags/example_bash_decorator.py for tasks to queue
[2025-10-28T14:04:41.445-0400] {logging_mixin.py:190} INFO - [2025-10-28T14:04:41.444-0400] {dagbag.py:588} INFO - Filling up the DagBag from /Library/Frameworks/Python.framework/Versions/3.11/lib/python3.11/site-packages/airflow/example_dags/example_bash_decorator.py
[2025-10-28T14:04:41.462-0400] {processor.py:925} INFO - DAG(s) 'example_bash_decorator' retrieved from /Library/Frameworks/Python.framework/Versions/3.11/lib/python3.11/site-packages/airflow/example_dags/example_bash_decorator.py
[2025-10-28T14:04:41.514-0400] {logging_mixin.py:190} INFO - [2025-10-28T14:04:41.514-0400] {dag.py:3239} INFO - Sync 1 DAGs
[2025-10-28T14:04:41.517-0400] {logging_mixin.py:190} INFO - [2025-10-28T14:04:41.517-0400] {dag.py:4180} INFO - Setting next_dagrun for example_bash_decorator to None, run_after=None
[2025-10-28T14:04:41.523-0400] {processor.py:208} INFO - Processing /Library/Frameworks/Python.framework/Versions/3.11/lib/python3.11/site-packages/airflow/example_dags/example_bash_decorator.py took 0.081 seconds
[2025-10-28T14:07:00.697-0400] {processor.py:186} INFO - Started process (PID=88658) to work on /Library/Frameworks/Python.framework/Versions/3.11/lib/python3.11/site-packages/airflow/example_dags/example_bash_decorator.py
[2025-10-28T14:07:00.699-0400] {processor.py:914} INFO - Processing file /Library/Frameworks/Python.framework/Versions/3.11/lib/python3.11/site-packages/airflow/example_dags/example_bash_decorator.py for tasks to queue
[2025-10-28T14:07:00.699-0400] {logging_mixin.py:190} INFO - [2025-10-28T14:07:00.699-0400] {dagbag.py:588} INFO - Filling up the DagBag from /Library/Frameworks/Python.framework/Versions/3.11/lib/python3.11/site-packages/airflow/example_dags/example_bash_decorator.py
[2025-10-28T14:07:00.719-0400] {processor.py:925} INFO - DAG(s) 'example_bash_decorator' retrieved from /Library/Frameworks/Python.framework/Versions/3.11/lib/python3.11/site-packages/airflow/example_dags/example_bash_decorator.py
[2025-10-28T14:07:00.776-0400] {logging_mixin.py:190} INFO - [2025-10-28T14:07:00.776-0400] {dag.py:3239} INFO - Sync 1 DAGs
[2025-10-28T14:07:00.781-0400] {logging_mixin.py:190} INFO - [2025-10-28T14:07:00.781-0400] {dag.py:4180} INFO - Setting next_dagrun for example_bash_decorator to None, run_after=None
[2025-10-28T14:07:00.787-0400] {processor.py:208} INFO - Processing /Library/Frameworks/Python.framework/Versions/3.11/lib/python3.11/site-packages/airflow/example_dags/example_bash_decorator.py took 0.091 seconds
[2025-10-28T14:10:31.856-0400] {processor.py:186} INFO - Started process (PID=91025) to work on /Library/Frameworks/Python.framework/Versions/3.11/lib/python3.11/site-packages/airflow/example_dags/example_bash_decorator.py
[2025-10-28T14:10:31.856-0400] {processor.py:914} INFO - Processing file /Library/Frameworks/Python.framework/Versions/3.11/lib/python3.11/site-packages/airflow/example_dags/example_bash_decorator.py for tasks to queue
[2025-10-28T14:10:31.857-0400] {logging_mixin.py:190} INFO - [2025-10-28T14:10:31.857-0400] {dagbag.py:588} INFO - Filling up the DagBag from /Library/Frameworks/Python.framework/Versions/3.11/lib/python3.11/site-packages/airflow/example_dags/example_bash_decorator.py
[2025-10-28T14:10:31.873-0400] {processor.py:925} INFO - DAG(s) 'example_bash_decorator' retrieved from /Library/Frameworks/Python.framework/Versions/3.11/lib/python3.11/site-packages/airflow/example_dags/example_bash_decorator.py
[2025-10-28T14:10:31.923-0400] {logging_mixin.py:190} INFO - [2025-10-28T14:10:31.923-0400] {dag.py:3239} INFO - Sync 1 DAGs
[2025-10-28T14:10:31.927-0400] {logging_mixin.py:190} INFO - [2025-10-28T14:10:31.926-0400] {dag.py:4180} INFO - Setting next_dagrun for example_bash_decorator to None, run_after=None
[2025-10-28T14:10:31.932-0400] {processor.py:208} INFO - Processing /Library/Frameworks/Python.framework/Versions/3.11/lib/python3.11/site-packages/airflow/example_dags/example_bash_decorator.py took 0.077 seconds
[2025-10-28T14:12:48.200-0400] {processor.py:186} INFO - Started process (PID=92439) to work on /Library/Frameworks/Python.framework/Versions/3.11/lib/python3.11/site-packages/airflow/example_dags/example_bash_decorator.py
[2025-10-28T14:12:48.201-0400] {processor.py:914} INFO - Processing file /Library/Frameworks/Python.framework/Versions/3.11/lib/python3.11/site-packages/airflow/example_dags/example_bash_decorator.py for tasks to queue
[2025-10-28T14:12:48.201-0400] {logging_mixin.py:190} INFO - [2025-10-28T14:12:48.201-0400] {dagbag.py:588} INFO - Filling up the DagBag from /Library/Frameworks/Python.framework/Versions/3.11/lib/python3.11/site-packages/airflow/example_dags/example_bash_decorator.py
[2025-10-28T14:12:48.218-0400] {processor.py:925} INFO - DAG(s) 'example_bash_decorator' retrieved from /Library/Frameworks/Python.framework/Versions/3.11/lib/python3.11/site-packages/airflow/example_dags/example_bash_decorator.py
[2025-10-28T14:12:48.270-0400] {logging_mixin.py:190} INFO - [2025-10-28T14:12:48.270-0400] {dag.py:3239} INFO - Sync 1 DAGs
[2025-10-28T14:12:48.274-0400] {logging_mixin.py:190} INFO - [2025-10-28T14:12:48.274-0400] {dag.py:4180} INFO - Setting next_dagrun for example_bash_decorator to None, run_after=None
[2025-10-28T14:12:48.280-0400] {processor.py:208} INFO - Processing /Library/Frameworks/Python.framework/Versions/3.11/lib/python3.11/site-packages/airflow/example_dags/example_bash_decorator.py took 0.080 seconds
[2025-10-28T14:15:10.651-0400] {processor.py:186} INFO - Started process (PID=93686) to work on /Library/Frameworks/Python.framework/Versions/3.11/lib/python3.11/site-packages/airflow/example_dags/example_bash_decorator.py
[2025-10-28T14:15:10.651-0400] {processor.py:914} INFO - Processing file /Library/Frameworks/Python.framework/Versions/3.11/lib/python3.11/site-packages/airflow/example_dags/example_bash_decorator.py for tasks to queue
[2025-10-28T14:15:10.652-0400] {logging_mixin.py:190} INFO - [2025-10-28T14:15:10.652-0400] {dagbag.py:588} INFO - Filling up the DagBag from /Library/Frameworks/Python.framework/Versions/3.11/lib/python3.11/site-packages/airflow/example_dags/example_bash_decorator.py
[2025-10-28T14:15:10.666-0400] {processor.py:925} INFO - DAG(s) 'example_bash_decorator' retrieved from /Library/Frameworks/Python.framework/Versions/3.11/lib/python3.11/site-packages/airflow/example_dags/example_bash_decorator.py
[2025-10-28T14:15:10.717-0400] {logging_mixin.py:190} INFO - [2025-10-28T14:15:10.717-0400] {dag.py:3239} INFO - Sync 1 DAGs
[2025-10-28T14:15:10.720-0400] {logging_mixin.py:190} INFO - [2025-10-28T14:15:10.720-0400] {dag.py:4180} INFO - Setting next_dagrun for example_bash_decorator to None, run_after=None
[2025-10-28T14:15:10.726-0400] {processor.py:208} INFO - Processing /Library/Frameworks/Python.framework/Versions/3.11/lib/python3.11/site-packages/airflow/example_dags/example_bash_decorator.py took 0.076 seconds
[2025-10-28T14:18:43.874-0400] {processor.py:186} INFO - Started process (PID=96117) to work on /Library/Frameworks/Python.framework/Versions/3.11/lib/python3.11/site-packages/airflow/example_dags/example_bash_decorator.py
[2025-10-28T14:18:43.875-0400] {processor.py:914} INFO - Processing file /Library/Frameworks/Python.framework/Versions/3.11/lib/python3.11/site-packages/airflow/example_dags/example_bash_decorator.py for tasks to queue
[2025-10-28T14:18:43.875-0400] {logging_mixin.py:190} INFO - [2025-10-28T14:18:43.875-0400] {dagbag.py:588} INFO - Filling up the DagBag from /Library/Frameworks/Python.framework/Versions/3.11/lib/python3.11/site-packages/airflow/example_dags/example_bash_decorator.py
[2025-10-28T14:18:43.898-0400] {processor.py:925} INFO - DAG(s) 'example_bash_decorator' retrieved from /Library/Frameworks/Python.framework/Versions/3.11/lib/python3.11/site-packages/airflow/example_dags/example_bash_decorator.py
[2025-10-28T14:18:43.968-0400] {logging_mixin.py:190} INFO - [2025-10-28T14:18:43.968-0400] {dag.py:3239} INFO - Sync 1 DAGs
[2025-10-28T14:18:43.972-0400] {logging_mixin.py:190} INFO - [2025-10-28T14:18:43.972-0400] {dag.py:4180} INFO - Setting next_dagrun for example_bash_decorator to None, run_after=None
[2025-10-28T14:18:43.979-0400] {processor.py:208} INFO - Processing /Library/Frameworks/Python.framework/Versions/3.11/lib/python3.11/site-packages/airflow/example_dags/example_bash_decorator.py took 0.106 seconds
