[2025-10-28T13:31:42.815-0400] {processor.py:186} INFO - Started process (PID=68748) to work on /Library/Frameworks/Python.framework/Versions/3.11/lib/python3.11/site-packages/airflow/example_dags/example_dataset_alias_with_no_taskflow.py
[2025-10-28T13:31:42.815-0400] {processor.py:914} INFO - Processing file /Library/Frameworks/Python.framework/Versions/3.11/lib/python3.11/site-packages/airflow/example_dags/example_dataset_alias_with_no_taskflow.py for tasks to queue
[2025-10-28T13:31:42.815-0400] {logging_mixin.py:190} INFO - [2025-10-28T13:31:42.815-0400] {dagbag.py:588} INFO - Filling up the DagBag from /Library/Frameworks/Python.framework/Versions/3.11/lib/python3.11/site-packages/airflow/example_dags/example_dataset_alias_with_no_taskflow.py
[2025-10-28T13:31:42.858-0400] {processor.py:925} INFO - DAG(s) 'dataset_alias_example_alias_producer_with_no_taskflow', 'dataset_s3_bucket_consumer_with_no_taskflow', 'dataset_s3_bucket_producer_with_no_taskflow', 'dataset_alias_example_alias_consumer_with_no_taskflow' retrieved from /Library/Frameworks/Python.framework/Versions/3.11/lib/python3.11/site-packages/airflow/example_dags/example_dataset_alias_with_no_taskflow.py
[2025-10-28T13:31:42.894-0400] {logging_mixin.py:190} INFO - [2025-10-28T13:31:42.894-0400] {dag.py:3239} INFO - Sync 4 DAGs
[2025-10-28T13:31:42.899-0400] {logging_mixin.py:190} INFO - [2025-10-28T13:31:42.899-0400] {dag.py:4180} INFO - Setting next_dagrun for dataset_alias_example_alias_consumer_with_no_taskflow to None, run_after=None
[2025-10-28T13:31:42.899-0400] {logging_mixin.py:190} INFO - [2025-10-28T13:31:42.899-0400] {dag.py:4180} INFO - Setting next_dagrun for dataset_alias_example_alias_producer_with_no_taskflow to None, run_after=None
[2025-10-28T13:31:42.899-0400] {logging_mixin.py:190} INFO - [2025-10-28T13:31:42.899-0400] {dag.py:4180} INFO - Setting next_dagrun for dataset_s3_bucket_consumer_with_no_taskflow to None, run_after=None
[2025-10-28T13:31:42.900-0400] {logging_mixin.py:190} INFO - [2025-10-28T13:31:42.900-0400] {dag.py:4180} INFO - Setting next_dagrun for dataset_s3_bucket_producer_with_no_taskflow to None, run_after=None
[2025-10-28T13:31:42.906-0400] {processor.py:208} INFO - Processing /Library/Frameworks/Python.framework/Versions/3.11/lib/python3.11/site-packages/airflow/example_dags/example_dataset_alias_with_no_taskflow.py took 0.092 seconds
[2025-10-28T13:33:57.156-0400] {processor.py:186} INFO - Started process (PID=69904) to work on /Library/Frameworks/Python.framework/Versions/3.11/lib/python3.11/site-packages/airflow/example_dags/example_dataset_alias_with_no_taskflow.py
[2025-10-28T13:33:57.157-0400] {processor.py:914} INFO - Processing file /Library/Frameworks/Python.framework/Versions/3.11/lib/python3.11/site-packages/airflow/example_dags/example_dataset_alias_with_no_taskflow.py for tasks to queue
[2025-10-28T13:33:57.158-0400] {logging_mixin.py:190} INFO - [2025-10-28T13:33:57.158-0400] {dagbag.py:588} INFO - Filling up the DagBag from /Library/Frameworks/Python.framework/Versions/3.11/lib/python3.11/site-packages/airflow/example_dags/example_dataset_alias_with_no_taskflow.py
[2025-10-28T13:33:57.200-0400] {processor.py:925} INFO - DAG(s) 'dataset_alias_example_alias_consumer_with_no_taskflow', 'dataset_alias_example_alias_producer_with_no_taskflow', 'dataset_s3_bucket_consumer_with_no_taskflow', 'dataset_s3_bucket_producer_with_no_taskflow' retrieved from /Library/Frameworks/Python.framework/Versions/3.11/lib/python3.11/site-packages/airflow/example_dags/example_dataset_alias_with_no_taskflow.py
[2025-10-28T13:33:57.206-0400] {logging_mixin.py:190} INFO - [2025-10-28T13:33:57.206-0400] {dag.py:3239} INFO - Sync 4 DAGs
[2025-10-28T13:33:57.211-0400] {logging_mixin.py:190} INFO - [2025-10-28T13:33:57.211-0400] {dag.py:4180} INFO - Setting next_dagrun for dataset_alias_example_alias_consumer_with_no_taskflow to None, run_after=None
[2025-10-28T13:33:57.212-0400] {logging_mixin.py:190} INFO - [2025-10-28T13:33:57.212-0400] {dag.py:4180} INFO - Setting next_dagrun for dataset_alias_example_alias_producer_with_no_taskflow to None, run_after=None
[2025-10-28T13:33:57.212-0400] {logging_mixin.py:190} INFO - [2025-10-28T13:33:57.212-0400] {dag.py:4180} INFO - Setting next_dagrun for dataset_s3_bucket_consumer_with_no_taskflow to None, run_after=None
[2025-10-28T13:33:57.212-0400] {logging_mixin.py:190} INFO - [2025-10-28T13:33:57.212-0400] {dag.py:4180} INFO - Setting next_dagrun for dataset_s3_bucket_producer_with_no_taskflow to None, run_after=None
[2025-10-28T13:33:57.217-0400] {processor.py:208} INFO - Processing /Library/Frameworks/Python.framework/Versions/3.11/lib/python3.11/site-packages/airflow/example_dags/example_dataset_alias_with_no_taskflow.py took 0.063 seconds
[2025-10-28T13:36:08.778-0400] {processor.py:186} INFO - Started process (PID=71022) to work on /Library/Frameworks/Python.framework/Versions/3.11/lib/python3.11/site-packages/airflow/example_dags/example_dataset_alias_with_no_taskflow.py
[2025-10-28T13:36:08.779-0400] {processor.py:914} INFO - Processing file /Library/Frameworks/Python.framework/Versions/3.11/lib/python3.11/site-packages/airflow/example_dags/example_dataset_alias_with_no_taskflow.py for tasks to queue
[2025-10-28T13:36:08.779-0400] {logging_mixin.py:190} INFO - [2025-10-28T13:36:08.779-0400] {dagbag.py:588} INFO - Filling up the DagBag from /Library/Frameworks/Python.framework/Versions/3.11/lib/python3.11/site-packages/airflow/example_dags/example_dataset_alias_with_no_taskflow.py
[2025-10-28T13:36:08.821-0400] {processor.py:925} INFO - DAG(s) 'dataset_alias_example_alias_consumer_with_no_taskflow', 'dataset_alias_example_alias_producer_with_no_taskflow', 'dataset_s3_bucket_consumer_with_no_taskflow', 'dataset_s3_bucket_producer_with_no_taskflow' retrieved from /Library/Frameworks/Python.framework/Versions/3.11/lib/python3.11/site-packages/airflow/example_dags/example_dataset_alias_with_no_taskflow.py
[2025-10-28T13:36:08.831-0400] {logging_mixin.py:190} INFO - [2025-10-28T13:36:08.830-0400] {dag.py:3239} INFO - Sync 4 DAGs
[2025-10-28T13:36:08.835-0400] {logging_mixin.py:190} INFO - [2025-10-28T13:36:08.835-0400] {dag.py:4180} INFO - Setting next_dagrun for dataset_alias_example_alias_consumer_with_no_taskflow to None, run_after=None
[2025-10-28T13:36:08.836-0400] {logging_mixin.py:190} INFO - [2025-10-28T13:36:08.836-0400] {dag.py:4180} INFO - Setting next_dagrun for dataset_alias_example_alias_producer_with_no_taskflow to None, run_after=None
[2025-10-28T13:36:08.836-0400] {logging_mixin.py:190} INFO - [2025-10-28T13:36:08.836-0400] {dag.py:4180} INFO - Setting next_dagrun for dataset_s3_bucket_consumer_with_no_taskflow to None, run_after=None
[2025-10-28T13:36:08.836-0400] {logging_mixin.py:190} INFO - [2025-10-28T13:36:08.836-0400] {dag.py:4180} INFO - Setting next_dagrun for dataset_s3_bucket_producer_with_no_taskflow to None, run_after=None
[2025-10-28T13:36:08.842-0400] {processor.py:208} INFO - Processing /Library/Frameworks/Python.framework/Versions/3.11/lib/python3.11/site-packages/airflow/example_dags/example_dataset_alias_with_no_taskflow.py took 0.065 seconds
[2025-10-28T13:38:26.662-0400] {processor.py:186} INFO - Started process (PID=72214) to work on /Library/Frameworks/Python.framework/Versions/3.11/lib/python3.11/site-packages/airflow/example_dags/example_dataset_alias_with_no_taskflow.py
[2025-10-28T13:38:26.663-0400] {processor.py:914} INFO - Processing file /Library/Frameworks/Python.framework/Versions/3.11/lib/python3.11/site-packages/airflow/example_dags/example_dataset_alias_with_no_taskflow.py for tasks to queue
[2025-10-28T13:38:26.664-0400] {logging_mixin.py:190} INFO - [2025-10-28T13:38:26.663-0400] {dagbag.py:588} INFO - Filling up the DagBag from /Library/Frameworks/Python.framework/Versions/3.11/lib/python3.11/site-packages/airflow/example_dags/example_dataset_alias_with_no_taskflow.py
[2025-10-28T13:38:26.712-0400] {processor.py:925} INFO - DAG(s) 'dataset_s3_bucket_consumer_with_no_taskflow', 'dataset_s3_bucket_producer_with_no_taskflow', 'dataset_alias_example_alias_producer_with_no_taskflow', 'dataset_alias_example_alias_consumer_with_no_taskflow' retrieved from /Library/Frameworks/Python.framework/Versions/3.11/lib/python3.11/site-packages/airflow/example_dags/example_dataset_alias_with_no_taskflow.py
[2025-10-28T13:38:26.720-0400] {logging_mixin.py:190} INFO - [2025-10-28T13:38:26.720-0400] {dag.py:3239} INFO - Sync 4 DAGs
[2025-10-28T13:38:26.725-0400] {logging_mixin.py:190} INFO - [2025-10-28T13:38:26.725-0400] {dag.py:4180} INFO - Setting next_dagrun for dataset_alias_example_alias_consumer_with_no_taskflow to None, run_after=None
[2025-10-28T13:38:26.726-0400] {logging_mixin.py:190} INFO - [2025-10-28T13:38:26.726-0400] {dag.py:4180} INFO - Setting next_dagrun for dataset_alias_example_alias_producer_with_no_taskflow to None, run_after=None
[2025-10-28T13:38:26.726-0400] {logging_mixin.py:190} INFO - [2025-10-28T13:38:26.726-0400] {dag.py:4180} INFO - Setting next_dagrun for dataset_s3_bucket_consumer_with_no_taskflow to None, run_after=None
[2025-10-28T13:38:26.726-0400] {logging_mixin.py:190} INFO - [2025-10-28T13:38:26.726-0400] {dag.py:4180} INFO - Setting next_dagrun for dataset_s3_bucket_producer_with_no_taskflow to None, run_after=None
[2025-10-28T13:38:26.732-0400] {processor.py:208} INFO - Processing /Library/Frameworks/Python.framework/Versions/3.11/lib/python3.11/site-packages/airflow/example_dags/example_dataset_alias_with_no_taskflow.py took 0.072 seconds
[2025-10-28T13:40:50.077-0400] {processor.py:186} INFO - Started process (PID=73425) to work on /Library/Frameworks/Python.framework/Versions/3.11/lib/python3.11/site-packages/airflow/example_dags/example_dataset_alias_with_no_taskflow.py
[2025-10-28T13:40:50.079-0400] {processor.py:914} INFO - Processing file /Library/Frameworks/Python.framework/Versions/3.11/lib/python3.11/site-packages/airflow/example_dags/example_dataset_alias_with_no_taskflow.py for tasks to queue
[2025-10-28T13:40:50.079-0400] {logging_mixin.py:190} INFO - [2025-10-28T13:40:50.079-0400] {dagbag.py:588} INFO - Filling up the DagBag from /Library/Frameworks/Python.framework/Versions/3.11/lib/python3.11/site-packages/airflow/example_dags/example_dataset_alias_with_no_taskflow.py
[2025-10-28T13:40:50.130-0400] {processor.py:925} INFO - DAG(s) 'dataset_alias_example_alias_producer_with_no_taskflow', 'dataset_alias_example_alias_consumer_with_no_taskflow', 'dataset_s3_bucket_producer_with_no_taskflow', 'dataset_s3_bucket_consumer_with_no_taskflow' retrieved from /Library/Frameworks/Python.framework/Versions/3.11/lib/python3.11/site-packages/airflow/example_dags/example_dataset_alias_with_no_taskflow.py
[2025-10-28T13:40:50.139-0400] {logging_mixin.py:190} INFO - [2025-10-28T13:40:50.139-0400] {dag.py:3239} INFO - Sync 4 DAGs
[2025-10-28T13:40:50.145-0400] {logging_mixin.py:190} INFO - [2025-10-28T13:40:50.145-0400] {dag.py:4180} INFO - Setting next_dagrun for dataset_alias_example_alias_consumer_with_no_taskflow to None, run_after=None
[2025-10-28T13:40:50.146-0400] {logging_mixin.py:190} INFO - [2025-10-28T13:40:50.146-0400] {dag.py:4180} INFO - Setting next_dagrun for dataset_alias_example_alias_producer_with_no_taskflow to None, run_after=None
[2025-10-28T13:40:50.146-0400] {logging_mixin.py:190} INFO - [2025-10-28T13:40:50.146-0400] {dag.py:4180} INFO - Setting next_dagrun for dataset_s3_bucket_consumer_with_no_taskflow to None, run_after=None
[2025-10-28T13:40:50.146-0400] {logging_mixin.py:190} INFO - [2025-10-28T13:40:50.146-0400] {dag.py:4180} INFO - Setting next_dagrun for dataset_s3_bucket_producer_with_no_taskflow to None, run_after=None
[2025-10-28T13:40:50.152-0400] {processor.py:208} INFO - Processing /Library/Frameworks/Python.framework/Versions/3.11/lib/python3.11/site-packages/airflow/example_dags/example_dataset_alias_with_no_taskflow.py took 0.076 seconds
[2025-10-28T13:43:12.925-0400] {processor.py:186} INFO - Started process (PID=74677) to work on /Library/Frameworks/Python.framework/Versions/3.11/lib/python3.11/site-packages/airflow/example_dags/example_dataset_alias_with_no_taskflow.py
[2025-10-28T13:43:12.926-0400] {processor.py:914} INFO - Processing file /Library/Frameworks/Python.framework/Versions/3.11/lib/python3.11/site-packages/airflow/example_dags/example_dataset_alias_with_no_taskflow.py for tasks to queue
[2025-10-28T13:43:12.926-0400] {logging_mixin.py:190} INFO - [2025-10-28T13:43:12.926-0400] {dagbag.py:588} INFO - Filling up the DagBag from /Library/Frameworks/Python.framework/Versions/3.11/lib/python3.11/site-packages/airflow/example_dags/example_dataset_alias_with_no_taskflow.py
[2025-10-28T13:43:12.969-0400] {processor.py:925} INFO - DAG(s) 'dataset_s3_bucket_producer_with_no_taskflow', 'dataset_alias_example_alias_consumer_with_no_taskflow', 'dataset_s3_bucket_consumer_with_no_taskflow', 'dataset_alias_example_alias_producer_with_no_taskflow' retrieved from /Library/Frameworks/Python.framework/Versions/3.11/lib/python3.11/site-packages/airflow/example_dags/example_dataset_alias_with_no_taskflow.py
[2025-10-28T13:43:12.977-0400] {logging_mixin.py:190} INFO - [2025-10-28T13:43:12.977-0400] {dag.py:3239} INFO - Sync 4 DAGs
[2025-10-28T13:43:12.982-0400] {logging_mixin.py:190} INFO - [2025-10-28T13:43:12.982-0400] {dag.py:4180} INFO - Setting next_dagrun for dataset_alias_example_alias_consumer_with_no_taskflow to None, run_after=None
[2025-10-28T13:43:12.982-0400] {logging_mixin.py:190} INFO - [2025-10-28T13:43:12.982-0400] {dag.py:4180} INFO - Setting next_dagrun for dataset_alias_example_alias_producer_with_no_taskflow to None, run_after=None
[2025-10-28T13:43:12.983-0400] {logging_mixin.py:190} INFO - [2025-10-28T13:43:12.983-0400] {dag.py:4180} INFO - Setting next_dagrun for dataset_s3_bucket_consumer_with_no_taskflow to None, run_after=None
[2025-10-28T13:43:12.983-0400] {logging_mixin.py:190} INFO - [2025-10-28T13:43:12.983-0400] {dag.py:4180} INFO - Setting next_dagrun for dataset_s3_bucket_producer_with_no_taskflow to None, run_after=None
[2025-10-28T13:43:12.988-0400] {processor.py:208} INFO - Processing /Library/Frameworks/Python.framework/Versions/3.11/lib/python3.11/site-packages/airflow/example_dags/example_dataset_alias_with_no_taskflow.py took 0.064 seconds
[2025-10-28T13:45:38.381-0400] {processor.py:186} INFO - Started process (PID=75956) to work on /Library/Frameworks/Python.framework/Versions/3.11/lib/python3.11/site-packages/airflow/example_dags/example_dataset_alias_with_no_taskflow.py
[2025-10-28T13:45:38.384-0400] {processor.py:914} INFO - Processing file /Library/Frameworks/Python.framework/Versions/3.11/lib/python3.11/site-packages/airflow/example_dags/example_dataset_alias_with_no_taskflow.py for tasks to queue
[2025-10-28T13:45:38.384-0400] {logging_mixin.py:190} INFO - [2025-10-28T13:45:38.384-0400] {dagbag.py:588} INFO - Filling up the DagBag from /Library/Frameworks/Python.framework/Versions/3.11/lib/python3.11/site-packages/airflow/example_dags/example_dataset_alias_with_no_taskflow.py
[2025-10-28T13:45:38.437-0400] {processor.py:925} INFO - DAG(s) 'dataset_s3_bucket_consumer_with_no_taskflow', 'dataset_alias_example_alias_consumer_with_no_taskflow', 'dataset_alias_example_alias_producer_with_no_taskflow', 'dataset_s3_bucket_producer_with_no_taskflow' retrieved from /Library/Frameworks/Python.framework/Versions/3.11/lib/python3.11/site-packages/airflow/example_dags/example_dataset_alias_with_no_taskflow.py
[2025-10-28T13:45:38.447-0400] {logging_mixin.py:190} INFO - [2025-10-28T13:45:38.446-0400] {dag.py:3239} INFO - Sync 4 DAGs
[2025-10-28T13:45:38.452-0400] {logging_mixin.py:190} INFO - [2025-10-28T13:45:38.452-0400] {dag.py:4180} INFO - Setting next_dagrun for dataset_alias_example_alias_consumer_with_no_taskflow to None, run_after=None
[2025-10-28T13:45:38.453-0400] {logging_mixin.py:190} INFO - [2025-10-28T13:45:38.453-0400] {dag.py:4180} INFO - Setting next_dagrun for dataset_alias_example_alias_producer_with_no_taskflow to None, run_after=None
[2025-10-28T13:45:38.453-0400] {logging_mixin.py:190} INFO - [2025-10-28T13:45:38.453-0400] {dag.py:4180} INFO - Setting next_dagrun for dataset_s3_bucket_consumer_with_no_taskflow to None, run_after=None
[2025-10-28T13:45:38.453-0400] {logging_mixin.py:190} INFO - [2025-10-28T13:45:38.453-0400] {dag.py:4180} INFO - Setting next_dagrun for dataset_s3_bucket_producer_with_no_taskflow to None, run_after=None
[2025-10-28T13:45:38.461-0400] {processor.py:208} INFO - Processing /Library/Frameworks/Python.framework/Versions/3.11/lib/python3.11/site-packages/airflow/example_dags/example_dataset_alias_with_no_taskflow.py took 0.081 seconds
[2025-10-28T13:47:58.556-0400] {processor.py:186} INFO - Started process (PID=77179) to work on /Library/Frameworks/Python.framework/Versions/3.11/lib/python3.11/site-packages/airflow/example_dags/example_dataset_alias_with_no_taskflow.py
[2025-10-28T13:47:58.558-0400] {processor.py:914} INFO - Processing file /Library/Frameworks/Python.framework/Versions/3.11/lib/python3.11/site-packages/airflow/example_dags/example_dataset_alias_with_no_taskflow.py for tasks to queue
[2025-10-28T13:47:58.558-0400] {logging_mixin.py:190} INFO - [2025-10-28T13:47:58.558-0400] {dagbag.py:588} INFO - Filling up the DagBag from /Library/Frameworks/Python.framework/Versions/3.11/lib/python3.11/site-packages/airflow/example_dags/example_dataset_alias_with_no_taskflow.py
[2025-10-28T13:47:58.602-0400] {processor.py:925} INFO - DAG(s) 'dataset_s3_bucket_producer_with_no_taskflow', 'dataset_alias_example_alias_consumer_with_no_taskflow', 'dataset_s3_bucket_consumer_with_no_taskflow', 'dataset_alias_example_alias_producer_with_no_taskflow' retrieved from /Library/Frameworks/Python.framework/Versions/3.11/lib/python3.11/site-packages/airflow/example_dags/example_dataset_alias_with_no_taskflow.py
[2025-10-28T13:47:58.610-0400] {logging_mixin.py:190} INFO - [2025-10-28T13:47:58.609-0400] {dag.py:3239} INFO - Sync 4 DAGs
[2025-10-28T13:47:58.614-0400] {logging_mixin.py:190} INFO - [2025-10-28T13:47:58.614-0400] {dag.py:4180} INFO - Setting next_dagrun for dataset_alias_example_alias_consumer_with_no_taskflow to None, run_after=None
[2025-10-28T13:47:58.615-0400] {logging_mixin.py:190} INFO - [2025-10-28T13:47:58.615-0400] {dag.py:4180} INFO - Setting next_dagrun for dataset_alias_example_alias_producer_with_no_taskflow to None, run_after=None
[2025-10-28T13:47:58.615-0400] {logging_mixin.py:190} INFO - [2025-10-28T13:47:58.615-0400] {dag.py:4180} INFO - Setting next_dagrun for dataset_s3_bucket_consumer_with_no_taskflow to None, run_after=None
[2025-10-28T13:47:58.615-0400] {logging_mixin.py:190} INFO - [2025-10-28T13:47:58.615-0400] {dag.py:4180} INFO - Setting next_dagrun for dataset_s3_bucket_producer_with_no_taskflow to None, run_after=None
[2025-10-28T13:47:58.621-0400] {processor.py:208} INFO - Processing /Library/Frameworks/Python.framework/Versions/3.11/lib/python3.11/site-packages/airflow/example_dags/example_dataset_alias_with_no_taskflow.py took 0.065 seconds
[2025-10-28T13:50:12.245-0400] {processor.py:186} INFO - Started process (PID=78316) to work on /Library/Frameworks/Python.framework/Versions/3.11/lib/python3.11/site-packages/airflow/example_dags/example_dataset_alias_with_no_taskflow.py
[2025-10-28T13:50:12.246-0400] {processor.py:914} INFO - Processing file /Library/Frameworks/Python.framework/Versions/3.11/lib/python3.11/site-packages/airflow/example_dags/example_dataset_alias_with_no_taskflow.py for tasks to queue
[2025-10-28T13:50:12.247-0400] {logging_mixin.py:190} INFO - [2025-10-28T13:50:12.246-0400] {dagbag.py:588} INFO - Filling up the DagBag from /Library/Frameworks/Python.framework/Versions/3.11/lib/python3.11/site-packages/airflow/example_dags/example_dataset_alias_with_no_taskflow.py
[2025-10-28T13:50:12.293-0400] {processor.py:925} INFO - DAG(s) 'dataset_alias_example_alias_producer_with_no_taskflow', 'dataset_s3_bucket_producer_with_no_taskflow', 'dataset_alias_example_alias_consumer_with_no_taskflow', 'dataset_s3_bucket_consumer_with_no_taskflow' retrieved from /Library/Frameworks/Python.framework/Versions/3.11/lib/python3.11/site-packages/airflow/example_dags/example_dataset_alias_with_no_taskflow.py
[2025-10-28T13:50:12.301-0400] {logging_mixin.py:190} INFO - [2025-10-28T13:50:12.301-0400] {dag.py:3239} INFO - Sync 4 DAGs
[2025-10-28T13:50:12.306-0400] {logging_mixin.py:190} INFO - [2025-10-28T13:50:12.306-0400] {dag.py:4180} INFO - Setting next_dagrun for dataset_alias_example_alias_consumer_with_no_taskflow to None, run_after=None
[2025-10-28T13:50:12.307-0400] {logging_mixin.py:190} INFO - [2025-10-28T13:50:12.307-0400] {dag.py:4180} INFO - Setting next_dagrun for dataset_alias_example_alias_producer_with_no_taskflow to None, run_after=None
[2025-10-28T13:50:12.307-0400] {logging_mixin.py:190} INFO - [2025-10-28T13:50:12.307-0400] {dag.py:4180} INFO - Setting next_dagrun for dataset_s3_bucket_consumer_with_no_taskflow to None, run_after=None
[2025-10-28T13:50:12.308-0400] {logging_mixin.py:190} INFO - [2025-10-28T13:50:12.308-0400] {dag.py:4180} INFO - Setting next_dagrun for dataset_s3_bucket_producer_with_no_taskflow to None, run_after=None
[2025-10-28T13:50:12.314-0400] {processor.py:208} INFO - Processing /Library/Frameworks/Python.framework/Versions/3.11/lib/python3.11/site-packages/airflow/example_dags/example_dataset_alias_with_no_taskflow.py took 0.070 seconds
[2025-10-28T13:52:37.422-0400] {processor.py:186} INFO - Started process (PID=79559) to work on /Library/Frameworks/Python.framework/Versions/3.11/lib/python3.11/site-packages/airflow/example_dags/example_dataset_alias_with_no_taskflow.py
[2025-10-28T13:52:37.422-0400] {processor.py:914} INFO - Processing file /Library/Frameworks/Python.framework/Versions/3.11/lib/python3.11/site-packages/airflow/example_dags/example_dataset_alias_with_no_taskflow.py for tasks to queue
[2025-10-28T13:52:37.423-0400] {logging_mixin.py:190} INFO - [2025-10-28T13:52:37.422-0400] {dagbag.py:588} INFO - Filling up the DagBag from /Library/Frameworks/Python.framework/Versions/3.11/lib/python3.11/site-packages/airflow/example_dags/example_dataset_alias_with_no_taskflow.py
[2025-10-28T13:52:37.477-0400] {processor.py:925} INFO - DAG(s) 'dataset_alias_example_alias_producer_with_no_taskflow', 'dataset_alias_example_alias_consumer_with_no_taskflow', 'dataset_s3_bucket_producer_with_no_taskflow', 'dataset_s3_bucket_consumer_with_no_taskflow' retrieved from /Library/Frameworks/Python.framework/Versions/3.11/lib/python3.11/site-packages/airflow/example_dags/example_dataset_alias_with_no_taskflow.py
[2025-10-28T13:52:37.502-0400] {logging_mixin.py:190} INFO - [2025-10-28T13:52:37.502-0400] {dag.py:3239} INFO - Sync 4 DAGs
[2025-10-28T13:52:37.509-0400] {logging_mixin.py:190} INFO - [2025-10-28T13:52:37.508-0400] {dag.py:4180} INFO - Setting next_dagrun for dataset_alias_example_alias_consumer_with_no_taskflow to None, run_after=None
[2025-10-28T13:52:37.509-0400] {logging_mixin.py:190} INFO - [2025-10-28T13:52:37.509-0400] {dag.py:4180} INFO - Setting next_dagrun for dataset_alias_example_alias_producer_with_no_taskflow to None, run_after=None
[2025-10-28T13:52:37.510-0400] {logging_mixin.py:190} INFO - [2025-10-28T13:52:37.510-0400] {dag.py:4180} INFO - Setting next_dagrun for dataset_s3_bucket_consumer_with_no_taskflow to None, run_after=None
[2025-10-28T13:52:37.510-0400] {logging_mixin.py:190} INFO - [2025-10-28T13:52:37.510-0400] {dag.py:4180} INFO - Setting next_dagrun for dataset_s3_bucket_producer_with_no_taskflow to None, run_after=None
[2025-10-28T13:52:37.517-0400] {processor.py:208} INFO - Processing /Library/Frameworks/Python.framework/Versions/3.11/lib/python3.11/site-packages/airflow/example_dags/example_dataset_alias_with_no_taskflow.py took 0.096 seconds
[2025-10-28T13:54:24.342-0400] {processor.py:186} INFO - Started process (PID=80787) to work on /Library/Frameworks/Python.framework/Versions/3.11/lib/python3.11/site-packages/airflow/example_dags/example_dataset_alias_with_no_taskflow.py
[2025-10-28T13:54:24.343-0400] {processor.py:914} INFO - Processing file /Library/Frameworks/Python.framework/Versions/3.11/lib/python3.11/site-packages/airflow/example_dags/example_dataset_alias_with_no_taskflow.py for tasks to queue
[2025-10-28T13:54:24.343-0400] {logging_mixin.py:190} INFO - [2025-10-28T13:54:24.343-0400] {dagbag.py:588} INFO - Filling up the DagBag from /Library/Frameworks/Python.framework/Versions/3.11/lib/python3.11/site-packages/airflow/example_dags/example_dataset_alias_with_no_taskflow.py
[2025-10-28T13:54:24.393-0400] {processor.py:925} INFO - DAG(s) 'dataset_s3_bucket_producer_with_no_taskflow', 'dataset_alias_example_alias_producer_with_no_taskflow', 'dataset_alias_example_alias_consumer_with_no_taskflow', 'dataset_s3_bucket_consumer_with_no_taskflow' retrieved from /Library/Frameworks/Python.framework/Versions/3.11/lib/python3.11/site-packages/airflow/example_dags/example_dataset_alias_with_no_taskflow.py
[2025-10-28T13:54:24.400-0400] {logging_mixin.py:190} INFO - [2025-10-28T13:54:24.400-0400] {dag.py:3239} INFO - Sync 4 DAGs
[2025-10-28T13:54:24.405-0400] {logging_mixin.py:190} INFO - [2025-10-28T13:54:24.405-0400] {dag.py:4180} INFO - Setting next_dagrun for dataset_alias_example_alias_consumer_with_no_taskflow to None, run_after=None
[2025-10-28T13:54:24.406-0400] {logging_mixin.py:190} INFO - [2025-10-28T13:54:24.406-0400] {dag.py:4180} INFO - Setting next_dagrun for dataset_alias_example_alias_producer_with_no_taskflow to None, run_after=None
[2025-10-28T13:54:24.406-0400] {logging_mixin.py:190} INFO - [2025-10-28T13:54:24.406-0400] {dag.py:4180} INFO - Setting next_dagrun for dataset_s3_bucket_consumer_with_no_taskflow to None, run_after=None
[2025-10-28T13:54:24.406-0400] {logging_mixin.py:190} INFO - [2025-10-28T13:54:24.406-0400] {dag.py:4180} INFO - Setting next_dagrun for dataset_s3_bucket_producer_with_no_taskflow to None, run_after=None
[2025-10-28T13:54:24.412-0400] {processor.py:208} INFO - Processing /Library/Frameworks/Python.framework/Versions/3.11/lib/python3.11/site-packages/airflow/example_dags/example_dataset_alias_with_no_taskflow.py took 0.071 seconds
[2025-10-28T13:57:04.120-0400] {processor.py:186} INFO - Started process (PID=82174) to work on /Library/Frameworks/Python.framework/Versions/3.11/lib/python3.11/site-packages/airflow/example_dags/example_dataset_alias_with_no_taskflow.py
[2025-10-28T13:57:04.121-0400] {processor.py:914} INFO - Processing file /Library/Frameworks/Python.framework/Versions/3.11/lib/python3.11/site-packages/airflow/example_dags/example_dataset_alias_with_no_taskflow.py for tasks to queue
[2025-10-28T13:57:04.121-0400] {logging_mixin.py:190} INFO - [2025-10-28T13:57:04.121-0400] {dagbag.py:588} INFO - Filling up the DagBag from /Library/Frameworks/Python.framework/Versions/3.11/lib/python3.11/site-packages/airflow/example_dags/example_dataset_alias_with_no_taskflow.py
[2025-10-28T13:57:04.170-0400] {processor.py:925} INFO - DAG(s) 'dataset_s3_bucket_consumer_with_no_taskflow', 'dataset_alias_example_alias_consumer_with_no_taskflow', 'dataset_alias_example_alias_producer_with_no_taskflow', 'dataset_s3_bucket_producer_with_no_taskflow' retrieved from /Library/Frameworks/Python.framework/Versions/3.11/lib/python3.11/site-packages/airflow/example_dags/example_dataset_alias_with_no_taskflow.py
[2025-10-28T13:57:04.180-0400] {logging_mixin.py:190} INFO - [2025-10-28T13:57:04.180-0400] {dag.py:3239} INFO - Sync 4 DAGs
[2025-10-28T13:57:04.186-0400] {logging_mixin.py:190} INFO - [2025-10-28T13:57:04.186-0400] {dag.py:4180} INFO - Setting next_dagrun for dataset_alias_example_alias_consumer_with_no_taskflow to None, run_after=None
[2025-10-28T13:57:04.187-0400] {logging_mixin.py:190} INFO - [2025-10-28T13:57:04.186-0400] {dag.py:4180} INFO - Setting next_dagrun for dataset_alias_example_alias_producer_with_no_taskflow to None, run_after=None
[2025-10-28T13:57:04.187-0400] {logging_mixin.py:190} INFO - [2025-10-28T13:57:04.187-0400] {dag.py:4180} INFO - Setting next_dagrun for dataset_s3_bucket_consumer_with_no_taskflow to None, run_after=None
[2025-10-28T13:57:04.187-0400] {logging_mixin.py:190} INFO - [2025-10-28T13:57:04.187-0400] {dag.py:4180} INFO - Setting next_dagrun for dataset_s3_bucket_producer_with_no_taskflow to None, run_after=None
[2025-10-28T13:57:04.194-0400] {processor.py:208} INFO - Processing /Library/Frameworks/Python.framework/Versions/3.11/lib/python3.11/site-packages/airflow/example_dags/example_dataset_alias_with_no_taskflow.py took 0.076 seconds
[2025-10-28T14:00:55.048-0400] {processor.py:186} INFO - Started process (PID=84488) to work on /Library/Frameworks/Python.framework/Versions/3.11/lib/python3.11/site-packages/airflow/example_dags/example_dataset_alias_with_no_taskflow.py
[2025-10-28T14:00:55.049-0400] {processor.py:914} INFO - Processing file /Library/Frameworks/Python.framework/Versions/3.11/lib/python3.11/site-packages/airflow/example_dags/example_dataset_alias_with_no_taskflow.py for tasks to queue
[2025-10-28T14:00:55.049-0400] {logging_mixin.py:190} INFO - [2025-10-28T14:00:55.049-0400] {dagbag.py:588} INFO - Filling up the DagBag from /Library/Frameworks/Python.framework/Versions/3.11/lib/python3.11/site-packages/airflow/example_dags/example_dataset_alias_with_no_taskflow.py
[2025-10-28T14:00:55.098-0400] {processor.py:925} INFO - DAG(s) 'dataset_s3_bucket_consumer_with_no_taskflow', 'dataset_s3_bucket_producer_with_no_taskflow', 'dataset_alias_example_alias_consumer_with_no_taskflow', 'dataset_alias_example_alias_producer_with_no_taskflow' retrieved from /Library/Frameworks/Python.framework/Versions/3.11/lib/python3.11/site-packages/airflow/example_dags/example_dataset_alias_with_no_taskflow.py
[2025-10-28T14:00:55.106-0400] {logging_mixin.py:190} INFO - [2025-10-28T14:00:55.106-0400] {dag.py:3239} INFO - Sync 4 DAGs
[2025-10-28T14:00:55.111-0400] {logging_mixin.py:190} INFO - [2025-10-28T14:00:55.111-0400] {dag.py:4180} INFO - Setting next_dagrun for dataset_alias_example_alias_consumer_with_no_taskflow to None, run_after=None
[2025-10-28T14:00:55.112-0400] {logging_mixin.py:190} INFO - [2025-10-28T14:00:55.112-0400] {dag.py:4180} INFO - Setting next_dagrun for dataset_alias_example_alias_producer_with_no_taskflow to None, run_after=None
[2025-10-28T14:00:55.112-0400] {logging_mixin.py:190} INFO - [2025-10-28T14:00:55.112-0400] {dag.py:4180} INFO - Setting next_dagrun for dataset_s3_bucket_consumer_with_no_taskflow to None, run_after=None
[2025-10-28T14:00:55.113-0400] {logging_mixin.py:190} INFO - [2025-10-28T14:00:55.113-0400] {dag.py:4180} INFO - Setting next_dagrun for dataset_s3_bucket_producer_with_no_taskflow to None, run_after=None
[2025-10-28T14:00:55.119-0400] {processor.py:208} INFO - Processing /Library/Frameworks/Python.framework/Versions/3.11/lib/python3.11/site-packages/airflow/example_dags/example_dataset_alias_with_no_taskflow.py took 0.072 seconds
[2025-10-28T14:04:21.726-0400] {processor.py:186} INFO - Started process (PID=86959) to work on /Library/Frameworks/Python.framework/Versions/3.11/lib/python3.11/site-packages/airflow/example_dags/example_dataset_alias_with_no_taskflow.py
[2025-10-28T14:04:21.728-0400] {processor.py:914} INFO - Processing file /Library/Frameworks/Python.framework/Versions/3.11/lib/python3.11/site-packages/airflow/example_dags/example_dataset_alias_with_no_taskflow.py for tasks to queue
[2025-10-28T14:04:21.728-0400] {logging_mixin.py:190} INFO - [2025-10-28T14:04:21.728-0400] {dagbag.py:588} INFO - Filling up the DagBag from /Library/Frameworks/Python.framework/Versions/3.11/lib/python3.11/site-packages/airflow/example_dags/example_dataset_alias_with_no_taskflow.py
[2025-10-28T14:04:21.775-0400] {processor.py:925} INFO - DAG(s) 'dataset_alias_example_alias_consumer_with_no_taskflow', 'dataset_s3_bucket_producer_with_no_taskflow', 'dataset_alias_example_alias_producer_with_no_taskflow', 'dataset_s3_bucket_consumer_with_no_taskflow' retrieved from /Library/Frameworks/Python.framework/Versions/3.11/lib/python3.11/site-packages/airflow/example_dags/example_dataset_alias_with_no_taskflow.py
[2025-10-28T14:04:21.784-0400] {logging_mixin.py:190} INFO - [2025-10-28T14:04:21.784-0400] {dag.py:3239} INFO - Sync 4 DAGs
[2025-10-28T14:04:21.790-0400] {logging_mixin.py:190} INFO - [2025-10-28T14:04:21.790-0400] {dag.py:4180} INFO - Setting next_dagrun for dataset_alias_example_alias_consumer_with_no_taskflow to None, run_after=None
[2025-10-28T14:04:21.791-0400] {logging_mixin.py:190} INFO - [2025-10-28T14:04:21.791-0400] {dag.py:4180} INFO - Setting next_dagrun for dataset_alias_example_alias_producer_with_no_taskflow to None, run_after=None
[2025-10-28T14:04:21.791-0400] {logging_mixin.py:190} INFO - [2025-10-28T14:04:21.791-0400] {dag.py:4180} INFO - Setting next_dagrun for dataset_s3_bucket_consumer_with_no_taskflow to None, run_after=None
[2025-10-28T14:04:21.791-0400] {logging_mixin.py:190} INFO - [2025-10-28T14:04:21.791-0400] {dag.py:4180} INFO - Setting next_dagrun for dataset_s3_bucket_producer_with_no_taskflow to None, run_after=None
[2025-10-28T14:04:21.797-0400] {processor.py:208} INFO - Processing /Library/Frameworks/Python.framework/Versions/3.11/lib/python3.11/site-packages/airflow/example_dags/example_dataset_alias_with_no_taskflow.py took 0.072 seconds
[2025-10-28T14:06:41.292-0400] {processor.py:186} INFO - Started process (PID=88494) to work on /Library/Frameworks/Python.framework/Versions/3.11/lib/python3.11/site-packages/airflow/example_dags/example_dataset_alias_with_no_taskflow.py
[2025-10-28T14:06:41.293-0400] {processor.py:914} INFO - Processing file /Library/Frameworks/Python.framework/Versions/3.11/lib/python3.11/site-packages/airflow/example_dags/example_dataset_alias_with_no_taskflow.py for tasks to queue
[2025-10-28T14:06:41.293-0400] {logging_mixin.py:190} INFO - [2025-10-28T14:06:41.293-0400] {dagbag.py:588} INFO - Filling up the DagBag from /Library/Frameworks/Python.framework/Versions/3.11/lib/python3.11/site-packages/airflow/example_dags/example_dataset_alias_with_no_taskflow.py
[2025-10-28T14:06:41.337-0400] {processor.py:925} INFO - DAG(s) 'dataset_s3_bucket_producer_with_no_taskflow', 'dataset_alias_example_alias_consumer_with_no_taskflow', 'dataset_alias_example_alias_producer_with_no_taskflow', 'dataset_s3_bucket_consumer_with_no_taskflow' retrieved from /Library/Frameworks/Python.framework/Versions/3.11/lib/python3.11/site-packages/airflow/example_dags/example_dataset_alias_with_no_taskflow.py
[2025-10-28T14:06:41.344-0400] {logging_mixin.py:190} INFO - [2025-10-28T14:06:41.344-0400] {dag.py:3239} INFO - Sync 4 DAGs
[2025-10-28T14:06:41.349-0400] {logging_mixin.py:190} INFO - [2025-10-28T14:06:41.349-0400] {dag.py:4180} INFO - Setting next_dagrun for dataset_alias_example_alias_consumer_with_no_taskflow to None, run_after=None
[2025-10-28T14:06:41.350-0400] {logging_mixin.py:190} INFO - [2025-10-28T14:06:41.350-0400] {dag.py:4180} INFO - Setting next_dagrun for dataset_alias_example_alias_producer_with_no_taskflow to None, run_after=None
[2025-10-28T14:06:41.350-0400] {logging_mixin.py:190} INFO - [2025-10-28T14:06:41.350-0400] {dag.py:4180} INFO - Setting next_dagrun for dataset_s3_bucket_consumer_with_no_taskflow to None, run_after=None
[2025-10-28T14:06:41.350-0400] {logging_mixin.py:190} INFO - [2025-10-28T14:06:41.350-0400] {dag.py:4180} INFO - Setting next_dagrun for dataset_s3_bucket_producer_with_no_taskflow to None, run_after=None
[2025-10-28T14:06:41.356-0400] {processor.py:208} INFO - Processing /Library/Frameworks/Python.framework/Versions/3.11/lib/python3.11/site-packages/airflow/example_dags/example_dataset_alias_with_no_taskflow.py took 0.065 seconds
[2025-10-28T14:10:12.472-0400] {processor.py:186} INFO - Started process (PID=90860) to work on /Library/Frameworks/Python.framework/Versions/3.11/lib/python3.11/site-packages/airflow/example_dags/example_dataset_alias_with_no_taskflow.py
[2025-10-28T14:10:12.473-0400] {processor.py:914} INFO - Processing file /Library/Frameworks/Python.framework/Versions/3.11/lib/python3.11/site-packages/airflow/example_dags/example_dataset_alias_with_no_taskflow.py for tasks to queue
[2025-10-28T14:10:12.473-0400] {logging_mixin.py:190} INFO - [2025-10-28T14:10:12.473-0400] {dagbag.py:588} INFO - Filling up the DagBag from /Library/Frameworks/Python.framework/Versions/3.11/lib/python3.11/site-packages/airflow/example_dags/example_dataset_alias_with_no_taskflow.py
[2025-10-28T14:10:12.517-0400] {processor.py:925} INFO - DAG(s) 'dataset_s3_bucket_producer_with_no_taskflow', 'dataset_alias_example_alias_consumer_with_no_taskflow', 'dataset_alias_example_alias_producer_with_no_taskflow', 'dataset_s3_bucket_consumer_with_no_taskflow' retrieved from /Library/Frameworks/Python.framework/Versions/3.11/lib/python3.11/site-packages/airflow/example_dags/example_dataset_alias_with_no_taskflow.py
[2025-10-28T14:10:12.525-0400] {logging_mixin.py:190} INFO - [2025-10-28T14:10:12.525-0400] {dag.py:3239} INFO - Sync 4 DAGs
[2025-10-28T14:10:12.530-0400] {logging_mixin.py:190} INFO - [2025-10-28T14:10:12.530-0400] {dag.py:4180} INFO - Setting next_dagrun for dataset_alias_example_alias_consumer_with_no_taskflow to None, run_after=None
[2025-10-28T14:10:12.531-0400] {logging_mixin.py:190} INFO - [2025-10-28T14:10:12.531-0400] {dag.py:4180} INFO - Setting next_dagrun for dataset_alias_example_alias_producer_with_no_taskflow to None, run_after=None
[2025-10-28T14:10:12.531-0400] {logging_mixin.py:190} INFO - [2025-10-28T14:10:12.531-0400] {dag.py:4180} INFO - Setting next_dagrun for dataset_s3_bucket_consumer_with_no_taskflow to None, run_after=None
[2025-10-28T14:10:12.531-0400] {logging_mixin.py:190} INFO - [2025-10-28T14:10:12.531-0400] {dag.py:4180} INFO - Setting next_dagrun for dataset_s3_bucket_producer_with_no_taskflow to None, run_after=None
[2025-10-28T14:10:12.538-0400] {processor.py:208} INFO - Processing /Library/Frameworks/Python.framework/Versions/3.11/lib/python3.11/site-packages/airflow/example_dags/example_dataset_alias_with_no_taskflow.py took 0.068 seconds
[2025-10-28T14:12:29.128-0400] {processor.py:186} INFO - Started process (PID=92278) to work on /Library/Frameworks/Python.framework/Versions/3.11/lib/python3.11/site-packages/airflow/example_dags/example_dataset_alias_with_no_taskflow.py
[2025-10-28T14:12:29.129-0400] {processor.py:914} INFO - Processing file /Library/Frameworks/Python.framework/Versions/3.11/lib/python3.11/site-packages/airflow/example_dags/example_dataset_alias_with_no_taskflow.py for tasks to queue
[2025-10-28T14:12:29.130-0400] {logging_mixin.py:190} INFO - [2025-10-28T14:12:29.130-0400] {dagbag.py:588} INFO - Filling up the DagBag from /Library/Frameworks/Python.framework/Versions/3.11/lib/python3.11/site-packages/airflow/example_dags/example_dataset_alias_with_no_taskflow.py
[2025-10-28T14:12:29.176-0400] {processor.py:925} INFO - DAG(s) 'dataset_alias_example_alias_producer_with_no_taskflow', 'dataset_alias_example_alias_consumer_with_no_taskflow', 'dataset_s3_bucket_producer_with_no_taskflow', 'dataset_s3_bucket_consumer_with_no_taskflow' retrieved from /Library/Frameworks/Python.framework/Versions/3.11/lib/python3.11/site-packages/airflow/example_dags/example_dataset_alias_with_no_taskflow.py
[2025-10-28T14:12:29.183-0400] {logging_mixin.py:190} INFO - [2025-10-28T14:12:29.183-0400] {dag.py:3239} INFO - Sync 4 DAGs
[2025-10-28T14:12:29.188-0400] {logging_mixin.py:190} INFO - [2025-10-28T14:12:29.188-0400] {dag.py:4180} INFO - Setting next_dagrun for dataset_alias_example_alias_consumer_with_no_taskflow to None, run_after=None
[2025-10-28T14:12:29.188-0400] {logging_mixin.py:190} INFO - [2025-10-28T14:12:29.188-0400] {dag.py:4180} INFO - Setting next_dagrun for dataset_alias_example_alias_producer_with_no_taskflow to None, run_after=None
[2025-10-28T14:12:29.188-0400] {logging_mixin.py:190} INFO - [2025-10-28T14:12:29.188-0400] {dag.py:4180} INFO - Setting next_dagrun for dataset_s3_bucket_consumer_with_no_taskflow to None, run_after=None
[2025-10-28T14:12:29.189-0400] {logging_mixin.py:190} INFO - [2025-10-28T14:12:29.189-0400] {dag.py:4180} INFO - Setting next_dagrun for dataset_s3_bucket_producer_with_no_taskflow to None, run_after=None
[2025-10-28T14:12:29.195-0400] {processor.py:208} INFO - Processing /Library/Frameworks/Python.framework/Versions/3.11/lib/python3.11/site-packages/airflow/example_dags/example_dataset_alias_with_no_taskflow.py took 0.068 seconds
[2025-10-28T14:14:53.785-0400] {processor.py:186} INFO - Started process (PID=93532) to work on /Library/Frameworks/Python.framework/Versions/3.11/lib/python3.11/site-packages/airflow/example_dags/example_dataset_alias_with_no_taskflow.py
[2025-10-28T14:14:53.787-0400] {processor.py:914} INFO - Processing file /Library/Frameworks/Python.framework/Versions/3.11/lib/python3.11/site-packages/airflow/example_dags/example_dataset_alias_with_no_taskflow.py for tasks to queue
[2025-10-28T14:14:53.788-0400] {logging_mixin.py:190} INFO - [2025-10-28T14:14:53.788-0400] {dagbag.py:588} INFO - Filling up the DagBag from /Library/Frameworks/Python.framework/Versions/3.11/lib/python3.11/site-packages/airflow/example_dags/example_dataset_alias_with_no_taskflow.py
[2025-10-28T14:14:53.834-0400] {processor.py:925} INFO - DAG(s) 'dataset_alias_example_alias_producer_with_no_taskflow', 'dataset_s3_bucket_producer_with_no_taskflow', 'dataset_s3_bucket_consumer_with_no_taskflow', 'dataset_alias_example_alias_consumer_with_no_taskflow' retrieved from /Library/Frameworks/Python.framework/Versions/3.11/lib/python3.11/site-packages/airflow/example_dags/example_dataset_alias_with_no_taskflow.py
[2025-10-28T14:14:53.841-0400] {logging_mixin.py:190} INFO - [2025-10-28T14:14:53.841-0400] {dag.py:3239} INFO - Sync 4 DAGs
[2025-10-28T14:14:53.846-0400] {logging_mixin.py:190} INFO - [2025-10-28T14:14:53.846-0400] {dag.py:4180} INFO - Setting next_dagrun for dataset_alias_example_alias_consumer_with_no_taskflow to None, run_after=None
[2025-10-28T14:14:53.846-0400] {logging_mixin.py:190} INFO - [2025-10-28T14:14:53.846-0400] {dag.py:4180} INFO - Setting next_dagrun for dataset_alias_example_alias_producer_with_no_taskflow to None, run_after=None
[2025-10-28T14:14:53.847-0400] {logging_mixin.py:190} INFO - [2025-10-28T14:14:53.847-0400] {dag.py:4180} INFO - Setting next_dagrun for dataset_s3_bucket_consumer_with_no_taskflow to None, run_after=None
[2025-10-28T14:14:53.847-0400] {logging_mixin.py:190} INFO - [2025-10-28T14:14:53.847-0400] {dag.py:4180} INFO - Setting next_dagrun for dataset_s3_bucket_producer_with_no_taskflow to None, run_after=None
[2025-10-28T14:14:53.853-0400] {processor.py:208} INFO - Processing /Library/Frameworks/Python.framework/Versions/3.11/lib/python3.11/site-packages/airflow/example_dags/example_dataset_alias_with_no_taskflow.py took 0.069 seconds
[2025-10-28T14:18:22.753-0400] {processor.py:186} INFO - Started process (PID=95864) to work on /Library/Frameworks/Python.framework/Versions/3.11/lib/python3.11/site-packages/airflow/example_dags/example_dataset_alias_with_no_taskflow.py
[2025-10-28T14:18:22.754-0400] {processor.py:914} INFO - Processing file /Library/Frameworks/Python.framework/Versions/3.11/lib/python3.11/site-packages/airflow/example_dags/example_dataset_alias_with_no_taskflow.py for tasks to queue
[2025-10-28T14:18:22.755-0400] {logging_mixin.py:190} INFO - [2025-10-28T14:18:22.755-0400] {dagbag.py:588} INFO - Filling up the DagBag from /Library/Frameworks/Python.framework/Versions/3.11/lib/python3.11/site-packages/airflow/example_dags/example_dataset_alias_with_no_taskflow.py
[2025-10-28T14:18:22.802-0400] {processor.py:925} INFO - DAG(s) 'dataset_alias_example_alias_consumer_with_no_taskflow', 'dataset_s3_bucket_consumer_with_no_taskflow', 'dataset_alias_example_alias_producer_with_no_taskflow', 'dataset_s3_bucket_producer_with_no_taskflow' retrieved from /Library/Frameworks/Python.framework/Versions/3.11/lib/python3.11/site-packages/airflow/example_dags/example_dataset_alias_with_no_taskflow.py
[2025-10-28T14:18:22.810-0400] {logging_mixin.py:190} INFO - [2025-10-28T14:18:22.810-0400] {dag.py:3239} INFO - Sync 4 DAGs
[2025-10-28T14:18:22.816-0400] {logging_mixin.py:190} INFO - [2025-10-28T14:18:22.816-0400] {dag.py:4180} INFO - Setting next_dagrun for dataset_alias_example_alias_consumer_with_no_taskflow to None, run_after=None
[2025-10-28T14:18:22.816-0400] {logging_mixin.py:190} INFO - [2025-10-28T14:18:22.816-0400] {dag.py:4180} INFO - Setting next_dagrun for dataset_alias_example_alias_producer_with_no_taskflow to None, run_after=None
[2025-10-28T14:18:22.816-0400] {logging_mixin.py:190} INFO - [2025-10-28T14:18:22.816-0400] {dag.py:4180} INFO - Setting next_dagrun for dataset_s3_bucket_consumer_with_no_taskflow to None, run_after=None
[2025-10-28T14:18:22.817-0400] {logging_mixin.py:190} INFO - [2025-10-28T14:18:22.817-0400] {dag.py:4180} INFO - Setting next_dagrun for dataset_s3_bucket_producer_with_no_taskflow to None, run_after=None
[2025-10-28T14:18:22.823-0400] {processor.py:208} INFO - Processing /Library/Frameworks/Python.framework/Versions/3.11/lib/python3.11/site-packages/airflow/example_dags/example_dataset_alias_with_no_taskflow.py took 0.071 seconds
[2025-10-28T14:20:51.662-0400] {processor.py:186} INFO - Started process (PID=97225) to work on /Library/Frameworks/Python.framework/Versions/3.11/lib/python3.11/site-packages/airflow/example_dags/example_dataset_alias_with_no_taskflow.py
[2025-10-28T14:20:51.664-0400] {processor.py:914} INFO - Processing file /Library/Frameworks/Python.framework/Versions/3.11/lib/python3.11/site-packages/airflow/example_dags/example_dataset_alias_with_no_taskflow.py for tasks to queue
[2025-10-28T14:20:51.665-0400] {logging_mixin.py:190} INFO - [2025-10-28T14:20:51.665-0400] {dagbag.py:588} INFO - Filling up the DagBag from /Library/Frameworks/Python.framework/Versions/3.11/lib/python3.11/site-packages/airflow/example_dags/example_dataset_alias_with_no_taskflow.py
[2025-10-28T14:20:51.715-0400] {processor.py:925} INFO - DAG(s) 'dataset_s3_bucket_producer_with_no_taskflow', 'dataset_s3_bucket_consumer_with_no_taskflow', 'dataset_alias_example_alias_producer_with_no_taskflow', 'dataset_alias_example_alias_consumer_with_no_taskflow' retrieved from /Library/Frameworks/Python.framework/Versions/3.11/lib/python3.11/site-packages/airflow/example_dags/example_dataset_alias_with_no_taskflow.py
[2025-10-28T14:20:51.724-0400] {logging_mixin.py:190} INFO - [2025-10-28T14:20:51.724-0400] {dag.py:3239} INFO - Sync 4 DAGs
[2025-10-28T14:20:51.730-0400] {logging_mixin.py:190} INFO - [2025-10-28T14:20:51.730-0400] {dag.py:4180} INFO - Setting next_dagrun for dataset_alias_example_alias_consumer_with_no_taskflow to None, run_after=None
[2025-10-28T14:20:51.731-0400] {logging_mixin.py:190} INFO - [2025-10-28T14:20:51.731-0400] {dag.py:4180} INFO - Setting next_dagrun for dataset_alias_example_alias_producer_with_no_taskflow to None, run_after=None
[2025-10-28T14:20:51.731-0400] {logging_mixin.py:190} INFO - [2025-10-28T14:20:51.731-0400] {dag.py:4180} INFO - Setting next_dagrun for dataset_s3_bucket_consumer_with_no_taskflow to None, run_after=None
[2025-10-28T14:20:51.732-0400] {logging_mixin.py:190} INFO - [2025-10-28T14:20:51.732-0400] {dag.py:4180} INFO - Setting next_dagrun for dataset_s3_bucket_producer_with_no_taskflow to None, run_after=None
[2025-10-28T14:20:51.738-0400] {processor.py:208} INFO - Processing /Library/Frameworks/Python.framework/Versions/3.11/lib/python3.11/site-packages/airflow/example_dags/example_dataset_alias_with_no_taskflow.py took 0.078 seconds
