[2025-10-28T13:31:23.098-0400] {processor.py:186} INFO - Started process (PID=68563) to work on /Library/Frameworks/Python.framework/Versions/3.11/lib/python3.11/site-packages/airflow/example_dags/example_outlet_event_extra.py
[2025-10-28T13:31:23.100-0400] {processor.py:914} INFO - Processing file /Library/Frameworks/Python.framework/Versions/3.11/lib/python3.11/site-packages/airflow/example_dags/example_outlet_event_extra.py for tasks to queue
[2025-10-28T13:31:23.100-0400] {logging_mixin.py:190} INFO - [2025-10-28T13:31:23.100-0400] {dagbag.py:588} INFO - Filling up the DagBag from /Library/Frameworks/Python.framework/Versions/3.11/lib/python3.11/site-packages/airflow/example_dags/example_outlet_event_extra.py
[2025-10-28T13:31:23.135-0400] {processor.py:925} INFO - DAG(s) 'dataset_with_extra_by_yield', 'dataset_with_extra_by_context', 'dataset_with_extra_from_classic_operator' retrieved from /Library/Frameworks/Python.framework/Versions/3.11/lib/python3.11/site-packages/airflow/example_dags/example_outlet_event_extra.py
[2025-10-28T13:31:23.188-0400] {logging_mixin.py:190} INFO - [2025-10-28T13:31:23.188-0400] {dag.py:3239} INFO - Sync 3 DAGs
[2025-10-28T13:31:23.194-0400] {logging_mixin.py:190} INFO - [2025-10-28T13:31:23.194-0400] {dag.py:4180} INFO - Setting next_dagrun for dataset_with_extra_by_context to 2025-10-27 00:00:00+00:00, run_after=2025-10-28 00:00:00+00:00
[2025-10-28T13:31:23.195-0400] {logging_mixin.py:190} INFO - [2025-10-28T13:31:23.195-0400] {dag.py:4180} INFO - Setting next_dagrun for dataset_with_extra_by_yield to 2025-10-27 00:00:00+00:00, run_after=2025-10-28 00:00:00+00:00
[2025-10-28T13:31:23.195-0400] {logging_mixin.py:190} INFO - [2025-10-28T13:31:23.195-0400] {dag.py:4180} INFO - Setting next_dagrun for dataset_with_extra_from_classic_operator to 2025-10-27 00:00:00+00:00, run_after=2025-10-28 00:00:00+00:00
[2025-10-28T13:31:23.201-0400] {processor.py:208} INFO - Processing /Library/Frameworks/Python.framework/Versions/3.11/lib/python3.11/site-packages/airflow/example_dags/example_outlet_event_extra.py took 0.103 seconds
[2025-10-28T13:33:01.396-0400] {processor.py:186} INFO - Started process (PID=69430) to work on /Library/Frameworks/Python.framework/Versions/3.11/lib/python3.11/site-packages/airflow/example_dags/example_outlet_event_extra.py
[2025-10-28T13:33:01.397-0400] {processor.py:914} INFO - Processing file /Library/Frameworks/Python.framework/Versions/3.11/lib/python3.11/site-packages/airflow/example_dags/example_outlet_event_extra.py for tasks to queue
[2025-10-28T13:33:01.398-0400] {logging_mixin.py:190} INFO - [2025-10-28T13:33:01.398-0400] {dagbag.py:588} INFO - Filling up the DagBag from /Library/Frameworks/Python.framework/Versions/3.11/lib/python3.11/site-packages/airflow/example_dags/example_outlet_event_extra.py
[2025-10-28T13:33:01.431-0400] {processor.py:925} INFO - DAG(s) 'dataset_with_extra_by_yield', 'dataset_with_extra_by_context', 'dataset_with_extra_from_classic_operator' retrieved from /Library/Frameworks/Python.framework/Versions/3.11/lib/python3.11/site-packages/airflow/example_dags/example_outlet_event_extra.py
[2025-10-28T13:33:01.458-0400] {logging_mixin.py:190} INFO - [2025-10-28T13:33:01.458-0400] {dag.py:3239} INFO - Sync 3 DAGs
[2025-10-28T13:33:01.464-0400] {logging_mixin.py:190} INFO - [2025-10-28T13:33:01.464-0400] {dag.py:4180} INFO - Setting next_dagrun for dataset_with_extra_by_context to 2025-10-27 00:00:00+00:00, run_after=2025-10-28 00:00:00+00:00
[2025-10-28T13:33:01.465-0400] {logging_mixin.py:190} INFO - [2025-10-28T13:33:01.465-0400] {dag.py:4180} INFO - Setting next_dagrun for dataset_with_extra_by_yield to 2025-10-27 00:00:00+00:00, run_after=2025-10-28 00:00:00+00:00
[2025-10-28T13:33:01.465-0400] {logging_mixin.py:190} INFO - [2025-10-28T13:33:01.465-0400] {dag.py:4180} INFO - Setting next_dagrun for dataset_with_extra_from_classic_operator to 2025-10-27 00:00:00+00:00, run_after=2025-10-28 00:00:00+00:00
[2025-10-28T13:33:01.471-0400] {processor.py:208} INFO - Processing /Library/Frameworks/Python.framework/Versions/3.11/lib/python3.11/site-packages/airflow/example_dags/example_outlet_event_extra.py took 0.076 seconds
[2025-10-28T13:35:14.877-0400] {processor.py:186} INFO - Started process (PID=70564) to work on /Library/Frameworks/Python.framework/Versions/3.11/lib/python3.11/site-packages/airflow/example_dags/example_outlet_event_extra.py
[2025-10-28T13:35:14.879-0400] {processor.py:914} INFO - Processing file /Library/Frameworks/Python.framework/Versions/3.11/lib/python3.11/site-packages/airflow/example_dags/example_outlet_event_extra.py for tasks to queue
[2025-10-28T13:35:14.879-0400] {logging_mixin.py:190} INFO - [2025-10-28T13:35:14.879-0400] {dagbag.py:588} INFO - Filling up the DagBag from /Library/Frameworks/Python.framework/Versions/3.11/lib/python3.11/site-packages/airflow/example_dags/example_outlet_event_extra.py
[2025-10-28T13:35:14.912-0400] {processor.py:925} INFO - DAG(s) 'dataset_with_extra_by_yield', 'dataset_with_extra_from_classic_operator', 'dataset_with_extra_by_context' retrieved from /Library/Frameworks/Python.framework/Versions/3.11/lib/python3.11/site-packages/airflow/example_dags/example_outlet_event_extra.py
[2025-10-28T13:35:14.939-0400] {logging_mixin.py:190} INFO - [2025-10-28T13:35:14.939-0400] {dag.py:3239} INFO - Sync 3 DAGs
[2025-10-28T13:35:14.944-0400] {logging_mixin.py:190} INFO - [2025-10-28T13:35:14.944-0400] {dag.py:4180} INFO - Setting next_dagrun for dataset_with_extra_by_context to 2025-10-27 00:00:00+00:00, run_after=2025-10-28 00:00:00+00:00
[2025-10-28T13:35:14.945-0400] {logging_mixin.py:190} INFO - [2025-10-28T13:35:14.945-0400] {dag.py:4180} INFO - Setting next_dagrun for dataset_with_extra_by_yield to 2025-10-27 00:00:00+00:00, run_after=2025-10-28 00:00:00+00:00
[2025-10-28T13:35:14.946-0400] {logging_mixin.py:190} INFO - [2025-10-28T13:35:14.946-0400] {dag.py:4180} INFO - Setting next_dagrun for dataset_with_extra_from_classic_operator to 2025-10-27 00:00:00+00:00, run_after=2025-10-28 00:00:00+00:00
[2025-10-28T13:35:14.952-0400] {processor.py:208} INFO - Processing /Library/Frameworks/Python.framework/Versions/3.11/lib/python3.11/site-packages/airflow/example_dags/example_outlet_event_extra.py took 0.076 seconds
[2025-10-28T13:37:24.274-0400] {processor.py:186} INFO - Started process (PID=71677) to work on /Library/Frameworks/Python.framework/Versions/3.11/lib/python3.11/site-packages/airflow/example_dags/example_outlet_event_extra.py
[2025-10-28T13:37:24.275-0400] {processor.py:914} INFO - Processing file /Library/Frameworks/Python.framework/Versions/3.11/lib/python3.11/site-packages/airflow/example_dags/example_outlet_event_extra.py for tasks to queue
[2025-10-28T13:37:24.275-0400] {logging_mixin.py:190} INFO - [2025-10-28T13:37:24.275-0400] {dagbag.py:588} INFO - Filling up the DagBag from /Library/Frameworks/Python.framework/Versions/3.11/lib/python3.11/site-packages/airflow/example_dags/example_outlet_event_extra.py
[2025-10-28T13:37:24.308-0400] {processor.py:925} INFO - DAG(s) 'dataset_with_extra_by_yield', 'dataset_with_extra_by_context', 'dataset_with_extra_from_classic_operator' retrieved from /Library/Frameworks/Python.framework/Versions/3.11/lib/python3.11/site-packages/airflow/example_dags/example_outlet_event_extra.py
[2025-10-28T13:37:24.337-0400] {logging_mixin.py:190} INFO - [2025-10-28T13:37:24.337-0400] {dag.py:3239} INFO - Sync 3 DAGs
[2025-10-28T13:37:24.342-0400] {logging_mixin.py:190} INFO - [2025-10-28T13:37:24.342-0400] {dag.py:4180} INFO - Setting next_dagrun for dataset_with_extra_by_context to 2025-10-27 00:00:00+00:00, run_after=2025-10-28 00:00:00+00:00
[2025-10-28T13:37:24.343-0400] {logging_mixin.py:190} INFO - [2025-10-28T13:37:24.343-0400] {dag.py:4180} INFO - Setting next_dagrun for dataset_with_extra_by_yield to 2025-10-27 00:00:00+00:00, run_after=2025-10-28 00:00:00+00:00
[2025-10-28T13:37:24.344-0400] {logging_mixin.py:190} INFO - [2025-10-28T13:37:24.344-0400] {dag.py:4180} INFO - Setting next_dagrun for dataset_with_extra_from_classic_operator to 2025-10-27 00:00:00+00:00, run_after=2025-10-28 00:00:00+00:00
[2025-10-28T13:37:24.350-0400] {processor.py:208} INFO - Processing /Library/Frameworks/Python.framework/Versions/3.11/lib/python3.11/site-packages/airflow/example_dags/example_outlet_event_extra.py took 0.076 seconds
[2025-10-28T13:39:45.904-0400] {processor.py:186} INFO - Started process (PID=72874) to work on /Library/Frameworks/Python.framework/Versions/3.11/lib/python3.11/site-packages/airflow/example_dags/example_outlet_event_extra.py
[2025-10-28T13:39:45.905-0400] {processor.py:914} INFO - Processing file /Library/Frameworks/Python.framework/Versions/3.11/lib/python3.11/site-packages/airflow/example_dags/example_outlet_event_extra.py for tasks to queue
[2025-10-28T13:39:45.906-0400] {logging_mixin.py:190} INFO - [2025-10-28T13:39:45.906-0400] {dagbag.py:588} INFO - Filling up the DagBag from /Library/Frameworks/Python.framework/Versions/3.11/lib/python3.11/site-packages/airflow/example_dags/example_outlet_event_extra.py
[2025-10-28T13:39:45.960-0400] {processor.py:925} INFO - DAG(s) 'dataset_with_extra_from_classic_operator', 'dataset_with_extra_by_yield', 'dataset_with_extra_by_context' retrieved from /Library/Frameworks/Python.framework/Versions/3.11/lib/python3.11/site-packages/airflow/example_dags/example_outlet_event_extra.py
[2025-10-28T13:39:46.014-0400] {logging_mixin.py:190} INFO - [2025-10-28T13:39:46.013-0400] {dag.py:3239} INFO - Sync 3 DAGs
[2025-10-28T13:39:46.023-0400] {logging_mixin.py:190} INFO - [2025-10-28T13:39:46.023-0400] {dag.py:4180} INFO - Setting next_dagrun for dataset_with_extra_by_context to 2025-10-27 00:00:00+00:00, run_after=2025-10-28 00:00:00+00:00
[2025-10-28T13:39:46.025-0400] {logging_mixin.py:190} INFO - [2025-10-28T13:39:46.025-0400] {dag.py:4180} INFO - Setting next_dagrun for dataset_with_extra_by_yield to 2025-10-27 00:00:00+00:00, run_after=2025-10-28 00:00:00+00:00
[2025-10-28T13:39:46.026-0400] {logging_mixin.py:190} INFO - [2025-10-28T13:39:46.026-0400] {dag.py:4180} INFO - Setting next_dagrun for dataset_with_extra_from_classic_operator to 2025-10-27 00:00:00+00:00, run_after=2025-10-28 00:00:00+00:00
[2025-10-28T13:39:46.037-0400] {processor.py:208} INFO - Processing /Library/Frameworks/Python.framework/Versions/3.11/lib/python3.11/site-packages/airflow/example_dags/example_outlet_event_extra.py took 0.134 seconds
[2025-10-28T13:42:11.061-0400] {processor.py:186} INFO - Started process (PID=74118) to work on /Library/Frameworks/Python.framework/Versions/3.11/lib/python3.11/site-packages/airflow/example_dags/example_outlet_event_extra.py
[2025-10-28T13:42:11.063-0400] {processor.py:914} INFO - Processing file /Library/Frameworks/Python.framework/Versions/3.11/lib/python3.11/site-packages/airflow/example_dags/example_outlet_event_extra.py for tasks to queue
[2025-10-28T13:42:11.064-0400] {logging_mixin.py:190} INFO - [2025-10-28T13:42:11.064-0400] {dagbag.py:588} INFO - Filling up the DagBag from /Library/Frameworks/Python.framework/Versions/3.11/lib/python3.11/site-packages/airflow/example_dags/example_outlet_event_extra.py
[2025-10-28T13:42:11.098-0400] {processor.py:925} INFO - DAG(s) 'dataset_with_extra_from_classic_operator', 'dataset_with_extra_by_yield', 'dataset_with_extra_by_context' retrieved from /Library/Frameworks/Python.framework/Versions/3.11/lib/python3.11/site-packages/airflow/example_dags/example_outlet_event_extra.py
[2025-10-28T13:42:11.127-0400] {logging_mixin.py:190} INFO - [2025-10-28T13:42:11.127-0400] {dag.py:3239} INFO - Sync 3 DAGs
[2025-10-28T13:42:11.134-0400] {logging_mixin.py:190} INFO - [2025-10-28T13:42:11.134-0400] {dag.py:4180} INFO - Setting next_dagrun for dataset_with_extra_by_context to 2025-10-27 00:00:00+00:00, run_after=2025-10-28 00:00:00+00:00
[2025-10-28T13:42:11.135-0400] {logging_mixin.py:190} INFO - [2025-10-28T13:42:11.135-0400] {dag.py:4180} INFO - Setting next_dagrun for dataset_with_extra_by_yield to 2025-10-27 00:00:00+00:00, run_after=2025-10-28 00:00:00+00:00
[2025-10-28T13:42:11.135-0400] {logging_mixin.py:190} INFO - [2025-10-28T13:42:11.135-0400] {dag.py:4180} INFO - Setting next_dagrun for dataset_with_extra_from_classic_operator to 2025-10-27 00:00:00+00:00, run_after=2025-10-28 00:00:00+00:00
[2025-10-28T13:42:11.142-0400] {processor.py:208} INFO - Processing /Library/Frameworks/Python.framework/Versions/3.11/lib/python3.11/site-packages/airflow/example_dags/example_outlet_event_extra.py took 0.081 seconds
[2025-10-28T13:44:34.537-0400] {processor.py:186} INFO - Started process (PID=75386) to work on /Library/Frameworks/Python.framework/Versions/3.11/lib/python3.11/site-packages/airflow/example_dags/example_outlet_event_extra.py
[2025-10-28T13:44:34.538-0400] {processor.py:914} INFO - Processing file /Library/Frameworks/Python.framework/Versions/3.11/lib/python3.11/site-packages/airflow/example_dags/example_outlet_event_extra.py for tasks to queue
[2025-10-28T13:44:34.538-0400] {logging_mixin.py:190} INFO - [2025-10-28T13:44:34.538-0400] {dagbag.py:588} INFO - Filling up the DagBag from /Library/Frameworks/Python.framework/Versions/3.11/lib/python3.11/site-packages/airflow/example_dags/example_outlet_event_extra.py
[2025-10-28T13:44:34.576-0400] {processor.py:925} INFO - DAG(s) 'dataset_with_extra_by_yield', 'dataset_with_extra_from_classic_operator', 'dataset_with_extra_by_context' retrieved from /Library/Frameworks/Python.framework/Versions/3.11/lib/python3.11/site-packages/airflow/example_dags/example_outlet_event_extra.py
[2025-10-28T13:44:34.606-0400] {logging_mixin.py:190} INFO - [2025-10-28T13:44:34.606-0400] {dag.py:3239} INFO - Sync 3 DAGs
[2025-10-28T13:44:34.614-0400] {logging_mixin.py:190} INFO - [2025-10-28T13:44:34.614-0400] {dag.py:4180} INFO - Setting next_dagrun for dataset_with_extra_by_context to 2025-10-27 00:00:00+00:00, run_after=2025-10-28 00:00:00+00:00
[2025-10-28T13:44:34.615-0400] {logging_mixin.py:190} INFO - [2025-10-28T13:44:34.615-0400] {dag.py:4180} INFO - Setting next_dagrun for dataset_with_extra_by_yield to 2025-10-27 00:00:00+00:00, run_after=2025-10-28 00:00:00+00:00
[2025-10-28T13:44:34.616-0400] {logging_mixin.py:190} INFO - [2025-10-28T13:44:34.616-0400] {dag.py:4180} INFO - Setting next_dagrun for dataset_with_extra_from_classic_operator to 2025-10-27 00:00:00+00:00, run_after=2025-10-28 00:00:00+00:00
[2025-10-28T13:44:34.623-0400] {processor.py:208} INFO - Processing /Library/Frameworks/Python.framework/Versions/3.11/lib/python3.11/site-packages/airflow/example_dags/example_outlet_event_extra.py took 0.087 seconds
[2025-10-28T13:46:59.960-0400] {processor.py:186} INFO - Started process (PID=76656) to work on /Library/Frameworks/Python.framework/Versions/3.11/lib/python3.11/site-packages/airflow/example_dags/example_outlet_event_extra.py
[2025-10-28T13:46:59.961-0400] {processor.py:914} INFO - Processing file /Library/Frameworks/Python.framework/Versions/3.11/lib/python3.11/site-packages/airflow/example_dags/example_outlet_event_extra.py for tasks to queue
[2025-10-28T13:46:59.961-0400] {logging_mixin.py:190} INFO - [2025-10-28T13:46:59.961-0400] {dagbag.py:588} INFO - Filling up the DagBag from /Library/Frameworks/Python.framework/Versions/3.11/lib/python3.11/site-packages/airflow/example_dags/example_outlet_event_extra.py
[2025-10-28T13:47:00.001-0400] {processor.py:925} INFO - DAG(s) 'dataset_with_extra_from_classic_operator', 'dataset_with_extra_by_context', 'dataset_with_extra_by_yield' retrieved from /Library/Frameworks/Python.framework/Versions/3.11/lib/python3.11/site-packages/airflow/example_dags/example_outlet_event_extra.py
[2025-10-28T13:47:00.031-0400] {logging_mixin.py:190} INFO - [2025-10-28T13:47:00.031-0400] {dag.py:3239} INFO - Sync 3 DAGs
[2025-10-28T13:47:00.037-0400] {logging_mixin.py:190} INFO - [2025-10-28T13:47:00.037-0400] {dag.py:4180} INFO - Setting next_dagrun for dataset_with_extra_by_context to 2025-10-27 00:00:00+00:00, run_after=2025-10-28 00:00:00+00:00
[2025-10-28T13:47:00.038-0400] {logging_mixin.py:190} INFO - [2025-10-28T13:47:00.038-0400] {dag.py:4180} INFO - Setting next_dagrun for dataset_with_extra_by_yield to 2025-10-27 00:00:00+00:00, run_after=2025-10-28 00:00:00+00:00
[2025-10-28T13:47:00.038-0400] {logging_mixin.py:190} INFO - [2025-10-28T13:47:00.038-0400] {dag.py:4180} INFO - Setting next_dagrun for dataset_with_extra_from_classic_operator to 2025-10-27 00:00:00+00:00, run_after=2025-10-28 00:00:00+00:00
[2025-10-28T13:47:00.044-0400] {processor.py:208} INFO - Processing /Library/Frameworks/Python.framework/Versions/3.11/lib/python3.11/site-packages/airflow/example_dags/example_outlet_event_extra.py took 0.085 seconds
[2025-10-28T13:49:10.817-0400] {processor.py:186} INFO - Started process (PID=77796) to work on /Library/Frameworks/Python.framework/Versions/3.11/lib/python3.11/site-packages/airflow/example_dags/example_outlet_event_extra.py
[2025-10-28T13:49:10.819-0400] {processor.py:914} INFO - Processing file /Library/Frameworks/Python.framework/Versions/3.11/lib/python3.11/site-packages/airflow/example_dags/example_outlet_event_extra.py for tasks to queue
[2025-10-28T13:49:10.819-0400] {logging_mixin.py:190} INFO - [2025-10-28T13:49:10.819-0400] {dagbag.py:588} INFO - Filling up the DagBag from /Library/Frameworks/Python.framework/Versions/3.11/lib/python3.11/site-packages/airflow/example_dags/example_outlet_event_extra.py
[2025-10-28T13:49:10.852-0400] {processor.py:925} INFO - DAG(s) 'dataset_with_extra_by_yield', 'dataset_with_extra_from_classic_operator', 'dataset_with_extra_by_context' retrieved from /Library/Frameworks/Python.framework/Versions/3.11/lib/python3.11/site-packages/airflow/example_dags/example_outlet_event_extra.py
[2025-10-28T13:49:10.880-0400] {logging_mixin.py:190} INFO - [2025-10-28T13:49:10.880-0400] {dag.py:3239} INFO - Sync 3 DAGs
[2025-10-28T13:49:10.885-0400] {logging_mixin.py:190} INFO - [2025-10-28T13:49:10.885-0400] {dag.py:4180} INFO - Setting next_dagrun for dataset_with_extra_by_context to 2025-10-27 00:00:00+00:00, run_after=2025-10-28 00:00:00+00:00
[2025-10-28T13:49:10.886-0400] {logging_mixin.py:190} INFO - [2025-10-28T13:49:10.886-0400] {dag.py:4180} INFO - Setting next_dagrun for dataset_with_extra_by_yield to 2025-10-27 00:00:00+00:00, run_after=2025-10-28 00:00:00+00:00
[2025-10-28T13:49:10.887-0400] {logging_mixin.py:190} INFO - [2025-10-28T13:49:10.887-0400] {dag.py:4180} INFO - Setting next_dagrun for dataset_with_extra_from_classic_operator to 2025-10-27 00:00:00+00:00, run_after=2025-10-28 00:00:00+00:00
[2025-10-28T13:49:10.893-0400] {processor.py:208} INFO - Processing /Library/Frameworks/Python.framework/Versions/3.11/lib/python3.11/site-packages/airflow/example_dags/example_outlet_event_extra.py took 0.076 seconds
[2025-10-28T13:51:30.414-0400] {processor.py:186} INFO - Started process (PID=79001) to work on /Library/Frameworks/Python.framework/Versions/3.11/lib/python3.11/site-packages/airflow/example_dags/example_outlet_event_extra.py
[2025-10-28T13:51:30.416-0400] {processor.py:914} INFO - Processing file /Library/Frameworks/Python.framework/Versions/3.11/lib/python3.11/site-packages/airflow/example_dags/example_outlet_event_extra.py for tasks to queue
[2025-10-28T13:51:30.416-0400] {logging_mixin.py:190} INFO - [2025-10-28T13:51:30.416-0400] {dagbag.py:588} INFO - Filling up the DagBag from /Library/Frameworks/Python.framework/Versions/3.11/lib/python3.11/site-packages/airflow/example_dags/example_outlet_event_extra.py
[2025-10-28T13:51:30.449-0400] {processor.py:925} INFO - DAG(s) 'dataset_with_extra_by_context', 'dataset_with_extra_by_yield', 'dataset_with_extra_from_classic_operator' retrieved from /Library/Frameworks/Python.framework/Versions/3.11/lib/python3.11/site-packages/airflow/example_dags/example_outlet_event_extra.py
[2025-10-28T13:51:30.476-0400] {logging_mixin.py:190} INFO - [2025-10-28T13:51:30.476-0400] {dag.py:3239} INFO - Sync 3 DAGs
[2025-10-28T13:51:30.481-0400] {logging_mixin.py:190} INFO - [2025-10-28T13:51:30.481-0400] {dag.py:4180} INFO - Setting next_dagrun for dataset_with_extra_by_context to 2025-10-27 00:00:00+00:00, run_after=2025-10-28 00:00:00+00:00
[2025-10-28T13:51:30.482-0400] {logging_mixin.py:190} INFO - [2025-10-28T13:51:30.482-0400] {dag.py:4180} INFO - Setting next_dagrun for dataset_with_extra_by_yield to 2025-10-27 00:00:00+00:00, run_after=2025-10-28 00:00:00+00:00
[2025-10-28T13:51:30.483-0400] {logging_mixin.py:190} INFO - [2025-10-28T13:51:30.483-0400] {dag.py:4180} INFO - Setting next_dagrun for dataset_with_extra_from_classic_operator to 2025-10-27 00:00:00+00:00, run_after=2025-10-28 00:00:00+00:00
[2025-10-28T13:51:30.488-0400] {processor.py:208} INFO - Processing /Library/Frameworks/Python.framework/Versions/3.11/lib/python3.11/site-packages/airflow/example_dags/example_outlet_event_extra.py took 0.075 seconds
[2025-10-28T13:54:01.418-0400] {processor.py:186} INFO - Started process (PID=80603) to work on /Library/Frameworks/Python.framework/Versions/3.11/lib/python3.11/site-packages/airflow/example_dags/example_outlet_event_extra.py
[2025-10-28T13:54:01.419-0400] {processor.py:914} INFO - Processing file /Library/Frameworks/Python.framework/Versions/3.11/lib/python3.11/site-packages/airflow/example_dags/example_outlet_event_extra.py for tasks to queue
[2025-10-28T13:54:01.419-0400] {logging_mixin.py:190} INFO - [2025-10-28T13:54:01.419-0400] {dagbag.py:588} INFO - Filling up the DagBag from /Library/Frameworks/Python.framework/Versions/3.11/lib/python3.11/site-packages/airflow/example_dags/example_outlet_event_extra.py
[2025-10-28T13:54:01.449-0400] {processor.py:925} INFO - DAG(s) 'dataset_with_extra_by_yield', 'dataset_with_extra_by_context', 'dataset_with_extra_from_classic_operator' retrieved from /Library/Frameworks/Python.framework/Versions/3.11/lib/python3.11/site-packages/airflow/example_dags/example_outlet_event_extra.py
[2025-10-28T13:54:01.476-0400] {logging_mixin.py:190} INFO - [2025-10-28T13:54:01.476-0400] {dag.py:3239} INFO - Sync 3 DAGs
[2025-10-28T13:54:01.481-0400] {logging_mixin.py:190} INFO - [2025-10-28T13:54:01.481-0400] {dag.py:4180} INFO - Setting next_dagrun for dataset_with_extra_by_context to 2025-10-27 00:00:00+00:00, run_after=2025-10-28 00:00:00+00:00
[2025-10-28T13:54:01.482-0400] {logging_mixin.py:190} INFO - [2025-10-28T13:54:01.482-0400] {dag.py:4180} INFO - Setting next_dagrun for dataset_with_extra_by_yield to 2025-10-27 00:00:00+00:00, run_after=2025-10-28 00:00:00+00:00
[2025-10-28T13:54:01.483-0400] {logging_mixin.py:190} INFO - [2025-10-28T13:54:01.483-0400] {dag.py:4180} INFO - Setting next_dagrun for dataset_with_extra_from_classic_operator to 2025-10-27 00:00:00+00:00, run_after=2025-10-28 00:00:00+00:00
[2025-10-28T13:54:01.488-0400] {processor.py:208} INFO - Processing /Library/Frameworks/Python.framework/Versions/3.11/lib/python3.11/site-packages/airflow/example_dags/example_outlet_event_extra.py took 0.071 seconds
[2025-10-28T13:55:51.571-0400] {processor.py:186} INFO - Started process (PID=81554) to work on /Library/Frameworks/Python.framework/Versions/3.11/lib/python3.11/site-packages/airflow/example_dags/example_outlet_event_extra.py
[2025-10-28T13:55:51.572-0400] {processor.py:914} INFO - Processing file /Library/Frameworks/Python.framework/Versions/3.11/lib/python3.11/site-packages/airflow/example_dags/example_outlet_event_extra.py for tasks to queue
[2025-10-28T13:55:51.573-0400] {logging_mixin.py:190} INFO - [2025-10-28T13:55:51.573-0400] {dagbag.py:588} INFO - Filling up the DagBag from /Library/Frameworks/Python.framework/Versions/3.11/lib/python3.11/site-packages/airflow/example_dags/example_outlet_event_extra.py
[2025-10-28T13:55:51.605-0400] {processor.py:925} INFO - DAG(s) 'dataset_with_extra_from_classic_operator', 'dataset_with_extra_by_context', 'dataset_with_extra_by_yield' retrieved from /Library/Frameworks/Python.framework/Versions/3.11/lib/python3.11/site-packages/airflow/example_dags/example_outlet_event_extra.py
[2025-10-28T13:55:51.633-0400] {logging_mixin.py:190} INFO - [2025-10-28T13:55:51.633-0400] {dag.py:3239} INFO - Sync 3 DAGs
[2025-10-28T13:55:51.639-0400] {logging_mixin.py:190} INFO - [2025-10-28T13:55:51.639-0400] {dag.py:4180} INFO - Setting next_dagrun for dataset_with_extra_by_context to 2025-10-27 00:00:00+00:00, run_after=2025-10-28 00:00:00+00:00
[2025-10-28T13:55:51.641-0400] {logging_mixin.py:190} INFO - [2025-10-28T13:55:51.641-0400] {dag.py:4180} INFO - Setting next_dagrun for dataset_with_extra_by_yield to 2025-10-27 00:00:00+00:00, run_after=2025-10-28 00:00:00+00:00
[2025-10-28T13:55:51.641-0400] {logging_mixin.py:190} INFO - [2025-10-28T13:55:51.641-0400] {dag.py:4180} INFO - Setting next_dagrun for dataset_with_extra_from_classic_operator to 2025-10-27 00:00:00+00:00, run_after=2025-10-28 00:00:00+00:00
[2025-10-28T13:55:51.647-0400] {processor.py:208} INFO - Processing /Library/Frameworks/Python.framework/Versions/3.11/lib/python3.11/site-packages/airflow/example_dags/example_outlet_event_extra.py took 0.077 seconds
[2025-10-28T13:58:29.538-0400] {processor.py:186} INFO - Started process (PID=82933) to work on /Library/Frameworks/Python.framework/Versions/3.11/lib/python3.11/site-packages/airflow/example_dags/example_outlet_event_extra.py
[2025-10-28T13:58:29.541-0400] {processor.py:914} INFO - Processing file /Library/Frameworks/Python.framework/Versions/3.11/lib/python3.11/site-packages/airflow/example_dags/example_outlet_event_extra.py for tasks to queue
[2025-10-28T13:58:29.541-0400] {logging_mixin.py:190} INFO - [2025-10-28T13:58:29.541-0400] {dagbag.py:588} INFO - Filling up the DagBag from /Library/Frameworks/Python.framework/Versions/3.11/lib/python3.11/site-packages/airflow/example_dags/example_outlet_event_extra.py
[2025-10-28T13:58:29.568-0400] {processor.py:925} INFO - DAG(s) 'dataset_with_extra_by_yield', 'dataset_with_extra_by_context', 'dataset_with_extra_from_classic_operator' retrieved from /Library/Frameworks/Python.framework/Versions/3.11/lib/python3.11/site-packages/airflow/example_dags/example_outlet_event_extra.py
[2025-10-28T13:58:29.598-0400] {logging_mixin.py:190} INFO - [2025-10-28T13:58:29.598-0400] {dag.py:3239} INFO - Sync 3 DAGs
[2025-10-28T13:58:29.605-0400] {logging_mixin.py:190} INFO - [2025-10-28T13:58:29.604-0400] {dag.py:4180} INFO - Setting next_dagrun for dataset_with_extra_by_context to 2025-10-27 00:00:00+00:00, run_after=2025-10-28 00:00:00+00:00
[2025-10-28T13:58:29.606-0400] {logging_mixin.py:190} INFO - [2025-10-28T13:58:29.606-0400] {dag.py:4180} INFO - Setting next_dagrun for dataset_with_extra_by_yield to 2025-10-27 00:00:00+00:00, run_after=2025-10-28 00:00:00+00:00
[2025-10-28T13:58:29.606-0400] {logging_mixin.py:190} INFO - [2025-10-28T13:58:29.606-0400] {dag.py:4180} INFO - Setting next_dagrun for dataset_with_extra_from_classic_operator to 2025-10-27 00:00:00+00:00, run_after=2025-10-28 00:00:00+00:00
[2025-10-28T13:58:29.613-0400] {processor.py:208} INFO - Processing /Library/Frameworks/Python.framework/Versions/3.11/lib/python3.11/site-packages/airflow/example_dags/example_outlet_event_extra.py took 0.075 seconds
[2025-10-28T14:00:33.191-0400] {processor.py:186} INFO - Started process (PID=84305) to work on /Library/Frameworks/Python.framework/Versions/3.11/lib/python3.11/site-packages/airflow/example_dags/example_outlet_event_extra.py
[2025-10-28T14:00:33.192-0400] {processor.py:914} INFO - Processing file /Library/Frameworks/Python.framework/Versions/3.11/lib/python3.11/site-packages/airflow/example_dags/example_outlet_event_extra.py for tasks to queue
[2025-10-28T14:00:33.193-0400] {logging_mixin.py:190} INFO - [2025-10-28T14:00:33.193-0400] {dagbag.py:588} INFO - Filling up the DagBag from /Library/Frameworks/Python.framework/Versions/3.11/lib/python3.11/site-packages/airflow/example_dags/example_outlet_event_extra.py
[2025-10-28T14:00:33.228-0400] {processor.py:925} INFO - DAG(s) 'dataset_with_extra_by_yield', 'dataset_with_extra_by_context', 'dataset_with_extra_from_classic_operator' retrieved from /Library/Frameworks/Python.framework/Versions/3.11/lib/python3.11/site-packages/airflow/example_dags/example_outlet_event_extra.py
[2025-10-28T14:00:33.256-0400] {logging_mixin.py:190} INFO - [2025-10-28T14:00:33.256-0400] {dag.py:3239} INFO - Sync 3 DAGs
[2025-10-28T14:00:33.262-0400] {logging_mixin.py:190} INFO - [2025-10-28T14:00:33.262-0400] {dag.py:4180} INFO - Setting next_dagrun for dataset_with_extra_by_context to 2025-10-27 00:00:00+00:00, run_after=2025-10-28 00:00:00+00:00
[2025-10-28T14:00:33.263-0400] {logging_mixin.py:190} INFO - [2025-10-28T14:00:33.263-0400] {dag.py:4180} INFO - Setting next_dagrun for dataset_with_extra_by_yield to 2025-10-27 00:00:00+00:00, run_after=2025-10-28 00:00:00+00:00
[2025-10-28T14:00:33.264-0400] {logging_mixin.py:190} INFO - [2025-10-28T14:00:33.264-0400] {dag.py:4180} INFO - Setting next_dagrun for dataset_with_extra_from_classic_operator to 2025-10-27 00:00:00+00:00, run_after=2025-10-28 00:00:00+00:00
[2025-10-28T14:00:33.270-0400] {processor.py:208} INFO - Processing /Library/Frameworks/Python.framework/Versions/3.11/lib/python3.11/site-packages/airflow/example_dags/example_outlet_event_extra.py took 0.080 seconds
[2025-10-28T14:03:58.119-0400] {processor.py:186} INFO - Started process (PID=86748) to work on /Library/Frameworks/Python.framework/Versions/3.11/lib/python3.11/site-packages/airflow/example_dags/example_outlet_event_extra.py
[2025-10-28T14:03:58.120-0400] {processor.py:914} INFO - Processing file /Library/Frameworks/Python.framework/Versions/3.11/lib/python3.11/site-packages/airflow/example_dags/example_outlet_event_extra.py for tasks to queue
[2025-10-28T14:03:58.121-0400] {logging_mixin.py:190} INFO - [2025-10-28T14:03:58.121-0400] {dagbag.py:588} INFO - Filling up the DagBag from /Library/Frameworks/Python.framework/Versions/3.11/lib/python3.11/site-packages/airflow/example_dags/example_outlet_event_extra.py
[2025-10-28T14:03:58.157-0400] {processor.py:925} INFO - DAG(s) 'dataset_with_extra_by_context', 'dataset_with_extra_from_classic_operator', 'dataset_with_extra_by_yield' retrieved from /Library/Frameworks/Python.framework/Versions/3.11/lib/python3.11/site-packages/airflow/example_dags/example_outlet_event_extra.py
[2025-10-28T14:03:58.186-0400] {logging_mixin.py:190} INFO - [2025-10-28T14:03:58.186-0400] {dag.py:3239} INFO - Sync 3 DAGs
[2025-10-28T14:03:58.192-0400] {logging_mixin.py:190} INFO - [2025-10-28T14:03:58.192-0400] {dag.py:4180} INFO - Setting next_dagrun for dataset_with_extra_by_context to 2025-10-27 00:00:00+00:00, run_after=2025-10-28 00:00:00+00:00
[2025-10-28T14:03:58.193-0400] {logging_mixin.py:190} INFO - [2025-10-28T14:03:58.193-0400] {dag.py:4180} INFO - Setting next_dagrun for dataset_with_extra_by_yield to 2025-10-27 00:00:00+00:00, run_after=2025-10-28 00:00:00+00:00
[2025-10-28T14:03:58.194-0400] {logging_mixin.py:190} INFO - [2025-10-28T14:03:58.194-0400] {dag.py:4180} INFO - Setting next_dagrun for dataset_with_extra_from_classic_operator to 2025-10-27 00:00:00+00:00, run_after=2025-10-28 00:00:00+00:00
[2025-10-28T14:03:58.200-0400] {processor.py:208} INFO - Processing /Library/Frameworks/Python.framework/Versions/3.11/lib/python3.11/site-packages/airflow/example_dags/example_outlet_event_extra.py took 0.082 seconds
[2025-10-28T14:06:21.931-0400] {processor.py:186} INFO - Started process (PID=88331) to work on /Library/Frameworks/Python.framework/Versions/3.11/lib/python3.11/site-packages/airflow/example_dags/example_outlet_event_extra.py
[2025-10-28T14:06:21.932-0400] {processor.py:914} INFO - Processing file /Library/Frameworks/Python.framework/Versions/3.11/lib/python3.11/site-packages/airflow/example_dags/example_outlet_event_extra.py for tasks to queue
[2025-10-28T14:06:21.933-0400] {logging_mixin.py:190} INFO - [2025-10-28T14:06:21.933-0400] {dagbag.py:588} INFO - Filling up the DagBag from /Library/Frameworks/Python.framework/Versions/3.11/lib/python3.11/site-packages/airflow/example_dags/example_outlet_event_extra.py
[2025-10-28T14:06:21.969-0400] {processor.py:925} INFO - DAG(s) 'dataset_with_extra_from_classic_operator', 'dataset_with_extra_by_context', 'dataset_with_extra_by_yield' retrieved from /Library/Frameworks/Python.framework/Versions/3.11/lib/python3.11/site-packages/airflow/example_dags/example_outlet_event_extra.py
[2025-10-28T14:06:21.997-0400] {logging_mixin.py:190} INFO - [2025-10-28T14:06:21.997-0400] {dag.py:3239} INFO - Sync 3 DAGs
[2025-10-28T14:06:22.002-0400] {logging_mixin.py:190} INFO - [2025-10-28T14:06:22.002-0400] {dag.py:4180} INFO - Setting next_dagrun for dataset_with_extra_by_context to 2025-10-27 00:00:00+00:00, run_after=2025-10-28 00:00:00+00:00
[2025-10-28T14:06:22.004-0400] {logging_mixin.py:190} INFO - [2025-10-28T14:06:22.004-0400] {dag.py:4180} INFO - Setting next_dagrun for dataset_with_extra_by_yield to 2025-10-27 00:00:00+00:00, run_after=2025-10-28 00:00:00+00:00
[2025-10-28T14:06:22.004-0400] {logging_mixin.py:190} INFO - [2025-10-28T14:06:22.004-0400] {dag.py:4180} INFO - Setting next_dagrun for dataset_with_extra_from_classic_operator to 2025-10-27 00:00:00+00:00, run_after=2025-10-28 00:00:00+00:00
[2025-10-28T14:06:22.010-0400] {processor.py:208} INFO - Processing /Library/Frameworks/Python.framework/Versions/3.11/lib/python3.11/site-packages/airflow/example_dags/example_outlet_event_extra.py took 0.079 seconds
[2025-10-28T14:09:50.794-0400] {processor.py:186} INFO - Started process (PID=90676) to work on /Library/Frameworks/Python.framework/Versions/3.11/lib/python3.11/site-packages/airflow/example_dags/example_outlet_event_extra.py
[2025-10-28T14:09:50.795-0400] {processor.py:914} INFO - Processing file /Library/Frameworks/Python.framework/Versions/3.11/lib/python3.11/site-packages/airflow/example_dags/example_outlet_event_extra.py for tasks to queue
[2025-10-28T14:09:50.795-0400] {logging_mixin.py:190} INFO - [2025-10-28T14:09:50.795-0400] {dagbag.py:588} INFO - Filling up the DagBag from /Library/Frameworks/Python.framework/Versions/3.11/lib/python3.11/site-packages/airflow/example_dags/example_outlet_event_extra.py
[2025-10-28T14:09:50.833-0400] {processor.py:925} INFO - DAG(s) 'dataset_with_extra_by_context', 'dataset_with_extra_from_classic_operator', 'dataset_with_extra_by_yield' retrieved from /Library/Frameworks/Python.framework/Versions/3.11/lib/python3.11/site-packages/airflow/example_dags/example_outlet_event_extra.py
[2025-10-28T14:09:50.866-0400] {logging_mixin.py:190} INFO - [2025-10-28T14:09:50.866-0400] {dag.py:3239} INFO - Sync 3 DAGs
[2025-10-28T14:09:50.873-0400] {logging_mixin.py:190} INFO - [2025-10-28T14:09:50.873-0400] {dag.py:4180} INFO - Setting next_dagrun for dataset_with_extra_by_context to 2025-10-27 00:00:00+00:00, run_after=2025-10-28 00:00:00+00:00
[2025-10-28T14:09:50.875-0400] {logging_mixin.py:190} INFO - [2025-10-28T14:09:50.875-0400] {dag.py:4180} INFO - Setting next_dagrun for dataset_with_extra_by_yield to 2025-10-27 00:00:00+00:00, run_after=2025-10-28 00:00:00+00:00
[2025-10-28T14:09:50.876-0400] {logging_mixin.py:190} INFO - [2025-10-28T14:09:50.876-0400] {dag.py:4180} INFO - Setting next_dagrun for dataset_with_extra_from_classic_operator to 2025-10-27 00:00:00+00:00, run_after=2025-10-28 00:00:00+00:00
[2025-10-28T14:09:50.882-0400] {processor.py:208} INFO - Processing /Library/Frameworks/Python.framework/Versions/3.11/lib/python3.11/site-packages/airflow/example_dags/example_outlet_event_extra.py took 0.089 seconds
[2025-10-28T14:12:07.522-0400] {processor.py:186} INFO - Started process (PID=92084) to work on /Library/Frameworks/Python.framework/Versions/3.11/lib/python3.11/site-packages/airflow/example_dags/example_outlet_event_extra.py
[2025-10-28T14:12:07.522-0400] {processor.py:914} INFO - Processing file /Library/Frameworks/Python.framework/Versions/3.11/lib/python3.11/site-packages/airflow/example_dags/example_outlet_event_extra.py for tasks to queue
[2025-10-28T14:12:07.523-0400] {logging_mixin.py:190} INFO - [2025-10-28T14:12:07.523-0400] {dagbag.py:588} INFO - Filling up the DagBag from /Library/Frameworks/Python.framework/Versions/3.11/lib/python3.11/site-packages/airflow/example_dags/example_outlet_event_extra.py
[2025-10-28T14:12:07.558-0400] {processor.py:925} INFO - DAG(s) 'dataset_with_extra_from_classic_operator', 'dataset_with_extra_by_context', 'dataset_with_extra_by_yield' retrieved from /Library/Frameworks/Python.framework/Versions/3.11/lib/python3.11/site-packages/airflow/example_dags/example_outlet_event_extra.py
[2025-10-28T14:12:07.588-0400] {logging_mixin.py:190} INFO - [2025-10-28T14:12:07.587-0400] {dag.py:3239} INFO - Sync 3 DAGs
[2025-10-28T14:12:07.593-0400] {logging_mixin.py:190} INFO - [2025-10-28T14:12:07.593-0400] {dag.py:4180} INFO - Setting next_dagrun for dataset_with_extra_by_context to 2025-10-27 00:00:00+00:00, run_after=2025-10-28 00:00:00+00:00
[2025-10-28T14:12:07.595-0400] {logging_mixin.py:190} INFO - [2025-10-28T14:12:07.595-0400] {dag.py:4180} INFO - Setting next_dagrun for dataset_with_extra_by_yield to 2025-10-27 00:00:00+00:00, run_after=2025-10-28 00:00:00+00:00
[2025-10-28T14:12:07.595-0400] {logging_mixin.py:190} INFO - [2025-10-28T14:12:07.595-0400] {dag.py:4180} INFO - Setting next_dagrun for dataset_with_extra_from_classic_operator to 2025-10-27 00:00:00+00:00, run_after=2025-10-28 00:00:00+00:00
[2025-10-28T14:12:07.601-0400] {processor.py:208} INFO - Processing /Library/Frameworks/Python.framework/Versions/3.11/lib/python3.11/site-packages/airflow/example_dags/example_outlet_event_extra.py took 0.081 seconds
[2025-10-28T14:13:47.724-0400] {processor.py:186} INFO - Started process (PID=92966) to work on /Library/Frameworks/Python.framework/Versions/3.11/lib/python3.11/site-packages/airflow/example_dags/example_outlet_event_extra.py
[2025-10-28T14:13:47.725-0400] {processor.py:914} INFO - Processing file /Library/Frameworks/Python.framework/Versions/3.11/lib/python3.11/site-packages/airflow/example_dags/example_outlet_event_extra.py for tasks to queue
[2025-10-28T14:13:47.725-0400] {logging_mixin.py:190} INFO - [2025-10-28T14:13:47.725-0400] {dagbag.py:588} INFO - Filling up the DagBag from /Library/Frameworks/Python.framework/Versions/3.11/lib/python3.11/site-packages/airflow/example_dags/example_outlet_event_extra.py
[2025-10-28T14:13:47.762-0400] {processor.py:925} INFO - DAG(s) 'dataset_with_extra_from_classic_operator', 'dataset_with_extra_by_context', 'dataset_with_extra_by_yield' retrieved from /Library/Frameworks/Python.framework/Versions/3.11/lib/python3.11/site-packages/airflow/example_dags/example_outlet_event_extra.py
[2025-10-28T14:13:47.793-0400] {logging_mixin.py:190} INFO - [2025-10-28T14:13:47.793-0400] {dag.py:3239} INFO - Sync 3 DAGs
[2025-10-28T14:13:47.798-0400] {logging_mixin.py:190} INFO - [2025-10-28T14:13:47.798-0400] {dag.py:4180} INFO - Setting next_dagrun for dataset_with_extra_by_context to 2025-10-27 00:00:00+00:00, run_after=2025-10-28 00:00:00+00:00
[2025-10-28T14:13:47.799-0400] {logging_mixin.py:190} INFO - [2025-10-28T14:13:47.799-0400] {dag.py:4180} INFO - Setting next_dagrun for dataset_with_extra_by_yield to 2025-10-27 00:00:00+00:00, run_after=2025-10-28 00:00:00+00:00
[2025-10-28T14:13:47.800-0400] {logging_mixin.py:190} INFO - [2025-10-28T14:13:47.800-0400] {dag.py:4180} INFO - Setting next_dagrun for dataset_with_extra_from_classic_operator to 2025-10-27 00:00:00+00:00, run_after=2025-10-28 00:00:00+00:00
[2025-10-28T14:13:47.806-0400] {processor.py:208} INFO - Processing /Library/Frameworks/Python.framework/Versions/3.11/lib/python3.11/site-packages/airflow/example_dags/example_outlet_event_extra.py took 0.083 seconds
[2025-10-28T14:18:00.643-0400] {processor.py:186} INFO - Started process (PID=95661) to work on /Library/Frameworks/Python.framework/Versions/3.11/lib/python3.11/site-packages/airflow/example_dags/example_outlet_event_extra.py
[2025-10-28T14:18:00.644-0400] {processor.py:914} INFO - Processing file /Library/Frameworks/Python.framework/Versions/3.11/lib/python3.11/site-packages/airflow/example_dags/example_outlet_event_extra.py for tasks to queue
[2025-10-28T14:18:00.644-0400] {logging_mixin.py:190} INFO - [2025-10-28T14:18:00.644-0400] {dagbag.py:588} INFO - Filling up the DagBag from /Library/Frameworks/Python.framework/Versions/3.11/lib/python3.11/site-packages/airflow/example_dags/example_outlet_event_extra.py
[2025-10-28T14:18:00.678-0400] {processor.py:925} INFO - DAG(s) 'dataset_with_extra_from_classic_operator', 'dataset_with_extra_by_context', 'dataset_with_extra_by_yield' retrieved from /Library/Frameworks/Python.framework/Versions/3.11/lib/python3.11/site-packages/airflow/example_dags/example_outlet_event_extra.py
[2025-10-28T14:18:00.711-0400] {logging_mixin.py:190} INFO - [2025-10-28T14:18:00.711-0400] {dag.py:3239} INFO - Sync 3 DAGs
[2025-10-28T14:18:00.717-0400] {logging_mixin.py:190} INFO - [2025-10-28T14:18:00.717-0400] {dag.py:4180} INFO - Setting next_dagrun for dataset_with_extra_by_context to 2025-10-27 00:00:00+00:00, run_after=2025-10-28 00:00:00+00:00
[2025-10-28T14:18:00.719-0400] {logging_mixin.py:190} INFO - [2025-10-28T14:18:00.719-0400] {dag.py:4180} INFO - Setting next_dagrun for dataset_with_extra_by_yield to 2025-10-27 00:00:00+00:00, run_after=2025-10-28 00:00:00+00:00
[2025-10-28T14:18:00.719-0400] {logging_mixin.py:190} INFO - [2025-10-28T14:18:00.719-0400] {dag.py:4180} INFO - Setting next_dagrun for dataset_with_extra_from_classic_operator to 2025-10-27 00:00:00+00:00, run_after=2025-10-28 00:00:00+00:00
[2025-10-28T14:18:00.729-0400] {processor.py:208} INFO - Processing /Library/Frameworks/Python.framework/Versions/3.11/lib/python3.11/site-packages/airflow/example_dags/example_outlet_event_extra.py took 0.087 seconds
[2025-10-28T14:19:46.556-0400] {processor.py:186} INFO - Started process (PID=96647) to work on /Library/Frameworks/Python.framework/Versions/3.11/lib/python3.11/site-packages/airflow/example_dags/example_outlet_event_extra.py
[2025-10-28T14:19:46.557-0400] {processor.py:914} INFO - Processing file /Library/Frameworks/Python.framework/Versions/3.11/lib/python3.11/site-packages/airflow/example_dags/example_outlet_event_extra.py for tasks to queue
[2025-10-28T14:19:46.557-0400] {logging_mixin.py:190} INFO - [2025-10-28T14:19:46.557-0400] {dagbag.py:588} INFO - Filling up the DagBag from /Library/Frameworks/Python.framework/Versions/3.11/lib/python3.11/site-packages/airflow/example_dags/example_outlet_event_extra.py
[2025-10-28T14:19:46.596-0400] {processor.py:925} INFO - DAG(s) 'dataset_with_extra_from_classic_operator', 'dataset_with_extra_by_context', 'dataset_with_extra_by_yield' retrieved from /Library/Frameworks/Python.framework/Versions/3.11/lib/python3.11/site-packages/airflow/example_dags/example_outlet_event_extra.py
[2025-10-28T14:19:46.627-0400] {logging_mixin.py:190} INFO - [2025-10-28T14:19:46.627-0400] {dag.py:3239} INFO - Sync 3 DAGs
[2025-10-28T14:19:46.633-0400] {logging_mixin.py:190} INFO - [2025-10-28T14:19:46.633-0400] {dag.py:4180} INFO - Setting next_dagrun for dataset_with_extra_by_context to 2025-10-27 00:00:00+00:00, run_after=2025-10-28 00:00:00+00:00
[2025-10-28T14:19:46.634-0400] {logging_mixin.py:190} INFO - [2025-10-28T14:19:46.634-0400] {dag.py:4180} INFO - Setting next_dagrun for dataset_with_extra_by_yield to 2025-10-27 00:00:00+00:00, run_after=2025-10-28 00:00:00+00:00
[2025-10-28T14:19:46.635-0400] {logging_mixin.py:190} INFO - [2025-10-28T14:19:46.635-0400] {dag.py:4180} INFO - Setting next_dagrun for dataset_with_extra_from_classic_operator to 2025-10-27 00:00:00+00:00, run_after=2025-10-28 00:00:00+00:00
[2025-10-28T14:19:46.642-0400] {processor.py:208} INFO - Processing /Library/Frameworks/Python.framework/Versions/3.11/lib/python3.11/site-packages/airflow/example_dags/example_outlet_event_extra.py took 0.087 seconds
