[2025-10-28T13:30:47.955-0400] {processor.py:186} INFO - Started process (PID=68271) to work on /Library/Frameworks/Python.framework/Versions/3.11/lib/python3.11/site-packages/airflow/example_dags/example_workday_timetable.py
[2025-10-28T13:30:47.956-0400] {processor.py:914} INFO - Processing file /Library/Frameworks/Python.framework/Versions/3.11/lib/python3.11/site-packages/airflow/example_dags/example_workday_timetable.py for tasks to queue
[2025-10-28T13:30:47.956-0400] {logging_mixin.py:190} INFO - [2025-10-28T13:30:47.956-0400] {dagbag.py:588} INFO - Filling up the DagBag from /Library/Frameworks/Python.framework/Versions/3.11/lib/python3.11/site-packages/airflow/example_dags/example_workday_timetable.py
[2025-10-28T13:30:48.158-0400] {processor.py:925} INFO - DAG(s) 'example_workday_timetable' retrieved from /Library/Frameworks/Python.framework/Versions/3.11/lib/python3.11/site-packages/airflow/example_dags/example_workday_timetable.py
[2025-10-28T13:30:48.160-0400] {logging_mixin.py:190} INFO - [2025-10-28T13:30:48.160-0400] {dag.py:3239} INFO - Sync 1 DAGs
[2025-10-28T13:30:48.222-0400] {logging_mixin.py:190} INFO - [2025-10-28T13:30:48.222-0400] {dag.py:4180} INFO - Setting next_dagrun for example_workday_timetable to 2021-01-04 00:00:00+00:00, run_after=2021-01-05 00:00:00+00:00
[2025-10-28T13:30:48.227-0400] {processor.py:208} INFO - Processing /Library/Frameworks/Python.framework/Versions/3.11/lib/python3.11/site-packages/airflow/example_dags/example_workday_timetable.py took 0.273 seconds
[2025-10-28T13:32:26.294-0400] {processor.py:186} INFO - Started process (PID=69109) to work on /Library/Frameworks/Python.framework/Versions/3.11/lib/python3.11/site-packages/airflow/example_dags/example_workday_timetable.py
[2025-10-28T13:32:26.295-0400] {processor.py:914} INFO - Processing file /Library/Frameworks/Python.framework/Versions/3.11/lib/python3.11/site-packages/airflow/example_dags/example_workday_timetable.py for tasks to queue
[2025-10-28T13:32:26.295-0400] {logging_mixin.py:190} INFO - [2025-10-28T13:32:26.295-0400] {dagbag.py:588} INFO - Filling up the DagBag from /Library/Frameworks/Python.framework/Versions/3.11/lib/python3.11/site-packages/airflow/example_dags/example_workday_timetable.py
[2025-10-28T13:32:26.546-0400] {processor.py:925} INFO - DAG(s) 'example_workday_timetable' retrieved from /Library/Frameworks/Python.framework/Versions/3.11/lib/python3.11/site-packages/airflow/example_dags/example_workday_timetable.py
[2025-10-28T13:32:26.629-0400] {logging_mixin.py:190} INFO - [2025-10-28T13:32:26.628-0400] {dag.py:3239} INFO - Sync 1 DAGs
[2025-10-28T13:32:26.641-0400] {logging_mixin.py:190} INFO - [2025-10-28T13:32:26.641-0400] {dag.py:4180} INFO - Setting next_dagrun for example_workday_timetable to 2021-01-04 00:00:00+00:00, run_after=2021-01-05 00:00:00+00:00
[2025-10-28T13:32:26.646-0400] {processor.py:208} INFO - Processing /Library/Frameworks/Python.framework/Versions/3.11/lib/python3.11/site-packages/airflow/example_dags/example_workday_timetable.py took 0.353 seconds
[2025-10-28T13:33:31.869-0400] {processor.py:186} INFO - Started process (PID=69689) to work on /Library/Frameworks/Python.framework/Versions/3.11/lib/python3.11/site-packages/airflow/example_dags/example_workday_timetable.py
[2025-10-28T13:33:31.869-0400] {processor.py:914} INFO - Processing file /Library/Frameworks/Python.framework/Versions/3.11/lib/python3.11/site-packages/airflow/example_dags/example_workday_timetable.py for tasks to queue
[2025-10-28T13:33:31.870-0400] {logging_mixin.py:190} INFO - [2025-10-28T13:33:31.870-0400] {dagbag.py:588} INFO - Filling up the DagBag from /Library/Frameworks/Python.framework/Versions/3.11/lib/python3.11/site-packages/airflow/example_dags/example_workday_timetable.py
[2025-10-28T13:33:32.135-0400] {processor.py:925} INFO - DAG(s) 'example_workday_timetable' retrieved from /Library/Frameworks/Python.framework/Versions/3.11/lib/python3.11/site-packages/airflow/example_dags/example_workday_timetable.py
[2025-10-28T13:33:32.194-0400] {logging_mixin.py:190} INFO - [2025-10-28T13:33:32.194-0400] {dag.py:3239} INFO - Sync 1 DAGs
[2025-10-28T13:33:32.207-0400] {logging_mixin.py:190} INFO - [2025-10-28T13:33:32.207-0400] {dag.py:4180} INFO - Setting next_dagrun for example_workday_timetable to 2021-01-04 00:00:00+00:00, run_after=2021-01-05 00:00:00+00:00
[2025-10-28T13:33:32.212-0400] {processor.py:208} INFO - Processing /Library/Frameworks/Python.framework/Versions/3.11/lib/python3.11/site-packages/airflow/example_dags/example_workday_timetable.py took 0.344 seconds
[2025-10-28T13:34:39.415-0400] {processor.py:186} INFO - Started process (PID=70264) to work on /Library/Frameworks/Python.framework/Versions/3.11/lib/python3.11/site-packages/airflow/example_dags/example_workday_timetable.py
[2025-10-28T13:34:39.415-0400] {processor.py:914} INFO - Processing file /Library/Frameworks/Python.framework/Versions/3.11/lib/python3.11/site-packages/airflow/example_dags/example_workday_timetable.py for tasks to queue
[2025-10-28T13:34:39.415-0400] {logging_mixin.py:190} INFO - [2025-10-28T13:34:39.415-0400] {dagbag.py:588} INFO - Filling up the DagBag from /Library/Frameworks/Python.framework/Versions/3.11/lib/python3.11/site-packages/airflow/example_dags/example_workday_timetable.py
[2025-10-28T13:34:39.663-0400] {processor.py:925} INFO - DAG(s) 'example_workday_timetable' retrieved from /Library/Frameworks/Python.framework/Versions/3.11/lib/python3.11/site-packages/airflow/example_dags/example_workday_timetable.py
[2025-10-28T13:34:39.721-0400] {logging_mixin.py:190} INFO - [2025-10-28T13:34:39.721-0400] {dag.py:3239} INFO - Sync 1 DAGs
[2025-10-28T13:34:39.733-0400] {logging_mixin.py:190} INFO - [2025-10-28T13:34:39.733-0400] {dag.py:4180} INFO - Setting next_dagrun for example_workday_timetable to 2021-01-04 00:00:00+00:00, run_after=2021-01-05 00:00:00+00:00
[2025-10-28T13:34:39.738-0400] {processor.py:208} INFO - Processing /Library/Frameworks/Python.framework/Versions/3.11/lib/python3.11/site-packages/airflow/example_dags/example_workday_timetable.py took 0.324 seconds
[2025-10-28T13:35:47.107-0400] {processor.py:186} INFO - Started process (PID=70844) to work on /Library/Frameworks/Python.framework/Versions/3.11/lib/python3.11/site-packages/airflow/example_dags/example_workday_timetable.py
[2025-10-28T13:35:47.107-0400] {processor.py:914} INFO - Processing file /Library/Frameworks/Python.framework/Versions/3.11/lib/python3.11/site-packages/airflow/example_dags/example_workday_timetable.py for tasks to queue
[2025-10-28T13:35:47.108-0400] {logging_mixin.py:190} INFO - [2025-10-28T13:35:47.107-0400] {dagbag.py:588} INFO - Filling up the DagBag from /Library/Frameworks/Python.framework/Versions/3.11/lib/python3.11/site-packages/airflow/example_dags/example_workday_timetable.py
[2025-10-28T13:35:47.364-0400] {processor.py:925} INFO - DAG(s) 'example_workday_timetable' retrieved from /Library/Frameworks/Python.framework/Versions/3.11/lib/python3.11/site-packages/airflow/example_dags/example_workday_timetable.py
[2025-10-28T13:35:47.423-0400] {logging_mixin.py:190} INFO - [2025-10-28T13:35:47.423-0400] {dag.py:3239} INFO - Sync 1 DAGs
[2025-10-28T13:35:47.435-0400] {logging_mixin.py:190} INFO - [2025-10-28T13:35:47.434-0400] {dag.py:4180} INFO - Setting next_dagrun for example_workday_timetable to 2021-01-04 00:00:00+00:00, run_after=2021-01-05 00:00:00+00:00
[2025-10-28T13:35:47.439-0400] {processor.py:208} INFO - Processing /Library/Frameworks/Python.framework/Versions/3.11/lib/python3.11/site-packages/airflow/example_dags/example_workday_timetable.py took 0.333 seconds
[2025-10-28T13:36:51.692-0400] {processor.py:186} INFO - Started process (PID=71405) to work on /Library/Frameworks/Python.framework/Versions/3.11/lib/python3.11/site-packages/airflow/example_dags/example_workday_timetable.py
[2025-10-28T13:36:51.692-0400] {processor.py:914} INFO - Processing file /Library/Frameworks/Python.framework/Versions/3.11/lib/python3.11/site-packages/airflow/example_dags/example_workday_timetable.py for tasks to queue
[2025-10-28T13:36:51.692-0400] {logging_mixin.py:190} INFO - [2025-10-28T13:36:51.692-0400] {dagbag.py:588} INFO - Filling up the DagBag from /Library/Frameworks/Python.framework/Versions/3.11/lib/python3.11/site-packages/airflow/example_dags/example_workday_timetable.py
[2025-10-28T13:36:51.959-0400] {processor.py:925} INFO - DAG(s) 'example_workday_timetable' retrieved from /Library/Frameworks/Python.framework/Versions/3.11/lib/python3.11/site-packages/airflow/example_dags/example_workday_timetable.py
[2025-10-28T13:36:52.024-0400] {logging_mixin.py:190} INFO - [2025-10-28T13:36:52.024-0400] {dag.py:3239} INFO - Sync 1 DAGs
[2025-10-28T13:36:52.038-0400] {logging_mixin.py:190} INFO - [2025-10-28T13:36:52.037-0400] {dag.py:4180} INFO - Setting next_dagrun for example_workday_timetable to 2021-01-04 00:00:00+00:00, run_after=2021-01-05 00:00:00+00:00
[2025-10-28T13:36:52.043-0400] {processor.py:208} INFO - Processing /Library/Frameworks/Python.framework/Versions/3.11/lib/python3.11/site-packages/airflow/example_dags/example_workday_timetable.py took 0.352 seconds
[2025-10-28T13:37:58.614-0400] {processor.py:186} INFO - Started process (PID=71973) to work on /Library/Frameworks/Python.framework/Versions/3.11/lib/python3.11/site-packages/airflow/example_dags/example_workday_timetable.py
[2025-10-28T13:37:58.614-0400] {processor.py:914} INFO - Processing file /Library/Frameworks/Python.framework/Versions/3.11/lib/python3.11/site-packages/airflow/example_dags/example_workday_timetable.py for tasks to queue
[2025-10-28T13:37:58.614-0400] {logging_mixin.py:190} INFO - [2025-10-28T13:37:58.614-0400] {dagbag.py:588} INFO - Filling up the DagBag from /Library/Frameworks/Python.framework/Versions/3.11/lib/python3.11/site-packages/airflow/example_dags/example_workday_timetable.py
[2025-10-28T13:37:58.889-0400] {processor.py:925} INFO - DAG(s) 'example_workday_timetable' retrieved from /Library/Frameworks/Python.framework/Versions/3.11/lib/python3.11/site-packages/airflow/example_dags/example_workday_timetable.py
[2025-10-28T13:37:58.954-0400] {logging_mixin.py:190} INFO - [2025-10-28T13:37:58.954-0400] {dag.py:3239} INFO - Sync 1 DAGs
[2025-10-28T13:37:58.966-0400] {logging_mixin.py:190} INFO - [2025-10-28T13:37:58.966-0400] {dag.py:4180} INFO - Setting next_dagrun for example_workday_timetable to 2021-01-04 00:00:00+00:00, run_after=2021-01-05 00:00:00+00:00
[2025-10-28T13:37:58.971-0400] {processor.py:208} INFO - Processing /Library/Frameworks/Python.framework/Versions/3.11/lib/python3.11/site-packages/airflow/example_dags/example_workday_timetable.py took 0.358 seconds
[2025-10-28T13:39:12.920-0400] {processor.py:186} INFO - Started process (PID=72572) to work on /Library/Frameworks/Python.framework/Versions/3.11/lib/python3.11/site-packages/airflow/example_dags/example_workday_timetable.py
[2025-10-28T13:39:12.923-0400] {processor.py:914} INFO - Processing file /Library/Frameworks/Python.framework/Versions/3.11/lib/python3.11/site-packages/airflow/example_dags/example_workday_timetable.py for tasks to queue
[2025-10-28T13:39:12.923-0400] {logging_mixin.py:190} INFO - [2025-10-28T13:39:12.923-0400] {dagbag.py:588} INFO - Filling up the DagBag from /Library/Frameworks/Python.framework/Versions/3.11/lib/python3.11/site-packages/airflow/example_dags/example_workday_timetable.py
[2025-10-28T13:39:13.198-0400] {processor.py:925} INFO - DAG(s) 'example_workday_timetable' retrieved from /Library/Frameworks/Python.framework/Versions/3.11/lib/python3.11/site-packages/airflow/example_dags/example_workday_timetable.py
[2025-10-28T13:39:13.260-0400] {logging_mixin.py:190} INFO - [2025-10-28T13:39:13.260-0400] {dag.py:3239} INFO - Sync 1 DAGs
[2025-10-28T13:39:13.273-0400] {logging_mixin.py:190} INFO - [2025-10-28T13:39:13.273-0400] {dag.py:4180} INFO - Setting next_dagrun for example_workday_timetable to 2021-01-04 00:00:00+00:00, run_after=2021-01-05 00:00:00+00:00
[2025-10-28T13:39:13.279-0400] {processor.py:208} INFO - Processing /Library/Frameworks/Python.framework/Versions/3.11/lib/python3.11/site-packages/airflow/example_dags/example_workday_timetable.py took 0.360 seconds
[2025-10-28T13:40:22.663-0400] {processor.py:186} INFO - Started process (PID=73185) to work on /Library/Frameworks/Python.framework/Versions/3.11/lib/python3.11/site-packages/airflow/example_dags/example_workday_timetable.py
[2025-10-28T13:40:22.665-0400] {processor.py:914} INFO - Processing file /Library/Frameworks/Python.framework/Versions/3.11/lib/python3.11/site-packages/airflow/example_dags/example_workday_timetable.py for tasks to queue
[2025-10-28T13:40:22.665-0400] {logging_mixin.py:190} INFO - [2025-10-28T13:40:22.665-0400] {dagbag.py:588} INFO - Filling up the DagBag from /Library/Frameworks/Python.framework/Versions/3.11/lib/python3.11/site-packages/airflow/example_dags/example_workday_timetable.py
[2025-10-28T13:40:22.927-0400] {processor.py:925} INFO - DAG(s) 'example_workday_timetable' retrieved from /Library/Frameworks/Python.framework/Versions/3.11/lib/python3.11/site-packages/airflow/example_dags/example_workday_timetable.py
[2025-10-28T13:40:22.995-0400] {logging_mixin.py:190} INFO - [2025-10-28T13:40:22.995-0400] {dag.py:3239} INFO - Sync 1 DAGs
[2025-10-28T13:40:23.008-0400] {logging_mixin.py:190} INFO - [2025-10-28T13:40:23.008-0400] {dag.py:4180} INFO - Setting next_dagrun for example_workday_timetable to 2021-01-04 00:00:00+00:00, run_after=2021-01-05 00:00:00+00:00
[2025-10-28T13:40:23.014-0400] {processor.py:208} INFO - Processing /Library/Frameworks/Python.framework/Versions/3.11/lib/python3.11/site-packages/airflow/example_dags/example_workday_timetable.py took 0.352 seconds
[2025-10-28T13:41:34.897-0400] {processor.py:186} INFO - Started process (PID=73812) to work on /Library/Frameworks/Python.framework/Versions/3.11/lib/python3.11/site-packages/airflow/example_dags/example_workday_timetable.py
[2025-10-28T13:41:34.899-0400] {processor.py:914} INFO - Processing file /Library/Frameworks/Python.framework/Versions/3.11/lib/python3.11/site-packages/airflow/example_dags/example_workday_timetable.py for tasks to queue
[2025-10-28T13:41:34.900-0400] {logging_mixin.py:190} INFO - [2025-10-28T13:41:34.900-0400] {dagbag.py:588} INFO - Filling up the DagBag from /Library/Frameworks/Python.framework/Versions/3.11/lib/python3.11/site-packages/airflow/example_dags/example_workday_timetable.py
[2025-10-28T13:41:35.197-0400] {processor.py:925} INFO - DAG(s) 'example_workday_timetable' retrieved from /Library/Frameworks/Python.framework/Versions/3.11/lib/python3.11/site-packages/airflow/example_dags/example_workday_timetable.py
[2025-10-28T13:41:35.261-0400] {logging_mixin.py:190} INFO - [2025-10-28T13:41:35.260-0400] {dag.py:3239} INFO - Sync 1 DAGs
[2025-10-28T13:41:35.274-0400] {logging_mixin.py:190} INFO - [2025-10-28T13:41:35.273-0400] {dag.py:4180} INFO - Setting next_dagrun for example_workday_timetable to 2021-01-04 00:00:00+00:00, run_after=2021-01-05 00:00:00+00:00
[2025-10-28T13:41:35.279-0400] {processor.py:208} INFO - Processing /Library/Frameworks/Python.framework/Versions/3.11/lib/python3.11/site-packages/airflow/example_dags/example_workday_timetable.py took 0.383 seconds
[2025-10-28T13:42:44.018-0400] {processor.py:186} INFO - Started process (PID=74417) to work on /Library/Frameworks/Python.framework/Versions/3.11/lib/python3.11/site-packages/airflow/example_dags/example_workday_timetable.py
[2025-10-28T13:42:44.019-0400] {processor.py:914} INFO - Processing file /Library/Frameworks/Python.framework/Versions/3.11/lib/python3.11/site-packages/airflow/example_dags/example_workday_timetable.py for tasks to queue
[2025-10-28T13:42:44.020-0400] {logging_mixin.py:190} INFO - [2025-10-28T13:42:44.020-0400] {dagbag.py:588} INFO - Filling up the DagBag from /Library/Frameworks/Python.framework/Versions/3.11/lib/python3.11/site-packages/airflow/example_dags/example_workday_timetable.py
[2025-10-28T13:42:44.283-0400] {processor.py:925} INFO - DAG(s) 'example_workday_timetable' retrieved from /Library/Frameworks/Python.framework/Versions/3.11/lib/python3.11/site-packages/airflow/example_dags/example_workday_timetable.py
[2025-10-28T13:42:44.349-0400] {logging_mixin.py:190} INFO - [2025-10-28T13:42:44.349-0400] {dag.py:3239} INFO - Sync 1 DAGs
[2025-10-28T13:42:44.362-0400] {logging_mixin.py:190} INFO - [2025-10-28T13:42:44.362-0400] {dag.py:4180} INFO - Setting next_dagrun for example_workday_timetable to 2021-01-04 00:00:00+00:00, run_after=2021-01-05 00:00:00+00:00
[2025-10-28T13:42:44.368-0400] {processor.py:208} INFO - Processing /Library/Frameworks/Python.framework/Versions/3.11/lib/python3.11/site-packages/airflow/example_dags/example_workday_timetable.py took 0.351 seconds
[2025-10-28T13:43:57.593-0400] {processor.py:186} INFO - Started process (PID=75074) to work on /Library/Frameworks/Python.framework/Versions/3.11/lib/python3.11/site-packages/airflow/example_dags/example_workday_timetable.py
[2025-10-28T13:43:57.594-0400] {processor.py:914} INFO - Processing file /Library/Frameworks/Python.framework/Versions/3.11/lib/python3.11/site-packages/airflow/example_dags/example_workday_timetable.py for tasks to queue
[2025-10-28T13:43:57.594-0400] {logging_mixin.py:190} INFO - [2025-10-28T13:43:57.594-0400] {dagbag.py:588} INFO - Filling up the DagBag from /Library/Frameworks/Python.framework/Versions/3.11/lib/python3.11/site-packages/airflow/example_dags/example_workday_timetable.py
[2025-10-28T13:43:57.867-0400] {processor.py:925} INFO - DAG(s) 'example_workday_timetable' retrieved from /Library/Frameworks/Python.framework/Versions/3.11/lib/python3.11/site-packages/airflow/example_dags/example_workday_timetable.py
[2025-10-28T13:43:57.940-0400] {logging_mixin.py:190} INFO - [2025-10-28T13:43:57.940-0400] {dag.py:3239} INFO - Sync 1 DAGs
[2025-10-28T13:43:57.954-0400] {logging_mixin.py:190} INFO - [2025-10-28T13:43:57.954-0400] {dag.py:4180} INFO - Setting next_dagrun for example_workday_timetable to 2021-01-04 00:00:00+00:00, run_after=2021-01-05 00:00:00+00:00
[2025-10-28T13:43:57.961-0400] {processor.py:208} INFO - Processing /Library/Frameworks/Python.framework/Versions/3.11/lib/python3.11/site-packages/airflow/example_dags/example_workday_timetable.py took 0.369 seconds
[2025-10-28T13:45:10.121-0400] {processor.py:186} INFO - Started process (PID=75699) to work on /Library/Frameworks/Python.framework/Versions/3.11/lib/python3.11/site-packages/airflow/example_dags/example_workday_timetable.py
[2025-10-28T13:45:10.123-0400] {processor.py:914} INFO - Processing file /Library/Frameworks/Python.framework/Versions/3.11/lib/python3.11/site-packages/airflow/example_dags/example_workday_timetable.py for tasks to queue
[2025-10-28T13:45:10.123-0400] {logging_mixin.py:190} INFO - [2025-10-28T13:45:10.123-0400] {dagbag.py:588} INFO - Filling up the DagBag from /Library/Frameworks/Python.framework/Versions/3.11/lib/python3.11/site-packages/airflow/example_dags/example_workday_timetable.py
[2025-10-28T13:45:10.434-0400] {processor.py:925} INFO - DAG(s) 'example_workday_timetable' retrieved from /Library/Frameworks/Python.framework/Versions/3.11/lib/python3.11/site-packages/airflow/example_dags/example_workday_timetable.py
[2025-10-28T13:45:10.527-0400] {logging_mixin.py:190} INFO - [2025-10-28T13:45:10.527-0400] {dag.py:3239} INFO - Sync 1 DAGs
[2025-10-28T13:45:10.540-0400] {logging_mixin.py:190} INFO - [2025-10-28T13:45:10.540-0400] {dag.py:4180} INFO - Setting next_dagrun for example_workday_timetable to 2021-01-04 00:00:00+00:00, run_after=2021-01-05 00:00:00+00:00
[2025-10-28T13:45:10.547-0400] {processor.py:208} INFO - Processing /Library/Frameworks/Python.framework/Versions/3.11/lib/python3.11/site-packages/airflow/example_dags/example_workday_timetable.py took 0.427 seconds
[2025-10-28T13:46:23.010-0400] {processor.py:186} INFO - Started process (PID=76346) to work on /Library/Frameworks/Python.framework/Versions/3.11/lib/python3.11/site-packages/airflow/example_dags/example_workday_timetable.py
[2025-10-28T13:46:23.011-0400] {processor.py:914} INFO - Processing file /Library/Frameworks/Python.framework/Versions/3.11/lib/python3.11/site-packages/airflow/example_dags/example_workday_timetable.py for tasks to queue
[2025-10-28T13:46:23.012-0400] {logging_mixin.py:190} INFO - [2025-10-28T13:46:23.012-0400] {dagbag.py:588} INFO - Filling up the DagBag from /Library/Frameworks/Python.framework/Versions/3.11/lib/python3.11/site-packages/airflow/example_dags/example_workday_timetable.py
[2025-10-28T13:46:23.381-0400] {processor.py:925} INFO - DAG(s) 'example_workday_timetable' retrieved from /Library/Frameworks/Python.framework/Versions/3.11/lib/python3.11/site-packages/airflow/example_dags/example_workday_timetable.py
[2025-10-28T13:46:23.462-0400] {logging_mixin.py:190} INFO - [2025-10-28T13:46:23.462-0400] {dag.py:3239} INFO - Sync 1 DAGs
[2025-10-28T13:46:23.476-0400] {logging_mixin.py:190} INFO - [2025-10-28T13:46:23.476-0400] {dag.py:4180} INFO - Setting next_dagrun for example_workday_timetable to 2021-01-04 00:00:00+00:00, run_after=2021-01-05 00:00:00+00:00
[2025-10-28T13:46:23.482-0400] {processor.py:208} INFO - Processing /Library/Frameworks/Python.framework/Versions/3.11/lib/python3.11/site-packages/airflow/example_dags/example_workday_timetable.py took 0.473 seconds
[2025-10-28T13:47:34.950-0400] {processor.py:186} INFO - Started process (PID=76961) to work on /Library/Frameworks/Python.framework/Versions/3.11/lib/python3.11/site-packages/airflow/example_dags/example_workday_timetable.py
[2025-10-28T13:47:34.950-0400] {processor.py:914} INFO - Processing file /Library/Frameworks/Python.framework/Versions/3.11/lib/python3.11/site-packages/airflow/example_dags/example_workday_timetable.py for tasks to queue
[2025-10-28T13:47:34.950-0400] {logging_mixin.py:190} INFO - [2025-10-28T13:47:34.950-0400] {dagbag.py:588} INFO - Filling up the DagBag from /Library/Frameworks/Python.framework/Versions/3.11/lib/python3.11/site-packages/airflow/example_dags/example_workday_timetable.py
[2025-10-28T13:47:35.217-0400] {processor.py:925} INFO - DAG(s) 'example_workday_timetable' retrieved from /Library/Frameworks/Python.framework/Versions/3.11/lib/python3.11/site-packages/airflow/example_dags/example_workday_timetable.py
[2025-10-28T13:47:35.298-0400] {logging_mixin.py:190} INFO - [2025-10-28T13:47:35.298-0400] {dag.py:3239} INFO - Sync 1 DAGs
[2025-10-28T13:47:35.311-0400] {logging_mixin.py:190} INFO - [2025-10-28T13:47:35.311-0400] {dag.py:4180} INFO - Setting next_dagrun for example_workday_timetable to 2021-01-04 00:00:00+00:00, run_after=2021-01-05 00:00:00+00:00
[2025-10-28T13:47:35.316-0400] {processor.py:208} INFO - Processing /Library/Frameworks/Python.framework/Versions/3.11/lib/python3.11/site-packages/airflow/example_dags/example_workday_timetable.py took 0.367 seconds
[2025-10-28T13:48:39.758-0400] {processor.py:186} INFO - Started process (PID=77527) to work on /Library/Frameworks/Python.framework/Versions/3.11/lib/python3.11/site-packages/airflow/example_dags/example_workday_timetable.py
[2025-10-28T13:48:39.759-0400] {processor.py:914} INFO - Processing file /Library/Frameworks/Python.framework/Versions/3.11/lib/python3.11/site-packages/airflow/example_dags/example_workday_timetable.py for tasks to queue
[2025-10-28T13:48:39.759-0400] {logging_mixin.py:190} INFO - [2025-10-28T13:48:39.759-0400] {dagbag.py:588} INFO - Filling up the DagBag from /Library/Frameworks/Python.framework/Versions/3.11/lib/python3.11/site-packages/airflow/example_dags/example_workday_timetable.py
[2025-10-28T13:48:40.040-0400] {processor.py:925} INFO - DAG(s) 'example_workday_timetable' retrieved from /Library/Frameworks/Python.framework/Versions/3.11/lib/python3.11/site-packages/airflow/example_dags/example_workday_timetable.py
[2025-10-28T13:48:40.123-0400] {logging_mixin.py:190} INFO - [2025-10-28T13:48:40.123-0400] {dag.py:3239} INFO - Sync 1 DAGs
[2025-10-28T13:48:40.138-0400] {logging_mixin.py:190} INFO - [2025-10-28T13:48:40.138-0400] {dag.py:4180} INFO - Setting next_dagrun for example_workday_timetable to 2021-01-04 00:00:00+00:00, run_after=2021-01-05 00:00:00+00:00
[2025-10-28T13:48:40.145-0400] {processor.py:208} INFO - Processing /Library/Frameworks/Python.framework/Versions/3.11/lib/python3.11/site-packages/airflow/example_dags/example_workday_timetable.py took 0.388 seconds
[2025-10-28T13:49:45.619-0400] {processor.py:186} INFO - Started process (PID=78087) to work on /Library/Frameworks/Python.framework/Versions/3.11/lib/python3.11/site-packages/airflow/example_dags/example_workday_timetable.py
[2025-10-28T13:49:45.620-0400] {processor.py:914} INFO - Processing file /Library/Frameworks/Python.framework/Versions/3.11/lib/python3.11/site-packages/airflow/example_dags/example_workday_timetable.py for tasks to queue
[2025-10-28T13:49:45.621-0400] {logging_mixin.py:190} INFO - [2025-10-28T13:49:45.620-0400] {dagbag.py:588} INFO - Filling up the DagBag from /Library/Frameworks/Python.framework/Versions/3.11/lib/python3.11/site-packages/airflow/example_dags/example_workday_timetable.py
[2025-10-28T13:49:45.898-0400] {processor.py:925} INFO - DAG(s) 'example_workday_timetable' retrieved from /Library/Frameworks/Python.framework/Versions/3.11/lib/python3.11/site-packages/airflow/example_dags/example_workday_timetable.py
[2025-10-28T13:49:45.964-0400] {logging_mixin.py:190} INFO - [2025-10-28T13:49:45.964-0400] {dag.py:3239} INFO - Sync 1 DAGs
[2025-10-28T13:49:45.976-0400] {logging_mixin.py:190} INFO - [2025-10-28T13:49:45.976-0400] {dag.py:4180} INFO - Setting next_dagrun for example_workday_timetable to 2021-01-04 00:00:00+00:00, run_after=2021-01-05 00:00:00+00:00
[2025-10-28T13:49:45.982-0400] {processor.py:208} INFO - Processing /Library/Frameworks/Python.framework/Versions/3.11/lib/python3.11/site-packages/airflow/example_dags/example_workday_timetable.py took 0.364 seconds
[2025-10-28T13:50:54.384-0400] {processor.py:186} INFO - Started process (PID=78690) to work on /Library/Frameworks/Python.framework/Versions/3.11/lib/python3.11/site-packages/airflow/example_dags/example_workday_timetable.py
[2025-10-28T13:50:54.384-0400] {processor.py:914} INFO - Processing file /Library/Frameworks/Python.framework/Versions/3.11/lib/python3.11/site-packages/airflow/example_dags/example_workday_timetable.py for tasks to queue
[2025-10-28T13:50:54.384-0400] {logging_mixin.py:190} INFO - [2025-10-28T13:50:54.384-0400] {dagbag.py:588} INFO - Filling up the DagBag from /Library/Frameworks/Python.framework/Versions/3.11/lib/python3.11/site-packages/airflow/example_dags/example_workday_timetable.py
[2025-10-28T13:50:54.663-0400] {processor.py:925} INFO - DAG(s) 'example_workday_timetable' retrieved from /Library/Frameworks/Python.framework/Versions/3.11/lib/python3.11/site-packages/airflow/example_dags/example_workday_timetable.py
[2025-10-28T13:50:54.737-0400] {logging_mixin.py:190} INFO - [2025-10-28T13:50:54.737-0400] {dag.py:3239} INFO - Sync 1 DAGs
[2025-10-28T13:50:54.751-0400] {logging_mixin.py:190} INFO - [2025-10-28T13:50:54.751-0400] {dag.py:4180} INFO - Setting next_dagrun for example_workday_timetable to 2021-01-04 00:00:00+00:00, run_after=2021-01-05 00:00:00+00:00
[2025-10-28T13:50:54.756-0400] {processor.py:208} INFO - Processing /Library/Frameworks/Python.framework/Versions/3.11/lib/python3.11/site-packages/airflow/example_dags/example_workday_timetable.py took 0.374 seconds
[2025-10-28T13:52:08.314-0400] {processor.py:186} INFO - Started process (PID=79323) to work on /Library/Frameworks/Python.framework/Versions/3.11/lib/python3.11/site-packages/airflow/example_dags/example_workday_timetable.py
[2025-10-28T13:52:08.314-0400] {processor.py:914} INFO - Processing file /Library/Frameworks/Python.framework/Versions/3.11/lib/python3.11/site-packages/airflow/example_dags/example_workday_timetable.py for tasks to queue
[2025-10-28T13:52:08.315-0400] {logging_mixin.py:190} INFO - [2025-10-28T13:52:08.315-0400] {dagbag.py:588} INFO - Filling up the DagBag from /Library/Frameworks/Python.framework/Versions/3.11/lib/python3.11/site-packages/airflow/example_dags/example_workday_timetable.py
[2025-10-28T13:52:08.542-0400] {processor.py:925} INFO - DAG(s) 'example_workday_timetable' retrieved from /Library/Frameworks/Python.framework/Versions/3.11/lib/python3.11/site-packages/airflow/example_dags/example_workday_timetable.py
[2025-10-28T13:52:08.619-0400] {logging_mixin.py:190} INFO - [2025-10-28T13:52:08.619-0400] {dag.py:3239} INFO - Sync 1 DAGs
[2025-10-28T13:52:08.631-0400] {logging_mixin.py:190} INFO - [2025-10-28T13:52:08.631-0400] {dag.py:4180} INFO - Setting next_dagrun for example_workday_timetable to 2021-01-04 00:00:00+00:00, run_after=2021-01-05 00:00:00+00:00
[2025-10-28T13:52:08.636-0400] {processor.py:208} INFO - Processing /Library/Frameworks/Python.framework/Versions/3.11/lib/python3.11/site-packages/airflow/example_dags/example_workday_timetable.py took 0.323 seconds
[2025-10-28T13:53:24.283-0400] {processor.py:186} INFO - Started process (PID=80292) to work on /Library/Frameworks/Python.framework/Versions/3.11/lib/python3.11/site-packages/airflow/example_dags/example_workday_timetable.py
[2025-10-28T13:53:24.285-0400] {processor.py:914} INFO - Processing file /Library/Frameworks/Python.framework/Versions/3.11/lib/python3.11/site-packages/airflow/example_dags/example_workday_timetable.py for tasks to queue
[2025-10-28T13:53:24.285-0400] {logging_mixin.py:190} INFO - [2025-10-28T13:53:24.285-0400] {dagbag.py:588} INFO - Filling up the DagBag from /Library/Frameworks/Python.framework/Versions/3.11/lib/python3.11/site-packages/airflow/example_dags/example_workday_timetable.py
[2025-10-28T13:53:24.513-0400] {processor.py:925} INFO - DAG(s) 'example_workday_timetable' retrieved from /Library/Frameworks/Python.framework/Versions/3.11/lib/python3.11/site-packages/airflow/example_dags/example_workday_timetable.py
[2025-10-28T13:53:24.597-0400] {logging_mixin.py:190} INFO - [2025-10-28T13:53:24.597-0400] {dag.py:3239} INFO - Sync 1 DAGs
[2025-10-28T13:53:24.620-0400] {logging_mixin.py:190} INFO - [2025-10-28T13:53:24.620-0400] {dag.py:4180} INFO - Setting next_dagrun for example_workday_timetable to 2021-01-04 00:00:00+00:00, run_after=2021-01-05 00:00:00+00:00
[2025-10-28T13:53:24.626-0400] {processor.py:208} INFO - Processing /Library/Frameworks/Python.framework/Versions/3.11/lib/python3.11/site-packages/airflow/example_dags/example_workday_timetable.py took 0.344 seconds
[2025-10-28T13:55:12.538-0400] {processor.py:186} INFO - Started process (PID=81218) to work on /Library/Frameworks/Python.framework/Versions/3.11/lib/python3.11/site-packages/airflow/example_dags/example_workday_timetable.py
[2025-10-28T13:55:12.539-0400] {processor.py:914} INFO - Processing file /Library/Frameworks/Python.framework/Versions/3.11/lib/python3.11/site-packages/airflow/example_dags/example_workday_timetable.py for tasks to queue
[2025-10-28T13:55:12.539-0400] {logging_mixin.py:190} INFO - [2025-10-28T13:55:12.539-0400] {dagbag.py:588} INFO - Filling up the DagBag from /Library/Frameworks/Python.framework/Versions/3.11/lib/python3.11/site-packages/airflow/example_dags/example_workday_timetable.py
[2025-10-28T13:55:12.834-0400] {processor.py:925} INFO - DAG(s) 'example_workday_timetable' retrieved from /Library/Frameworks/Python.framework/Versions/3.11/lib/python3.11/site-packages/airflow/example_dags/example_workday_timetable.py
[2025-10-28T13:55:12.912-0400] {logging_mixin.py:190} INFO - [2025-10-28T13:55:12.912-0400] {dag.py:3239} INFO - Sync 1 DAGs
[2025-10-28T13:55:12.930-0400] {logging_mixin.py:190} INFO - [2025-10-28T13:55:12.930-0400] {dag.py:4180} INFO - Setting next_dagrun for example_workday_timetable to 2021-01-04 00:00:00+00:00, run_after=2021-01-05 00:00:00+00:00
[2025-10-28T13:55:12.937-0400] {processor.py:208} INFO - Processing /Library/Frameworks/Python.framework/Versions/3.11/lib/python3.11/site-packages/airflow/example_dags/example_workday_timetable.py took 0.400 seconds
[2025-10-28T13:56:32.061-0400] {processor.py:186} INFO - Started process (PID=81899) to work on /Library/Frameworks/Python.framework/Versions/3.11/lib/python3.11/site-packages/airflow/example_dags/example_workday_timetable.py
[2025-10-28T13:56:32.062-0400] {processor.py:914} INFO - Processing file /Library/Frameworks/Python.framework/Versions/3.11/lib/python3.11/site-packages/airflow/example_dags/example_workday_timetable.py for tasks to queue
[2025-10-28T13:56:32.063-0400] {logging_mixin.py:190} INFO - [2025-10-28T13:56:32.062-0400] {dagbag.py:588} INFO - Filling up the DagBag from /Library/Frameworks/Python.framework/Versions/3.11/lib/python3.11/site-packages/airflow/example_dags/example_workday_timetable.py
[2025-10-28T13:56:32.353-0400] {processor.py:925} INFO - DAG(s) 'example_workday_timetable' retrieved from /Library/Frameworks/Python.framework/Versions/3.11/lib/python3.11/site-packages/airflow/example_dags/example_workday_timetable.py
[2025-10-28T13:56:32.421-0400] {logging_mixin.py:190} INFO - [2025-10-28T13:56:32.421-0400] {dag.py:3239} INFO - Sync 1 DAGs
[2025-10-28T13:56:32.435-0400] {logging_mixin.py:190} INFO - [2025-10-28T13:56:32.435-0400] {dag.py:4180} INFO - Setting next_dagrun for example_workday_timetable to 2021-01-04 00:00:00+00:00, run_after=2021-01-05 00:00:00+00:00
[2025-10-28T13:56:32.441-0400] {processor.py:208} INFO - Processing /Library/Frameworks/Python.framework/Versions/3.11/lib/python3.11/site-packages/airflow/example_dags/example_workday_timetable.py took 0.381 seconds
[2025-10-28T13:57:54.147-0400] {processor.py:186} INFO - Started process (PID=82611) to work on /Library/Frameworks/Python.framework/Versions/3.11/lib/python3.11/site-packages/airflow/example_dags/example_workday_timetable.py
[2025-10-28T13:57:54.147-0400] {processor.py:914} INFO - Processing file /Library/Frameworks/Python.framework/Versions/3.11/lib/python3.11/site-packages/airflow/example_dags/example_workday_timetable.py for tasks to queue
[2025-10-28T13:57:54.148-0400] {logging_mixin.py:190} INFO - [2025-10-28T13:57:54.148-0400] {dagbag.py:588} INFO - Filling up the DagBag from /Library/Frameworks/Python.framework/Versions/3.11/lib/python3.11/site-packages/airflow/example_dags/example_workday_timetable.py
[2025-10-28T13:57:54.469-0400] {processor.py:925} INFO - DAG(s) 'example_workday_timetable' retrieved from /Library/Frameworks/Python.framework/Versions/3.11/lib/python3.11/site-packages/airflow/example_dags/example_workday_timetable.py
[2025-10-28T13:57:54.548-0400] {logging_mixin.py:190} INFO - [2025-10-28T13:57:54.547-0400] {dag.py:3239} INFO - Sync 1 DAGs
[2025-10-28T13:57:54.561-0400] {logging_mixin.py:190} INFO - [2025-10-28T13:57:54.560-0400] {dag.py:4180} INFO - Setting next_dagrun for example_workday_timetable to 2021-01-04 00:00:00+00:00, run_after=2021-01-05 00:00:00+00:00
[2025-10-28T13:57:54.566-0400] {processor.py:208} INFO - Processing /Library/Frameworks/Python.framework/Versions/3.11/lib/python3.11/site-packages/airflow/example_dags/example_workday_timetable.py took 0.421 seconds
[2025-10-28T13:59:06.734-0400] {processor.py:186} INFO - Started process (PID=83250) to work on /Library/Frameworks/Python.framework/Versions/3.11/lib/python3.11/site-packages/airflow/example_dags/example_workday_timetable.py
[2025-10-28T13:59:06.735-0400] {processor.py:914} INFO - Processing file /Library/Frameworks/Python.framework/Versions/3.11/lib/python3.11/site-packages/airflow/example_dags/example_workday_timetable.py for tasks to queue
[2025-10-28T13:59:06.735-0400] {logging_mixin.py:190} INFO - [2025-10-28T13:59:06.735-0400] {dagbag.py:588} INFO - Filling up the DagBag from /Library/Frameworks/Python.framework/Versions/3.11/lib/python3.11/site-packages/airflow/example_dags/example_workday_timetable.py
[2025-10-28T13:59:06.998-0400] {processor.py:925} INFO - DAG(s) 'example_workday_timetable' retrieved from /Library/Frameworks/Python.framework/Versions/3.11/lib/python3.11/site-packages/airflow/example_dags/example_workday_timetable.py
[2025-10-28T13:59:07.061-0400] {logging_mixin.py:190} INFO - [2025-10-28T13:59:07.061-0400] {dag.py:3239} INFO - Sync 1 DAGs
[2025-10-28T13:59:07.073-0400] {logging_mixin.py:190} INFO - [2025-10-28T13:59:07.073-0400] {dag.py:4180} INFO - Setting next_dagrun for example_workday_timetable to 2021-01-04 00:00:00+00:00, run_after=2021-01-05 00:00:00+00:00
[2025-10-28T13:59:07.078-0400] {processor.py:208} INFO - Processing /Library/Frameworks/Python.framework/Versions/3.11/lib/python3.11/site-packages/airflow/example_dags/example_workday_timetable.py took 0.345 seconds
[2025-10-28T13:59:51.087-0400] {processor.py:186} INFO - Started process (PID=83944) to work on /Library/Frameworks/Python.framework/Versions/3.11/lib/python3.11/site-packages/airflow/example_dags/example_workday_timetable.py
[2025-10-28T13:59:51.088-0400] {processor.py:914} INFO - Processing file /Library/Frameworks/Python.framework/Versions/3.11/lib/python3.11/site-packages/airflow/example_dags/example_workday_timetable.py for tasks to queue
[2025-10-28T13:59:51.088-0400] {logging_mixin.py:190} INFO - [2025-10-28T13:59:51.088-0400] {dagbag.py:588} INFO - Filling up the DagBag from /Library/Frameworks/Python.framework/Versions/3.11/lib/python3.11/site-packages/airflow/example_dags/example_workday_timetable.py
[2025-10-28T13:59:51.316-0400] {processor.py:925} INFO - DAG(s) 'example_workday_timetable' retrieved from /Library/Frameworks/Python.framework/Versions/3.11/lib/python3.11/site-packages/airflow/example_dags/example_workday_timetable.py
[2025-10-28T13:59:51.384-0400] {logging_mixin.py:190} INFO - [2025-10-28T13:59:51.384-0400] {dag.py:3239} INFO - Sync 1 DAGs
[2025-10-28T13:59:51.396-0400] {logging_mixin.py:190} INFO - [2025-10-28T13:59:51.396-0400] {dag.py:4180} INFO - Setting next_dagrun for example_workday_timetable to 2021-01-04 00:00:00+00:00, run_after=2021-01-05 00:00:00+00:00
[2025-10-28T13:59:51.401-0400] {processor.py:208} INFO - Processing /Library/Frameworks/Python.framework/Versions/3.11/lib/python3.11/site-packages/airflow/example_dags/example_workday_timetable.py took 0.316 seconds
[2025-10-28T14:03:20.782-0400] {processor.py:186} INFO - Started process (PID=86445) to work on /Library/Frameworks/Python.framework/Versions/3.11/lib/python3.11/site-packages/airflow/example_dags/example_workday_timetable.py
[2025-10-28T14:03:20.784-0400] {processor.py:914} INFO - Processing file /Library/Frameworks/Python.framework/Versions/3.11/lib/python3.11/site-packages/airflow/example_dags/example_workday_timetable.py for tasks to queue
[2025-10-28T14:03:20.784-0400] {logging_mixin.py:190} INFO - [2025-10-28T14:03:20.784-0400] {dagbag.py:588} INFO - Filling up the DagBag from /Library/Frameworks/Python.framework/Versions/3.11/lib/python3.11/site-packages/airflow/example_dags/example_workday_timetable.py
[2025-10-28T14:03:20.998-0400] {processor.py:925} INFO - DAG(s) 'example_workday_timetable' retrieved from /Library/Frameworks/Python.framework/Versions/3.11/lib/python3.11/site-packages/airflow/example_dags/example_workday_timetable.py
[2025-10-28T14:03:21.065-0400] {logging_mixin.py:190} INFO - [2025-10-28T14:03:21.065-0400] {dag.py:3239} INFO - Sync 1 DAGs
[2025-10-28T14:03:21.083-0400] {logging_mixin.py:190} INFO - [2025-10-28T14:03:21.083-0400] {dag.py:4180} INFO - Setting next_dagrun for example_workday_timetable to 2021-01-04 00:00:00+00:00, run_after=2021-01-05 00:00:00+00:00
[2025-10-28T14:03:21.088-0400] {processor.py:208} INFO - Processing /Library/Frameworks/Python.framework/Versions/3.11/lib/python3.11/site-packages/airflow/example_dags/example_workday_timetable.py took 0.307 seconds
[2025-10-28T14:05:03.112-0400] {processor.py:186} INFO - Started process (PID=87454) to work on /Library/Frameworks/Python.framework/Versions/3.11/lib/python3.11/site-packages/airflow/example_dags/example_workday_timetable.py
[2025-10-28T14:05:03.113-0400] {processor.py:914} INFO - Processing file /Library/Frameworks/Python.framework/Versions/3.11/lib/python3.11/site-packages/airflow/example_dags/example_workday_timetable.py for tasks to queue
[2025-10-28T14:05:03.113-0400] {logging_mixin.py:190} INFO - [2025-10-28T14:05:03.113-0400] {dagbag.py:588} INFO - Filling up the DagBag from /Library/Frameworks/Python.framework/Versions/3.11/lib/python3.11/site-packages/airflow/example_dags/example_workday_timetable.py
[2025-10-28T14:05:03.324-0400] {processor.py:925} INFO - DAG(s) 'example_workday_timetable' retrieved from /Library/Frameworks/Python.framework/Versions/3.11/lib/python3.11/site-packages/airflow/example_dags/example_workday_timetable.py
[2025-10-28T14:05:03.391-0400] {logging_mixin.py:190} INFO - [2025-10-28T14:05:03.391-0400] {dag.py:3239} INFO - Sync 1 DAGs
[2025-10-28T14:05:03.404-0400] {logging_mixin.py:190} INFO - [2025-10-28T14:05:03.404-0400] {dag.py:4180} INFO - Setting next_dagrun for example_workday_timetable to 2021-01-04 00:00:00+00:00, run_after=2021-01-05 00:00:00+00:00
[2025-10-28T14:05:03.410-0400] {processor.py:208} INFO - Processing /Library/Frameworks/Python.framework/Versions/3.11/lib/python3.11/site-packages/airflow/example_dags/example_workday_timetable.py took 0.299 seconds
[2025-10-28T14:05:46.759-0400] {processor.py:186} INFO - Started process (PID=88037) to work on /Library/Frameworks/Python.framework/Versions/3.11/lib/python3.11/site-packages/airflow/example_dags/example_workday_timetable.py
[2025-10-28T14:05:46.760-0400] {processor.py:914} INFO - Processing file /Library/Frameworks/Python.framework/Versions/3.11/lib/python3.11/site-packages/airflow/example_dags/example_workday_timetable.py for tasks to queue
[2025-10-28T14:05:46.760-0400] {logging_mixin.py:190} INFO - [2025-10-28T14:05:46.760-0400] {dagbag.py:588} INFO - Filling up the DagBag from /Library/Frameworks/Python.framework/Versions/3.11/lib/python3.11/site-packages/airflow/example_dags/example_workday_timetable.py
[2025-10-28T14:05:46.981-0400] {processor.py:925} INFO - DAG(s) 'example_workday_timetable' retrieved from /Library/Frameworks/Python.framework/Versions/3.11/lib/python3.11/site-packages/airflow/example_dags/example_workday_timetable.py
[2025-10-28T14:05:47.071-0400] {logging_mixin.py:190} INFO - [2025-10-28T14:05:47.070-0400] {dag.py:3239} INFO - Sync 1 DAGs
[2025-10-28T14:05:47.085-0400] {logging_mixin.py:190} INFO - [2025-10-28T14:05:47.085-0400] {dag.py:4180} INFO - Setting next_dagrun for example_workday_timetable to 2021-01-04 00:00:00+00:00, run_after=2021-01-05 00:00:00+00:00
[2025-10-28T14:05:47.091-0400] {processor.py:208} INFO - Processing /Library/Frameworks/Python.framework/Versions/3.11/lib/python3.11/site-packages/airflow/example_dags/example_workday_timetable.py took 0.333 seconds
[2025-10-28T14:07:26.358-0400] {processor.py:186} INFO - Started process (PID=88874) to work on /Library/Frameworks/Python.framework/Versions/3.11/lib/python3.11/site-packages/airflow/example_dags/example_workday_timetable.py
[2025-10-28T14:07:26.359-0400] {processor.py:914} INFO - Processing file /Library/Frameworks/Python.framework/Versions/3.11/lib/python3.11/site-packages/airflow/example_dags/example_workday_timetable.py for tasks to queue
[2025-10-28T14:07:26.359-0400] {logging_mixin.py:190} INFO - [2025-10-28T14:07:26.359-0400] {dagbag.py:588} INFO - Filling up the DagBag from /Library/Frameworks/Python.framework/Versions/3.11/lib/python3.11/site-packages/airflow/example_dags/example_workday_timetable.py
[2025-10-28T14:07:26.647-0400] {processor.py:925} INFO - DAG(s) 'example_workday_timetable' retrieved from /Library/Frameworks/Python.framework/Versions/3.11/lib/python3.11/site-packages/airflow/example_dags/example_workday_timetable.py
[2025-10-28T14:07:26.717-0400] {logging_mixin.py:190} INFO - [2025-10-28T14:07:26.717-0400] {dag.py:3239} INFO - Sync 1 DAGs
[2025-10-28T14:07:26.730-0400] {logging_mixin.py:190} INFO - [2025-10-28T14:07:26.730-0400] {dag.py:4180} INFO - Setting next_dagrun for example_workday_timetable to 2021-01-04 00:00:00+00:00, run_after=2021-01-05 00:00:00+00:00
[2025-10-28T14:07:26.736-0400] {processor.py:208} INFO - Processing /Library/Frameworks/Python.framework/Versions/3.11/lib/python3.11/site-packages/airflow/example_dags/example_workday_timetable.py took 0.379 seconds
[2025-10-28T14:08:31.235-0400] {processor.py:186} INFO - Started process (PID=89753) to work on /Library/Frameworks/Python.framework/Versions/3.11/lib/python3.11/site-packages/airflow/example_dags/example_workday_timetable.py
[2025-10-28T14:08:31.236-0400] {processor.py:914} INFO - Processing file /Library/Frameworks/Python.framework/Versions/3.11/lib/python3.11/site-packages/airflow/example_dags/example_workday_timetable.py for tasks to queue
[2025-10-28T14:08:31.237-0400] {logging_mixin.py:190} INFO - [2025-10-28T14:08:31.237-0400] {dagbag.py:588} INFO - Filling up the DagBag from /Library/Frameworks/Python.framework/Versions/3.11/lib/python3.11/site-packages/airflow/example_dags/example_workday_timetable.py
[2025-10-28T14:08:31.609-0400] {processor.py:925} INFO - DAG(s) 'example_workday_timetable' retrieved from /Library/Frameworks/Python.framework/Versions/3.11/lib/python3.11/site-packages/airflow/example_dags/example_workday_timetable.py
[2025-10-28T14:08:31.698-0400] {logging_mixin.py:190} INFO - [2025-10-28T14:08:31.697-0400] {dag.py:3239} INFO - Sync 1 DAGs
[2025-10-28T14:08:31.723-0400] {logging_mixin.py:190} INFO - [2025-10-28T14:08:31.723-0400] {dag.py:4180} INFO - Setting next_dagrun for example_workday_timetable to 2021-01-04 00:00:00+00:00, run_after=2021-01-05 00:00:00+00:00
[2025-10-28T14:08:31.732-0400] {processor.py:208} INFO - Processing /Library/Frameworks/Python.framework/Versions/3.11/lib/python3.11/site-packages/airflow/example_dags/example_workday_timetable.py took 0.498 seconds
[2025-10-28T14:09:12.470-0400] {processor.py:186} INFO - Started process (PID=90356) to work on /Library/Frameworks/Python.framework/Versions/3.11/lib/python3.11/site-packages/airflow/example_dags/example_workday_timetable.py
[2025-10-28T14:09:12.471-0400] {processor.py:914} INFO - Processing file /Library/Frameworks/Python.framework/Versions/3.11/lib/python3.11/site-packages/airflow/example_dags/example_workday_timetable.py for tasks to queue
[2025-10-28T14:09:12.471-0400] {logging_mixin.py:190} INFO - [2025-10-28T14:09:12.471-0400] {dagbag.py:588} INFO - Filling up the DagBag from /Library/Frameworks/Python.framework/Versions/3.11/lib/python3.11/site-packages/airflow/example_dags/example_workday_timetable.py
[2025-10-28T14:09:12.752-0400] {processor.py:925} INFO - DAG(s) 'example_workday_timetable' retrieved from /Library/Frameworks/Python.framework/Versions/3.11/lib/python3.11/site-packages/airflow/example_dags/example_workday_timetable.py
[2025-10-28T14:09:12.827-0400] {logging_mixin.py:190} INFO - [2025-10-28T14:09:12.827-0400] {dag.py:3239} INFO - Sync 1 DAGs
[2025-10-28T14:09:12.840-0400] {logging_mixin.py:190} INFO - [2025-10-28T14:09:12.840-0400] {dag.py:4180} INFO - Setting next_dagrun for example_workday_timetable to 2021-01-04 00:00:00+00:00, run_after=2021-01-05 00:00:00+00:00
[2025-10-28T14:09:12.847-0400] {processor.py:208} INFO - Processing /Library/Frameworks/Python.framework/Versions/3.11/lib/python3.11/site-packages/airflow/example_dags/example_workday_timetable.py took 0.379 seconds
[2025-10-28T14:11:26.873-0400] {processor.py:186} INFO - Started process (PID=91753) to work on /Library/Frameworks/Python.framework/Versions/3.11/lib/python3.11/site-packages/airflow/example_dags/example_workday_timetable.py
[2025-10-28T14:11:26.875-0400] {processor.py:914} INFO - Processing file /Library/Frameworks/Python.framework/Versions/3.11/lib/python3.11/site-packages/airflow/example_dags/example_workday_timetable.py for tasks to queue
[2025-10-28T14:11:26.875-0400] {logging_mixin.py:190} INFO - [2025-10-28T14:11:26.875-0400] {dagbag.py:588} INFO - Filling up the DagBag from /Library/Frameworks/Python.framework/Versions/3.11/lib/python3.11/site-packages/airflow/example_dags/example_workday_timetable.py
[2025-10-28T14:11:27.089-0400] {processor.py:925} INFO - DAG(s) 'example_workday_timetable' retrieved from /Library/Frameworks/Python.framework/Versions/3.11/lib/python3.11/site-packages/airflow/example_dags/example_workday_timetable.py
[2025-10-28T14:11:27.159-0400] {logging_mixin.py:190} INFO - [2025-10-28T14:11:27.159-0400] {dag.py:3239} INFO - Sync 1 DAGs
[2025-10-28T14:11:27.172-0400] {logging_mixin.py:190} INFO - [2025-10-28T14:11:27.172-0400] {dag.py:4180} INFO - Setting next_dagrun for example_workday_timetable to 2021-01-04 00:00:00+00:00, run_after=2021-01-05 00:00:00+00:00
[2025-10-28T14:11:27.178-0400] {processor.py:208} INFO - Processing /Library/Frameworks/Python.framework/Versions/3.11/lib/python3.11/site-packages/airflow/example_dags/example_workday_timetable.py took 0.306 seconds
[2025-10-28T14:13:11.058-0400] {processor.py:186} INFO - Started process (PID=92655) to work on /Library/Frameworks/Python.framework/Versions/3.11/lib/python3.11/site-packages/airflow/example_dags/example_workday_timetable.py
[2025-10-28T14:13:11.059-0400] {processor.py:914} INFO - Processing file /Library/Frameworks/Python.framework/Versions/3.11/lib/python3.11/site-packages/airflow/example_dags/example_workday_timetable.py for tasks to queue
[2025-10-28T14:13:11.060-0400] {logging_mixin.py:190} INFO - [2025-10-28T14:13:11.060-0400] {dagbag.py:588} INFO - Filling up the DagBag from /Library/Frameworks/Python.framework/Versions/3.11/lib/python3.11/site-packages/airflow/example_dags/example_workday_timetable.py
[2025-10-28T14:13:11.328-0400] {processor.py:925} INFO - DAG(s) 'example_workday_timetable' retrieved from /Library/Frameworks/Python.framework/Versions/3.11/lib/python3.11/site-packages/airflow/example_dags/example_workday_timetable.py
[2025-10-28T14:13:11.394-0400] {logging_mixin.py:190} INFO - [2025-10-28T14:13:11.393-0400] {dag.py:3239} INFO - Sync 1 DAGs
[2025-10-28T14:13:11.405-0400] {logging_mixin.py:190} INFO - [2025-10-28T14:13:11.405-0400] {dag.py:4180} INFO - Setting next_dagrun for example_workday_timetable to 2021-01-04 00:00:00+00:00, run_after=2021-01-05 00:00:00+00:00
[2025-10-28T14:13:11.411-0400] {processor.py:208} INFO - Processing /Library/Frameworks/Python.framework/Versions/3.11/lib/python3.11/site-packages/airflow/example_dags/example_workday_timetable.py took 0.354 seconds
[2025-10-28T14:14:24.484-0400] {processor.py:186} INFO - Started process (PID=93285) to work on /Library/Frameworks/Python.framework/Versions/3.11/lib/python3.11/site-packages/airflow/example_dags/example_workday_timetable.py
[2025-10-28T14:14:24.485-0400] {processor.py:914} INFO - Processing file /Library/Frameworks/Python.framework/Versions/3.11/lib/python3.11/site-packages/airflow/example_dags/example_workday_timetable.py for tasks to queue
[2025-10-28T14:14:24.485-0400] {logging_mixin.py:190} INFO - [2025-10-28T14:14:24.485-0400] {dagbag.py:588} INFO - Filling up the DagBag from /Library/Frameworks/Python.framework/Versions/3.11/lib/python3.11/site-packages/airflow/example_dags/example_workday_timetable.py
[2025-10-28T14:14:24.821-0400] {processor.py:925} INFO - DAG(s) 'example_workday_timetable' retrieved from /Library/Frameworks/Python.framework/Versions/3.11/lib/python3.11/site-packages/airflow/example_dags/example_workday_timetable.py
[2025-10-28T14:14:24.907-0400] {logging_mixin.py:190} INFO - [2025-10-28T14:14:24.907-0400] {dag.py:3239} INFO - Sync 1 DAGs
[2025-10-28T14:14:24.920-0400] {logging_mixin.py:190} INFO - [2025-10-28T14:14:24.920-0400] {dag.py:4180} INFO - Setting next_dagrun for example_workday_timetable to 2021-01-04 00:00:00+00:00, run_after=2021-01-05 00:00:00+00:00
[2025-10-28T14:14:24.926-0400] {processor.py:208} INFO - Processing /Library/Frameworks/Python.framework/Versions/3.11/lib/python3.11/site-packages/airflow/example_dags/example_workday_timetable.py took 0.444 seconds
[2025-10-28T14:16:09.433-0400] {processor.py:186} INFO - Started process (PID=94437) to work on /Library/Frameworks/Python.framework/Versions/3.11/lib/python3.11/site-packages/airflow/example_dags/example_workday_timetable.py
[2025-10-28T14:16:09.434-0400] {processor.py:914} INFO - Processing file /Library/Frameworks/Python.framework/Versions/3.11/lib/python3.11/site-packages/airflow/example_dags/example_workday_timetable.py for tasks to queue
[2025-10-28T14:16:09.434-0400] {logging_mixin.py:190} INFO - [2025-10-28T14:16:09.434-0400] {dagbag.py:588} INFO - Filling up the DagBag from /Library/Frameworks/Python.framework/Versions/3.11/lib/python3.11/site-packages/airflow/example_dags/example_workday_timetable.py
[2025-10-28T14:16:09.697-0400] {processor.py:925} INFO - DAG(s) 'example_workday_timetable' retrieved from /Library/Frameworks/Python.framework/Versions/3.11/lib/python3.11/site-packages/airflow/example_dags/example_workday_timetable.py
[2025-10-28T14:16:09.782-0400] {logging_mixin.py:190} INFO - [2025-10-28T14:16:09.782-0400] {dag.py:3239} INFO - Sync 1 DAGs
[2025-10-28T14:16:09.806-0400] {logging_mixin.py:190} INFO - [2025-10-28T14:16:09.806-0400] {dag.py:4180} INFO - Setting next_dagrun for example_workday_timetable to 2021-01-04 00:00:00+00:00, run_after=2021-01-05 00:00:00+00:00
[2025-10-28T14:16:09.819-0400] {processor.py:208} INFO - Processing /Library/Frameworks/Python.framework/Versions/3.11/lib/python3.11/site-packages/airflow/example_dags/example_workday_timetable.py took 0.387 seconds
[2025-10-28T14:17:22.616-0400] {processor.py:186} INFO - Started process (PID=95339) to work on /Library/Frameworks/Python.framework/Versions/3.11/lib/python3.11/site-packages/airflow/example_dags/example_workday_timetable.py
[2025-10-28T14:17:22.617-0400] {processor.py:914} INFO - Processing file /Library/Frameworks/Python.framework/Versions/3.11/lib/python3.11/site-packages/airflow/example_dags/example_workday_timetable.py for tasks to queue
[2025-10-28T14:17:22.617-0400] {logging_mixin.py:190} INFO - [2025-10-28T14:17:22.617-0400] {dagbag.py:588} INFO - Filling up the DagBag from /Library/Frameworks/Python.framework/Versions/3.11/lib/python3.11/site-packages/airflow/example_dags/example_workday_timetable.py
[2025-10-28T14:17:22.839-0400] {processor.py:925} INFO - DAG(s) 'example_workday_timetable' retrieved from /Library/Frameworks/Python.framework/Versions/3.11/lib/python3.11/site-packages/airflow/example_dags/example_workday_timetable.py
[2025-10-28T14:17:22.912-0400] {logging_mixin.py:190} INFO - [2025-10-28T14:17:22.911-0400] {dag.py:3239} INFO - Sync 1 DAGs
[2025-10-28T14:17:22.925-0400] {logging_mixin.py:190} INFO - [2025-10-28T14:17:22.925-0400] {dag.py:4180} INFO - Setting next_dagrun for example_workday_timetable to 2021-01-04 00:00:00+00:00, run_after=2021-01-05 00:00:00+00:00
[2025-10-28T14:17:22.933-0400] {processor.py:208} INFO - Processing /Library/Frameworks/Python.framework/Versions/3.11/lib/python3.11/site-packages/airflow/example_dags/example_workday_timetable.py took 0.318 seconds
[2025-10-28T14:19:09.405-0400] {processor.py:186} INFO - Started process (PID=96345) to work on /Library/Frameworks/Python.framework/Versions/3.11/lib/python3.11/site-packages/airflow/example_dags/example_workday_timetable.py
[2025-10-28T14:19:09.406-0400] {processor.py:914} INFO - Processing file /Library/Frameworks/Python.framework/Versions/3.11/lib/python3.11/site-packages/airflow/example_dags/example_workday_timetable.py for tasks to queue
[2025-10-28T14:19:09.406-0400] {logging_mixin.py:190} INFO - [2025-10-28T14:19:09.406-0400] {dagbag.py:588} INFO - Filling up the DagBag from /Library/Frameworks/Python.framework/Versions/3.11/lib/python3.11/site-packages/airflow/example_dags/example_workday_timetable.py
[2025-10-28T14:19:09.677-0400] {processor.py:925} INFO - DAG(s) 'example_workday_timetable' retrieved from /Library/Frameworks/Python.framework/Versions/3.11/lib/python3.11/site-packages/airflow/example_dags/example_workday_timetable.py
[2025-10-28T14:19:09.741-0400] {logging_mixin.py:190} INFO - [2025-10-28T14:19:09.740-0400] {dag.py:3239} INFO - Sync 1 DAGs
[2025-10-28T14:19:09.753-0400] {logging_mixin.py:190} INFO - [2025-10-28T14:19:09.753-0400] {dag.py:4180} INFO - Setting next_dagrun for example_workday_timetable to 2021-01-04 00:00:00+00:00, run_after=2021-01-05 00:00:00+00:00
[2025-10-28T14:19:09.758-0400] {processor.py:208} INFO - Processing /Library/Frameworks/Python.framework/Versions/3.11/lib/python3.11/site-packages/airflow/example_dags/example_workday_timetable.py took 0.354 seconds
[2025-10-28T14:20:22.491-0400] {processor.py:186} INFO - Started process (PID=96980) to work on /Library/Frameworks/Python.framework/Versions/3.11/lib/python3.11/site-packages/airflow/example_dags/example_workday_timetable.py
[2025-10-28T14:20:22.492-0400] {processor.py:914} INFO - Processing file /Library/Frameworks/Python.framework/Versions/3.11/lib/python3.11/site-packages/airflow/example_dags/example_workday_timetable.py for tasks to queue
[2025-10-28T14:20:22.492-0400] {logging_mixin.py:190} INFO - [2025-10-28T14:20:22.492-0400] {dagbag.py:588} INFO - Filling up the DagBag from /Library/Frameworks/Python.framework/Versions/3.11/lib/python3.11/site-packages/airflow/example_dags/example_workday_timetable.py
[2025-10-28T14:20:22.833-0400] {processor.py:925} INFO - DAG(s) 'example_workday_timetable' retrieved from /Library/Frameworks/Python.framework/Versions/3.11/lib/python3.11/site-packages/airflow/example_dags/example_workday_timetable.py
[2025-10-28T14:20:22.901-0400] {logging_mixin.py:190} INFO - [2025-10-28T14:20:22.901-0400] {dag.py:3239} INFO - Sync 1 DAGs
[2025-10-28T14:20:22.914-0400] {logging_mixin.py:190} INFO - [2025-10-28T14:20:22.913-0400] {dag.py:4180} INFO - Setting next_dagrun for example_workday_timetable to 2021-01-04 00:00:00+00:00, run_after=2021-01-05 00:00:00+00:00
[2025-10-28T14:20:22.919-0400] {processor.py:208} INFO - Processing /Library/Frameworks/Python.framework/Versions/3.11/lib/python3.11/site-packages/airflow/example_dags/example_workday_timetable.py took 0.428 seconds
