[2025-10-28T13:30:40.198-0400] {processor.py:186} INFO - Started process (PID=68206) to work on /Library/Frameworks/Python.framework/Versions/3.11/lib/python3.11/site-packages/airflow/example_dags/tutorial_objectstorage.py
[2025-10-28T13:30:40.198-0400] {processor.py:914} INFO - Processing file /Library/Frameworks/Python.framework/Versions/3.11/lib/python3.11/site-packages/airflow/example_dags/tutorial_objectstorage.py for tasks to queue
[2025-10-28T13:30:40.199-0400] {logging_mixin.py:190} INFO - [2025-10-28T13:30:40.198-0400] {dagbag.py:588} INFO - Filling up the DagBag from /Library/Frameworks/Python.framework/Versions/3.11/lib/python3.11/site-packages/airflow/example_dags/tutorial_objectstorage.py
[2025-10-28T13:30:40.210-0400] {processor.py:925} INFO - DAG(s) 'tutorial_objectstorage' retrieved from /Library/Frameworks/Python.framework/Versions/3.11/lib/python3.11/site-packages/airflow/example_dags/tutorial_objectstorage.py
[2025-10-28T13:30:40.212-0400] {logging_mixin.py:190} INFO - [2025-10-28T13:30:40.212-0400] {dag.py:3239} INFO - Sync 1 DAGs
[2025-10-28T13:30:40.235-0400] {logging_mixin.py:190} INFO - [2025-10-28T13:30:40.235-0400] {dag.py:4180} INFO - Setting next_dagrun for tutorial_objectstorage to None, run_after=None
[2025-10-28T13:30:40.240-0400] {processor.py:208} INFO - Processing /Library/Frameworks/Python.framework/Versions/3.11/lib/python3.11/site-packages/airflow/example_dags/tutorial_objectstorage.py took 0.043 seconds
[2025-10-28T13:32:18.607-0400] {processor.py:186} INFO - Started process (PID=69043) to work on /Library/Frameworks/Python.framework/Versions/3.11/lib/python3.11/site-packages/airflow/example_dags/tutorial_objectstorage.py
[2025-10-28T13:32:18.611-0400] {processor.py:914} INFO - Processing file /Library/Frameworks/Python.framework/Versions/3.11/lib/python3.11/site-packages/airflow/example_dags/tutorial_objectstorage.py for tasks to queue
[2025-10-28T13:32:18.612-0400] {logging_mixin.py:190} INFO - [2025-10-28T13:32:18.611-0400] {dagbag.py:588} INFO - Filling up the DagBag from /Library/Frameworks/Python.framework/Versions/3.11/lib/python3.11/site-packages/airflow/example_dags/tutorial_objectstorage.py
[2025-10-28T13:32:18.624-0400] {processor.py:925} INFO - DAG(s) 'tutorial_objectstorage' retrieved from /Library/Frameworks/Python.framework/Versions/3.11/lib/python3.11/site-packages/airflow/example_dags/tutorial_objectstorage.py
[2025-10-28T13:32:18.673-0400] {logging_mixin.py:190} INFO - [2025-10-28T13:32:18.673-0400] {dag.py:3239} INFO - Sync 1 DAGs
[2025-10-28T13:32:18.675-0400] {logging_mixin.py:190} INFO - [2025-10-28T13:32:18.675-0400] {dag.py:4180} INFO - Setting next_dagrun for tutorial_objectstorage to None, run_after=None
[2025-10-28T13:32:18.681-0400] {processor.py:208} INFO - Processing /Library/Frameworks/Python.framework/Versions/3.11/lib/python3.11/site-packages/airflow/example_dags/tutorial_objectstorage.py took 0.074 seconds
[2025-10-28T13:33:24.423-0400] {processor.py:186} INFO - Started process (PID=69622) to work on /Library/Frameworks/Python.framework/Versions/3.11/lib/python3.11/site-packages/airflow/example_dags/tutorial_objectstorage.py
[2025-10-28T13:33:24.424-0400] {processor.py:914} INFO - Processing file /Library/Frameworks/Python.framework/Versions/3.11/lib/python3.11/site-packages/airflow/example_dags/tutorial_objectstorage.py for tasks to queue
[2025-10-28T13:33:24.425-0400] {logging_mixin.py:190} INFO - [2025-10-28T13:33:24.425-0400] {dagbag.py:588} INFO - Filling up the DagBag from /Library/Frameworks/Python.framework/Versions/3.11/lib/python3.11/site-packages/airflow/example_dags/tutorial_objectstorage.py
[2025-10-28T13:33:24.437-0400] {processor.py:925} INFO - DAG(s) 'tutorial_objectstorage' retrieved from /Library/Frameworks/Python.framework/Versions/3.11/lib/python3.11/site-packages/airflow/example_dags/tutorial_objectstorage.py
[2025-10-28T13:33:24.461-0400] {logging_mixin.py:190} INFO - [2025-10-28T13:33:24.461-0400] {dag.py:3239} INFO - Sync 1 DAGs
[2025-10-28T13:33:24.464-0400] {logging_mixin.py:190} INFO - [2025-10-28T13:33:24.464-0400] {dag.py:4180} INFO - Setting next_dagrun for tutorial_objectstorage to None, run_after=None
[2025-10-28T13:33:24.469-0400] {processor.py:208} INFO - Processing /Library/Frameworks/Python.framework/Versions/3.11/lib/python3.11/site-packages/airflow/example_dags/tutorial_objectstorage.py took 0.047 seconds
[2025-10-28T13:34:32.009-0400] {processor.py:186} INFO - Started process (PID=70193) to work on /Library/Frameworks/Python.framework/Versions/3.11/lib/python3.11/site-packages/airflow/example_dags/tutorial_objectstorage.py
[2025-10-28T13:34:32.010-0400] {processor.py:914} INFO - Processing file /Library/Frameworks/Python.framework/Versions/3.11/lib/python3.11/site-packages/airflow/example_dags/tutorial_objectstorage.py for tasks to queue
[2025-10-28T13:34:32.010-0400] {logging_mixin.py:190} INFO - [2025-10-28T13:34:32.010-0400] {dagbag.py:588} INFO - Filling up the DagBag from /Library/Frameworks/Python.framework/Versions/3.11/lib/python3.11/site-packages/airflow/example_dags/tutorial_objectstorage.py
[2025-10-28T13:34:32.022-0400] {processor.py:925} INFO - DAG(s) 'tutorial_objectstorage' retrieved from /Library/Frameworks/Python.framework/Versions/3.11/lib/python3.11/site-packages/airflow/example_dags/tutorial_objectstorage.py
[2025-10-28T13:34:32.046-0400] {logging_mixin.py:190} INFO - [2025-10-28T13:34:32.046-0400] {dag.py:3239} INFO - Sync 1 DAGs
[2025-10-28T13:34:32.050-0400] {logging_mixin.py:190} INFO - [2025-10-28T13:34:32.050-0400] {dag.py:4180} INFO - Setting next_dagrun for tutorial_objectstorage to None, run_after=None
[2025-10-28T13:34:32.055-0400] {processor.py:208} INFO - Processing /Library/Frameworks/Python.framework/Versions/3.11/lib/python3.11/site-packages/airflow/example_dags/tutorial_objectstorage.py took 0.046 seconds
[2025-10-28T13:35:38.606-0400] {processor.py:186} INFO - Started process (PID=70768) to work on /Library/Frameworks/Python.framework/Versions/3.11/lib/python3.11/site-packages/airflow/example_dags/tutorial_objectstorage.py
[2025-10-28T13:35:38.607-0400] {processor.py:914} INFO - Processing file /Library/Frameworks/Python.framework/Versions/3.11/lib/python3.11/site-packages/airflow/example_dags/tutorial_objectstorage.py for tasks to queue
[2025-10-28T13:35:38.607-0400] {logging_mixin.py:190} INFO - [2025-10-28T13:35:38.607-0400] {dagbag.py:588} INFO - Filling up the DagBag from /Library/Frameworks/Python.framework/Versions/3.11/lib/python3.11/site-packages/airflow/example_dags/tutorial_objectstorage.py
[2025-10-28T13:35:38.619-0400] {processor.py:925} INFO - DAG(s) 'tutorial_objectstorage' retrieved from /Library/Frameworks/Python.framework/Versions/3.11/lib/python3.11/site-packages/airflow/example_dags/tutorial_objectstorage.py
[2025-10-28T13:35:38.643-0400] {logging_mixin.py:190} INFO - [2025-10-28T13:35:38.643-0400] {dag.py:3239} INFO - Sync 1 DAGs
[2025-10-28T13:35:38.646-0400] {logging_mixin.py:190} INFO - [2025-10-28T13:35:38.646-0400] {dag.py:4180} INFO - Setting next_dagrun for tutorial_objectstorage to None, run_after=None
[2025-10-28T13:35:38.651-0400] {processor.py:208} INFO - Processing /Library/Frameworks/Python.framework/Versions/3.11/lib/python3.11/site-packages/airflow/example_dags/tutorial_objectstorage.py took 0.045 seconds
[2025-10-28T13:36:42.753-0400] {processor.py:186} INFO - Started process (PID=71330) to work on /Library/Frameworks/Python.framework/Versions/3.11/lib/python3.11/site-packages/airflow/example_dags/tutorial_objectstorage.py
[2025-10-28T13:36:42.754-0400] {processor.py:914} INFO - Processing file /Library/Frameworks/Python.framework/Versions/3.11/lib/python3.11/site-packages/airflow/example_dags/tutorial_objectstorage.py for tasks to queue
[2025-10-28T13:36:42.754-0400] {logging_mixin.py:190} INFO - [2025-10-28T13:36:42.754-0400] {dagbag.py:588} INFO - Filling up the DagBag from /Library/Frameworks/Python.framework/Versions/3.11/lib/python3.11/site-packages/airflow/example_dags/tutorial_objectstorage.py
[2025-10-28T13:36:42.767-0400] {processor.py:925} INFO - DAG(s) 'tutorial_objectstorage' retrieved from /Library/Frameworks/Python.framework/Versions/3.11/lib/python3.11/site-packages/airflow/example_dags/tutorial_objectstorage.py
[2025-10-28T13:36:42.795-0400] {logging_mixin.py:190} INFO - [2025-10-28T13:36:42.795-0400] {dag.py:3239} INFO - Sync 1 DAGs
[2025-10-28T13:36:42.798-0400] {logging_mixin.py:190} INFO - [2025-10-28T13:36:42.798-0400] {dag.py:4180} INFO - Setting next_dagrun for tutorial_objectstorage to None, run_after=None
[2025-10-28T13:36:42.804-0400] {processor.py:208} INFO - Processing /Library/Frameworks/Python.framework/Versions/3.11/lib/python3.11/site-packages/airflow/example_dags/tutorial_objectstorage.py took 0.052 seconds
[2025-10-28T13:37:51.219-0400] {processor.py:186} INFO - Started process (PID=71912) to work on /Library/Frameworks/Python.framework/Versions/3.11/lib/python3.11/site-packages/airflow/example_dags/tutorial_objectstorage.py
[2025-10-28T13:37:51.220-0400] {processor.py:914} INFO - Processing file /Library/Frameworks/Python.framework/Versions/3.11/lib/python3.11/site-packages/airflow/example_dags/tutorial_objectstorage.py for tasks to queue
[2025-10-28T13:37:51.220-0400] {logging_mixin.py:190} INFO - [2025-10-28T13:37:51.220-0400] {dagbag.py:588} INFO - Filling up the DagBag from /Library/Frameworks/Python.framework/Versions/3.11/lib/python3.11/site-packages/airflow/example_dags/tutorial_objectstorage.py
[2025-10-28T13:37:51.236-0400] {processor.py:925} INFO - DAG(s) 'tutorial_objectstorage' retrieved from /Library/Frameworks/Python.framework/Versions/3.11/lib/python3.11/site-packages/airflow/example_dags/tutorial_objectstorage.py
[2025-10-28T13:37:51.266-0400] {logging_mixin.py:190} INFO - [2025-10-28T13:37:51.266-0400] {dag.py:3239} INFO - Sync 1 DAGs
[2025-10-28T13:37:51.270-0400] {logging_mixin.py:190} INFO - [2025-10-28T13:37:51.270-0400] {dag.py:4180} INFO - Setting next_dagrun for tutorial_objectstorage to None, run_after=None
[2025-10-28T13:37:51.278-0400] {processor.py:208} INFO - Processing /Library/Frameworks/Python.framework/Versions/3.11/lib/python3.11/site-packages/airflow/example_dags/tutorial_objectstorage.py took 0.060 seconds
[2025-10-28T13:39:04.101-0400] {processor.py:186} INFO - Started process (PID=72504) to work on /Library/Frameworks/Python.framework/Versions/3.11/lib/python3.11/site-packages/airflow/example_dags/tutorial_objectstorage.py
[2025-10-28T13:39:04.102-0400] {processor.py:914} INFO - Processing file /Library/Frameworks/Python.framework/Versions/3.11/lib/python3.11/site-packages/airflow/example_dags/tutorial_objectstorage.py for tasks to queue
[2025-10-28T13:39:04.102-0400] {logging_mixin.py:190} INFO - [2025-10-28T13:39:04.102-0400] {dagbag.py:588} INFO - Filling up the DagBag from /Library/Frameworks/Python.framework/Versions/3.11/lib/python3.11/site-packages/airflow/example_dags/tutorial_objectstorage.py
[2025-10-28T13:39:04.117-0400] {processor.py:925} INFO - DAG(s) 'tutorial_objectstorage' retrieved from /Library/Frameworks/Python.framework/Versions/3.11/lib/python3.11/site-packages/airflow/example_dags/tutorial_objectstorage.py
[2025-10-28T13:39:04.145-0400] {logging_mixin.py:190} INFO - [2025-10-28T13:39:04.144-0400] {dag.py:3239} INFO - Sync 1 DAGs
[2025-10-28T13:39:04.148-0400] {logging_mixin.py:190} INFO - [2025-10-28T13:39:04.148-0400] {dag.py:4180} INFO - Setting next_dagrun for tutorial_objectstorage to None, run_after=None
[2025-10-28T13:39:04.154-0400] {processor.py:208} INFO - Processing /Library/Frameworks/Python.framework/Versions/3.11/lib/python3.11/site-packages/airflow/example_dags/tutorial_objectstorage.py took 0.054 seconds
[2025-10-28T13:40:14.046-0400] {processor.py:186} INFO - Started process (PID=73113) to work on /Library/Frameworks/Python.framework/Versions/3.11/lib/python3.11/site-packages/airflow/example_dags/tutorial_objectstorage.py
[2025-10-28T13:40:14.048-0400] {processor.py:914} INFO - Processing file /Library/Frameworks/Python.framework/Versions/3.11/lib/python3.11/site-packages/airflow/example_dags/tutorial_objectstorage.py for tasks to queue
[2025-10-28T13:40:14.048-0400] {logging_mixin.py:190} INFO - [2025-10-28T13:40:14.048-0400] {dagbag.py:588} INFO - Filling up the DagBag from /Library/Frameworks/Python.framework/Versions/3.11/lib/python3.11/site-packages/airflow/example_dags/tutorial_objectstorage.py
[2025-10-28T13:40:14.061-0400] {processor.py:925} INFO - DAG(s) 'tutorial_objectstorage' retrieved from /Library/Frameworks/Python.framework/Versions/3.11/lib/python3.11/site-packages/airflow/example_dags/tutorial_objectstorage.py
[2025-10-28T13:40:14.086-0400] {logging_mixin.py:190} INFO - [2025-10-28T13:40:14.086-0400] {dag.py:3239} INFO - Sync 1 DAGs
[2025-10-28T13:40:14.089-0400] {logging_mixin.py:190} INFO - [2025-10-28T13:40:14.089-0400] {dag.py:4180} INFO - Setting next_dagrun for tutorial_objectstorage to None, run_after=None
[2025-10-28T13:40:14.094-0400] {processor.py:208} INFO - Processing /Library/Frameworks/Python.framework/Versions/3.11/lib/python3.11/site-packages/airflow/example_dags/tutorial_objectstorage.py took 0.049 seconds
[2025-10-28T13:41:25.784-0400] {processor.py:186} INFO - Started process (PID=73731) to work on /Library/Frameworks/Python.framework/Versions/3.11/lib/python3.11/site-packages/airflow/example_dags/tutorial_objectstorage.py
[2025-10-28T13:41:25.785-0400] {processor.py:914} INFO - Processing file /Library/Frameworks/Python.framework/Versions/3.11/lib/python3.11/site-packages/airflow/example_dags/tutorial_objectstorage.py for tasks to queue
[2025-10-28T13:41:25.785-0400] {logging_mixin.py:190} INFO - [2025-10-28T13:41:25.785-0400] {dagbag.py:588} INFO - Filling up the DagBag from /Library/Frameworks/Python.framework/Versions/3.11/lib/python3.11/site-packages/airflow/example_dags/tutorial_objectstorage.py
[2025-10-28T13:41:25.801-0400] {processor.py:925} INFO - DAG(s) 'tutorial_objectstorage' retrieved from /Library/Frameworks/Python.framework/Versions/3.11/lib/python3.11/site-packages/airflow/example_dags/tutorial_objectstorage.py
[2025-10-28T13:41:25.832-0400] {logging_mixin.py:190} INFO - [2025-10-28T13:41:25.831-0400] {dag.py:3239} INFO - Sync 1 DAGs
[2025-10-28T13:41:25.835-0400] {logging_mixin.py:190} INFO - [2025-10-28T13:41:25.835-0400] {dag.py:4180} INFO - Setting next_dagrun for tutorial_objectstorage to None, run_after=None
[2025-10-28T13:41:25.841-0400] {processor.py:208} INFO - Processing /Library/Frameworks/Python.framework/Versions/3.11/lib/python3.11/site-packages/airflow/example_dags/tutorial_objectstorage.py took 0.058 seconds
[2025-10-28T13:42:36.726-0400] {processor.py:186} INFO - Started process (PID=74341) to work on /Library/Frameworks/Python.framework/Versions/3.11/lib/python3.11/site-packages/airflow/example_dags/tutorial_objectstorage.py
[2025-10-28T13:42:36.741-0400] {processor.py:914} INFO - Processing file /Library/Frameworks/Python.framework/Versions/3.11/lib/python3.11/site-packages/airflow/example_dags/tutorial_objectstorage.py for tasks to queue
[2025-10-28T13:42:36.742-0400] {logging_mixin.py:190} INFO - [2025-10-28T13:42:36.742-0400] {dagbag.py:588} INFO - Filling up the DagBag from /Library/Frameworks/Python.framework/Versions/3.11/lib/python3.11/site-packages/airflow/example_dags/tutorial_objectstorage.py
[2025-10-28T13:42:36.760-0400] {processor.py:925} INFO - DAG(s) 'tutorial_objectstorage' retrieved from /Library/Frameworks/Python.framework/Versions/3.11/lib/python3.11/site-packages/airflow/example_dags/tutorial_objectstorage.py
[2025-10-28T13:42:36.792-0400] {logging_mixin.py:190} INFO - [2025-10-28T13:42:36.792-0400] {dag.py:3239} INFO - Sync 1 DAGs
[2025-10-28T13:42:36.796-0400] {logging_mixin.py:190} INFO - [2025-10-28T13:42:36.796-0400] {dag.py:4180} INFO - Setting next_dagrun for tutorial_objectstorage to None, run_after=None
[2025-10-28T13:42:36.803-0400] {processor.py:208} INFO - Processing /Library/Frameworks/Python.framework/Versions/3.11/lib/python3.11/site-packages/airflow/example_dags/tutorial_objectstorage.py took 0.078 seconds
[2025-10-28T13:43:48.930-0400] {processor.py:186} INFO - Started process (PID=74996) to work on /Library/Frameworks/Python.framework/Versions/3.11/lib/python3.11/site-packages/airflow/example_dags/tutorial_objectstorage.py
[2025-10-28T13:43:48.931-0400] {processor.py:914} INFO - Processing file /Library/Frameworks/Python.framework/Versions/3.11/lib/python3.11/site-packages/airflow/example_dags/tutorial_objectstorage.py for tasks to queue
[2025-10-28T13:43:48.931-0400] {logging_mixin.py:190} INFO - [2025-10-28T13:43:48.931-0400] {dagbag.py:588} INFO - Filling up the DagBag from /Library/Frameworks/Python.framework/Versions/3.11/lib/python3.11/site-packages/airflow/example_dags/tutorial_objectstorage.py
[2025-10-28T13:43:48.946-0400] {processor.py:925} INFO - DAG(s) 'tutorial_objectstorage' retrieved from /Library/Frameworks/Python.framework/Versions/3.11/lib/python3.11/site-packages/airflow/example_dags/tutorial_objectstorage.py
[2025-10-28T13:43:48.975-0400] {logging_mixin.py:190} INFO - [2025-10-28T13:43:48.975-0400] {dag.py:3239} INFO - Sync 1 DAGs
[2025-10-28T13:43:48.978-0400] {logging_mixin.py:190} INFO - [2025-10-28T13:43:48.978-0400] {dag.py:4180} INFO - Setting next_dagrun for tutorial_objectstorage to None, run_after=None
[2025-10-28T13:43:48.984-0400] {processor.py:208} INFO - Processing /Library/Frameworks/Python.framework/Versions/3.11/lib/python3.11/site-packages/airflow/example_dags/tutorial_objectstorage.py took 0.055 seconds
[2025-10-28T13:45:00.651-0400] {processor.py:186} INFO - Started process (PID=75606) to work on /Library/Frameworks/Python.framework/Versions/3.11/lib/python3.11/site-packages/airflow/example_dags/tutorial_objectstorage.py
[2025-10-28T13:45:00.653-0400] {processor.py:914} INFO - Processing file /Library/Frameworks/Python.framework/Versions/3.11/lib/python3.11/site-packages/airflow/example_dags/tutorial_objectstorage.py for tasks to queue
[2025-10-28T13:45:00.653-0400] {logging_mixin.py:190} INFO - [2025-10-28T13:45:00.653-0400] {dagbag.py:588} INFO - Filling up the DagBag from /Library/Frameworks/Python.framework/Versions/3.11/lib/python3.11/site-packages/airflow/example_dags/tutorial_objectstorage.py
[2025-10-28T13:45:00.668-0400] {processor.py:925} INFO - DAG(s) 'tutorial_objectstorage' retrieved from /Library/Frameworks/Python.framework/Versions/3.11/lib/python3.11/site-packages/airflow/example_dags/tutorial_objectstorage.py
[2025-10-28T13:45:00.695-0400] {logging_mixin.py:190} INFO - [2025-10-28T13:45:00.695-0400] {dag.py:3239} INFO - Sync 1 DAGs
[2025-10-28T13:45:00.698-0400] {logging_mixin.py:190} INFO - [2025-10-28T13:45:00.698-0400] {dag.py:4180} INFO - Setting next_dagrun for tutorial_objectstorage to None, run_after=None
[2025-10-28T13:45:00.703-0400] {processor.py:208} INFO - Processing /Library/Frameworks/Python.framework/Versions/3.11/lib/python3.11/site-packages/airflow/example_dags/tutorial_objectstorage.py took 0.053 seconds
[2025-10-28T13:46:15.535-0400] {processor.py:186} INFO - Started process (PID=76275) to work on /Library/Frameworks/Python.framework/Versions/3.11/lib/python3.11/site-packages/airflow/example_dags/tutorial_objectstorage.py
[2025-10-28T13:46:15.536-0400] {processor.py:914} INFO - Processing file /Library/Frameworks/Python.framework/Versions/3.11/lib/python3.11/site-packages/airflow/example_dags/tutorial_objectstorage.py for tasks to queue
[2025-10-28T13:46:15.537-0400] {logging_mixin.py:190} INFO - [2025-10-28T13:46:15.536-0400] {dagbag.py:588} INFO - Filling up the DagBag from /Library/Frameworks/Python.framework/Versions/3.11/lib/python3.11/site-packages/airflow/example_dags/tutorial_objectstorage.py
[2025-10-28T13:46:15.557-0400] {processor.py:925} INFO - DAG(s) 'tutorial_objectstorage' retrieved from /Library/Frameworks/Python.framework/Versions/3.11/lib/python3.11/site-packages/airflow/example_dags/tutorial_objectstorage.py
[2025-10-28T13:46:15.587-0400] {logging_mixin.py:190} INFO - [2025-10-28T13:46:15.587-0400] {dag.py:3239} INFO - Sync 1 DAGs
[2025-10-28T13:46:15.591-0400] {logging_mixin.py:190} INFO - [2025-10-28T13:46:15.591-0400] {dag.py:4180} INFO - Setting next_dagrun for tutorial_objectstorage to None, run_after=None
[2025-10-28T13:46:15.601-0400] {processor.py:208} INFO - Processing /Library/Frameworks/Python.framework/Versions/3.11/lib/python3.11/site-packages/airflow/example_dags/tutorial_objectstorage.py took 0.068 seconds
[2025-10-28T13:47:26.089-0400] {processor.py:186} INFO - Started process (PID=76889) to work on /Library/Frameworks/Python.framework/Versions/3.11/lib/python3.11/site-packages/airflow/example_dags/tutorial_objectstorage.py
[2025-10-28T13:47:26.090-0400] {processor.py:914} INFO - Processing file /Library/Frameworks/Python.framework/Versions/3.11/lib/python3.11/site-packages/airflow/example_dags/tutorial_objectstorage.py for tasks to queue
[2025-10-28T13:47:26.090-0400] {logging_mixin.py:190} INFO - [2025-10-28T13:47:26.090-0400] {dagbag.py:588} INFO - Filling up the DagBag from /Library/Frameworks/Python.framework/Versions/3.11/lib/python3.11/site-packages/airflow/example_dags/tutorial_objectstorage.py
[2025-10-28T13:47:26.104-0400] {processor.py:925} INFO - DAG(s) 'tutorial_objectstorage' retrieved from /Library/Frameworks/Python.framework/Versions/3.11/lib/python3.11/site-packages/airflow/example_dags/tutorial_objectstorage.py
[2025-10-28T13:47:26.130-0400] {logging_mixin.py:190} INFO - [2025-10-28T13:47:26.130-0400] {dag.py:3239} INFO - Sync 1 DAGs
[2025-10-28T13:47:26.134-0400] {logging_mixin.py:190} INFO - [2025-10-28T13:47:26.133-0400] {dag.py:4180} INFO - Setting next_dagrun for tutorial_objectstorage to None, run_after=None
[2025-10-28T13:47:26.139-0400] {processor.py:208} INFO - Processing /Library/Frameworks/Python.framework/Versions/3.11/lib/python3.11/site-packages/airflow/example_dags/tutorial_objectstorage.py took 0.051 seconds
[2025-10-28T13:48:31.306-0400] {processor.py:186} INFO - Started process (PID=77456) to work on /Library/Frameworks/Python.framework/Versions/3.11/lib/python3.11/site-packages/airflow/example_dags/tutorial_objectstorage.py
[2025-10-28T13:48:31.307-0400] {processor.py:914} INFO - Processing file /Library/Frameworks/Python.framework/Versions/3.11/lib/python3.11/site-packages/airflow/example_dags/tutorial_objectstorage.py for tasks to queue
[2025-10-28T13:48:31.307-0400] {logging_mixin.py:190} INFO - [2025-10-28T13:48:31.307-0400] {dagbag.py:588} INFO - Filling up the DagBag from /Library/Frameworks/Python.framework/Versions/3.11/lib/python3.11/site-packages/airflow/example_dags/tutorial_objectstorage.py
[2025-10-28T13:48:31.320-0400] {processor.py:925} INFO - DAG(s) 'tutorial_objectstorage' retrieved from /Library/Frameworks/Python.framework/Versions/3.11/lib/python3.11/site-packages/airflow/example_dags/tutorial_objectstorage.py
[2025-10-28T13:48:31.347-0400] {logging_mixin.py:190} INFO - [2025-10-28T13:48:31.347-0400] {dag.py:3239} INFO - Sync 1 DAGs
[2025-10-28T13:48:31.350-0400] {logging_mixin.py:190} INFO - [2025-10-28T13:48:31.350-0400] {dag.py:4180} INFO - Setting next_dagrun for tutorial_objectstorage to None, run_after=None
[2025-10-28T13:48:31.355-0400] {processor.py:208} INFO - Processing /Library/Frameworks/Python.framework/Versions/3.11/lib/python3.11/site-packages/airflow/example_dags/tutorial_objectstorage.py took 0.051 seconds
[2025-10-28T13:49:37.091-0400] {processor.py:186} INFO - Started process (PID=78018) to work on /Library/Frameworks/Python.framework/Versions/3.11/lib/python3.11/site-packages/airflow/example_dags/tutorial_objectstorage.py
[2025-10-28T13:49:37.092-0400] {processor.py:914} INFO - Processing file /Library/Frameworks/Python.framework/Versions/3.11/lib/python3.11/site-packages/airflow/example_dags/tutorial_objectstorage.py for tasks to queue
[2025-10-28T13:49:37.092-0400] {logging_mixin.py:190} INFO - [2025-10-28T13:49:37.092-0400] {dagbag.py:588} INFO - Filling up the DagBag from /Library/Frameworks/Python.framework/Versions/3.11/lib/python3.11/site-packages/airflow/example_dags/tutorial_objectstorage.py
[2025-10-28T13:49:37.105-0400] {processor.py:925} INFO - DAG(s) 'tutorial_objectstorage' retrieved from /Library/Frameworks/Python.framework/Versions/3.11/lib/python3.11/site-packages/airflow/example_dags/tutorial_objectstorage.py
[2025-10-28T13:49:37.130-0400] {logging_mixin.py:190} INFO - [2025-10-28T13:49:37.130-0400] {dag.py:3239} INFO - Sync 1 DAGs
[2025-10-28T13:49:37.133-0400] {logging_mixin.py:190} INFO - [2025-10-28T13:49:37.133-0400] {dag.py:4180} INFO - Setting next_dagrun for tutorial_objectstorage to None, run_after=None
[2025-10-28T13:49:37.138-0400] {processor.py:208} INFO - Processing /Library/Frameworks/Python.framework/Versions/3.11/lib/python3.11/site-packages/airflow/example_dags/tutorial_objectstorage.py took 0.048 seconds
[2025-10-28T13:50:46.455-0400] {processor.py:186} INFO - Started process (PID=78615) to work on /Library/Frameworks/Python.framework/Versions/3.11/lib/python3.11/site-packages/airflow/example_dags/tutorial_objectstorage.py
[2025-10-28T13:50:46.455-0400] {processor.py:914} INFO - Processing file /Library/Frameworks/Python.framework/Versions/3.11/lib/python3.11/site-packages/airflow/example_dags/tutorial_objectstorage.py for tasks to queue
[2025-10-28T13:50:46.456-0400] {logging_mixin.py:190} INFO - [2025-10-28T13:50:46.456-0400] {dagbag.py:588} INFO - Filling up the DagBag from /Library/Frameworks/Python.framework/Versions/3.11/lib/python3.11/site-packages/airflow/example_dags/tutorial_objectstorage.py
[2025-10-28T13:50:46.469-0400] {processor.py:925} INFO - DAG(s) 'tutorial_objectstorage' retrieved from /Library/Frameworks/Python.framework/Versions/3.11/lib/python3.11/site-packages/airflow/example_dags/tutorial_objectstorage.py
[2025-10-28T13:50:46.494-0400] {logging_mixin.py:190} INFO - [2025-10-28T13:50:46.494-0400] {dag.py:3239} INFO - Sync 1 DAGs
[2025-10-28T13:50:46.497-0400] {logging_mixin.py:190} INFO - [2025-10-28T13:50:46.497-0400] {dag.py:4180} INFO - Setting next_dagrun for tutorial_objectstorage to None, run_after=None
[2025-10-28T13:50:46.502-0400] {processor.py:208} INFO - Processing /Library/Frameworks/Python.framework/Versions/3.11/lib/python3.11/site-packages/airflow/example_dags/tutorial_objectstorage.py took 0.048 seconds
[2025-10-28T13:51:58.099-0400] {processor.py:186} INFO - Started process (PID=79242) to work on /Library/Frameworks/Python.framework/Versions/3.11/lib/python3.11/site-packages/airflow/example_dags/tutorial_objectstorage.py
[2025-10-28T13:51:58.100-0400] {processor.py:914} INFO - Processing file /Library/Frameworks/Python.framework/Versions/3.11/lib/python3.11/site-packages/airflow/example_dags/tutorial_objectstorage.py for tasks to queue
[2025-10-28T13:51:58.100-0400] {logging_mixin.py:190} INFO - [2025-10-28T13:51:58.100-0400] {dagbag.py:588} INFO - Filling up the DagBag from /Library/Frameworks/Python.framework/Versions/3.11/lib/python3.11/site-packages/airflow/example_dags/tutorial_objectstorage.py
[2025-10-28T13:51:58.113-0400] {processor.py:925} INFO - DAG(s) 'tutorial_objectstorage' retrieved from /Library/Frameworks/Python.framework/Versions/3.11/lib/python3.11/site-packages/airflow/example_dags/tutorial_objectstorage.py
[2025-10-28T13:51:58.139-0400] {logging_mixin.py:190} INFO - [2025-10-28T13:51:58.139-0400] {dag.py:3239} INFO - Sync 1 DAGs
[2025-10-28T13:51:58.141-0400] {logging_mixin.py:190} INFO - [2025-10-28T13:51:58.141-0400] {dag.py:4180} INFO - Setting next_dagrun for tutorial_objectstorage to None, run_after=None
[2025-10-28T13:51:58.147-0400] {processor.py:208} INFO - Processing /Library/Frameworks/Python.framework/Versions/3.11/lib/python3.11/site-packages/airflow/example_dags/tutorial_objectstorage.py took 0.048 seconds
[2025-10-28T13:53:16.204-0400] {processor.py:186} INFO - Started process (PID=80210) to work on /Library/Frameworks/Python.framework/Versions/3.11/lib/python3.11/site-packages/airflow/example_dags/tutorial_objectstorage.py
[2025-10-28T13:53:16.205-0400] {processor.py:914} INFO - Processing file /Library/Frameworks/Python.framework/Versions/3.11/lib/python3.11/site-packages/airflow/example_dags/tutorial_objectstorage.py for tasks to queue
[2025-10-28T13:53:16.205-0400] {logging_mixin.py:190} INFO - [2025-10-28T13:53:16.205-0400] {dagbag.py:588} INFO - Filling up the DagBag from /Library/Frameworks/Python.framework/Versions/3.11/lib/python3.11/site-packages/airflow/example_dags/tutorial_objectstorage.py
[2025-10-28T13:53:16.219-0400] {processor.py:925} INFO - DAG(s) 'tutorial_objectstorage' retrieved from /Library/Frameworks/Python.framework/Versions/3.11/lib/python3.11/site-packages/airflow/example_dags/tutorial_objectstorage.py
[2025-10-28T13:53:16.246-0400] {logging_mixin.py:190} INFO - [2025-10-28T13:53:16.246-0400] {dag.py:3239} INFO - Sync 1 DAGs
[2025-10-28T13:53:16.251-0400] {logging_mixin.py:190} INFO - [2025-10-28T13:53:16.251-0400] {dag.py:4180} INFO - Setting next_dagrun for tutorial_objectstorage to None, run_after=None
[2025-10-28T13:53:16.258-0400] {processor.py:208} INFO - Processing /Library/Frameworks/Python.framework/Versions/3.11/lib/python3.11/site-packages/airflow/example_dags/tutorial_objectstorage.py took 0.055 seconds
[2025-10-28T13:55:03.306-0400] {processor.py:186} INFO - Started process (PID=81143) to work on /Library/Frameworks/Python.framework/Versions/3.11/lib/python3.11/site-packages/airflow/example_dags/tutorial_objectstorage.py
[2025-10-28T13:55:03.307-0400] {processor.py:914} INFO - Processing file /Library/Frameworks/Python.framework/Versions/3.11/lib/python3.11/site-packages/airflow/example_dags/tutorial_objectstorage.py for tasks to queue
[2025-10-28T13:55:03.307-0400] {logging_mixin.py:190} INFO - [2025-10-28T13:55:03.307-0400] {dagbag.py:588} INFO - Filling up the DagBag from /Library/Frameworks/Python.framework/Versions/3.11/lib/python3.11/site-packages/airflow/example_dags/tutorial_objectstorage.py
[2025-10-28T13:55:03.322-0400] {processor.py:925} INFO - DAG(s) 'tutorial_objectstorage' retrieved from /Library/Frameworks/Python.framework/Versions/3.11/lib/python3.11/site-packages/airflow/example_dags/tutorial_objectstorage.py
[2025-10-28T13:55:03.349-0400] {logging_mixin.py:190} INFO - [2025-10-28T13:55:03.349-0400] {dag.py:3239} INFO - Sync 1 DAGs
[2025-10-28T13:55:03.352-0400] {logging_mixin.py:190} INFO - [2025-10-28T13:55:03.352-0400] {dag.py:4180} INFO - Setting next_dagrun for tutorial_objectstorage to None, run_after=None
[2025-10-28T13:55:03.359-0400] {processor.py:208} INFO - Processing /Library/Frameworks/Python.framework/Versions/3.11/lib/python3.11/site-packages/airflow/example_dags/tutorial_objectstorage.py took 0.053 seconds
[2025-10-28T13:56:22.717-0400] {processor.py:186} INFO - Started process (PID=81819) to work on /Library/Frameworks/Python.framework/Versions/3.11/lib/python3.11/site-packages/airflow/example_dags/tutorial_objectstorage.py
[2025-10-28T13:56:22.718-0400] {processor.py:914} INFO - Processing file /Library/Frameworks/Python.framework/Versions/3.11/lib/python3.11/site-packages/airflow/example_dags/tutorial_objectstorage.py for tasks to queue
[2025-10-28T13:56:22.718-0400] {logging_mixin.py:190} INFO - [2025-10-28T13:56:22.718-0400] {dagbag.py:588} INFO - Filling up the DagBag from /Library/Frameworks/Python.framework/Versions/3.11/lib/python3.11/site-packages/airflow/example_dags/tutorial_objectstorage.py
[2025-10-28T13:56:22.733-0400] {processor.py:925} INFO - DAG(s) 'tutorial_objectstorage' retrieved from /Library/Frameworks/Python.framework/Versions/3.11/lib/python3.11/site-packages/airflow/example_dags/tutorial_objectstorage.py
[2025-10-28T13:56:22.763-0400] {logging_mixin.py:190} INFO - [2025-10-28T13:56:22.763-0400] {dag.py:3239} INFO - Sync 1 DAGs
[2025-10-28T13:56:22.766-0400] {logging_mixin.py:190} INFO - [2025-10-28T13:56:22.766-0400] {dag.py:4180} INFO - Setting next_dagrun for tutorial_objectstorage to None, run_after=None
[2025-10-28T13:56:22.773-0400] {processor.py:208} INFO - Processing /Library/Frameworks/Python.framework/Versions/3.11/lib/python3.11/site-packages/airflow/example_dags/tutorial_objectstorage.py took 0.057 seconds
[2025-10-28T13:57:43.924-0400] {processor.py:186} INFO - Started process (PID=82514) to work on /Library/Frameworks/Python.framework/Versions/3.11/lib/python3.11/site-packages/airflow/example_dags/tutorial_objectstorage.py
[2025-10-28T13:57:43.926-0400] {processor.py:914} INFO - Processing file /Library/Frameworks/Python.framework/Versions/3.11/lib/python3.11/site-packages/airflow/example_dags/tutorial_objectstorage.py for tasks to queue
[2025-10-28T13:57:43.926-0400] {logging_mixin.py:190} INFO - [2025-10-28T13:57:43.926-0400] {dagbag.py:588} INFO - Filling up the DagBag from /Library/Frameworks/Python.framework/Versions/3.11/lib/python3.11/site-packages/airflow/example_dags/tutorial_objectstorage.py
[2025-10-28T13:57:43.944-0400] {processor.py:925} INFO - DAG(s) 'tutorial_objectstorage' retrieved from /Library/Frameworks/Python.framework/Versions/3.11/lib/python3.11/site-packages/airflow/example_dags/tutorial_objectstorage.py
[2025-10-28T13:57:43.974-0400] {logging_mixin.py:190} INFO - [2025-10-28T13:57:43.973-0400] {dag.py:3239} INFO - Sync 1 DAGs
[2025-10-28T13:57:43.977-0400] {logging_mixin.py:190} INFO - [2025-10-28T13:57:43.977-0400] {dag.py:4180} INFO - Setting next_dagrun for tutorial_objectstorage to None, run_after=None
[2025-10-28T13:57:43.983-0400] {processor.py:208} INFO - Processing /Library/Frameworks/Python.framework/Versions/3.11/lib/python3.11/site-packages/airflow/example_dags/tutorial_objectstorage.py took 0.060 seconds
[2025-10-28T13:58:57.935-0400] {processor.py:186} INFO - Started process (PID=83178) to work on /Library/Frameworks/Python.framework/Versions/3.11/lib/python3.11/site-packages/airflow/example_dags/tutorial_objectstorage.py
[2025-10-28T13:58:57.936-0400] {processor.py:914} INFO - Processing file /Library/Frameworks/Python.framework/Versions/3.11/lib/python3.11/site-packages/airflow/example_dags/tutorial_objectstorage.py for tasks to queue
[2025-10-28T13:58:57.936-0400] {logging_mixin.py:190} INFO - [2025-10-28T13:58:57.936-0400] {dagbag.py:588} INFO - Filling up the DagBag from /Library/Frameworks/Python.framework/Versions/3.11/lib/python3.11/site-packages/airflow/example_dags/tutorial_objectstorage.py
[2025-10-28T13:58:57.948-0400] {processor.py:925} INFO - DAG(s) 'tutorial_objectstorage' retrieved from /Library/Frameworks/Python.framework/Versions/3.11/lib/python3.11/site-packages/airflow/example_dags/tutorial_objectstorage.py
[2025-10-28T13:58:57.975-0400] {logging_mixin.py:190} INFO - [2025-10-28T13:58:57.974-0400] {dag.py:3239} INFO - Sync 1 DAGs
[2025-10-28T13:58:57.978-0400] {logging_mixin.py:190} INFO - [2025-10-28T13:58:57.978-0400] {dag.py:4180} INFO - Setting next_dagrun for tutorial_objectstorage to None, run_after=None
[2025-10-28T13:58:57.984-0400] {processor.py:208} INFO - Processing /Library/Frameworks/Python.framework/Versions/3.11/lib/python3.11/site-packages/airflow/example_dags/tutorial_objectstorage.py took 0.050 seconds
[2025-10-28T13:59:40.590-0400] {processor.py:186} INFO - Started process (PID=83858) to work on /Library/Frameworks/Python.framework/Versions/3.11/lib/python3.11/site-packages/airflow/example_dags/tutorial_objectstorage.py
[2025-10-28T13:59:40.591-0400] {processor.py:914} INFO - Processing file /Library/Frameworks/Python.framework/Versions/3.11/lib/python3.11/site-packages/airflow/example_dags/tutorial_objectstorage.py for tasks to queue
[2025-10-28T13:59:40.591-0400] {logging_mixin.py:190} INFO - [2025-10-28T13:59:40.591-0400] {dagbag.py:588} INFO - Filling up the DagBag from /Library/Frameworks/Python.framework/Versions/3.11/lib/python3.11/site-packages/airflow/example_dags/tutorial_objectstorage.py
[2025-10-28T13:59:40.605-0400] {processor.py:925} INFO - DAG(s) 'tutorial_objectstorage' retrieved from /Library/Frameworks/Python.framework/Versions/3.11/lib/python3.11/site-packages/airflow/example_dags/tutorial_objectstorage.py
[2025-10-28T13:59:40.631-0400] {logging_mixin.py:190} INFO - [2025-10-28T13:59:40.631-0400] {dag.py:3239} INFO - Sync 1 DAGs
[2025-10-28T13:59:40.634-0400] {logging_mixin.py:190} INFO - [2025-10-28T13:59:40.634-0400] {dag.py:4180} INFO - Setting next_dagrun for tutorial_objectstorage to None, run_after=None
[2025-10-28T13:59:40.640-0400] {processor.py:208} INFO - Processing /Library/Frameworks/Python.framework/Versions/3.11/lib/python3.11/site-packages/airflow/example_dags/tutorial_objectstorage.py took 0.051 seconds
[2025-10-28T14:03:11.487-0400] {processor.py:186} INFO - Started process (PID=86367) to work on /Library/Frameworks/Python.framework/Versions/3.11/lib/python3.11/site-packages/airflow/example_dags/tutorial_objectstorage.py
[2025-10-28T14:03:11.487-0400] {processor.py:914} INFO - Processing file /Library/Frameworks/Python.framework/Versions/3.11/lib/python3.11/site-packages/airflow/example_dags/tutorial_objectstorage.py for tasks to queue
[2025-10-28T14:03:11.488-0400] {logging_mixin.py:190} INFO - [2025-10-28T14:03:11.488-0400] {dagbag.py:588} INFO - Filling up the DagBag from /Library/Frameworks/Python.framework/Versions/3.11/lib/python3.11/site-packages/airflow/example_dags/tutorial_objectstorage.py
[2025-10-28T14:03:11.501-0400] {processor.py:925} INFO - DAG(s) 'tutorial_objectstorage' retrieved from /Library/Frameworks/Python.framework/Versions/3.11/lib/python3.11/site-packages/airflow/example_dags/tutorial_objectstorage.py
[2025-10-28T14:03:11.528-0400] {logging_mixin.py:190} INFO - [2025-10-28T14:03:11.528-0400] {dag.py:3239} INFO - Sync 1 DAGs
[2025-10-28T14:03:11.531-0400] {logging_mixin.py:190} INFO - [2025-10-28T14:03:11.531-0400] {dag.py:4180} INFO - Setting next_dagrun for tutorial_objectstorage to None, run_after=None
[2025-10-28T14:03:11.536-0400] {processor.py:208} INFO - Processing /Library/Frameworks/Python.framework/Versions/3.11/lib/python3.11/site-packages/airflow/example_dags/tutorial_objectstorage.py took 0.050 seconds
[2025-10-28T14:04:55.973-0400] {processor.py:186} INFO - Started process (PID=87374) to work on /Library/Frameworks/Python.framework/Versions/3.11/lib/python3.11/site-packages/airflow/example_dags/tutorial_objectstorage.py
[2025-10-28T14:04:55.973-0400] {processor.py:914} INFO - Processing file /Library/Frameworks/Python.framework/Versions/3.11/lib/python3.11/site-packages/airflow/example_dags/tutorial_objectstorage.py for tasks to queue
[2025-10-28T14:04:55.974-0400] {logging_mixin.py:190} INFO - [2025-10-28T14:04:55.973-0400] {dagbag.py:588} INFO - Filling up the DagBag from /Library/Frameworks/Python.framework/Versions/3.11/lib/python3.11/site-packages/airflow/example_dags/tutorial_objectstorage.py
[2025-10-28T14:04:55.987-0400] {processor.py:925} INFO - DAG(s) 'tutorial_objectstorage' retrieved from /Library/Frameworks/Python.framework/Versions/3.11/lib/python3.11/site-packages/airflow/example_dags/tutorial_objectstorage.py
[2025-10-28T14:04:56.013-0400] {logging_mixin.py:190} INFO - [2025-10-28T14:04:56.013-0400] {dag.py:3239} INFO - Sync 1 DAGs
[2025-10-28T14:04:56.016-0400] {logging_mixin.py:190} INFO - [2025-10-28T14:04:56.016-0400] {dag.py:4180} INFO - Setting next_dagrun for tutorial_objectstorage to None, run_after=None
[2025-10-28T14:04:56.022-0400] {processor.py:208} INFO - Processing /Library/Frameworks/Python.framework/Versions/3.11/lib/python3.11/site-packages/airflow/example_dags/tutorial_objectstorage.py took 0.050 seconds
[2025-10-28T14:05:38.713-0400] {processor.py:186} INFO - Started process (PID=87974) to work on /Library/Frameworks/Python.framework/Versions/3.11/lib/python3.11/site-packages/airflow/example_dags/tutorial_objectstorage.py
[2025-10-28T14:05:38.713-0400] {processor.py:914} INFO - Processing file /Library/Frameworks/Python.framework/Versions/3.11/lib/python3.11/site-packages/airflow/example_dags/tutorial_objectstorage.py for tasks to queue
[2025-10-28T14:05:38.714-0400] {logging_mixin.py:190} INFO - [2025-10-28T14:05:38.714-0400] {dagbag.py:588} INFO - Filling up the DagBag from /Library/Frameworks/Python.framework/Versions/3.11/lib/python3.11/site-packages/airflow/example_dags/tutorial_objectstorage.py
[2025-10-28T14:05:38.727-0400] {processor.py:925} INFO - DAG(s) 'tutorial_objectstorage' retrieved from /Library/Frameworks/Python.framework/Versions/3.11/lib/python3.11/site-packages/airflow/example_dags/tutorial_objectstorage.py
[2025-10-28T14:05:38.753-0400] {logging_mixin.py:190} INFO - [2025-10-28T14:05:38.753-0400] {dag.py:3239} INFO - Sync 1 DAGs
[2025-10-28T14:05:38.756-0400] {logging_mixin.py:190} INFO - [2025-10-28T14:05:38.756-0400] {dag.py:4180} INFO - Setting next_dagrun for tutorial_objectstorage to None, run_after=None
[2025-10-28T14:05:38.761-0400] {processor.py:208} INFO - Processing /Library/Frameworks/Python.framework/Versions/3.11/lib/python3.11/site-packages/airflow/example_dags/tutorial_objectstorage.py took 0.049 seconds
[2025-10-28T14:07:18.028-0400] {processor.py:186} INFO - Started process (PID=88799) to work on /Library/Frameworks/Python.framework/Versions/3.11/lib/python3.11/site-packages/airflow/example_dags/tutorial_objectstorage.py
[2025-10-28T14:07:18.030-0400] {processor.py:914} INFO - Processing file /Library/Frameworks/Python.framework/Versions/3.11/lib/python3.11/site-packages/airflow/example_dags/tutorial_objectstorage.py for tasks to queue
[2025-10-28T14:07:18.031-0400] {logging_mixin.py:190} INFO - [2025-10-28T14:07:18.031-0400] {dagbag.py:588} INFO - Filling up the DagBag from /Library/Frameworks/Python.framework/Versions/3.11/lib/python3.11/site-packages/airflow/example_dags/tutorial_objectstorage.py
[2025-10-28T14:07:18.043-0400] {processor.py:925} INFO - DAG(s) 'tutorial_objectstorage' retrieved from /Library/Frameworks/Python.framework/Versions/3.11/lib/python3.11/site-packages/airflow/example_dags/tutorial_objectstorage.py
[2025-10-28T14:07:18.070-0400] {logging_mixin.py:190} INFO - [2025-10-28T14:07:18.070-0400] {dag.py:3239} INFO - Sync 1 DAGs
[2025-10-28T14:07:18.073-0400] {logging_mixin.py:190} INFO - [2025-10-28T14:07:18.073-0400] {dag.py:4180} INFO - Setting next_dagrun for tutorial_objectstorage to None, run_after=None
[2025-10-28T14:07:18.079-0400] {processor.py:208} INFO - Processing /Library/Frameworks/Python.framework/Versions/3.11/lib/python3.11/site-packages/airflow/example_dags/tutorial_objectstorage.py took 0.052 seconds
[2025-10-28T14:08:21.643-0400] {processor.py:186} INFO - Started process (PID=89682) to work on /Library/Frameworks/Python.framework/Versions/3.11/lib/python3.11/site-packages/airflow/example_dags/tutorial_objectstorage.py
[2025-10-28T14:08:21.643-0400] {processor.py:914} INFO - Processing file /Library/Frameworks/Python.framework/Versions/3.11/lib/python3.11/site-packages/airflow/example_dags/tutorial_objectstorage.py for tasks to queue
[2025-10-28T14:08:21.644-0400] {logging_mixin.py:190} INFO - [2025-10-28T14:08:21.644-0400] {dagbag.py:588} INFO - Filling up the DagBag from /Library/Frameworks/Python.framework/Versions/3.11/lib/python3.11/site-packages/airflow/example_dags/tutorial_objectstorage.py
[2025-10-28T14:08:21.658-0400] {processor.py:925} INFO - DAG(s) 'tutorial_objectstorage' retrieved from /Library/Frameworks/Python.framework/Versions/3.11/lib/python3.11/site-packages/airflow/example_dags/tutorial_objectstorage.py
[2025-10-28T14:08:21.686-0400] {logging_mixin.py:190} INFO - [2025-10-28T14:08:21.686-0400] {dag.py:3239} INFO - Sync 1 DAGs
[2025-10-28T14:08:21.689-0400] {logging_mixin.py:190} INFO - [2025-10-28T14:08:21.689-0400] {dag.py:4180} INFO - Setting next_dagrun for tutorial_objectstorage to None, run_after=None
[2025-10-28T14:08:21.695-0400] {processor.py:208} INFO - Processing /Library/Frameworks/Python.framework/Versions/3.11/lib/python3.11/site-packages/airflow/example_dags/tutorial_objectstorage.py took 0.053 seconds
[2025-10-28T14:09:02.289-0400] {processor.py:186} INFO - Started process (PID=90269) to work on /Library/Frameworks/Python.framework/Versions/3.11/lib/python3.11/site-packages/airflow/example_dags/tutorial_objectstorage.py
[2025-10-28T14:09:02.292-0400] {processor.py:914} INFO - Processing file /Library/Frameworks/Python.framework/Versions/3.11/lib/python3.11/site-packages/airflow/example_dags/tutorial_objectstorage.py for tasks to queue
[2025-10-28T14:09:02.292-0400] {logging_mixin.py:190} INFO - [2025-10-28T14:09:02.292-0400] {dagbag.py:588} INFO - Filling up the DagBag from /Library/Frameworks/Python.framework/Versions/3.11/lib/python3.11/site-packages/airflow/example_dags/tutorial_objectstorage.py
[2025-10-28T14:09:02.307-0400] {processor.py:925} INFO - DAG(s) 'tutorial_objectstorage' retrieved from /Library/Frameworks/Python.framework/Versions/3.11/lib/python3.11/site-packages/airflow/example_dags/tutorial_objectstorage.py
[2025-10-28T14:09:02.335-0400] {logging_mixin.py:190} INFO - [2025-10-28T14:09:02.335-0400] {dag.py:3239} INFO - Sync 1 DAGs
[2025-10-28T14:09:02.339-0400] {logging_mixin.py:190} INFO - [2025-10-28T14:09:02.339-0400] {dag.py:4180} INFO - Setting next_dagrun for tutorial_objectstorage to None, run_after=None
[2025-10-28T14:09:02.344-0400] {processor.py:208} INFO - Processing /Library/Frameworks/Python.framework/Versions/3.11/lib/python3.11/site-packages/airflow/example_dags/tutorial_objectstorage.py took 0.056 seconds
[2025-10-28T14:11:12.291-0400] {processor.py:186} INFO - Started process (PID=91614) to work on /Library/Frameworks/Python.framework/Versions/3.11/lib/python3.11/site-packages/airflow/example_dags/tutorial_objectstorage.py
[2025-10-28T14:11:12.293-0400] {processor.py:914} INFO - Processing file /Library/Frameworks/Python.framework/Versions/3.11/lib/python3.11/site-packages/airflow/example_dags/tutorial_objectstorage.py for tasks to queue
[2025-10-28T14:11:12.293-0400] {logging_mixin.py:190} INFO - [2025-10-28T14:11:12.293-0400] {dagbag.py:588} INFO - Filling up the DagBag from /Library/Frameworks/Python.framework/Versions/3.11/lib/python3.11/site-packages/airflow/example_dags/tutorial_objectstorage.py
[2025-10-28T14:11:12.307-0400] {processor.py:925} INFO - DAG(s) 'tutorial_objectstorage' retrieved from /Library/Frameworks/Python.framework/Versions/3.11/lib/python3.11/site-packages/airflow/example_dags/tutorial_objectstorage.py
[2025-10-28T14:11:12.332-0400] {logging_mixin.py:190} INFO - [2025-10-28T14:11:12.332-0400] {dag.py:3239} INFO - Sync 1 DAGs
[2025-10-28T14:11:12.335-0400] {logging_mixin.py:190} INFO - [2025-10-28T14:11:12.335-0400] {dag.py:4180} INFO - Setting next_dagrun for tutorial_objectstorage to None, run_after=None
[2025-10-28T14:11:12.341-0400] {processor.py:208} INFO - Processing /Library/Frameworks/Python.framework/Versions/3.11/lib/python3.11/site-packages/airflow/example_dags/tutorial_objectstorage.py took 0.051 seconds
[2025-10-28T14:13:03.418-0400] {processor.py:186} INFO - Started process (PID=92573) to work on /Library/Frameworks/Python.framework/Versions/3.11/lib/python3.11/site-packages/airflow/example_dags/tutorial_objectstorage.py
[2025-10-28T14:13:03.419-0400] {processor.py:914} INFO - Processing file /Library/Frameworks/Python.framework/Versions/3.11/lib/python3.11/site-packages/airflow/example_dags/tutorial_objectstorage.py for tasks to queue
[2025-10-28T14:13:03.420-0400] {logging_mixin.py:190} INFO - [2025-10-28T14:13:03.420-0400] {dagbag.py:588} INFO - Filling up the DagBag from /Library/Frameworks/Python.framework/Versions/3.11/lib/python3.11/site-packages/airflow/example_dags/tutorial_objectstorage.py
[2025-10-28T14:13:03.434-0400] {processor.py:925} INFO - DAG(s) 'tutorial_objectstorage' retrieved from /Library/Frameworks/Python.framework/Versions/3.11/lib/python3.11/site-packages/airflow/example_dags/tutorial_objectstorage.py
[2025-10-28T14:13:03.460-0400] {logging_mixin.py:190} INFO - [2025-10-28T14:13:03.460-0400] {dag.py:3239} INFO - Sync 1 DAGs
[2025-10-28T14:13:03.463-0400] {logging_mixin.py:190} INFO - [2025-10-28T14:13:03.463-0400] {dag.py:4180} INFO - Setting next_dagrun for tutorial_objectstorage to None, run_after=None
[2025-10-28T14:13:03.469-0400] {processor.py:208} INFO - Processing /Library/Frameworks/Python.framework/Versions/3.11/lib/python3.11/site-packages/airflow/example_dags/tutorial_objectstorage.py took 0.052 seconds
[2025-10-28T14:14:14.674-0400] {processor.py:186} INFO - Started process (PID=93202) to work on /Library/Frameworks/Python.framework/Versions/3.11/lib/python3.11/site-packages/airflow/example_dags/tutorial_objectstorage.py
[2025-10-28T14:14:14.675-0400] {processor.py:914} INFO - Processing file /Library/Frameworks/Python.framework/Versions/3.11/lib/python3.11/site-packages/airflow/example_dags/tutorial_objectstorage.py for tasks to queue
[2025-10-28T14:14:14.676-0400] {logging_mixin.py:190} INFO - [2025-10-28T14:14:14.676-0400] {dagbag.py:588} INFO - Filling up the DagBag from /Library/Frameworks/Python.framework/Versions/3.11/lib/python3.11/site-packages/airflow/example_dags/tutorial_objectstorage.py
[2025-10-28T14:14:14.690-0400] {processor.py:925} INFO - DAG(s) 'tutorial_objectstorage' retrieved from /Library/Frameworks/Python.framework/Versions/3.11/lib/python3.11/site-packages/airflow/example_dags/tutorial_objectstorage.py
[2025-10-28T14:14:14.720-0400] {logging_mixin.py:190} INFO - [2025-10-28T14:14:14.720-0400] {dag.py:3239} INFO - Sync 1 DAGs
[2025-10-28T14:14:14.724-0400] {logging_mixin.py:190} INFO - [2025-10-28T14:14:14.723-0400] {dag.py:4180} INFO - Setting next_dagrun for tutorial_objectstorage to None, run_after=None
[2025-10-28T14:14:14.729-0400] {processor.py:208} INFO - Processing /Library/Frameworks/Python.framework/Versions/3.11/lib/python3.11/site-packages/airflow/example_dags/tutorial_objectstorage.py took 0.056 seconds
[2025-10-28T14:15:54.391-0400] {processor.py:186} INFO - Started process (PID=94324) to work on /Library/Frameworks/Python.framework/Versions/3.11/lib/python3.11/site-packages/airflow/example_dags/tutorial_objectstorage.py
[2025-10-28T14:15:54.392-0400] {processor.py:914} INFO - Processing file /Library/Frameworks/Python.framework/Versions/3.11/lib/python3.11/site-packages/airflow/example_dags/tutorial_objectstorage.py for tasks to queue
[2025-10-28T14:15:54.393-0400] {logging_mixin.py:190} INFO - [2025-10-28T14:15:54.393-0400] {dagbag.py:588} INFO - Filling up the DagBag from /Library/Frameworks/Python.framework/Versions/3.11/lib/python3.11/site-packages/airflow/example_dags/tutorial_objectstorage.py
[2025-10-28T14:15:54.408-0400] {processor.py:925} INFO - DAG(s) 'tutorial_objectstorage' retrieved from /Library/Frameworks/Python.framework/Versions/3.11/lib/python3.11/site-packages/airflow/example_dags/tutorial_objectstorage.py
[2025-10-28T14:15:54.439-0400] {logging_mixin.py:190} INFO - [2025-10-28T14:15:54.439-0400] {dag.py:3239} INFO - Sync 1 DAGs
[2025-10-28T14:15:54.443-0400] {logging_mixin.py:190} INFO - [2025-10-28T14:15:54.443-0400] {dag.py:4180} INFO - Setting next_dagrun for tutorial_objectstorage to None, run_after=None
[2025-10-28T14:15:54.451-0400] {processor.py:208} INFO - Processing /Library/Frameworks/Python.framework/Versions/3.11/lib/python3.11/site-packages/airflow/example_dags/tutorial_objectstorage.py took 0.062 seconds
[2025-10-28T14:17:08.675-0400] {processor.py:186} INFO - Started process (PID=95217) to work on /Library/Frameworks/Python.framework/Versions/3.11/lib/python3.11/site-packages/airflow/example_dags/tutorial_objectstorage.py
[2025-10-28T14:17:08.676-0400] {processor.py:914} INFO - Processing file /Library/Frameworks/Python.framework/Versions/3.11/lib/python3.11/site-packages/airflow/example_dags/tutorial_objectstorage.py for tasks to queue
[2025-10-28T14:17:08.677-0400] {logging_mixin.py:190} INFO - [2025-10-28T14:17:08.677-0400] {dagbag.py:588} INFO - Filling up the DagBag from /Library/Frameworks/Python.framework/Versions/3.11/lib/python3.11/site-packages/airflow/example_dags/tutorial_objectstorage.py
[2025-10-28T14:17:08.697-0400] {processor.py:925} INFO - DAG(s) 'tutorial_objectstorage' retrieved from /Library/Frameworks/Python.framework/Versions/3.11/lib/python3.11/site-packages/airflow/example_dags/tutorial_objectstorage.py
[2025-10-28T14:17:08.732-0400] {logging_mixin.py:190} INFO - [2025-10-28T14:17:08.732-0400] {dag.py:3239} INFO - Sync 1 DAGs
[2025-10-28T14:17:08.737-0400] {logging_mixin.py:190} INFO - [2025-10-28T14:17:08.737-0400] {dag.py:4180} INFO - Setting next_dagrun for tutorial_objectstorage to None, run_after=None
[2025-10-28T14:17:08.746-0400] {processor.py:208} INFO - Processing /Library/Frameworks/Python.framework/Versions/3.11/lib/python3.11/site-packages/airflow/example_dags/tutorial_objectstorage.py took 0.072 seconds
[2025-10-28T14:19:00.692-0400] {processor.py:186} INFO - Started process (PID=96254) to work on /Library/Frameworks/Python.framework/Versions/3.11/lib/python3.11/site-packages/airflow/example_dags/tutorial_objectstorage.py
[2025-10-28T14:19:00.692-0400] {processor.py:914} INFO - Processing file /Library/Frameworks/Python.framework/Versions/3.11/lib/python3.11/site-packages/airflow/example_dags/tutorial_objectstorage.py for tasks to queue
[2025-10-28T14:19:00.693-0400] {logging_mixin.py:190} INFO - [2025-10-28T14:19:00.693-0400] {dagbag.py:588} INFO - Filling up the DagBag from /Library/Frameworks/Python.framework/Versions/3.11/lib/python3.11/site-packages/airflow/example_dags/tutorial_objectstorage.py
[2025-10-28T14:19:00.707-0400] {processor.py:925} INFO - DAG(s) 'tutorial_objectstorage' retrieved from /Library/Frameworks/Python.framework/Versions/3.11/lib/python3.11/site-packages/airflow/example_dags/tutorial_objectstorage.py
[2025-10-28T14:19:00.738-0400] {logging_mixin.py:190} INFO - [2025-10-28T14:19:00.737-0400] {dag.py:3239} INFO - Sync 1 DAGs
[2025-10-28T14:19:00.742-0400] {logging_mixin.py:190} INFO - [2025-10-28T14:19:00.742-0400] {dag.py:4180} INFO - Setting next_dagrun for tutorial_objectstorage to None, run_after=None
[2025-10-28T14:19:00.748-0400] {processor.py:208} INFO - Processing /Library/Frameworks/Python.framework/Versions/3.11/lib/python3.11/site-packages/airflow/example_dags/tutorial_objectstorage.py took 0.058 seconds
[2025-10-28T14:20:14.357-0400] {processor.py:186} INFO - Started process (PID=96884) to work on /Library/Frameworks/Python.framework/Versions/3.11/lib/python3.11/site-packages/airflow/example_dags/tutorial_objectstorage.py
[2025-10-28T14:20:14.358-0400] {processor.py:914} INFO - Processing file /Library/Frameworks/Python.framework/Versions/3.11/lib/python3.11/site-packages/airflow/example_dags/tutorial_objectstorage.py for tasks to queue
[2025-10-28T14:20:14.358-0400] {logging_mixin.py:190} INFO - [2025-10-28T14:20:14.358-0400] {dagbag.py:588} INFO - Filling up the DagBag from /Library/Frameworks/Python.framework/Versions/3.11/lib/python3.11/site-packages/airflow/example_dags/tutorial_objectstorage.py
[2025-10-28T14:20:14.373-0400] {processor.py:925} INFO - DAG(s) 'tutorial_objectstorage' retrieved from /Library/Frameworks/Python.framework/Versions/3.11/lib/python3.11/site-packages/airflow/example_dags/tutorial_objectstorage.py
[2025-10-28T14:20:14.405-0400] {logging_mixin.py:190} INFO - [2025-10-28T14:20:14.404-0400] {dag.py:3239} INFO - Sync 1 DAGs
[2025-10-28T14:20:14.409-0400] {logging_mixin.py:190} INFO - [2025-10-28T14:20:14.409-0400] {dag.py:4180} INFO - Setting next_dagrun for tutorial_objectstorage to None, run_after=None
[2025-10-28T14:20:14.417-0400] {processor.py:208} INFO - Processing /Library/Frameworks/Python.framework/Versions/3.11/lib/python3.11/site-packages/airflow/example_dags/tutorial_objectstorage.py took 0.061 seconds
