2025-10-27 11:47:41,087 INFO - Starting the scheduler
2025-10-27 11:47:41,089 INFO - Processing each file at most -1 times
2025-10-27 11:47:41,091 INFO - Launched DagFileProcessorManager with pid: 73364
2025-10-27 11:47:41,093 INFO - Adopting or resetting orphaned tasks for active dag runs
2025-10-27 11:52:42,015 INFO - Adopting or resetting orphaned tasks for active dag runs
2025-10-27 11:57:42,455 INFO - Adopting or resetting orphaned tasks for active dag runs
2025-10-27 12:02:42,530 INFO - Adopting or resetting orphaned tasks for active dag runs
2025-10-27 12:07:42,969 INFO - Adopting or resetting orphaned tasks for active dag runs
2025-10-27 12:12:43,489 INFO - Adopting or resetting orphaned tasks for active dag runs
2025-10-27 12:17:43,696 INFO - Adopting or resetting orphaned tasks for active dag runs
2025-10-27 12:22:43,754 INFO - Adopting or resetting orphaned tasks for active dag runs
2025-10-27 12:27:44,230 INFO - Adopting or resetting orphaned tasks for active dag runs
2025-10-27 12:32:44,756 INFO - Adopting or resetting orphaned tasks for active dag runs
2025-10-27 12:37:45,289 INFO - Adopting or resetting orphaned tasks for active dag runs
2025-10-27 12:42:45,725 INFO - Adopting or resetting orphaned tasks for active dag runs
2025-10-27 12:47:46,190 INFO - Adopting or resetting orphaned tasks for active dag runs
2025-10-27 12:52:46,667 INFO - Adopting or resetting orphaned tasks for active dag runs
2025-10-27 12:57:47,135 INFO - Adopting or resetting orphaned tasks for active dag runs
2025-10-27 13:02:47,532 INFO - Adopting or resetting orphaned tasks for active dag runs
2025-10-27 13:07:48,095 INFO - Adopting or resetting orphaned tasks for active dag runs
2025-10-27 13:12:48,575 INFO - Adopting or resetting orphaned tasks for active dag runs
2025-10-27 13:17:49,075 INFO - Adopting or resetting orphaned tasks for active dag runs
2025-10-27 13:22:49,130 INFO - Adopting or resetting orphaned tasks for active dag runs
2025-10-27 13:27:49,643 INFO - Adopting or resetting orphaned tasks for active dag runs
2025-10-27 13:32:50,185 INFO - Adopting or resetting orphaned tasks for active dag runs
2025-10-27 13:37:50,233 INFO - Adopting or resetting orphaned tasks for active dag runs
2025-10-27 13:42:50,703 INFO - Adopting or resetting orphaned tasks for active dag runs
2025-10-27 13:47:51,248 INFO - Adopting or resetting orphaned tasks for active dag runs
2025-10-27 13:52:51,737 INFO - Adopting or resetting orphaned tasks for active dag runs
2025-10-27 13:57:52,279 INFO - Adopting or resetting orphaned tasks for active dag runs
2025-10-27 14:02:52,605 INFO - Adopting or resetting orphaned tasks for active dag runs
2025-10-27 14:07:52,951 INFO - Adopting or resetting orphaned tasks for active dag runs
2025-10-27 14:12:53,483 INFO - Adopting or resetting orphaned tasks for active dag runs
2025-10-27 14:17:54,024 INFO - Adopting or resetting orphaned tasks for active dag runs
2025-10-27 14:22:54,164 INFO - Adopting or resetting orphaned tasks for active dag runs
2025-10-27 14:27:54,300 INFO - Adopting or resetting orphaned tasks for active dag runs
2025-10-27 14:32:54,872 INFO - Adopting or resetting orphaned tasks for active dag runs
2025-10-27 14:37:55,327 INFO - Adopting or resetting orphaned tasks for active dag runs
2025-10-27 14:42:55,840 INFO - Adopting or resetting orphaned tasks for active dag runs
2025-10-27 14:47:56,332 INFO - Adopting or resetting orphaned tasks for active dag runs
2025-10-27 14:52:56,802 INFO - Adopting or resetting orphaned tasks for active dag runs
2025-10-27 14:57:57,286 INFO - Adopting or resetting orphaned tasks for active dag runs
2025-10-27 15:02:57,375 INFO - Adopting or resetting orphaned tasks for active dag runs
2025-10-27 15:07:57,436 INFO - Adopting or resetting orphaned tasks for active dag runs
2025-10-27 15:12:57,922 INFO - Adopting or resetting orphaned tasks for active dag runs
2025-10-27 15:17:58,417 INFO - Adopting or resetting orphaned tasks for active dag runs
2025-10-27 15:22:58,993 INFO - Adopting or resetting orphaned tasks for active dag runs
2025-10-27 15:27:59,980 INFO - Adopting or resetting orphaned tasks for active dag runs
2025-10-27 15:33:00,057 INFO - Adopting or resetting orphaned tasks for active dag runs
2025-10-27 15:38:00,525 INFO - Adopting or resetting orphaned tasks for active dag runs
2025-10-27 15:43:01,006 INFO - Adopting or resetting orphaned tasks for active dag runs
2025-10-27 15:48:01,582 INFO - Adopting or resetting orphaned tasks for active dag runs
2025-10-27 15:53:01,631 INFO - Adopting or resetting orphaned tasks for active dag runs
2025-10-27 15:58:02,275 INFO - Adopting or resetting orphaned tasks for active dag runs
2025-10-27 16:03:02,739 INFO - Adopting or resetting orphaned tasks for active dag runs
2025-10-27 16:08:03,183 INFO - Adopting or resetting orphaned tasks for active dag runs
2025-10-27 16:13:03,724 INFO - Adopting or resetting orphaned tasks for active dag runs
2025-10-27 16:18:03,971 INFO - Adopting or resetting orphaned tasks for active dag runs
2025-10-27 16:23:04,455 INFO - Adopting or resetting orphaned tasks for active dag runs
2025-10-27 16:28:04,990 INFO - Adopting or resetting orphaned tasks for active dag runs
2025-10-27 16:36:08,050 INFO - Adopting or resetting orphaned tasks for active dag runs
2025-10-27 16:41:08,519 INFO - Adopting or resetting orphaned tasks for active dag runs
2025-10-27 16:46:08,912 INFO - Adopting or resetting orphaned tasks for active dag runs
2025-10-27 16:51:08,985 INFO - Adopting or resetting orphaned tasks for active dag runs
2025-10-27 16:56:09,514 INFO - Adopting or resetting orphaned tasks for active dag runs
2025-10-27 17:01:09,996 INFO - Adopting or resetting orphaned tasks for active dag runs
2025-10-27 17:02:20,983 INFO - 1 tasks up for execution:
	<TaskInstance: onboarding_data_pipeline.check_environment manual__2025-10-27T21:02:18.591873+00:00 [scheduled]>
2025-10-27 17:02:20,984 INFO - DAG onboarding_data_pipeline has 0/16 running and queued tasks
2025-10-27 17:02:20,984 INFO - Setting the following tasks to queued state:
	<TaskInstance: onboarding_data_pipeline.check_environment manual__2025-10-27T21:02:18.591873+00:00 [scheduled]>
2025-10-27 17:02:20,985 WARNING - cannot record scheduled_duration for task check_environment because previous state change time has not been saved
2025-10-27 17:02:20,986 INFO - Sending TaskInstanceKey(dag_id='onboarding_data_pipeline', task_id='check_environment', run_id='manual__2025-10-27T21:02:18.591873+00:00', try_number=1, map_index=-1) to executor with priority 11 and queue default
2025-10-27 17:02:20,986 INFO - Adding to queue: ['airflow', 'tasks', 'run', 'onboarding_data_pipeline', 'check_environment', 'manual__2025-10-27T21:02:18.591873+00:00', '--local', '--subdir', 'DAGS_FOLDER/main_pipeline_dag.py']
2025-10-27 17:02:20,987 INFO - Executing command: ['airflow', 'tasks', 'run', 'onboarding_data_pipeline', 'check_environment', 'manual__2025-10-27T21:02:18.591873+00:00', '--local', '--subdir', 'DAGS_FOLDER/main_pipeline_dag.py']
2025-10-27 17:02:22,499 INFO - Received executor event with state success for task instance TaskInstanceKey(dag_id='onboarding_data_pipeline', task_id='check_environment', run_id='manual__2025-10-27T21:02:18.591873+00:00', try_number=1, map_index=-1)
2025-10-27 17:02:22,504 INFO - TaskInstance Finished: dag_id=onboarding_data_pipeline, task_id=check_environment, run_id=manual__2025-10-27T21:02:18.591873+00:00, map_index=-1, run_start_date=2025-10-27 21:02:22.303025+00:00, run_end_date=2025-10-27 21:02:22.350846+00:00, run_duration=0.047821, state=up_for_retry, executor_state=success, try_number=1, max_tries=2, job_id=2, pool=default_pool, queue=default, priority_weight=11, operator=PythonOperator, queued_dttm=2025-10-27 21:02:20.985284+00:00, queued_by_job_id=1, pid=55361
2025-10-27 17:06:10,285 INFO - Adopting or resetting orphaned tasks for active dag runs
2025-10-27 17:07:23,158 INFO - 1 tasks up for execution:
	<TaskInstance: onboarding_data_pipeline.check_environment manual__2025-10-27T21:02:18.591873+00:00 [scheduled]>
2025-10-27 17:07:23,159 INFO - DAG onboarding_data_pipeline has 0/16 running and queued tasks
2025-10-27 17:07:23,159 INFO - Setting the following tasks to queued state:
	<TaskInstance: onboarding_data_pipeline.check_environment manual__2025-10-27T21:02:18.591873+00:00 [scheduled]>
2025-10-27 17:07:23,160 INFO - Sending TaskInstanceKey(dag_id='onboarding_data_pipeline', task_id='check_environment', run_id='manual__2025-10-27T21:02:18.591873+00:00', try_number=2, map_index=-1) to executor with priority 11 and queue default
2025-10-27 17:07:23,160 INFO - Adding to queue: ['airflow', 'tasks', 'run', 'onboarding_data_pipeline', 'check_environment', 'manual__2025-10-27T21:02:18.591873+00:00', '--local', '--subdir', 'DAGS_FOLDER/main_pipeline_dag.py']
2025-10-27 17:07:23,161 INFO - Executing command: ['airflow', 'tasks', 'run', 'onboarding_data_pipeline', 'check_environment', 'manual__2025-10-27T21:02:18.591873+00:00', '--local', '--subdir', 'DAGS_FOLDER/main_pipeline_dag.py']
2025-10-27 17:07:24,520 INFO - Received executor event with state success for task instance TaskInstanceKey(dag_id='onboarding_data_pipeline', task_id='check_environment', run_id='manual__2025-10-27T21:02:18.591873+00:00', try_number=2, map_index=-1)
2025-10-27 17:07:24,524 INFO - TaskInstance Finished: dag_id=onboarding_data_pipeline, task_id=check_environment, run_id=manual__2025-10-27T21:02:18.591873+00:00, map_index=-1, run_start_date=2025-10-27 21:07:24.310301+00:00, run_end_date=2025-10-27 21:07:24.356996+00:00, run_duration=0.046695, state=up_for_retry, executor_state=success, try_number=2, max_tries=2, job_id=3, pool=default_pool, queue=default, priority_weight=11, operator=PythonOperator, queued_dttm=2025-10-27 21:07:23.160116+00:00, queued_by_job_id=1, pid=58123
2025-10-27 17:11:10,846 INFO - Adopting or resetting orphaned tasks for active dag runs
2025-10-27 17:13:28,013 INFO - 1 tasks up for execution:
	<TaskInstance: onboarding_data_pipeline.check_environment manual__2025-10-27T21:02:18.591873+00:00 [scheduled]>
2025-10-27 17:13:28,015 INFO - DAG onboarding_data_pipeline has 0/16 running and queued tasks
2025-10-27 17:13:28,015 INFO - Setting the following tasks to queued state:
	<TaskInstance: onboarding_data_pipeline.check_environment manual__2025-10-27T21:02:18.591873+00:00 [scheduled]>
2025-10-27 17:13:28,016 INFO - Sending TaskInstanceKey(dag_id='onboarding_data_pipeline', task_id='check_environment', run_id='manual__2025-10-27T21:02:18.591873+00:00', try_number=3, map_index=-1) to executor with priority 11 and queue default
2025-10-27 17:13:28,017 INFO - Adding to queue: ['airflow', 'tasks', 'run', 'onboarding_data_pipeline', 'check_environment', 'manual__2025-10-27T21:02:18.591873+00:00', '--local', '--subdir', 'DAGS_FOLDER/main_pipeline_dag.py']
2025-10-27 17:13:28,018 INFO - Executing command: ['airflow', 'tasks', 'run', 'onboarding_data_pipeline', 'check_environment', 'manual__2025-10-27T21:02:18.591873+00:00', '--local', '--subdir', 'DAGS_FOLDER/main_pipeline_dag.py']
2025-10-27 17:13:29,415 INFO - Received executor event with state success for task instance TaskInstanceKey(dag_id='onboarding_data_pipeline', task_id='check_environment', run_id='manual__2025-10-27T21:02:18.591873+00:00', try_number=3, map_index=-1)
2025-10-27 17:13:29,418 INFO - TaskInstance Finished: dag_id=onboarding_data_pipeline, task_id=check_environment, run_id=manual__2025-10-27T21:02:18.591873+00:00, map_index=-1, run_start_date=2025-10-27 21:13:29.224069+00:00, run_end_date=2025-10-27 21:13:29.272086+00:00, run_duration=0.048017, state=failed, executor_state=success, try_number=3, max_tries=2, job_id=4, pool=default_pool, queue=default, priority_weight=11, operator=PythonOperator, queued_dttm=2025-10-27 21:13:28.016393+00:00, queued_by_job_id=1, pid=61527
2025-10-27 17:13:38,741 ERROR - Marking run <DagRun onboarding_data_pipeline @ 2025-10-27 21:02:18.591873+00:00: manual__2025-10-27T21:02:18.591873+00:00, state:running, queued_at: 2025-10-27 21:02:18.610881+00:00. externally triggered: True> failed
2025-10-27 17:13:38,742 INFO - DagRun Finished: dag_id=onboarding_data_pipeline, execution_date=2025-10-27 21:02:18.591873+00:00, run_id=manual__2025-10-27T21:02:18.591873+00:00, run_start_date=2025-10-27 21:02:19.422785+00:00, run_end_date=2025-10-27 21:13:38.742517+00:00, run_duration=679.319732, state=failed, external_trigger=True, run_type=manual, data_interval_start=2025-10-19 00:00:00+00:00, data_interval_end=2025-10-26 00:00:00+00:00, dag_hash=a2a5969c036fa370a7e462a5f535c04b
2025-10-27 17:13:38,744 INFO - Setting next_dagrun for onboarding_data_pipeline to 2025-10-26T00:00:00+00:00, run_after=2025-11-02T00:00:00+00:00
2025-10-27 17:15:26,259 INFO - 1 tasks up for execution:
	<TaskInstance: onboarding_data_pipeline.check_environment manual__2025-10-27T21:15:23.789244+00:00 [scheduled]>
2025-10-27 17:15:26,260 INFO - DAG onboarding_data_pipeline has 0/16 running and queued tasks
2025-10-27 17:15:26,261 INFO - Setting the following tasks to queued state:
	<TaskInstance: onboarding_data_pipeline.check_environment manual__2025-10-27T21:15:23.789244+00:00 [scheduled]>
2025-10-27 17:15:26,261 WARNING - cannot record scheduled_duration for task check_environment because previous state change time has not been saved
2025-10-27 17:15:26,262 INFO - Sending TaskInstanceKey(dag_id='onboarding_data_pipeline', task_id='check_environment', run_id='manual__2025-10-27T21:15:23.789244+00:00', try_number=1, map_index=-1) to executor with priority 11 and queue default
2025-10-27 17:15:26,262 INFO - Adding to queue: ['airflow', 'tasks', 'run', 'onboarding_data_pipeline', 'check_environment', 'manual__2025-10-27T21:15:23.789244+00:00', '--local', '--subdir', 'DAGS_FOLDER/main_pipeline_dag.py']
2025-10-27 17:15:26,263 INFO - Executing command: ['airflow', 'tasks', 'run', 'onboarding_data_pipeline', 'check_environment', 'manual__2025-10-27T21:15:23.789244+00:00', '--local', '--subdir', 'DAGS_FOLDER/main_pipeline_dag.py']
2025-10-27 17:15:27,711 INFO - Received executor event with state success for task instance TaskInstanceKey(dag_id='onboarding_data_pipeline', task_id='check_environment', run_id='manual__2025-10-27T21:15:23.789244+00:00', try_number=1, map_index=-1)
2025-10-27 17:15:27,715 INFO - TaskInstance Finished: dag_id=onboarding_data_pipeline, task_id=check_environment, run_id=manual__2025-10-27T21:15:23.789244+00:00, map_index=-1, run_start_date=2025-10-27 21:15:27.478851+00:00, run_end_date=2025-10-27 21:15:27.533374+00:00, run_duration=0.054523, state=up_for_retry, executor_state=success, try_number=1, max_tries=2, job_id=5, pool=default_pool, queue=default, priority_weight=11, operator=PythonOperator, queued_dttm=2025-10-27 21:15:26.261589+00:00, queued_by_job_id=1, pid=62616
2025-10-27 17:16:11,317 INFO - Adopting or resetting orphaned tasks for active dag runs
2025-10-27 17:18:34,024 INFO - 1 tasks up for execution:
	<TaskInstance: onboarding_data_pipeline.check_environment manual__2025-10-27T21:18:32.053379+00:00 [scheduled]>
2025-10-27 17:18:34,025 INFO - DAG onboarding_data_pipeline has 0/16 running and queued tasks
2025-10-27 17:18:34,026 INFO - Setting the following tasks to queued state:
	<TaskInstance: onboarding_data_pipeline.check_environment manual__2025-10-27T21:18:32.053379+00:00 [scheduled]>
2025-10-27 17:18:34,026 WARNING - cannot record scheduled_duration for task check_environment because previous state change time has not been saved
2025-10-27 17:18:34,027 INFO - Sending TaskInstanceKey(dag_id='onboarding_data_pipeline', task_id='check_environment', run_id='manual__2025-10-27T21:18:32.053379+00:00', try_number=1, map_index=-1) to executor with priority 11 and queue default
2025-10-27 17:18:34,027 INFO - Adding to queue: ['airflow', 'tasks', 'run', 'onboarding_data_pipeline', 'check_environment', 'manual__2025-10-27T21:18:32.053379+00:00', '--local', '--subdir', 'DAGS_FOLDER/main_pipeline_dag.py']
2025-10-27 17:18:34,028 INFO - Executing command: ['airflow', 'tasks', 'run', 'onboarding_data_pipeline', 'check_environment', 'manual__2025-10-27T21:18:32.053379+00:00', '--local', '--subdir', 'DAGS_FOLDER/main_pipeline_dag.py']
2025-10-27 17:18:35,704 INFO - Received executor event with state success for task instance TaskInstanceKey(dag_id='onboarding_data_pipeline', task_id='check_environment', run_id='manual__2025-10-27T21:18:32.053379+00:00', try_number=1, map_index=-1)
2025-10-27 17:18:35,707 INFO - TaskInstance Finished: dag_id=onboarding_data_pipeline, task_id=check_environment, run_id=manual__2025-10-27T21:18:32.053379+00:00, map_index=-1, run_start_date=2025-10-27 21:18:35.510609+00:00, run_end_date=2025-10-27 21:18:35.564826+00:00, run_duration=0.054217, state=success, executor_state=success, try_number=1, max_tries=2, job_id=2, pool=default_pool, queue=default, priority_weight=11, operator=PythonOperator, queued_dttm=2025-10-27 21:18:34.026547+00:00, queued_by_job_id=1, pid=64372
2025-10-27 17:18:36,198 INFO - 3 tasks up for execution:
	<TaskInstance: onboarding_data_pipeline.ingestion_tasks.ingest_gitlab manual__2025-10-27T21:18:32.053379+00:00 [scheduled]>
	<TaskInstance: onboarding_data_pipeline.ingestion_tasks.ingest_youtube manual__2025-10-27T21:18:32.053379+00:00 [scheduled]>
	<TaskInstance: onboarding_data_pipeline.ingestion_tasks.ingest_blogs manual__2025-10-27T21:18:32.053379+00:00 [scheduled]>
2025-10-27 17:18:36,199 INFO - DAG onboarding_data_pipeline has 0/16 running and queued tasks
2025-10-27 17:18:36,199 INFO - DAG onboarding_data_pipeline has 1/16 running and queued tasks
2025-10-27 17:18:36,199 INFO - DAG onboarding_data_pipeline has 2/16 running and queued tasks
2025-10-27 17:18:36,200 INFO - Setting the following tasks to queued state:
	<TaskInstance: onboarding_data_pipeline.ingestion_tasks.ingest_gitlab manual__2025-10-27T21:18:32.053379+00:00 [scheduled]>
	<TaskInstance: onboarding_data_pipeline.ingestion_tasks.ingest_youtube manual__2025-10-27T21:18:32.053379+00:00 [scheduled]>
	<TaskInstance: onboarding_data_pipeline.ingestion_tasks.ingest_blogs manual__2025-10-27T21:18:32.053379+00:00 [scheduled]>
2025-10-27 17:18:36,200 WARNING - cannot record scheduled_duration for task ingestion_tasks.ingest_gitlab because previous state change time has not been saved
2025-10-27 17:18:36,201 WARNING - cannot record scheduled_duration for task ingestion_tasks.ingest_youtube because previous state change time has not been saved
2025-10-27 17:18:36,201 WARNING - cannot record scheduled_duration for task ingestion_tasks.ingest_blogs because previous state change time has not been saved
2025-10-27 17:18:36,202 INFO - Sending TaskInstanceKey(dag_id='onboarding_data_pipeline', task_id='ingestion_tasks.ingest_gitlab', run_id='manual__2025-10-27T21:18:32.053379+00:00', try_number=1, map_index=-1) to executor with priority 8 and queue default
2025-10-27 17:18:36,202 INFO - Adding to queue: ['airflow', 'tasks', 'run', 'onboarding_data_pipeline', 'ingestion_tasks.ingest_gitlab', 'manual__2025-10-27T21:18:32.053379+00:00', '--local', '--subdir', 'DAGS_FOLDER/main_pipeline_dag.py']
2025-10-27 17:18:36,202 INFO - Sending TaskInstanceKey(dag_id='onboarding_data_pipeline', task_id='ingestion_tasks.ingest_youtube', run_id='manual__2025-10-27T21:18:32.053379+00:00', try_number=1, map_index=-1) to executor with priority 8 and queue default
2025-10-27 17:18:36,203 INFO - Adding to queue: ['airflow', 'tasks', 'run', 'onboarding_data_pipeline', 'ingestion_tasks.ingest_youtube', 'manual__2025-10-27T21:18:32.053379+00:00', '--local', '--subdir', 'DAGS_FOLDER/main_pipeline_dag.py']
2025-10-27 17:18:36,203 INFO - Sending TaskInstanceKey(dag_id='onboarding_data_pipeline', task_id='ingestion_tasks.ingest_blogs', run_id='manual__2025-10-27T21:18:32.053379+00:00', try_number=1, map_index=-1) to executor with priority 8 and queue default
2025-10-27 17:18:36,203 INFO - Adding to queue: ['airflow', 'tasks', 'run', 'onboarding_data_pipeline', 'ingestion_tasks.ingest_blogs', 'manual__2025-10-27T21:18:32.053379+00:00', '--local', '--subdir', 'DAGS_FOLDER/main_pipeline_dag.py']
2025-10-27 17:18:36,204 INFO - Executing command: ['airflow', 'tasks', 'run', 'onboarding_data_pipeline', 'ingestion_tasks.ingest_gitlab', 'manual__2025-10-27T21:18:32.053379+00:00', '--local', '--subdir', 'DAGS_FOLDER/main_pipeline_dag.py']
2025-10-27 17:18:37,398 INFO - Executing command: ['airflow', 'tasks', 'run', 'onboarding_data_pipeline', 'ingestion_tasks.ingest_youtube', 'manual__2025-10-27T21:18:32.053379+00:00', '--local', '--subdir', 'DAGS_FOLDER/main_pipeline_dag.py']
2025-10-27 17:18:38,542 INFO - Executing command: ['airflow', 'tasks', 'run', 'onboarding_data_pipeline', 'ingestion_tasks.ingest_blogs', 'manual__2025-10-27T21:18:32.053379+00:00', '--local', '--subdir', 'DAGS_FOLDER/main_pipeline_dag.py']
2025-10-27 17:18:39,873 INFO - Received executor event with state success for task instance TaskInstanceKey(dag_id='onboarding_data_pipeline', task_id='ingestion_tasks.ingest_gitlab', run_id='manual__2025-10-27T21:18:32.053379+00:00', try_number=1, map_index=-1)
2025-10-27 17:18:39,874 INFO - Received executor event with state success for task instance TaskInstanceKey(dag_id='onboarding_data_pipeline', task_id='ingestion_tasks.ingest_youtube', run_id='manual__2025-10-27T21:18:32.053379+00:00', try_number=1, map_index=-1)
2025-10-27 17:18:39,874 INFO - Received executor event with state success for task instance TaskInstanceKey(dag_id='onboarding_data_pipeline', task_id='ingestion_tasks.ingest_blogs', run_id='manual__2025-10-27T21:18:32.053379+00:00', try_number=1, map_index=-1)
2025-10-27 17:18:39,877 INFO - TaskInstance Finished: dag_id=onboarding_data_pipeline, task_id=ingestion_tasks.ingest_blogs, run_id=manual__2025-10-27T21:18:32.053379+00:00, map_index=-1, run_start_date=2025-10-27 21:18:39.627616+00:00, run_end_date=2025-10-27 21:18:39.683368+00:00, run_duration=0.055752, state=success, executor_state=success, try_number=1, max_tries=2, job_id=5, pool=default_pool, queue=default, priority_weight=8, operator=PythonOperator, queued_dttm=2025-10-27 21:18:36.200588+00:00, queued_by_job_id=1, pid=64412
2025-10-27 17:18:39,878 INFO - TaskInstance Finished: dag_id=onboarding_data_pipeline, task_id=ingestion_tasks.ingest_gitlab, run_id=manual__2025-10-27T21:18:32.053379+00:00, map_index=-1, run_start_date=2025-10-27 21:18:37.167067+00:00, run_end_date=2025-10-27 21:18:37.219519+00:00, run_duration=0.052452, state=success, executor_state=success, try_number=1, max_tries=2, job_id=3, pool=default_pool, queue=default, priority_weight=8, operator=PythonOperator, queued_dttm=2025-10-27 21:18:36.200588+00:00, queued_by_job_id=1, pid=64391
2025-10-27 17:18:39,879 INFO - TaskInstance Finished: dag_id=onboarding_data_pipeline, task_id=ingestion_tasks.ingest_youtube, run_id=manual__2025-10-27T21:18:32.053379+00:00, map_index=-1, run_start_date=2025-10-27 21:18:38.352174+00:00, run_end_date=2025-10-27 21:18:38.399774+00:00, run_duration=0.0476, state=success, executor_state=success, try_number=1, max_tries=2, job_id=4, pool=default_pool, queue=default, priority_weight=8, operator=PythonOperator, queued_dttm=2025-10-27 21:18:36.200588+00:00, queued_by_job_id=1, pid=64408
2025-10-27 17:18:40,535 INFO - 1 tasks up for execution:
	<TaskInstance: onboarding_data_pipeline.preprocessing_tasks.clean_text manual__2025-10-27T21:18:32.053379+00:00 [scheduled]>
2025-10-27 17:18:40,536 INFO - DAG onboarding_data_pipeline has 0/16 running and queued tasks
2025-10-27 17:18:40,536 INFO - Setting the following tasks to queued state:
	<TaskInstance: onboarding_data_pipeline.preprocessing_tasks.clean_text manual__2025-10-27T21:18:32.053379+00:00 [scheduled]>
2025-10-27 17:18:40,537 WARNING - cannot record scheduled_duration for task preprocessing_tasks.clean_text because previous state change time has not been saved
2025-10-27 17:18:40,537 INFO - Sending TaskInstanceKey(dag_id='onboarding_data_pipeline', task_id='preprocessing_tasks.clean_text', run_id='manual__2025-10-27T21:18:32.053379+00:00', try_number=1, map_index=-1) to executor with priority 7 and queue default
2025-10-27 17:18:40,538 INFO - Adding to queue: ['airflow', 'tasks', 'run', 'onboarding_data_pipeline', 'preprocessing_tasks.clean_text', 'manual__2025-10-27T21:18:32.053379+00:00', '--local', '--subdir', 'DAGS_FOLDER/main_pipeline_dag.py']
2025-10-27 17:18:40,539 INFO - Executing command: ['airflow', 'tasks', 'run', 'onboarding_data_pipeline', 'preprocessing_tasks.clean_text', 'manual__2025-10-27T21:18:32.053379+00:00', '--local', '--subdir', 'DAGS_FOLDER/main_pipeline_dag.py']
2025-10-27 17:18:41,665 INFO - Received executor event with state success for task instance TaskInstanceKey(dag_id='onboarding_data_pipeline', task_id='preprocessing_tasks.clean_text', run_id='manual__2025-10-27T21:18:32.053379+00:00', try_number=1, map_index=-1)
2025-10-27 17:18:41,669 INFO - TaskInstance Finished: dag_id=onboarding_data_pipeline, task_id=preprocessing_tasks.clean_text, run_id=manual__2025-10-27T21:18:32.053379+00:00, map_index=-1, run_start_date=2025-10-27 21:18:41.470885+00:00, run_end_date=2025-10-27 21:18:41.524030+00:00, run_duration=0.053145, state=success, executor_state=success, try_number=1, max_tries=2, job_id=6, pool=default_pool, queue=default, priority_weight=7, operator=PythonOperator, queued_dttm=2025-10-27 21:18:40.536914+00:00, queued_by_job_id=1, pid=64436
2025-10-27 17:18:42,158 INFO - 1 tasks up for execution:
	<TaskInstance: onboarding_data_pipeline.preprocessing_tasks.chunk_documents manual__2025-10-27T21:18:32.053379+00:00 [scheduled]>
2025-10-27 17:18:42,159 INFO - DAG onboarding_data_pipeline has 0/16 running and queued tasks
2025-10-27 17:18:42,159 INFO - Setting the following tasks to queued state:
	<TaskInstance: onboarding_data_pipeline.preprocessing_tasks.chunk_documents manual__2025-10-27T21:18:32.053379+00:00 [scheduled]>
2025-10-27 17:18:42,160 WARNING - cannot record scheduled_duration for task preprocessing_tasks.chunk_documents because previous state change time has not been saved
2025-10-27 17:18:42,160 INFO - Sending TaskInstanceKey(dag_id='onboarding_data_pipeline', task_id='preprocessing_tasks.chunk_documents', run_id='manual__2025-10-27T21:18:32.053379+00:00', try_number=1, map_index=-1) to executor with priority 6 and queue default
2025-10-27 17:18:42,161 INFO - Adding to queue: ['airflow', 'tasks', 'run', 'onboarding_data_pipeline', 'preprocessing_tasks.chunk_documents', 'manual__2025-10-27T21:18:32.053379+00:00', '--local', '--subdir', 'DAGS_FOLDER/main_pipeline_dag.py']
2025-10-27 17:18:42,161 INFO - Executing command: ['airflow', 'tasks', 'run', 'onboarding_data_pipeline', 'preprocessing_tasks.chunk_documents', 'manual__2025-10-27T21:18:32.053379+00:00', '--local', '--subdir', 'DAGS_FOLDER/main_pipeline_dag.py']
2025-10-27 17:18:43,258 INFO - Received executor event with state success for task instance TaskInstanceKey(dag_id='onboarding_data_pipeline', task_id='preprocessing_tasks.chunk_documents', run_id='manual__2025-10-27T21:18:32.053379+00:00', try_number=1, map_index=-1)
2025-10-27 17:18:43,262 INFO - TaskInstance Finished: dag_id=onboarding_data_pipeline, task_id=preprocessing_tasks.chunk_documents, run_id=manual__2025-10-27T21:18:32.053379+00:00, map_index=-1, run_start_date=2025-10-27 21:18:43.069219+00:00, run_end_date=2025-10-27 21:18:43.120075+00:00, run_duration=0.050856, state=success, executor_state=success, try_number=1, max_tries=2, job_id=7, pool=default_pool, queue=default, priority_weight=6, operator=PythonOperator, queued_dttm=2025-10-27 21:18:42.159951+00:00, queued_by_job_id=1, pid=64455
2025-10-27 17:18:43,703 INFO - 2 tasks up for execution:
	<TaskInstance: onboarding_data_pipeline.validation_tasks.validate_schema manual__2025-10-27T21:18:32.053379+00:00 [scheduled]>
	<TaskInstance: onboarding_data_pipeline.validation_tasks.detect_anomalies manual__2025-10-27T21:18:32.053379+00:00 [scheduled]>
2025-10-27 17:18:43,704 INFO - DAG onboarding_data_pipeline has 0/16 running and queued tasks
2025-10-27 17:18:43,704 INFO - DAG onboarding_data_pipeline has 1/16 running and queued tasks
2025-10-27 17:18:43,704 INFO - Setting the following tasks to queued state:
	<TaskInstance: onboarding_data_pipeline.validation_tasks.validate_schema manual__2025-10-27T21:18:32.053379+00:00 [scheduled]>
	<TaskInstance: onboarding_data_pipeline.validation_tasks.detect_anomalies manual__2025-10-27T21:18:32.053379+00:00 [scheduled]>
2025-10-27 17:18:43,705 WARNING - cannot record scheduled_duration for task validation_tasks.validate_schema because previous state change time has not been saved
2025-10-27 17:18:43,705 WARNING - cannot record scheduled_duration for task validation_tasks.detect_anomalies because previous state change time has not been saved
2025-10-27 17:18:43,706 INFO - Sending TaskInstanceKey(dag_id='onboarding_data_pipeline', task_id='validation_tasks.validate_schema', run_id='manual__2025-10-27T21:18:32.053379+00:00', try_number=1, map_index=-1) to executor with priority 4 and queue default
2025-10-27 17:18:43,706 INFO - Adding to queue: ['airflow', 'tasks', 'run', 'onboarding_data_pipeline', 'validation_tasks.validate_schema', 'manual__2025-10-27T21:18:32.053379+00:00', '--local', '--subdir', 'DAGS_FOLDER/main_pipeline_dag.py']
2025-10-27 17:18:43,706 INFO - Sending TaskInstanceKey(dag_id='onboarding_data_pipeline', task_id='validation_tasks.detect_anomalies', run_id='manual__2025-10-27T21:18:32.053379+00:00', try_number=1, map_index=-1) to executor with priority 4 and queue default
2025-10-27 17:18:43,707 INFO - Adding to queue: ['airflow', 'tasks', 'run', 'onboarding_data_pipeline', 'validation_tasks.detect_anomalies', 'manual__2025-10-27T21:18:32.053379+00:00', '--local', '--subdir', 'DAGS_FOLDER/main_pipeline_dag.py']
2025-10-27 17:18:43,707 INFO - Executing command: ['airflow', 'tasks', 'run', 'onboarding_data_pipeline', 'validation_tasks.validate_schema', 'manual__2025-10-27T21:18:32.053379+00:00', '--local', '--subdir', 'DAGS_FOLDER/main_pipeline_dag.py']
2025-10-27 17:18:44,834 INFO - Executing command: ['airflow', 'tasks', 'run', 'onboarding_data_pipeline', 'validation_tasks.detect_anomalies', 'manual__2025-10-27T21:18:32.053379+00:00', '--local', '--subdir', 'DAGS_FOLDER/main_pipeline_dag.py']
2025-10-27 17:18:46,035 INFO - Received executor event with state success for task instance TaskInstanceKey(dag_id='onboarding_data_pipeline', task_id='validation_tasks.validate_schema', run_id='manual__2025-10-27T21:18:32.053379+00:00', try_number=1, map_index=-1)
2025-10-27 17:18:46,036 INFO - Received executor event with state success for task instance TaskInstanceKey(dag_id='onboarding_data_pipeline', task_id='validation_tasks.detect_anomalies', run_id='manual__2025-10-27T21:18:32.053379+00:00', try_number=1, map_index=-1)
2025-10-27 17:18:46,039 INFO - TaskInstance Finished: dag_id=onboarding_data_pipeline, task_id=validation_tasks.detect_anomalies, run_id=manual__2025-10-27T21:18:32.053379+00:00, map_index=-1, run_start_date=2025-10-27 21:18:45.842185+00:00, run_end_date=2025-10-27 21:18:45.891738+00:00, run_duration=0.049553, state=success, executor_state=success, try_number=1, max_tries=2, job_id=9, pool=default_pool, queue=default, priority_weight=4, operator=PythonOperator, queued_dttm=2025-10-27 21:18:43.705142+00:00, queued_by_job_id=1, pid=64477
2025-10-27 17:18:46,040 INFO - TaskInstance Finished: dag_id=onboarding_data_pipeline, task_id=validation_tasks.validate_schema, run_id=manual__2025-10-27T21:18:32.053379+00:00, map_index=-1, run_start_date=2025-10-27 21:18:44.640392+00:00, run_end_date=2025-10-27 21:18:44.688311+00:00, run_duration=0.047919, state=success, executor_state=success, try_number=1, max_tries=2, job_id=8, pool=default_pool, queue=default, priority_weight=4, operator=PythonOperator, queued_dttm=2025-10-27 21:18:43.705142+00:00, queued_by_job_id=1, pid=64474
2025-10-27 17:18:46,804 INFO - 1 tasks up for execution:
	<TaskInstance: onboarding_data_pipeline.generate_statistics manual__2025-10-27T21:18:32.053379+00:00 [scheduled]>
2025-10-27 17:18:46,805 INFO - DAG onboarding_data_pipeline has 0/16 running and queued tasks
2025-10-27 17:18:46,805 INFO - Setting the following tasks to queued state:
	<TaskInstance: onboarding_data_pipeline.generate_statistics manual__2025-10-27T21:18:32.053379+00:00 [scheduled]>
2025-10-27 17:18:46,806 WARNING - cannot record scheduled_duration for task generate_statistics because previous state change time has not been saved
2025-10-27 17:18:46,806 INFO - Sending TaskInstanceKey(dag_id='onboarding_data_pipeline', task_id='generate_statistics', run_id='manual__2025-10-27T21:18:32.053379+00:00', try_number=1, map_index=-1) to executor with priority 3 and queue default
2025-10-27 17:18:46,807 INFO - Adding to queue: ['airflow', 'tasks', 'run', 'onboarding_data_pipeline', 'generate_statistics', 'manual__2025-10-27T21:18:32.053379+00:00', '--local', '--subdir', 'DAGS_FOLDER/main_pipeline_dag.py']
2025-10-27 17:18:46,808 INFO - Executing command: ['airflow', 'tasks', 'run', 'onboarding_data_pipeline', 'generate_statistics', 'manual__2025-10-27T21:18:32.053379+00:00', '--local', '--subdir', 'DAGS_FOLDER/main_pipeline_dag.py']
2025-10-27 17:54:26,675 INFO - Exiting gracefully upon receiving signal 15
2025-10-27 17:54:26,845 INFO - Sending Signals.SIGTERM to group 73364. PIDs of all processes in the group: []
2025-10-27 17:54:26,846 INFO - Sending the signal Signals.SIGTERM to group 73364
2025-10-27 17:54:26,846 INFO - Sending the signal Signals.SIGTERM to process 73364 as process group is missing.
2025-10-27 17:54:26,851 INFO - Executing command: ['airflow', 'tasks', 'run', 'onboarding_data_pipeline', 'generate_statistics', 'manual__2025-10-27T21:18:32.053379+00:00', '--local', '--subdir', 'DAGS_FOLDER/main_pipeline_dag.py']
2025-10-27 17:54:28,157 INFO - Sending Signals.SIGTERM to group 73364. PIDs of all processes in the group: []
2025-10-27 17:54:28,158 INFO - Sending the signal Signals.SIGTERM to group 73364
2025-10-27 17:54:28,158 INFO - Sending the signal Signals.SIGTERM to process 73364 as process group is missing.
2025-10-27 17:54:28,159 INFO - Exited execute loop
