[2025-10-28T14:17:15.412-0400] {local_task_job_runner.py:123} INFO - ::group::Pre task execution logs
[2025-10-28T14:17:15.415-0400] {taskinstance.py:2612} INFO - Dependencies all met for dep_context=non-requeueable deps ti=<TaskInstance: onboarding_data_pipeline.ingestion_tasks.ingest_youtube manual__2025-10-28T18:17:07.254649+00:00 [queued]>
[2025-10-28T14:17:15.417-0400] {taskinstance.py:2612} INFO - Dependencies all met for dep_context=requeueable deps ti=<TaskInstance: onboarding_data_pipeline.ingestion_tasks.ingest_youtube manual__2025-10-28T18:17:07.254649+00:00 [queued]>
[2025-10-28T14:17:15.417-0400] {taskinstance.py:2865} INFO - Starting attempt 1 of 3
[2025-10-28T14:17:15.422-0400] {taskinstance.py:2888} INFO - Executing <Task(PythonOperator): ingestion_tasks.ingest_youtube> on 2025-10-28 18:17:07.254649+00:00
[2025-10-28T14:17:15.426-0400] {standard_task_runner.py:72} INFO - Started process 95280 to run task
[2025-10-28T14:17:15.430-0400] {standard_task_runner.py:104} INFO - Running: ['airflow', 'tasks', 'run', 'onboarding_data_pipeline', 'ingestion_tasks.ingest_youtube', 'manual__2025-10-28T18:17:07.254649+00:00', '--job-id', '39', '--raw', '--subdir', 'DAGS_FOLDER/main_pipeline_dag.py', '--cfg-path', '/var/folders/bq/zp7dztbn5yxb9ljzbt_99_dr0000gn/T/tmpal3b8fc8']
[2025-10-28T14:17:15.431-0400] {standard_task_runner.py:105} INFO - Job 39: Subtask ingestion_tasks.ingest_youtube
[2025-10-28T14:17:15.449-0400] {task_command.py:467} INFO - Running <TaskInstance: onboarding_data_pipeline.ingestion_tasks.ingest_youtube manual__2025-10-28T18:17:07.254649+00:00 [running]> on host mithuns-macbook-pro.local
[2025-10-28T14:17:15.468-0400] {taskinstance.py:3131} INFO - Exporting env vars: AIRFLOW_CTX_DAG_EMAIL='team13@example.com' AIRFLOW_CTX_DAG_OWNER='Team13' AIRFLOW_CTX_DAG_ID='onboarding_data_pipeline' AIRFLOW_CTX_TASK_ID='ingestion_tasks.ingest_youtube' AIRFLOW_CTX_EXECUTION_DATE='2025-10-28T18:17:07.254649+00:00' AIRFLOW_CTX_TRY_NUMBER='1' AIRFLOW_CTX_DAG_RUN_ID='manual__2025-10-28T18:17:07.254649+00:00'
[2025-10-28T14:17:15.469-0400] {logging_mixin.py:190} INFO - Task instance is in running state
[2025-10-28T14:17:15.470-0400] {logging_mixin.py:190} INFO -  Previous state of the Task instance: queued
[2025-10-28T14:17:15.470-0400] {logging_mixin.py:190} INFO - Current task name:ingestion_tasks.ingest_youtube state:running start_date:2025-10-28 18:17:15.415884+00:00
[2025-10-28T14:17:15.470-0400] {logging_mixin.py:190} INFO - Dag name:onboarding_data_pipeline and current dag run status:running
[2025-10-28T14:17:15.470-0400] {taskinstance.py:731} INFO - ::endgroup::
[2025-10-28T14:17:15.471-0400] {logging_mixin.py:190} INFO - Simulating YouTube transcript ingestion...
[2025-10-28T14:17:15.473-0400] {python.py:240} INFO - Done. Returned value was: youtube_ingested_3
[2025-10-28T14:17:15.476-0400] {taskinstance.py:340} INFO - ::group::Post task execution logs
[2025-10-28T14:17:15.476-0400] {taskinstance.py:352} INFO - Marking task as SUCCESS. dag_id=onboarding_data_pipeline, task_id=ingestion_tasks.ingest_youtube, run_id=manual__2025-10-28T18:17:07.254649+00:00, execution_date=20251028T181707, start_date=20251028T181715, end_date=20251028T181715
[2025-10-28T14:17:15.478-0400] {logging_mixin.py:190} INFO - Task instance in success state
[2025-10-28T14:17:15.479-0400] {logging_mixin.py:190} INFO -  Previous state of the Task instance: running
[2025-10-28T14:17:15.479-0400] {logging_mixin.py:190} INFO - Dag name:onboarding_data_pipeline queued_at:2025-10-28 18:17:07.270312+00:00
[2025-10-28T14:17:15.479-0400] {logging_mixin.py:190} INFO - Task hostname:mithuns-macbook-pro.local operator:PythonOperator
[2025-10-28T14:17:15.485-0400] {local_task_job_runner.py:266} INFO - Task exited with return code 0
[2025-10-28T14:17:15.492-0400] {taskinstance.py:3900} INFO - 0 downstream tasks scheduled from follow-on schedule check
[2025-10-28T14:17:15.493-0400] {local_task_job_runner.py:245} INFO - ::endgroup::
