[2025-10-31T03:30:41.246+0000] {taskinstance.py:1159} INFO - Dependencies all met for dep_context=non-requeueable deps ti=<TaskInstance: data_pipeline_dag.transcribe_youtube manual__2025-10-31T03:30:33.338856+00:00 [queued]>
[2025-10-31T03:30:41.250+0000] {taskinstance.py:1159} INFO - Dependencies all met for dep_context=requeueable deps ti=<TaskInstance: data_pipeline_dag.transcribe_youtube manual__2025-10-31T03:30:33.338856+00:00 [queued]>
[2025-10-31T03:30:41.250+0000] {taskinstance.py:1361} INFO - Starting attempt 1 of 1
[2025-10-31T03:30:41.257+0000] {taskinstance.py:1382} INFO - Executing <Task(BashOperator): transcribe_youtube> on 2025-10-31 03:30:33.338856+00:00
[2025-10-31T03:30:41.260+0000] {standard_task_runner.py:57} INFO - Started process 137 to run task
[2025-10-31T03:30:41.263+0000] {standard_task_runner.py:84} INFO - Running: ['airflow', 'tasks', 'run', 'data_pipeline_dag', 'transcribe_youtube', 'manual__2025-10-31T03:30:33.338856+00:00', '--job-id', '12', '--raw', '--subdir', 'DAGS_FOLDER/data_pipeline_dag.py', '--cfg-path', '/tmp/tmptqco_pz1']
[2025-10-31T03:30:41.264+0000] {standard_task_runner.py:85} INFO - Job 12: Subtask transcribe_youtube
[2025-10-31T03:30:41.287+0000] {task_command.py:416} INFO - Running <TaskInstance: data_pipeline_dag.transcribe_youtube manual__2025-10-31T03:30:33.338856+00:00 [running]> on host e4b4c365bd85
[2025-10-31T03:30:41.327+0000] {taskinstance.py:1662} INFO - Exporting env vars: AIRFLOW_CTX_DAG_OWNER='airflow' AIRFLOW_CTX_DAG_ID='data_pipeline_dag' AIRFLOW_CTX_TASK_ID='transcribe_youtube' AIRFLOW_CTX_EXECUTION_DATE='2025-10-31T03:30:33.338856+00:00' AIRFLOW_CTX_TRY_NUMBER='1' AIRFLOW_CTX_DAG_RUN_ID='manual__2025-10-31T03:30:33.338856+00:00'
[2025-10-31T03:30:41.328+0000] {subprocess.py:63} INFO - Tmp dir root location: /tmp
[2025-10-31T03:30:41.328+0000] {subprocess.py:75} INFO - Running command: ['/bin/bash', '-c', 'python /opt/airflow/dags/scripts/transcription.py --limit 1']
[2025-10-31T03:30:41.336+0000] {subprocess.py:86} INFO - Output:
[2025-10-31T03:30:52.274+0000] {subprocess.py:93} INFO - WARNING: [youtube:tab] YouTube said: INFO - 60 unavailable videos are hidden
[2025-10-31T03:30:53.534+0000] {subprocess.py:93} INFO - WARNING: [youtube:tab] Incomplete data received. Retrying (1/3)...
[2025-10-31T03:30:55.039+0000] {subprocess.py:93} INFO - WARNING: [youtube:tab] Incomplete data received. Retrying (2/3)...
[2025-10-31T03:30:55.202+0000] {subprocess.py:93} INFO - WARNING: [youtube:tab] Incomplete data received. Retrying (3/3)...
[2025-10-31T03:30:55.487+0000] {subprocess.py:93} INFO - WARNING: [youtube:tab] Incomplete data received. Giving up after 3 retries
[2025-10-31T03:30:55.565+0000] {subprocess.py:93} INFO - Loading Whisper model...
[2025-10-31T03:30:55.566+0000] {subprocess.py:93} INFO - Using 'base' model. This may take a moment on first run...
[2025-10-31T03:30:55.567+0000] {subprocess.py:93} INFO - ✓ Model loaded successfully!
[2025-10-31T03:30:55.568+0000] {subprocess.py:93} INFO - 
[2025-10-31T03:30:55.569+0000] {subprocess.py:93} INFO - Fetching playlist information...
[2025-10-31T03:30:55.570+0000] {subprocess.py:93} INFO - Found 127 videos in playlist
[2025-10-31T03:30:55.570+0000] {subprocess.py:93} INFO - 
[2025-10-31T03:30:55.571+0000] {subprocess.py:93} INFO - Limiting to first 1 videos for this run.
[2025-10-31T03:30:55.572+0000] {subprocess.py:93} INFO - 
[2025-10-31T03:30:55.573+0000] {subprocess.py:93} INFO - Processing 1 videos...
[2025-10-31T03:30:55.573+0000] {subprocess.py:93} INFO - 
[2025-10-31T03:30:55.574+0000] {subprocess.py:93} INFO - 
[2025-10-31T03:30:55.575+0000] {subprocess.py:93} INFO - [1/1] CI/CD UX Meeting - 2024-01-17
[2025-10-31T03:30:55.578+0000] {subprocess.py:93} INFO -   ✓ Already in all_transcripts.json, skipping…
[2025-10-31T03:30:55.578+0000] {subprocess.py:93} INFO - 
[2025-10-31T03:30:55.579+0000] {subprocess.py:93} INFO - ================================================================================
[2025-10-31T03:30:55.581+0000] {subprocess.py:93} INFO - SUMMARY
[2025-10-31T03:30:55.581+0000] {subprocess.py:93} INFO - ================================================================================
[2025-10-31T03:30:55.582+0000] {subprocess.py:93} INFO - Successfully processed: 1/1
[2025-10-31T03:30:55.582+0000] {subprocess.py:93} INFO - Failed: 0/1
[2025-10-31T03:30:55.583+0000] {subprocess.py:93} INFO - Skipped (unavailable or already present): 0/1
[2025-10-31T03:30:55.583+0000] {subprocess.py:93} INFO - 
[2025-10-31T03:30:55.584+0000] {subprocess.py:93} INFO - Combined JSON saved to: /opt/airflow/data/meeting_transcripts/all_transcripts.json
[2025-10-31T03:30:55.584+0000] {subprocess.py:93} INFO - Audio files saved to: /opt/airflow/data/audio_files
[2025-10-31T03:30:57.147+0000] {subprocess.py:97} INFO - Command exited with return code 0
[2025-10-31T03:30:57.392+0000] {taskinstance.py:1400} INFO - Marking task as SUCCESS. dag_id=data_pipeline_dag, task_id=transcribe_youtube, execution_date=20251031T033033, start_date=20251031T033041, end_date=20251031T033057
[2025-10-31T03:30:57.588+0000] {local_task_job_runner.py:228} INFO - Task exited with return code 0
[2025-10-31T03:30:57.755+0000] {taskinstance.py:2778} INFO - 1 downstream tasks scheduled from follow-on schedule check
