[2025-10-28T16:17:05.026-0400] {local_task_job_runner.py:123} INFO - ::group::Pre task execution logs
[2025-10-28T16:17:05.029-0400] {taskinstance.py:2612} INFO - Dependencies all met for dep_context=non-requeueable deps ti=<TaskInstance: onboarding_data_pipeline.dvc_commit manual__2025-10-28T20:16:44.704932+00:00 [queued]>
[2025-10-28T16:17:05.030-0400] {taskinstance.py:2612} INFO - Dependencies all met for dep_context=requeueable deps ti=<TaskInstance: onboarding_data_pipeline.dvc_commit manual__2025-10-28T20:16:44.704932+00:00 [queued]>
[2025-10-28T16:17:05.031-0400] {taskinstance.py:2865} INFO - Starting attempt 1 of 3
[2025-10-28T16:17:05.033-0400] {taskinstance.py:2888} INFO - Executing <Task(PythonOperator): dvc_commit> on 2025-10-28 20:16:44.704932+00:00
[2025-10-28T16:17:05.036-0400] {standard_task_runner.py:72} INFO - Started process 29698 to run task
[2025-10-28T16:17:05.039-0400] {standard_task_runner.py:104} INFO - Running: ['airflow', 'tasks', 'run', 'onboarding_data_pipeline', 'dvc_commit', 'manual__2025-10-28T20:16:44.704932+00:00', '--job-id', '110', '--raw', '--subdir', 'DAGS_FOLDER/main_pipeline_dag.py', '--cfg-path', '/var/folders/bq/zp7dztbn5yxb9ljzbt_99_dr0000gn/T/tmp8l7brz4g']
[2025-10-28T16:17:05.040-0400] {standard_task_runner.py:105} INFO - Job 110: Subtask dvc_commit
[2025-10-28T16:17:05.056-0400] {task_command.py:467} INFO - Running <TaskInstance: onboarding_data_pipeline.dvc_commit manual__2025-10-28T20:16:44.704932+00:00 [running]> on host mithuns-macbook-pro.local
[2025-10-28T16:17:05.071-0400] {taskinstance.py:3131} INFO - Exporting env vars: AIRFLOW_CTX_DAG_EMAIL='mithun.feb2024@gmail.com' AIRFLOW_CTX_DAG_OWNER='Team13' AIRFLOW_CTX_DAG_ID='onboarding_data_pipeline' AIRFLOW_CTX_TASK_ID='dvc_commit' AIRFLOW_CTX_EXECUTION_DATE='2025-10-28T20:16:44.704932+00:00' AIRFLOW_CTX_TRY_NUMBER='1' AIRFLOW_CTX_DAG_RUN_ID='manual__2025-10-28T20:16:44.704932+00:00'
[2025-10-28T16:17:05.072-0400] {logging_mixin.py:190} INFO - Task instance is in running state
[2025-10-28T16:17:05.072-0400] {logging_mixin.py:190} INFO -  Previous state of the Task instance: queued
[2025-10-28T16:17:05.072-0400] {logging_mixin.py:190} INFO - Current task name:dvc_commit state:running start_date:2025-10-28 20:17:05.029518+00:00
[2025-10-28T16:17:05.072-0400] {logging_mixin.py:190} INFO - Dag name:onboarding_data_pipeline and current dag run status:running
[2025-10-28T16:17:05.072-0400] {taskinstance.py:731} INFO - ::endgroup::
[2025-10-28T16:17:05.073-0400] {logging_mixin.py:190} INFO - Committing to DVC...
[2025-10-28T16:17:05.073-0400] {logging_mixin.py:190} INFO - DVC commit simulated (would run 'dvc add' and 'dvc push')
[2025-10-28T16:17:05.073-0400] {python.py:240} INFO - Done. Returned value was: dvc_committed
[2025-10-28T16:17:05.076-0400] {taskinstance.py:340} INFO - ::group::Post task execution logs
[2025-10-28T16:17:05.077-0400] {taskinstance.py:352} INFO - Marking task as SUCCESS. dag_id=onboarding_data_pipeline, task_id=dvc_commit, run_id=manual__2025-10-28T20:16:44.704932+00:00, execution_date=20251028T201644, start_date=20251028T201705, end_date=20251028T201705
[2025-10-28T16:17:05.079-0400] {logging_mixin.py:190} INFO - Task instance in success state
[2025-10-28T16:17:05.079-0400] {logging_mixin.py:190} INFO -  Previous state of the Task instance: running
[2025-10-28T16:17:05.079-0400] {logging_mixin.py:190} INFO - Dag name:onboarding_data_pipeline queued_at:2025-10-28 20:16:44.733351+00:00
[2025-10-28T16:17:05.080-0400] {logging_mixin.py:190} INFO - Task hostname:mithuns-macbook-pro.local operator:PythonOperator
[2025-10-28T16:17:05.094-0400] {local_task_job_runner.py:266} INFO - Task exited with return code 0
[2025-10-28T16:17:05.099-0400] {taskinstance.py:3900} INFO - 0 downstream tasks scheduled from follow-on schedule check
[2025-10-28T16:17:05.099-0400] {local_task_job_runner.py:245} INFO - ::endgroup::
