[2025-10-31T03:01:06.649+0000] {processor.py:157} INFO - Started process (PID=27) to work on /opt/airflow/dags/data_pipeline_dag.py
[2025-10-31T03:01:06.651+0000] {processor.py:829} INFO - Processing file /opt/airflow/dags/data_pipeline_dag.py for tasks to queue
[2025-10-31T03:01:06.658+0000] {logging_mixin.py:151} INFO - [2025-10-31T03:01:06.653+0000] {dagbag.py:536} INFO - Filling up the DagBag from /opt/airflow/dags/data_pipeline_dag.py
[2025-10-31T03:01:06.734+0000] {processor.py:839} INFO - DAG(s) dict_keys(['data_pipeline_dag']) retrieved from /opt/airflow/dags/data_pipeline_dag.py
[2025-10-31T03:01:07.079+0000] {logging_mixin.py:151} INFO - [2025-10-31T03:01:07.079+0000] {manager.py:499} INFO - Created Permission View: %s
[2025-10-31T03:01:07.089+0000] {logging_mixin.py:151} INFO - [2025-10-31T03:01:07.089+0000] {manager.py:499} INFO - Created Permission View: %s
[2025-10-31T03:01:07.097+0000] {logging_mixin.py:151} INFO - [2025-10-31T03:01:07.097+0000] {manager.py:499} INFO - Created Permission View: %s
[2025-10-31T03:01:07.098+0000] {logging_mixin.py:151} INFO - [2025-10-31T03:01:07.098+0000] {dag.py:2941} INFO - Sync 1 DAGs
[2025-10-31T03:01:07.113+0000] {logging_mixin.py:151} INFO - [2025-10-31T03:01:07.112+0000] {dag.py:2963} INFO - Creating ORM DAG for data_pipeline_dag
[2025-10-31T03:01:07.115+0000] {logging_mixin.py:151} INFO - [2025-10-31T03:01:07.115+0000] {dag.py:3722} INFO - Setting next_dagrun for data_pipeline_dag to None, run_after=None
[2025-10-31T03:01:07.132+0000] {processor.py:179} INFO - Processing /opt/airflow/dags/data_pipeline_dag.py took 0.503 seconds
[2025-10-31T03:01:14.112+0000] {processor.py:157} INFO - Started process (PID=28) to work on /opt/airflow/dags/data_pipeline_dag.py
[2025-10-31T03:01:14.116+0000] {processor.py:829} INFO - Processing file /opt/airflow/dags/data_pipeline_dag.py for tasks to queue
[2025-10-31T03:01:14.120+0000] {logging_mixin.py:151} INFO - [2025-10-31T03:01:14.118+0000] {dagbag.py:536} INFO - Filling up the DagBag from /opt/airflow/dags/data_pipeline_dag.py
[2025-10-31T03:01:14.146+0000] {processor.py:839} INFO - DAG(s) dict_keys(['data_pipeline_dag']) retrieved from /opt/airflow/dags/data_pipeline_dag.py
[2025-10-31T03:01:14.155+0000] {logging_mixin.py:151} INFO - [2025-10-31T03:01:14.155+0000] {dag.py:2941} INFO - Sync 1 DAGs
[2025-10-31T03:01:14.178+0000] {logging_mixin.py:151} INFO - [2025-10-31T03:01:14.178+0000] {dag.py:3722} INFO - Setting next_dagrun for data_pipeline_dag to None, run_after=None
[2025-10-31T03:01:14.192+0000] {processor.py:179} INFO - Processing /opt/airflow/dags/data_pipeline_dag.py took 0.094 seconds
[2025-10-31T03:01:44.475+0000] {processor.py:157} INFO - Started process (PID=51) to work on /opt/airflow/dags/data_pipeline_dag.py
[2025-10-31T03:01:44.476+0000] {processor.py:829} INFO - Processing file /opt/airflow/dags/data_pipeline_dag.py for tasks to queue
[2025-10-31T03:01:44.478+0000] {logging_mixin.py:151} INFO - [2025-10-31T03:01:44.477+0000] {dagbag.py:536} INFO - Filling up the DagBag from /opt/airflow/dags/data_pipeline_dag.py
[2025-10-31T03:01:44.518+0000] {processor.py:839} INFO - DAG(s) dict_keys(['data_pipeline_dag']) retrieved from /opt/airflow/dags/data_pipeline_dag.py
[2025-10-31T03:01:44.549+0000] {logging_mixin.py:151} INFO - [2025-10-31T03:01:44.549+0000] {dag.py:2941} INFO - Sync 1 DAGs
[2025-10-31T03:01:44.560+0000] {logging_mixin.py:151} INFO - [2025-10-31T03:01:44.560+0000] {dag.py:3722} INFO - Setting next_dagrun for data_pipeline_dag to None, run_after=None
[2025-10-31T03:01:44.573+0000] {processor.py:179} INFO - Processing /opt/airflow/dags/data_pipeline_dag.py took 0.103 seconds
[2025-10-31T03:02:14.925+0000] {processor.py:157} INFO - Started process (PID=52) to work on /opt/airflow/dags/data_pipeline_dag.py
[2025-10-31T03:02:14.927+0000] {processor.py:829} INFO - Processing file /opt/airflow/dags/data_pipeline_dag.py for tasks to queue
[2025-10-31T03:02:14.928+0000] {logging_mixin.py:151} INFO - [2025-10-31T03:02:14.927+0000] {dagbag.py:536} INFO - Filling up the DagBag from /opt/airflow/dags/data_pipeline_dag.py
[2025-10-31T03:02:14.942+0000] {processor.py:839} INFO - DAG(s) dict_keys(['data_pipeline_dag']) retrieved from /opt/airflow/dags/data_pipeline_dag.py
[2025-10-31T03:02:14.993+0000] {logging_mixin.py:151} INFO - [2025-10-31T03:02:14.993+0000] {dag.py:2941} INFO - Sync 1 DAGs
[2025-10-31T03:02:15.002+0000] {logging_mixin.py:151} INFO - [2025-10-31T03:02:15.002+0000] {dag.py:3722} INFO - Setting next_dagrun for data_pipeline_dag to None, run_after=None
[2025-10-31T03:02:15.013+0000] {processor.py:179} INFO - Processing /opt/airflow/dags/data_pipeline_dag.py took 0.093 seconds
[2025-10-31T03:02:45.391+0000] {processor.py:157} INFO - Started process (PID=53) to work on /opt/airflow/dags/data_pipeline_dag.py
[2025-10-31T03:02:45.393+0000] {processor.py:829} INFO - Processing file /opt/airflow/dags/data_pipeline_dag.py for tasks to queue
[2025-10-31T03:02:45.395+0000] {logging_mixin.py:151} INFO - [2025-10-31T03:02:45.393+0000] {dagbag.py:536} INFO - Filling up the DagBag from /opt/airflow/dags/data_pipeline_dag.py
[2025-10-31T03:02:45.438+0000] {processor.py:839} INFO - DAG(s) dict_keys(['data_pipeline_dag']) retrieved from /opt/airflow/dags/data_pipeline_dag.py
[2025-10-31T03:02:45.466+0000] {logging_mixin.py:151} INFO - [2025-10-31T03:02:45.466+0000] {dag.py:2941} INFO - Sync 1 DAGs
[2025-10-31T03:02:45.477+0000] {logging_mixin.py:151} INFO - [2025-10-31T03:02:45.477+0000] {dag.py:3722} INFO - Setting next_dagrun for data_pipeline_dag to None, run_after=None
[2025-10-31T03:02:45.488+0000] {processor.py:179} INFO - Processing /opt/airflow/dags/data_pipeline_dag.py took 0.104 seconds
[2025-10-31T03:03:15.757+0000] {processor.py:157} INFO - Started process (PID=54) to work on /opt/airflow/dags/data_pipeline_dag.py
[2025-10-31T03:03:15.760+0000] {processor.py:829} INFO - Processing file /opt/airflow/dags/data_pipeline_dag.py for tasks to queue
[2025-10-31T03:03:15.763+0000] {logging_mixin.py:151} INFO - [2025-10-31T03:03:15.762+0000] {dagbag.py:536} INFO - Filling up the DagBag from /opt/airflow/dags/data_pipeline_dag.py
[2025-10-31T03:03:15.793+0000] {processor.py:839} INFO - DAG(s) dict_keys(['data_pipeline_dag']) retrieved from /opt/airflow/dags/data_pipeline_dag.py
[2025-10-31T03:03:15.815+0000] {logging_mixin.py:151} INFO - [2025-10-31T03:03:15.815+0000] {dag.py:2941} INFO - Sync 1 DAGs
[2025-10-31T03:03:15.822+0000] {logging_mixin.py:151} INFO - [2025-10-31T03:03:15.822+0000] {dag.py:3722} INFO - Setting next_dagrun for data_pipeline_dag to None, run_after=None
[2025-10-31T03:03:15.833+0000] {processor.py:179} INFO - Processing /opt/airflow/dags/data_pipeline_dag.py took 0.084 seconds
[2025-10-31T03:03:46.241+0000] {processor.py:157} INFO - Started process (PID=55) to work on /opt/airflow/dags/data_pipeline_dag.py
[2025-10-31T03:03:46.244+0000] {processor.py:829} INFO - Processing file /opt/airflow/dags/data_pipeline_dag.py for tasks to queue
[2025-10-31T03:03:46.245+0000] {logging_mixin.py:151} INFO - [2025-10-31T03:03:46.244+0000] {dagbag.py:536} INFO - Filling up the DagBag from /opt/airflow/dags/data_pipeline_dag.py
[2025-10-31T03:03:46.283+0000] {processor.py:839} INFO - DAG(s) dict_keys(['data_pipeline_dag']) retrieved from /opt/airflow/dags/data_pipeline_dag.py
[2025-10-31T03:03:46.304+0000] {logging_mixin.py:151} INFO - [2025-10-31T03:03:46.304+0000] {dag.py:2941} INFO - Sync 1 DAGs
[2025-10-31T03:03:46.311+0000] {logging_mixin.py:151} INFO - [2025-10-31T03:03:46.311+0000] {dag.py:3722} INFO - Setting next_dagrun for data_pipeline_dag to None, run_after=None
[2025-10-31T03:03:46.322+0000] {processor.py:179} INFO - Processing /opt/airflow/dags/data_pipeline_dag.py took 0.085 seconds
[2025-10-31T03:04:16.696+0000] {processor.py:157} INFO - Started process (PID=56) to work on /opt/airflow/dags/data_pipeline_dag.py
[2025-10-31T03:04:16.697+0000] {processor.py:829} INFO - Processing file /opt/airflow/dags/data_pipeline_dag.py for tasks to queue
[2025-10-31T03:04:16.699+0000] {logging_mixin.py:151} INFO - [2025-10-31T03:04:16.698+0000] {dagbag.py:536} INFO - Filling up the DagBag from /opt/airflow/dags/data_pipeline_dag.py
[2025-10-31T03:04:16.728+0000] {processor.py:839} INFO - DAG(s) dict_keys(['data_pipeline_dag']) retrieved from /opt/airflow/dags/data_pipeline_dag.py
[2025-10-31T03:04:16.754+0000] {logging_mixin.py:151} INFO - [2025-10-31T03:04:16.754+0000] {dag.py:2941} INFO - Sync 1 DAGs
[2025-10-31T03:04:16.781+0000] {logging_mixin.py:151} INFO - [2025-10-31T03:04:16.781+0000] {dag.py:3722} INFO - Setting next_dagrun for data_pipeline_dag to None, run_after=None
[2025-10-31T03:04:16.795+0000] {processor.py:179} INFO - Processing /opt/airflow/dags/data_pipeline_dag.py took 0.106 seconds
[2025-10-31T03:05:29.085+0000] {processor.py:157} INFO - Started process (PID=28) to work on /opt/airflow/dags/data_pipeline_dag.py
[2025-10-31T03:05:29.086+0000] {processor.py:829} INFO - Processing file /opt/airflow/dags/data_pipeline_dag.py for tasks to queue
[2025-10-31T03:05:29.087+0000] {logging_mixin.py:151} INFO - [2025-10-31T03:05:29.086+0000] {dagbag.py:536} INFO - Filling up the DagBag from /opt/airflow/dags/data_pipeline_dag.py
[2025-10-31T03:05:29.126+0000] {processor.py:839} INFO - DAG(s) dict_keys(['data_pipeline_dag']) retrieved from /opt/airflow/dags/data_pipeline_dag.py
[2025-10-31T03:05:29.150+0000] {logging_mixin.py:151} INFO - [2025-10-31T03:05:29.150+0000] {dag.py:2941} INFO - Sync 1 DAGs
[2025-10-31T03:05:29.167+0000] {logging_mixin.py:151} INFO - [2025-10-31T03:05:29.167+0000] {dag.py:3722} INFO - Setting next_dagrun for data_pipeline_dag to None, run_after=None
[2025-10-31T03:05:29.183+0000] {processor.py:179} INFO - Processing /opt/airflow/dags/data_pipeline_dag.py took 0.101 seconds
[2025-10-31T03:06:02.401+0000] {processor.py:157} INFO - Started process (PID=40) to work on /opt/airflow/dags/data_pipeline_dag.py
[2025-10-31T03:06:02.404+0000] {processor.py:829} INFO - Processing file /opt/airflow/dags/data_pipeline_dag.py for tasks to queue
[2025-10-31T03:06:02.408+0000] {logging_mixin.py:151} INFO - [2025-10-31T03:06:02.406+0000] {dagbag.py:536} INFO - Filling up the DagBag from /opt/airflow/dags/data_pipeline_dag.py
[2025-10-31T03:06:02.423+0000] {processor.py:839} INFO - DAG(s) dict_keys(['data_pipeline_dag']) retrieved from /opt/airflow/dags/data_pipeline_dag.py
[2025-10-31T03:06:02.439+0000] {logging_mixin.py:151} INFO - [2025-10-31T03:06:02.439+0000] {dag.py:2941} INFO - Sync 1 DAGs
[2025-10-31T03:06:02.447+0000] {logging_mixin.py:151} INFO - [2025-10-31T03:06:02.447+0000] {dag.py:3722} INFO - Setting next_dagrun for data_pipeline_dag to None, run_after=None
[2025-10-31T03:06:02.456+0000] {processor.py:179} INFO - Processing /opt/airflow/dags/data_pipeline_dag.py took 0.065 seconds
[2025-10-31T03:06:32.626+0000] {processor.py:157} INFO - Started process (PID=52) to work on /opt/airflow/dags/data_pipeline_dag.py
[2025-10-31T03:06:32.627+0000] {processor.py:829} INFO - Processing file /opt/airflow/dags/data_pipeline_dag.py for tasks to queue
[2025-10-31T03:06:32.632+0000] {logging_mixin.py:151} INFO - [2025-10-31T03:06:32.628+0000] {dagbag.py:536} INFO - Filling up the DagBag from /opt/airflow/dags/data_pipeline_dag.py
[2025-10-31T03:06:32.651+0000] {processor.py:839} INFO - DAG(s) dict_keys(['data_pipeline_dag']) retrieved from /opt/airflow/dags/data_pipeline_dag.py
[2025-10-31T03:06:32.667+0000] {logging_mixin.py:151} INFO - [2025-10-31T03:06:32.667+0000] {dag.py:2941} INFO - Sync 1 DAGs
[2025-10-31T03:06:32.675+0000] {logging_mixin.py:151} INFO - [2025-10-31T03:06:32.674+0000] {dag.py:3722} INFO - Setting next_dagrun for data_pipeline_dag to None, run_after=None
[2025-10-31T03:06:32.698+0000] {processor.py:179} INFO - Processing /opt/airflow/dags/data_pipeline_dag.py took 0.077 seconds
[2025-10-31T03:07:03.039+0000] {processor.py:157} INFO - Started process (PID=53) to work on /opt/airflow/dags/data_pipeline_dag.py
[2025-10-31T03:07:03.041+0000] {processor.py:829} INFO - Processing file /opt/airflow/dags/data_pipeline_dag.py for tasks to queue
[2025-10-31T03:07:03.042+0000] {logging_mixin.py:151} INFO - [2025-10-31T03:07:03.042+0000] {dagbag.py:536} INFO - Filling up the DagBag from /opt/airflow/dags/data_pipeline_dag.py
[2025-10-31T03:07:03.086+0000] {processor.py:839} INFO - DAG(s) dict_keys(['data_pipeline_dag']) retrieved from /opt/airflow/dags/data_pipeline_dag.py
[2025-10-31T03:07:03.112+0000] {logging_mixin.py:151} INFO - [2025-10-31T03:07:03.112+0000] {dag.py:2941} INFO - Sync 1 DAGs
[2025-10-31T03:07:03.123+0000] {logging_mixin.py:151} INFO - [2025-10-31T03:07:03.123+0000] {dag.py:3722} INFO - Setting next_dagrun for data_pipeline_dag to None, run_after=None
[2025-10-31T03:07:03.137+0000] {processor.py:179} INFO - Processing /opt/airflow/dags/data_pipeline_dag.py took 0.102 seconds
[2025-10-31T03:07:33.645+0000] {processor.py:157} INFO - Started process (PID=54) to work on /opt/airflow/dags/data_pipeline_dag.py
[2025-10-31T03:07:33.646+0000] {processor.py:829} INFO - Processing file /opt/airflow/dags/data_pipeline_dag.py for tasks to queue
[2025-10-31T03:07:33.647+0000] {logging_mixin.py:151} INFO - [2025-10-31T03:07:33.647+0000] {dagbag.py:536} INFO - Filling up the DagBag from /opt/airflow/dags/data_pipeline_dag.py
[2025-10-31T03:07:33.661+0000] {processor.py:839} INFO - DAG(s) dict_keys(['data_pipeline_dag']) retrieved from /opt/airflow/dags/data_pipeline_dag.py
[2025-10-31T03:07:33.690+0000] {logging_mixin.py:151} INFO - [2025-10-31T03:07:33.690+0000] {dag.py:2941} INFO - Sync 1 DAGs
[2025-10-31T03:07:33.700+0000] {logging_mixin.py:151} INFO - [2025-10-31T03:07:33.700+0000] {dag.py:3722} INFO - Setting next_dagrun for data_pipeline_dag to None, run_after=None
[2025-10-31T03:07:33.711+0000] {processor.py:179} INFO - Processing /opt/airflow/dags/data_pipeline_dag.py took 0.070 seconds
[2025-10-31T03:08:04.470+0000] {processor.py:157} INFO - Started process (PID=55) to work on /opt/airflow/dags/data_pipeline_dag.py
[2025-10-31T03:08:04.473+0000] {processor.py:829} INFO - Processing file /opt/airflow/dags/data_pipeline_dag.py for tasks to queue
[2025-10-31T03:08:04.478+0000] {logging_mixin.py:151} INFO - [2025-10-31T03:08:04.475+0000] {dagbag.py:536} INFO - Filling up the DagBag from /opt/airflow/dags/data_pipeline_dag.py
[2025-10-31T03:08:04.510+0000] {processor.py:839} INFO - DAG(s) dict_keys(['data_pipeline_dag']) retrieved from /opt/airflow/dags/data_pipeline_dag.py
[2025-10-31T03:08:05.156+0000] {logging_mixin.py:151} INFO - [2025-10-31T03:08:05.150+0000] {dag.py:2941} INFO - Sync 1 DAGs
[2025-10-31T03:08:05.253+0000] {logging_mixin.py:151} INFO - [2025-10-31T03:08:05.253+0000] {dag.py:3722} INFO - Setting next_dagrun for data_pipeline_dag to None, run_after=None
[2025-10-31T03:08:05.361+0000] {processor.py:179} INFO - Processing /opt/airflow/dags/data_pipeline_dag.py took 0.907 seconds
[2025-10-31T03:12:06.213+0000] {processor.py:157} INFO - Started process (PID=28) to work on /opt/airflow/dags/data_pipeline_dag.py
[2025-10-31T03:12:06.214+0000] {processor.py:829} INFO - Processing file /opt/airflow/dags/data_pipeline_dag.py for tasks to queue
[2025-10-31T03:12:06.215+0000] {logging_mixin.py:151} INFO - [2025-10-31T03:12:06.214+0000] {dagbag.py:536} INFO - Filling up the DagBag from /opt/airflow/dags/data_pipeline_dag.py
[2025-10-31T03:12:06.230+0000] {processor.py:839} INFO - DAG(s) dict_keys(['data_pipeline_dag']) retrieved from /opt/airflow/dags/data_pipeline_dag.py
[2025-10-31T03:12:06.253+0000] {logging_mixin.py:151} INFO - [2025-10-31T03:12:06.253+0000] {dag.py:2941} INFO - Sync 1 DAGs
[2025-10-31T03:12:06.259+0000] {logging_mixin.py:151} INFO - [2025-10-31T03:12:06.259+0000] {dag.py:3722} INFO - Setting next_dagrun for data_pipeline_dag to None, run_after=None
[2025-10-31T03:12:06.270+0000] {processor.py:179} INFO - Processing /opt/airflow/dags/data_pipeline_dag.py took 0.060 seconds
[2025-10-31T03:12:47.378+0000] {processor.py:157} INFO - Started process (PID=68) to work on /opt/airflow/dags/data_pipeline_dag.py
[2025-10-31T03:12:47.382+0000] {processor.py:829} INFO - Processing file /opt/airflow/dags/data_pipeline_dag.py for tasks to queue
[2025-10-31T03:12:47.385+0000] {logging_mixin.py:151} INFO - [2025-10-31T03:12:47.384+0000] {dagbag.py:536} INFO - Filling up the DagBag from /opt/airflow/dags/data_pipeline_dag.py
[2025-10-31T03:12:47.436+0000] {processor.py:839} INFO - DAG(s) dict_keys(['data_pipeline_dag']) retrieved from /opt/airflow/dags/data_pipeline_dag.py
[2025-10-31T03:12:47.499+0000] {logging_mixin.py:151} INFO - [2025-10-31T03:12:47.499+0000] {dag.py:2941} INFO - Sync 1 DAGs
[2025-10-31T03:12:47.545+0000] {logging_mixin.py:151} INFO - [2025-10-31T03:12:47.545+0000] {dag.py:3722} INFO - Setting next_dagrun for data_pipeline_dag to None, run_after=None
[2025-10-31T03:12:47.582+0000] {processor.py:179} INFO - Processing /opt/airflow/dags/data_pipeline_dag.py took 0.224 seconds
[2025-10-31T03:13:18.742+0000] {processor.py:157} INFO - Started process (PID=80) to work on /opt/airflow/dags/data_pipeline_dag.py
[2025-10-31T03:13:18.744+0000] {processor.py:829} INFO - Processing file /opt/airflow/dags/data_pipeline_dag.py for tasks to queue
[2025-10-31T03:13:18.748+0000] {logging_mixin.py:151} INFO - [2025-10-31T03:13:18.745+0000] {dagbag.py:536} INFO - Filling up the DagBag from /opt/airflow/dags/data_pipeline_dag.py
[2025-10-31T03:13:18.773+0000] {processor.py:839} INFO - DAG(s) dict_keys(['data_pipeline_dag']) retrieved from /opt/airflow/dags/data_pipeline_dag.py
[2025-10-31T03:13:18.812+0000] {logging_mixin.py:151} INFO - [2025-10-31T03:13:18.812+0000] {dag.py:2941} INFO - Sync 1 DAGs
[2025-10-31T03:13:18.826+0000] {logging_mixin.py:151} INFO - [2025-10-31T03:13:18.826+0000] {dag.py:3722} INFO - Setting next_dagrun for data_pipeline_dag to None, run_after=None
[2025-10-31T03:13:18.841+0000] {processor.py:179} INFO - Processing /opt/airflow/dags/data_pipeline_dag.py took 0.117 seconds
[2025-10-31T03:13:49.013+0000] {processor.py:157} INFO - Started process (PID=81) to work on /opt/airflow/dags/data_pipeline_dag.py
[2025-10-31T03:13:49.015+0000] {processor.py:829} INFO - Processing file /opt/airflow/dags/data_pipeline_dag.py for tasks to queue
[2025-10-31T03:13:49.017+0000] {logging_mixin.py:151} INFO - [2025-10-31T03:13:49.016+0000] {dagbag.py:536} INFO - Filling up the DagBag from /opt/airflow/dags/data_pipeline_dag.py
[2025-10-31T03:13:49.038+0000] {processor.py:839} INFO - DAG(s) dict_keys(['data_pipeline_dag']) retrieved from /opt/airflow/dags/data_pipeline_dag.py
[2025-10-31T03:13:49.060+0000] {logging_mixin.py:151} INFO - [2025-10-31T03:13:49.060+0000] {dag.py:2941} INFO - Sync 1 DAGs
[2025-10-31T03:13:49.074+0000] {logging_mixin.py:151} INFO - [2025-10-31T03:13:49.074+0000] {dag.py:3722} INFO - Setting next_dagrun for data_pipeline_dag to None, run_after=None
[2025-10-31T03:13:49.093+0000] {processor.py:179} INFO - Processing /opt/airflow/dags/data_pipeline_dag.py took 0.085 seconds
[2025-10-31T03:14:19.358+0000] {processor.py:157} INFO - Started process (PID=82) to work on /opt/airflow/dags/data_pipeline_dag.py
[2025-10-31T03:14:19.359+0000] {processor.py:829} INFO - Processing file /opt/airflow/dags/data_pipeline_dag.py for tasks to queue
[2025-10-31T03:14:19.361+0000] {logging_mixin.py:151} INFO - [2025-10-31T03:14:19.360+0000] {dagbag.py:536} INFO - Filling up the DagBag from /opt/airflow/dags/data_pipeline_dag.py
[2025-10-31T03:14:19.374+0000] {processor.py:839} INFO - DAG(s) dict_keys(['data_pipeline_dag']) retrieved from /opt/airflow/dags/data_pipeline_dag.py
[2025-10-31T03:14:19.416+0000] {logging_mixin.py:151} INFO - [2025-10-31T03:14:19.416+0000] {dag.py:2941} INFO - Sync 1 DAGs
[2025-10-31T03:14:19.425+0000] {logging_mixin.py:151} INFO - [2025-10-31T03:14:19.425+0000] {dag.py:3722} INFO - Setting next_dagrun for data_pipeline_dag to None, run_after=None
[2025-10-31T03:14:19.439+0000] {processor.py:179} INFO - Processing /opt/airflow/dags/data_pipeline_dag.py took 0.084 seconds
[2025-10-31T03:14:49.629+0000] {processor.py:157} INFO - Started process (PID=83) to work on /opt/airflow/dags/data_pipeline_dag.py
[2025-10-31T03:14:49.631+0000] {processor.py:829} INFO - Processing file /opt/airflow/dags/data_pipeline_dag.py for tasks to queue
[2025-10-31T03:14:49.632+0000] {logging_mixin.py:151} INFO - [2025-10-31T03:14:49.631+0000] {dagbag.py:536} INFO - Filling up the DagBag from /opt/airflow/dags/data_pipeline_dag.py
[2025-10-31T03:14:49.647+0000] {processor.py:839} INFO - DAG(s) dict_keys(['data_pipeline_dag']) retrieved from /opt/airflow/dags/data_pipeline_dag.py
[2025-10-31T03:14:49.678+0000] {logging_mixin.py:151} INFO - [2025-10-31T03:14:49.678+0000] {dag.py:2941} INFO - Sync 1 DAGs
[2025-10-31T03:14:49.687+0000] {logging_mixin.py:151} INFO - [2025-10-31T03:14:49.687+0000] {dag.py:3722} INFO - Setting next_dagrun for data_pipeline_dag to None, run_after=None
[2025-10-31T03:14:49.697+0000] {processor.py:179} INFO - Processing /opt/airflow/dags/data_pipeline_dag.py took 0.074 seconds
[2025-10-31T03:15:19.922+0000] {processor.py:157} INFO - Started process (PID=84) to work on /opt/airflow/dags/data_pipeline_dag.py
[2025-10-31T03:15:19.923+0000] {processor.py:829} INFO - Processing file /opt/airflow/dags/data_pipeline_dag.py for tasks to queue
[2025-10-31T03:15:19.924+0000] {logging_mixin.py:151} INFO - [2025-10-31T03:15:19.924+0000] {dagbag.py:536} INFO - Filling up the DagBag from /opt/airflow/dags/data_pipeline_dag.py
[2025-10-31T03:15:19.952+0000] {processor.py:839} INFO - DAG(s) dict_keys(['data_pipeline_dag']) retrieved from /opt/airflow/dags/data_pipeline_dag.py
[2025-10-31T03:15:19.971+0000] {logging_mixin.py:151} INFO - [2025-10-31T03:15:19.971+0000] {dag.py:2941} INFO - Sync 1 DAGs
[2025-10-31T03:15:19.979+0000] {logging_mixin.py:151} INFO - [2025-10-31T03:15:19.979+0000] {dag.py:3722} INFO - Setting next_dagrun for data_pipeline_dag to None, run_after=None
[2025-10-31T03:15:19.989+0000] {processor.py:179} INFO - Processing /opt/airflow/dags/data_pipeline_dag.py took 0.071 seconds
[2025-10-31T03:15:50.188+0000] {processor.py:157} INFO - Started process (PID=85) to work on /opt/airflow/dags/data_pipeline_dag.py
[2025-10-31T03:15:50.190+0000] {processor.py:829} INFO - Processing file /opt/airflow/dags/data_pipeline_dag.py for tasks to queue
[2025-10-31T03:15:50.191+0000] {logging_mixin.py:151} INFO - [2025-10-31T03:15:50.190+0000] {dagbag.py:536} INFO - Filling up the DagBag from /opt/airflow/dags/data_pipeline_dag.py
[2025-10-31T03:15:50.228+0000] {processor.py:839} INFO - DAG(s) dict_keys(['data_pipeline_dag']) retrieved from /opt/airflow/dags/data_pipeline_dag.py
[2025-10-31T03:15:50.261+0000] {logging_mixin.py:151} INFO - [2025-10-31T03:15:50.261+0000] {dag.py:2941} INFO - Sync 1 DAGs
[2025-10-31T03:15:50.270+0000] {logging_mixin.py:151} INFO - [2025-10-31T03:15:50.269+0000] {dag.py:3722} INFO - Setting next_dagrun for data_pipeline_dag to None, run_after=None
[2025-10-31T03:15:50.281+0000] {processor.py:179} INFO - Processing /opt/airflow/dags/data_pipeline_dag.py took 0.097 seconds
[2025-10-31T03:16:21.476+0000] {processor.py:157} INFO - Started process (PID=86) to work on /opt/airflow/dags/data_pipeline_dag.py
[2025-10-31T03:16:21.478+0000] {processor.py:829} INFO - Processing file /opt/airflow/dags/data_pipeline_dag.py for tasks to queue
[2025-10-31T03:16:21.479+0000] {logging_mixin.py:151} INFO - [2025-10-31T03:16:21.478+0000] {dagbag.py:536} INFO - Filling up the DagBag from /opt/airflow/dags/data_pipeline_dag.py
[2025-10-31T03:16:21.496+0000] {processor.py:839} INFO - DAG(s) dict_keys(['data_pipeline_dag']) retrieved from /opt/airflow/dags/data_pipeline_dag.py
[2025-10-31T03:16:21.525+0000] {logging_mixin.py:151} INFO - [2025-10-31T03:16:21.525+0000] {dag.py:2941} INFO - Sync 1 DAGs
[2025-10-31T03:16:21.537+0000] {logging_mixin.py:151} INFO - [2025-10-31T03:16:21.537+0000] {dag.py:3722} INFO - Setting next_dagrun for data_pipeline_dag to None, run_after=None
[2025-10-31T03:16:21.550+0000] {processor.py:179} INFO - Processing /opt/airflow/dags/data_pipeline_dag.py took 0.079 seconds
[2025-10-31T03:16:51.695+0000] {processor.py:157} INFO - Started process (PID=87) to work on /opt/airflow/dags/data_pipeline_dag.py
[2025-10-31T03:16:51.697+0000] {processor.py:829} INFO - Processing file /opt/airflow/dags/data_pipeline_dag.py for tasks to queue
[2025-10-31T03:16:51.699+0000] {logging_mixin.py:151} INFO - [2025-10-31T03:16:51.698+0000] {dagbag.py:536} INFO - Filling up the DagBag from /opt/airflow/dags/data_pipeline_dag.py
[2025-10-31T03:16:51.739+0000] {processor.py:839} INFO - DAG(s) dict_keys(['data_pipeline_dag']) retrieved from /opt/airflow/dags/data_pipeline_dag.py
[2025-10-31T03:16:51.764+0000] {logging_mixin.py:151} INFO - [2025-10-31T03:16:51.764+0000] {dag.py:2941} INFO - Sync 1 DAGs
[2025-10-31T03:16:51.773+0000] {logging_mixin.py:151} INFO - [2025-10-31T03:16:51.773+0000] {dag.py:3722} INFO - Setting next_dagrun for data_pipeline_dag to None, run_after=None
[2025-10-31T03:16:51.785+0000] {processor.py:179} INFO - Processing /opt/airflow/dags/data_pipeline_dag.py took 0.098 seconds
[2025-10-31T03:17:21.994+0000] {processor.py:157} INFO - Started process (PID=88) to work on /opt/airflow/dags/data_pipeline_dag.py
[2025-10-31T03:17:21.996+0000] {processor.py:829} INFO - Processing file /opt/airflow/dags/data_pipeline_dag.py for tasks to queue
[2025-10-31T03:17:21.999+0000] {logging_mixin.py:151} INFO - [2025-10-31T03:17:21.998+0000] {dagbag.py:536} INFO - Filling up the DagBag from /opt/airflow/dags/data_pipeline_dag.py
[2025-10-31T03:17:22.028+0000] {processor.py:839} INFO - DAG(s) dict_keys(['data_pipeline_dag']) retrieved from /opt/airflow/dags/data_pipeline_dag.py
[2025-10-31T03:17:22.088+0000] {logging_mixin.py:151} INFO - [2025-10-31T03:17:22.087+0000] {dag.py:2941} INFO - Sync 1 DAGs
[2025-10-31T03:17:22.103+0000] {logging_mixin.py:151} INFO - [2025-10-31T03:17:22.103+0000] {dag.py:3722} INFO - Setting next_dagrun for data_pipeline_dag to None, run_after=None
[2025-10-31T03:17:22.123+0000] {processor.py:179} INFO - Processing /opt/airflow/dags/data_pipeline_dag.py took 0.134 seconds
[2025-10-31T03:17:52.375+0000] {processor.py:157} INFO - Started process (PID=89) to work on /opt/airflow/dags/data_pipeline_dag.py
[2025-10-31T03:17:52.377+0000] {processor.py:829} INFO - Processing file /opt/airflow/dags/data_pipeline_dag.py for tasks to queue
[2025-10-31T03:17:52.378+0000] {logging_mixin.py:151} INFO - [2025-10-31T03:17:52.377+0000] {dagbag.py:536} INFO - Filling up the DagBag from /opt/airflow/dags/data_pipeline_dag.py
[2025-10-31T03:17:52.397+0000] {processor.py:839} INFO - DAG(s) dict_keys(['data_pipeline_dag']) retrieved from /opt/airflow/dags/data_pipeline_dag.py
[2025-10-31T03:17:52.423+0000] {logging_mixin.py:151} INFO - [2025-10-31T03:17:52.423+0000] {dag.py:2941} INFO - Sync 1 DAGs
[2025-10-31T03:17:52.433+0000] {logging_mixin.py:151} INFO - [2025-10-31T03:17:52.433+0000] {dag.py:3722} INFO - Setting next_dagrun for data_pipeline_dag to None, run_after=None
[2025-10-31T03:17:52.445+0000] {processor.py:179} INFO - Processing /opt/airflow/dags/data_pipeline_dag.py took 0.079 seconds
[2025-10-31T03:18:22.535+0000] {processor.py:157} INFO - Started process (PID=90) to work on /opt/airflow/dags/data_pipeline_dag.py
[2025-10-31T03:18:22.537+0000] {processor.py:829} INFO - Processing file /opt/airflow/dags/data_pipeline_dag.py for tasks to queue
[2025-10-31T03:18:22.539+0000] {logging_mixin.py:151} INFO - [2025-10-31T03:18:22.538+0000] {dagbag.py:536} INFO - Filling up the DagBag from /opt/airflow/dags/data_pipeline_dag.py
[2025-10-31T03:18:22.558+0000] {processor.py:839} INFO - DAG(s) dict_keys(['data_pipeline_dag']) retrieved from /opt/airflow/dags/data_pipeline_dag.py
[2025-10-31T03:18:22.582+0000] {logging_mixin.py:151} INFO - [2025-10-31T03:18:22.582+0000] {dag.py:2941} INFO - Sync 1 DAGs
[2025-10-31T03:18:22.590+0000] {logging_mixin.py:151} INFO - [2025-10-31T03:18:22.590+0000] {dag.py:3722} INFO - Setting next_dagrun for data_pipeline_dag to None, run_after=None
[2025-10-31T03:18:22.601+0000] {processor.py:179} INFO - Processing /opt/airflow/dags/data_pipeline_dag.py took 0.072 seconds
[2025-10-31T03:18:52.786+0000] {processor.py:157} INFO - Started process (PID=91) to work on /opt/airflow/dags/data_pipeline_dag.py
[2025-10-31T03:18:52.787+0000] {processor.py:829} INFO - Processing file /opt/airflow/dags/data_pipeline_dag.py for tasks to queue
[2025-10-31T03:18:52.788+0000] {logging_mixin.py:151} INFO - [2025-10-31T03:18:52.788+0000] {dagbag.py:536} INFO - Filling up the DagBag from /opt/airflow/dags/data_pipeline_dag.py
[2025-10-31T03:18:52.817+0000] {processor.py:839} INFO - DAG(s) dict_keys(['data_pipeline_dag']) retrieved from /opt/airflow/dags/data_pipeline_dag.py
[2025-10-31T03:18:52.837+0000] {logging_mixin.py:151} INFO - [2025-10-31T03:18:52.837+0000] {dag.py:2941} INFO - Sync 1 DAGs
[2025-10-31T03:18:52.845+0000] {logging_mixin.py:151} INFO - [2025-10-31T03:18:52.844+0000] {dag.py:3722} INFO - Setting next_dagrun for data_pipeline_dag to None, run_after=None
[2025-10-31T03:18:52.855+0000] {processor.py:179} INFO - Processing /opt/airflow/dags/data_pipeline_dag.py took 0.074 seconds
[2025-10-31T03:19:23.124+0000] {processor.py:157} INFO - Started process (PID=92) to work on /opt/airflow/dags/data_pipeline_dag.py
[2025-10-31T03:19:23.125+0000] {processor.py:829} INFO - Processing file /opt/airflow/dags/data_pipeline_dag.py for tasks to queue
[2025-10-31T03:19:23.126+0000] {logging_mixin.py:151} INFO - [2025-10-31T03:19:23.126+0000] {dagbag.py:536} INFO - Filling up the DagBag from /opt/airflow/dags/data_pipeline_dag.py
[2025-10-31T03:19:23.142+0000] {processor.py:839} INFO - DAG(s) dict_keys(['data_pipeline_dag']) retrieved from /opt/airflow/dags/data_pipeline_dag.py
[2025-10-31T03:19:23.173+0000] {logging_mixin.py:151} INFO - [2025-10-31T03:19:23.173+0000] {dag.py:2941} INFO - Sync 1 DAGs
[2025-10-31T03:19:23.183+0000] {logging_mixin.py:151} INFO - [2025-10-31T03:19:23.183+0000] {dag.py:3722} INFO - Setting next_dagrun for data_pipeline_dag to None, run_after=None
[2025-10-31T03:19:23.205+0000] {processor.py:179} INFO - Processing /opt/airflow/dags/data_pipeline_dag.py took 0.086 seconds
[2025-10-31T03:19:53.430+0000] {processor.py:157} INFO - Started process (PID=93) to work on /opt/airflow/dags/data_pipeline_dag.py
[2025-10-31T03:19:53.432+0000] {processor.py:829} INFO - Processing file /opt/airflow/dags/data_pipeline_dag.py for tasks to queue
[2025-10-31T03:19:53.433+0000] {logging_mixin.py:151} INFO - [2025-10-31T03:19:53.433+0000] {dagbag.py:536} INFO - Filling up the DagBag from /opt/airflow/dags/data_pipeline_dag.py
[2025-10-31T03:19:53.452+0000] {processor.py:839} INFO - DAG(s) dict_keys(['data_pipeline_dag']) retrieved from /opt/airflow/dags/data_pipeline_dag.py
[2025-10-31T03:19:53.544+0000] {logging_mixin.py:151} INFO - [2025-10-31T03:19:53.544+0000] {dag.py:2941} INFO - Sync 1 DAGs
[2025-10-31T03:19:53.584+0000] {logging_mixin.py:151} INFO - [2025-10-31T03:19:53.584+0000] {dag.py:3722} INFO - Setting next_dagrun for data_pipeline_dag to None, run_after=None
[2025-10-31T03:19:53.613+0000] {processor.py:179} INFO - Processing /opt/airflow/dags/data_pipeline_dag.py took 0.188 seconds
[2025-10-31T03:20:23.776+0000] {processor.py:157} INFO - Started process (PID=94) to work on /opt/airflow/dags/data_pipeline_dag.py
[2025-10-31T03:20:23.777+0000] {processor.py:829} INFO - Processing file /opt/airflow/dags/data_pipeline_dag.py for tasks to queue
[2025-10-31T03:20:23.778+0000] {logging_mixin.py:151} INFO - [2025-10-31T03:20:23.777+0000] {dagbag.py:536} INFO - Filling up the DagBag from /opt/airflow/dags/data_pipeline_dag.py
[2025-10-31T03:20:23.806+0000] {processor.py:839} INFO - DAG(s) dict_keys(['data_pipeline_dag']) retrieved from /opt/airflow/dags/data_pipeline_dag.py
[2025-10-31T03:20:23.831+0000] {logging_mixin.py:151} INFO - [2025-10-31T03:20:23.831+0000] {dag.py:2941} INFO - Sync 1 DAGs
[2025-10-31T03:20:23.840+0000] {logging_mixin.py:151} INFO - [2025-10-31T03:20:23.840+0000] {dag.py:3722} INFO - Setting next_dagrun for data_pipeline_dag to None, run_after=None
[2025-10-31T03:20:23.850+0000] {processor.py:179} INFO - Processing /opt/airflow/dags/data_pipeline_dag.py took 0.079 seconds
[2025-10-31T03:20:54.192+0000] {processor.py:157} INFO - Started process (PID=95) to work on /opt/airflow/dags/data_pipeline_dag.py
[2025-10-31T03:20:54.194+0000] {processor.py:829} INFO - Processing file /opt/airflow/dags/data_pipeline_dag.py for tasks to queue
[2025-10-31T03:20:54.196+0000] {logging_mixin.py:151} INFO - [2025-10-31T03:20:54.195+0000] {dagbag.py:536} INFO - Filling up the DagBag from /opt/airflow/dags/data_pipeline_dag.py
[2025-10-31T03:20:54.221+0000] {processor.py:839} INFO - DAG(s) dict_keys(['data_pipeline_dag']) retrieved from /opt/airflow/dags/data_pipeline_dag.py
[2025-10-31T03:20:54.405+0000] {logging_mixin.py:151} INFO - [2025-10-31T03:20:54.405+0000] {dag.py:2941} INFO - Sync 1 DAGs
[2025-10-31T03:20:54.476+0000] {logging_mixin.py:151} INFO - [2025-10-31T03:20:54.475+0000] {dag.py:3722} INFO - Setting next_dagrun for data_pipeline_dag to None, run_after=None
[2025-10-31T03:20:55.031+0000] {processor.py:179} INFO - Processing /opt/airflow/dags/data_pipeline_dag.py took 0.849 seconds
[2025-10-31T03:21:25.411+0000] {processor.py:157} INFO - Started process (PID=96) to work on /opt/airflow/dags/data_pipeline_dag.py
[2025-10-31T03:21:25.415+0000] {processor.py:829} INFO - Processing file /opt/airflow/dags/data_pipeline_dag.py for tasks to queue
[2025-10-31T03:21:25.417+0000] {logging_mixin.py:151} INFO - [2025-10-31T03:21:25.416+0000] {dagbag.py:536} INFO - Filling up the DagBag from /opt/airflow/dags/data_pipeline_dag.py
[2025-10-31T03:21:25.430+0000] {processor.py:839} INFO - DAG(s) dict_keys(['data_pipeline_dag']) retrieved from /opt/airflow/dags/data_pipeline_dag.py
[2025-10-31T03:21:25.449+0000] {logging_mixin.py:151} INFO - [2025-10-31T03:21:25.449+0000] {dag.py:2941} INFO - Sync 1 DAGs
[2025-10-31T03:21:25.458+0000] {logging_mixin.py:151} INFO - [2025-10-31T03:21:25.458+0000] {dag.py:3722} INFO - Setting next_dagrun for data_pipeline_dag to None, run_after=None
[2025-10-31T03:21:25.497+0000] {processor.py:179} INFO - Processing /opt/airflow/dags/data_pipeline_dag.py took 0.097 seconds
[2025-10-31T03:21:55.741+0000] {processor.py:157} INFO - Started process (PID=97) to work on /opt/airflow/dags/data_pipeline_dag.py
[2025-10-31T03:21:55.749+0000] {processor.py:829} INFO - Processing file /opt/airflow/dags/data_pipeline_dag.py for tasks to queue
[2025-10-31T03:21:55.751+0000] {logging_mixin.py:151} INFO - [2025-10-31T03:21:55.750+0000] {dagbag.py:536} INFO - Filling up the DagBag from /opt/airflow/dags/data_pipeline_dag.py
[2025-10-31T03:21:55.769+0000] {processor.py:839} INFO - DAG(s) dict_keys(['data_pipeline_dag']) retrieved from /opt/airflow/dags/data_pipeline_dag.py
[2025-10-31T03:21:55.791+0000] {logging_mixin.py:151} INFO - [2025-10-31T03:21:55.791+0000] {dag.py:2941} INFO - Sync 1 DAGs
[2025-10-31T03:21:55.801+0000] {logging_mixin.py:151} INFO - [2025-10-31T03:21:55.801+0000] {dag.py:3722} INFO - Setting next_dagrun for data_pipeline_dag to None, run_after=None
[2025-10-31T03:21:55.825+0000] {processor.py:179} INFO - Processing /opt/airflow/dags/data_pipeline_dag.py took 0.094 seconds
[2025-10-31T03:22:26.108+0000] {processor.py:157} INFO - Started process (PID=98) to work on /opt/airflow/dags/data_pipeline_dag.py
[2025-10-31T03:22:26.110+0000] {processor.py:829} INFO - Processing file /opt/airflow/dags/data_pipeline_dag.py for tasks to queue
[2025-10-31T03:22:26.112+0000] {logging_mixin.py:151} INFO - [2025-10-31T03:22:26.111+0000] {dagbag.py:536} INFO - Filling up the DagBag from /opt/airflow/dags/data_pipeline_dag.py
[2025-10-31T03:22:26.131+0000] {processor.py:839} INFO - DAG(s) dict_keys(['data_pipeline_dag']) retrieved from /opt/airflow/dags/data_pipeline_dag.py
[2025-10-31T03:22:26.152+0000] {logging_mixin.py:151} INFO - [2025-10-31T03:22:26.151+0000] {dag.py:2941} INFO - Sync 1 DAGs
[2025-10-31T03:22:26.159+0000] {logging_mixin.py:151} INFO - [2025-10-31T03:22:26.159+0000] {dag.py:3722} INFO - Setting next_dagrun for data_pipeline_dag to None, run_after=None
[2025-10-31T03:22:26.170+0000] {processor.py:179} INFO - Processing /opt/airflow/dags/data_pipeline_dag.py took 0.069 seconds
[2025-10-31T03:22:56.381+0000] {processor.py:157} INFO - Started process (PID=99) to work on /opt/airflow/dags/data_pipeline_dag.py
[2025-10-31T03:22:56.383+0000] {processor.py:829} INFO - Processing file /opt/airflow/dags/data_pipeline_dag.py for tasks to queue
[2025-10-31T03:22:56.384+0000] {logging_mixin.py:151} INFO - [2025-10-31T03:22:56.383+0000] {dagbag.py:536} INFO - Filling up the DagBag from /opt/airflow/dags/data_pipeline_dag.py
[2025-10-31T03:22:56.400+0000] {processor.py:839} INFO - DAG(s) dict_keys(['data_pipeline_dag']) retrieved from /opt/airflow/dags/data_pipeline_dag.py
[2025-10-31T03:22:56.421+0000] {logging_mixin.py:151} INFO - [2025-10-31T03:22:56.421+0000] {dag.py:2941} INFO - Sync 1 DAGs
[2025-10-31T03:22:56.428+0000] {logging_mixin.py:151} INFO - [2025-10-31T03:22:56.428+0000] {dag.py:3722} INFO - Setting next_dagrun for data_pipeline_dag to None, run_after=None
[2025-10-31T03:22:56.437+0000] {processor.py:179} INFO - Processing /opt/airflow/dags/data_pipeline_dag.py took 0.060 seconds
[2025-10-31T03:23:26.672+0000] {processor.py:157} INFO - Started process (PID=100) to work on /opt/airflow/dags/data_pipeline_dag.py
[2025-10-31T03:23:26.673+0000] {processor.py:829} INFO - Processing file /opt/airflow/dags/data_pipeline_dag.py for tasks to queue
[2025-10-31T03:23:26.674+0000] {logging_mixin.py:151} INFO - [2025-10-31T03:23:26.674+0000] {dagbag.py:536} INFO - Filling up the DagBag from /opt/airflow/dags/data_pipeline_dag.py
[2025-10-31T03:23:26.688+0000] {processor.py:839} INFO - DAG(s) dict_keys(['data_pipeline_dag']) retrieved from /opt/airflow/dags/data_pipeline_dag.py
[2025-10-31T03:23:26.701+0000] {logging_mixin.py:151} INFO - [2025-10-31T03:23:26.701+0000] {dag.py:2941} INFO - Sync 1 DAGs
[2025-10-31T03:23:26.708+0000] {logging_mixin.py:151} INFO - [2025-10-31T03:23:26.708+0000] {dag.py:3722} INFO - Setting next_dagrun for data_pipeline_dag to None, run_after=None
[2025-10-31T03:23:26.717+0000] {processor.py:179} INFO - Processing /opt/airflow/dags/data_pipeline_dag.py took 0.049 seconds
[2025-10-31T03:23:56.940+0000] {processor.py:157} INFO - Started process (PID=101) to work on /opt/airflow/dags/data_pipeline_dag.py
[2025-10-31T03:23:56.941+0000] {processor.py:829} INFO - Processing file /opt/airflow/dags/data_pipeline_dag.py for tasks to queue
[2025-10-31T03:23:56.942+0000] {logging_mixin.py:151} INFO - [2025-10-31T03:23:56.942+0000] {dagbag.py:536} INFO - Filling up the DagBag from /opt/airflow/dags/data_pipeline_dag.py
[2025-10-31T03:23:56.955+0000] {processor.py:839} INFO - DAG(s) dict_keys(['data_pipeline_dag']) retrieved from /opt/airflow/dags/data_pipeline_dag.py
[2025-10-31T03:23:56.985+0000] {logging_mixin.py:151} INFO - [2025-10-31T03:23:56.985+0000] {dag.py:2941} INFO - Sync 1 DAGs
[2025-10-31T03:23:56.992+0000] {logging_mixin.py:151} INFO - [2025-10-31T03:23:56.992+0000] {dag.py:3722} INFO - Setting next_dagrun for data_pipeline_dag to None, run_after=None
[2025-10-31T03:23:57.005+0000] {processor.py:179} INFO - Processing /opt/airflow/dags/data_pipeline_dag.py took 0.068 seconds
[2025-10-31T03:24:27.241+0000] {processor.py:157} INFO - Started process (PID=102) to work on /opt/airflow/dags/data_pipeline_dag.py
[2025-10-31T03:24:27.243+0000] {processor.py:829} INFO - Processing file /opt/airflow/dags/data_pipeline_dag.py for tasks to queue
[2025-10-31T03:24:27.244+0000] {logging_mixin.py:151} INFO - [2025-10-31T03:24:27.243+0000] {dagbag.py:536} INFO - Filling up the DagBag from /opt/airflow/dags/data_pipeline_dag.py
[2025-10-31T03:24:27.258+0000] {processor.py:839} INFO - DAG(s) dict_keys(['data_pipeline_dag']) retrieved from /opt/airflow/dags/data_pipeline_dag.py
[2025-10-31T03:24:27.289+0000] {logging_mixin.py:151} INFO - [2025-10-31T03:24:27.289+0000] {dag.py:2941} INFO - Sync 1 DAGs
[2025-10-31T03:24:27.297+0000] {logging_mixin.py:151} INFO - [2025-10-31T03:24:27.297+0000] {dag.py:3722} INFO - Setting next_dagrun for data_pipeline_dag to None, run_after=None
[2025-10-31T03:24:27.311+0000] {processor.py:179} INFO - Processing /opt/airflow/dags/data_pipeline_dag.py took 0.078 seconds
[2025-10-31T03:24:57.499+0000] {processor.py:157} INFO - Started process (PID=103) to work on /opt/airflow/dags/data_pipeline_dag.py
[2025-10-31T03:24:57.500+0000] {processor.py:829} INFO - Processing file /opt/airflow/dags/data_pipeline_dag.py for tasks to queue
[2025-10-31T03:24:57.501+0000] {logging_mixin.py:151} INFO - [2025-10-31T03:24:57.501+0000] {dagbag.py:536} INFO - Filling up the DagBag from /opt/airflow/dags/data_pipeline_dag.py
[2025-10-31T03:24:57.511+0000] {processor.py:839} INFO - DAG(s) dict_keys(['data_pipeline_dag']) retrieved from /opt/airflow/dags/data_pipeline_dag.py
[2025-10-31T03:24:57.523+0000] {logging_mixin.py:151} INFO - [2025-10-31T03:24:57.523+0000] {dag.py:2941} INFO - Sync 1 DAGs
[2025-10-31T03:24:57.530+0000] {logging_mixin.py:151} INFO - [2025-10-31T03:24:57.530+0000] {dag.py:3722} INFO - Setting next_dagrun for data_pipeline_dag to None, run_after=None
[2025-10-31T03:24:57.540+0000] {processor.py:179} INFO - Processing /opt/airflow/dags/data_pipeline_dag.py took 0.043 seconds
[2025-10-31T03:25:27.960+0000] {processor.py:157} INFO - Started process (PID=104) to work on /opt/airflow/dags/data_pipeline_dag.py
[2025-10-31T03:25:27.962+0000] {processor.py:829} INFO - Processing file /opt/airflow/dags/data_pipeline_dag.py for tasks to queue
[2025-10-31T03:25:27.962+0000] {logging_mixin.py:151} INFO - [2025-10-31T03:25:27.962+0000] {dagbag.py:536} INFO - Filling up the DagBag from /opt/airflow/dags/data_pipeline_dag.py
[2025-10-31T03:25:27.987+0000] {processor.py:839} INFO - DAG(s) dict_keys(['data_pipeline_dag']) retrieved from /opt/airflow/dags/data_pipeline_dag.py
[2025-10-31T03:25:28.009+0000] {logging_mixin.py:151} INFO - [2025-10-31T03:25:28.009+0000] {dag.py:2941} INFO - Sync 1 DAGs
[2025-10-31T03:25:28.017+0000] {logging_mixin.py:151} INFO - [2025-10-31T03:25:28.016+0000] {dag.py:3722} INFO - Setting next_dagrun for data_pipeline_dag to None, run_after=None
[2025-10-31T03:25:28.027+0000] {processor.py:179} INFO - Processing /opt/airflow/dags/data_pipeline_dag.py took 0.072 seconds
[2025-10-31T03:25:58.225+0000] {processor.py:157} INFO - Started process (PID=105) to work on /opt/airflow/dags/data_pipeline_dag.py
[2025-10-31T03:25:58.227+0000] {processor.py:829} INFO - Processing file /opt/airflow/dags/data_pipeline_dag.py for tasks to queue
[2025-10-31T03:25:58.228+0000] {logging_mixin.py:151} INFO - [2025-10-31T03:25:58.227+0000] {dagbag.py:536} INFO - Filling up the DagBag from /opt/airflow/dags/data_pipeline_dag.py
[2025-10-31T03:25:58.244+0000] {processor.py:839} INFO - DAG(s) dict_keys(['data_pipeline_dag']) retrieved from /opt/airflow/dags/data_pipeline_dag.py
[2025-10-31T03:25:58.262+0000] {logging_mixin.py:151} INFO - [2025-10-31T03:25:58.262+0000] {dag.py:2941} INFO - Sync 1 DAGs
[2025-10-31T03:25:58.269+0000] {logging_mixin.py:151} INFO - [2025-10-31T03:25:58.269+0000] {dag.py:3722} INFO - Setting next_dagrun for data_pipeline_dag to None, run_after=None
[2025-10-31T03:25:58.279+0000] {processor.py:179} INFO - Processing /opt/airflow/dags/data_pipeline_dag.py took 0.059 seconds
[2025-10-31T03:26:28.497+0000] {processor.py:157} INFO - Started process (PID=106) to work on /opt/airflow/dags/data_pipeline_dag.py
[2025-10-31T03:26:28.499+0000] {processor.py:829} INFO - Processing file /opt/airflow/dags/data_pipeline_dag.py for tasks to queue
[2025-10-31T03:26:28.501+0000] {logging_mixin.py:151} INFO - [2025-10-31T03:26:28.500+0000] {dagbag.py:536} INFO - Filling up the DagBag from /opt/airflow/dags/data_pipeline_dag.py
[2025-10-31T03:26:28.522+0000] {processor.py:839} INFO - DAG(s) dict_keys(['data_pipeline_dag']) retrieved from /opt/airflow/dags/data_pipeline_dag.py
[2025-10-31T03:26:28.561+0000] {logging_mixin.py:151} INFO - [2025-10-31T03:26:28.561+0000] {dag.py:2941} INFO - Sync 1 DAGs
[2025-10-31T03:26:28.592+0000] {logging_mixin.py:151} INFO - [2025-10-31T03:26:28.591+0000] {dag.py:3722} INFO - Setting next_dagrun for data_pipeline_dag to None, run_after=None
[2025-10-31T03:26:28.668+0000] {processor.py:179} INFO - Processing /opt/airflow/dags/data_pipeline_dag.py took 0.175 seconds
[2025-10-31T03:26:59.142+0000] {processor.py:157} INFO - Started process (PID=107) to work on /opt/airflow/dags/data_pipeline_dag.py
[2025-10-31T03:26:59.145+0000] {processor.py:829} INFO - Processing file /opt/airflow/dags/data_pipeline_dag.py for tasks to queue
[2025-10-31T03:26:59.150+0000] {logging_mixin.py:151} INFO - [2025-10-31T03:26:59.146+0000] {dagbag.py:536} INFO - Filling up the DagBag from /opt/airflow/dags/data_pipeline_dag.py
[2025-10-31T03:26:59.198+0000] {processor.py:839} INFO - DAG(s) dict_keys(['data_pipeline_dag']) retrieved from /opt/airflow/dags/data_pipeline_dag.py
[2025-10-31T03:26:59.251+0000] {logging_mixin.py:151} INFO - [2025-10-31T03:26:59.250+0000] {dag.py:2941} INFO - Sync 1 DAGs
[2025-10-31T03:26:59.269+0000] {logging_mixin.py:151} INFO - [2025-10-31T03:26:59.269+0000] {dag.py:3722} INFO - Setting next_dagrun for data_pipeline_dag to None, run_after=None
[2025-10-31T03:26:59.311+0000] {processor.py:179} INFO - Processing /opt/airflow/dags/data_pipeline_dag.py took 0.179 seconds
[2025-10-31T03:27:30.255+0000] {processor.py:157} INFO - Started process (PID=108) to work on /opt/airflow/dags/data_pipeline_dag.py
[2025-10-31T03:27:30.259+0000] {processor.py:829} INFO - Processing file /opt/airflow/dags/data_pipeline_dag.py for tasks to queue
[2025-10-31T03:27:30.262+0000] {logging_mixin.py:151} INFO - [2025-10-31T03:27:30.261+0000] {dagbag.py:536} INFO - Filling up the DagBag from /opt/airflow/dags/data_pipeline_dag.py
[2025-10-31T03:27:30.280+0000] {processor.py:839} INFO - DAG(s) dict_keys(['data_pipeline_dag']) retrieved from /opt/airflow/dags/data_pipeline_dag.py
[2025-10-31T03:27:30.306+0000] {logging_mixin.py:151} INFO - [2025-10-31T03:27:30.306+0000] {dag.py:2941} INFO - Sync 1 DAGs
[2025-10-31T03:27:30.319+0000] {logging_mixin.py:151} INFO - [2025-10-31T03:27:30.319+0000] {dag.py:3722} INFO - Setting next_dagrun for data_pipeline_dag to None, run_after=None
[2025-10-31T03:27:30.349+0000] {processor.py:179} INFO - Processing /opt/airflow/dags/data_pipeline_dag.py took 0.100 seconds
[2025-10-31T03:28:00.610+0000] {processor.py:157} INFO - Started process (PID=109) to work on /opt/airflow/dags/data_pipeline_dag.py
[2025-10-31T03:28:00.613+0000] {processor.py:829} INFO - Processing file /opt/airflow/dags/data_pipeline_dag.py for tasks to queue
[2025-10-31T03:28:00.615+0000] {logging_mixin.py:151} INFO - [2025-10-31T03:28:00.613+0000] {dagbag.py:536} INFO - Filling up the DagBag from /opt/airflow/dags/data_pipeline_dag.py
[2025-10-31T03:28:00.636+0000] {processor.py:839} INFO - DAG(s) dict_keys(['data_pipeline_dag']) retrieved from /opt/airflow/dags/data_pipeline_dag.py
[2025-10-31T03:28:00.660+0000] {logging_mixin.py:151} INFO - [2025-10-31T03:28:00.659+0000] {dag.py:2941} INFO - Sync 1 DAGs
[2025-10-31T03:28:00.674+0000] {logging_mixin.py:151} INFO - [2025-10-31T03:28:00.674+0000] {dag.py:3722} INFO - Setting next_dagrun for data_pipeline_dag to None, run_after=None
[2025-10-31T03:28:00.709+0000] {processor.py:179} INFO - Processing /opt/airflow/dags/data_pipeline_dag.py took 0.103 seconds
[2025-10-31T03:28:31.024+0000] {processor.py:157} INFO - Started process (PID=110) to work on /opt/airflow/dags/data_pipeline_dag.py
[2025-10-31T03:28:31.026+0000] {processor.py:829} INFO - Processing file /opt/airflow/dags/data_pipeline_dag.py for tasks to queue
[2025-10-31T03:28:31.027+0000] {logging_mixin.py:151} INFO - [2025-10-31T03:28:31.026+0000] {dagbag.py:536} INFO - Filling up the DagBag from /opt/airflow/dags/data_pipeline_dag.py
[2025-10-31T03:28:31.057+0000] {processor.py:839} INFO - DAG(s) dict_keys(['data_pipeline_dag']) retrieved from /opt/airflow/dags/data_pipeline_dag.py
[2025-10-31T03:28:31.093+0000] {logging_mixin.py:151} INFO - [2025-10-31T03:28:31.092+0000] {dag.py:2941} INFO - Sync 1 DAGs
[2025-10-31T03:28:31.107+0000] {logging_mixin.py:151} INFO - [2025-10-31T03:28:31.107+0000] {dag.py:3722} INFO - Setting next_dagrun for data_pipeline_dag to None, run_after=None
[2025-10-31T03:28:31.134+0000] {processor.py:179} INFO - Processing /opt/airflow/dags/data_pipeline_dag.py took 0.113 seconds
[2025-10-31T03:29:01.421+0000] {processor.py:157} INFO - Started process (PID=111) to work on /opt/airflow/dags/data_pipeline_dag.py
[2025-10-31T03:29:01.424+0000] {processor.py:829} INFO - Processing file /opt/airflow/dags/data_pipeline_dag.py for tasks to queue
[2025-10-31T03:29:01.427+0000] {logging_mixin.py:151} INFO - [2025-10-31T03:29:01.425+0000] {dagbag.py:536} INFO - Filling up the DagBag from /opt/airflow/dags/data_pipeline_dag.py
[2025-10-31T03:29:01.458+0000] {processor.py:839} INFO - DAG(s) dict_keys(['data_pipeline_dag']) retrieved from /opt/airflow/dags/data_pipeline_dag.py
[2025-10-31T03:29:01.488+0000] {logging_mixin.py:151} INFO - [2025-10-31T03:29:01.488+0000] {dag.py:2941} INFO - Sync 1 DAGs
[2025-10-31T03:29:01.500+0000] {logging_mixin.py:151} INFO - [2025-10-31T03:29:01.499+0000] {dag.py:3722} INFO - Setting next_dagrun for data_pipeline_dag to None, run_after=None
[2025-10-31T03:29:01.524+0000] {processor.py:179} INFO - Processing /opt/airflow/dags/data_pipeline_dag.py took 0.110 seconds
[2025-10-31T03:29:31.744+0000] {processor.py:157} INFO - Started process (PID=112) to work on /opt/airflow/dags/data_pipeline_dag.py
[2025-10-31T03:29:31.745+0000] {processor.py:829} INFO - Processing file /opt/airflow/dags/data_pipeline_dag.py for tasks to queue
[2025-10-31T03:29:31.749+0000] {logging_mixin.py:151} INFO - [2025-10-31T03:29:31.747+0000] {dagbag.py:536} INFO - Filling up the DagBag from /opt/airflow/dags/data_pipeline_dag.py
[2025-10-31T03:29:31.784+0000] {processor.py:839} INFO - DAG(s) dict_keys(['data_pipeline_dag']) retrieved from /opt/airflow/dags/data_pipeline_dag.py
[2025-10-31T03:29:31.815+0000] {logging_mixin.py:151} INFO - [2025-10-31T03:29:31.815+0000] {dag.py:2941} INFO - Sync 1 DAGs
[2025-10-31T03:29:31.830+0000] {logging_mixin.py:151} INFO - [2025-10-31T03:29:31.830+0000] {dag.py:3722} INFO - Setting next_dagrun for data_pipeline_dag to None, run_after=None
[2025-10-31T03:29:31.863+0000] {processor.py:179} INFO - Processing /opt/airflow/dags/data_pipeline_dag.py took 0.124 seconds
[2025-10-31T03:29:38.680+0000] {processor.py:157} INFO - Started process (PID=113) to work on /opt/airflow/dags/data_pipeline_dag.py
[2025-10-31T03:29:38.682+0000] {processor.py:829} INFO - Processing file /opt/airflow/dags/data_pipeline_dag.py for tasks to queue
[2025-10-31T03:29:38.692+0000] {logging_mixin.py:151} INFO - [2025-10-31T03:29:38.689+0000] {dagbag.py:536} INFO - Filling up the DagBag from /opt/airflow/dags/data_pipeline_dag.py
[2025-10-31T03:29:38.735+0000] {processor.py:839} INFO - DAG(s) dict_keys(['data_pipeline_dag']) retrieved from /opt/airflow/dags/data_pipeline_dag.py
[2025-10-31T03:29:39.197+0000] {logging_mixin.py:151} INFO - [2025-10-31T03:29:39.197+0000] {dag.py:2941} INFO - Sync 1 DAGs
[2025-10-31T03:29:39.210+0000] {logging_mixin.py:151} INFO - [2025-10-31T03:29:39.210+0000] {dag.py:3722} INFO - Setting next_dagrun for data_pipeline_dag to None, run_after=None
[2025-10-31T03:29:39.247+0000] {processor.py:179} INFO - Processing /opt/airflow/dags/data_pipeline_dag.py took 0.576 seconds
[2025-10-31T03:30:09.710+0000] {processor.py:157} INFO - Started process (PID=114) to work on /opt/airflow/dags/data_pipeline_dag.py
[2025-10-31T03:30:09.712+0000] {processor.py:829} INFO - Processing file /opt/airflow/dags/data_pipeline_dag.py for tasks to queue
[2025-10-31T03:30:09.713+0000] {logging_mixin.py:151} INFO - [2025-10-31T03:30:09.712+0000] {dagbag.py:536} INFO - Filling up the DagBag from /opt/airflow/dags/data_pipeline_dag.py
[2025-10-31T03:30:09.734+0000] {processor.py:839} INFO - DAG(s) dict_keys(['data_pipeline_dag']) retrieved from /opt/airflow/dags/data_pipeline_dag.py
[2025-10-31T03:30:09.771+0000] {logging_mixin.py:151} INFO - [2025-10-31T03:30:09.771+0000] {dag.py:2941} INFO - Sync 1 DAGs
[2025-10-31T03:30:09.781+0000] {logging_mixin.py:151} INFO - [2025-10-31T03:30:09.781+0000] {dag.py:3722} INFO - Setting next_dagrun for data_pipeline_dag to None, run_after=None
[2025-10-31T03:30:09.794+0000] {processor.py:179} INFO - Processing /opt/airflow/dags/data_pipeline_dag.py took 0.090 seconds
[2025-10-31T03:30:16.030+0000] {processor.py:157} INFO - Started process (PID=115) to work on /opt/airflow/dags/data_pipeline_dag.py
[2025-10-31T03:30:16.031+0000] {processor.py:829} INFO - Processing file /opt/airflow/dags/data_pipeline_dag.py for tasks to queue
[2025-10-31T03:30:16.032+0000] {logging_mixin.py:151} INFO - [2025-10-31T03:30:16.031+0000] {dagbag.py:536} INFO - Filling up the DagBag from /opt/airflow/dags/data_pipeline_dag.py
[2025-10-31T03:30:16.062+0000] {processor.py:839} INFO - DAG(s) dict_keys(['data_pipeline_dag']) retrieved from /opt/airflow/dags/data_pipeline_dag.py
[2025-10-31T03:30:16.145+0000] {logging_mixin.py:151} INFO - [2025-10-31T03:30:16.145+0000] {dag.py:2941} INFO - Sync 1 DAGs
[2025-10-31T03:30:16.151+0000] {logging_mixin.py:151} INFO - [2025-10-31T03:30:16.150+0000] {dag.py:3722} INFO - Setting next_dagrun for data_pipeline_dag to None, run_after=None
[2025-10-31T03:30:16.163+0000] {processor.py:179} INFO - Processing /opt/airflow/dags/data_pipeline_dag.py took 0.138 seconds
[2025-10-31T03:30:19.412+0000] {processor.py:157} INFO - Started process (PID=116) to work on /opt/airflow/dags/data_pipeline_dag.py
[2025-10-31T03:30:19.414+0000] {processor.py:829} INFO - Processing file /opt/airflow/dags/data_pipeline_dag.py for tasks to queue
[2025-10-31T03:30:19.415+0000] {logging_mixin.py:151} INFO - [2025-10-31T03:30:19.415+0000] {dagbag.py:536} INFO - Filling up the DagBag from /opt/airflow/dags/data_pipeline_dag.py
[2025-10-31T03:30:19.476+0000] {processor.py:839} INFO - DAG(s) dict_keys(['data_pipeline_dag']) retrieved from /opt/airflow/dags/data_pipeline_dag.py
[2025-10-31T03:30:19.552+0000] {logging_mixin.py:151} INFO - [2025-10-31T03:30:19.550+0000] {dag.py:2941} INFO - Sync 1 DAGs
[2025-10-31T03:30:19.586+0000] {logging_mixin.py:151} INFO - [2025-10-31T03:30:19.586+0000] {dag.py:3722} INFO - Setting next_dagrun for data_pipeline_dag to None, run_after=None
[2025-10-31T03:30:19.630+0000] {processor.py:179} INFO - Processing /opt/airflow/dags/data_pipeline_dag.py took 0.221 seconds
[2025-10-31T03:30:58.436+0000] {processor.py:157} INFO - Started process (PID=155) to work on /opt/airflow/dags/data_pipeline_dag.py
[2025-10-31T03:30:58.439+0000] {processor.py:829} INFO - Processing file /opt/airflow/dags/data_pipeline_dag.py for tasks to queue
[2025-10-31T03:30:58.444+0000] {logging_mixin.py:151} INFO - [2025-10-31T03:30:58.442+0000] {dagbag.py:536} INFO - Filling up the DagBag from /opt/airflow/dags/data_pipeline_dag.py
[2025-10-31T03:30:58.482+0000] {processor.py:839} INFO - DAG(s) dict_keys(['data_pipeline_dag']) retrieved from /opt/airflow/dags/data_pipeline_dag.py
[2025-10-31T03:30:58.538+0000] {logging_mixin.py:151} INFO - [2025-10-31T03:30:58.537+0000] {dag.py:2941} INFO - Sync 1 DAGs
[2025-10-31T03:30:58.560+0000] {logging_mixin.py:151} INFO - [2025-10-31T03:30:58.560+0000] {dag.py:3722} INFO - Setting next_dagrun for data_pipeline_dag to None, run_after=None
[2025-10-31T03:30:58.584+0000] {processor.py:179} INFO - Processing /opt/airflow/dags/data_pipeline_dag.py took 0.154 seconds
[2025-10-31T03:31:29.708+0000] {processor.py:157} INFO - Started process (PID=167) to work on /opt/airflow/dags/data_pipeline_dag.py
[2025-10-31T03:31:29.712+0000] {processor.py:829} INFO - Processing file /opt/airflow/dags/data_pipeline_dag.py for tasks to queue
[2025-10-31T03:31:29.715+0000] {logging_mixin.py:151} INFO - [2025-10-31T03:31:29.712+0000] {dagbag.py:536} INFO - Filling up the DagBag from /opt/airflow/dags/data_pipeline_dag.py
[2025-10-31T03:31:29.764+0000] {processor.py:839} INFO - DAG(s) dict_keys(['data_pipeline_dag']) retrieved from /opt/airflow/dags/data_pipeline_dag.py
[2025-10-31T03:31:29.817+0000] {logging_mixin.py:151} INFO - [2025-10-31T03:31:29.817+0000] {dag.py:2941} INFO - Sync 1 DAGs
[2025-10-31T03:31:29.841+0000] {logging_mixin.py:151} INFO - [2025-10-31T03:31:29.841+0000] {dag.py:3722} INFO - Setting next_dagrun for data_pipeline_dag to None, run_after=None
[2025-10-31T03:31:29.867+0000] {processor.py:179} INFO - Processing /opt/airflow/dags/data_pipeline_dag.py took 0.165 seconds
[2025-10-31T03:31:59.982+0000] {processor.py:157} INFO - Started process (PID=168) to work on /opt/airflow/dags/data_pipeline_dag.py
[2025-10-31T03:31:59.985+0000] {processor.py:829} INFO - Processing file /opt/airflow/dags/data_pipeline_dag.py for tasks to queue
[2025-10-31T03:31:59.987+0000] {logging_mixin.py:151} INFO - [2025-10-31T03:31:59.986+0000] {dagbag.py:536} INFO - Filling up the DagBag from /opt/airflow/dags/data_pipeline_dag.py
[2025-10-31T03:32:00.004+0000] {processor.py:839} INFO - DAG(s) dict_keys(['data_pipeline_dag']) retrieved from /opt/airflow/dags/data_pipeline_dag.py
[2025-10-31T03:32:00.058+0000] {logging_mixin.py:151} INFO - [2025-10-31T03:32:00.057+0000] {dag.py:2941} INFO - Sync 1 DAGs
[2025-10-31T03:32:00.065+0000] {logging_mixin.py:151} INFO - [2025-10-31T03:32:00.065+0000] {dag.py:3722} INFO - Setting next_dagrun for data_pipeline_dag to None, run_after=None
[2025-10-31T03:32:00.092+0000] {processor.py:179} INFO - Processing /opt/airflow/dags/data_pipeline_dag.py took 0.117 seconds
[2025-10-31T03:32:30.440+0000] {processor.py:157} INFO - Started process (PID=169) to work on /opt/airflow/dags/data_pipeline_dag.py
[2025-10-31T03:32:30.442+0000] {processor.py:829} INFO - Processing file /opt/airflow/dags/data_pipeline_dag.py for tasks to queue
[2025-10-31T03:32:30.443+0000] {logging_mixin.py:151} INFO - [2025-10-31T03:32:30.442+0000] {dagbag.py:536} INFO - Filling up the DagBag from /opt/airflow/dags/data_pipeline_dag.py
[2025-10-31T03:32:30.457+0000] {processor.py:839} INFO - DAG(s) dict_keys(['data_pipeline_dag']) retrieved from /opt/airflow/dags/data_pipeline_dag.py
[2025-10-31T03:32:30.488+0000] {logging_mixin.py:151} INFO - [2025-10-31T03:32:30.488+0000] {dag.py:2941} INFO - Sync 1 DAGs
[2025-10-31T03:32:30.509+0000] {logging_mixin.py:151} INFO - [2025-10-31T03:32:30.509+0000] {dag.py:3722} INFO - Setting next_dagrun for data_pipeline_dag to None, run_after=None
[2025-10-31T03:32:30.529+0000] {processor.py:179} INFO - Processing /opt/airflow/dags/data_pipeline_dag.py took 0.108 seconds
[2025-10-31T03:33:00.754+0000] {processor.py:157} INFO - Started process (PID=170) to work on /opt/airflow/dags/data_pipeline_dag.py
[2025-10-31T03:33:00.764+0000] {processor.py:829} INFO - Processing file /opt/airflow/dags/data_pipeline_dag.py for tasks to queue
[2025-10-31T03:33:00.767+0000] {logging_mixin.py:151} INFO - [2025-10-31T03:33:00.766+0000] {dagbag.py:536} INFO - Filling up the DagBag from /opt/airflow/dags/data_pipeline_dag.py
[2025-10-31T03:33:00.804+0000] {processor.py:839} INFO - DAG(s) dict_keys(['data_pipeline_dag']) retrieved from /opt/airflow/dags/data_pipeline_dag.py
[2025-10-31T03:33:00.886+0000] {logging_mixin.py:151} INFO - [2025-10-31T03:33:00.886+0000] {dag.py:2941} INFO - Sync 1 DAGs
[2025-10-31T03:33:00.918+0000] {logging_mixin.py:151} INFO - [2025-10-31T03:33:00.917+0000] {dag.py:3722} INFO - Setting next_dagrun for data_pipeline_dag to None, run_after=None
[2025-10-31T03:33:00.953+0000] {processor.py:179} INFO - Processing /opt/airflow/dags/data_pipeline_dag.py took 0.217 seconds
[2025-10-31T03:33:31.143+0000] {processor.py:157} INFO - Started process (PID=171) to work on /opt/airflow/dags/data_pipeline_dag.py
[2025-10-31T03:33:31.144+0000] {processor.py:829} INFO - Processing file /opt/airflow/dags/data_pipeline_dag.py for tasks to queue
[2025-10-31T03:33:31.145+0000] {logging_mixin.py:151} INFO - [2025-10-31T03:33:31.145+0000] {dagbag.py:536} INFO - Filling up the DagBag from /opt/airflow/dags/data_pipeline_dag.py
[2025-10-31T03:33:31.160+0000] {processor.py:839} INFO - DAG(s) dict_keys(['data_pipeline_dag']) retrieved from /opt/airflow/dags/data_pipeline_dag.py
[2025-10-31T03:33:31.178+0000] {logging_mixin.py:151} INFO - [2025-10-31T03:33:31.178+0000] {dag.py:2941} INFO - Sync 1 DAGs
[2025-10-31T03:33:31.195+0000] {logging_mixin.py:151} INFO - [2025-10-31T03:33:31.195+0000] {dag.py:3722} INFO - Setting next_dagrun for data_pipeline_dag to None, run_after=None
[2025-10-31T03:33:31.215+0000] {processor.py:179} INFO - Processing /opt/airflow/dags/data_pipeline_dag.py took 0.075 seconds
[2025-10-31T03:34:01.492+0000] {processor.py:157} INFO - Started process (PID=172) to work on /opt/airflow/dags/data_pipeline_dag.py
[2025-10-31T03:34:01.494+0000] {processor.py:829} INFO - Processing file /opt/airflow/dags/data_pipeline_dag.py for tasks to queue
[2025-10-31T03:34:01.495+0000] {logging_mixin.py:151} INFO - [2025-10-31T03:34:01.494+0000] {dagbag.py:536} INFO - Filling up the DagBag from /opt/airflow/dags/data_pipeline_dag.py
[2025-10-31T03:34:01.523+0000] {processor.py:839} INFO - DAG(s) dict_keys(['data_pipeline_dag']) retrieved from /opt/airflow/dags/data_pipeline_dag.py
[2025-10-31T03:34:01.551+0000] {logging_mixin.py:151} INFO - [2025-10-31T03:34:01.551+0000] {dag.py:2941} INFO - Sync 1 DAGs
[2025-10-31T03:34:01.571+0000] {logging_mixin.py:151} INFO - [2025-10-31T03:34:01.570+0000] {dag.py:3722} INFO - Setting next_dagrun for data_pipeline_dag to None, run_after=None
[2025-10-31T03:34:01.587+0000] {processor.py:179} INFO - Processing /opt/airflow/dags/data_pipeline_dag.py took 0.101 seconds
[2025-10-31T03:34:31.753+0000] {processor.py:157} INFO - Started process (PID=173) to work on /opt/airflow/dags/data_pipeline_dag.py
[2025-10-31T03:34:31.754+0000] {processor.py:829} INFO - Processing file /opt/airflow/dags/data_pipeline_dag.py for tasks to queue
[2025-10-31T03:34:31.755+0000] {logging_mixin.py:151} INFO - [2025-10-31T03:34:31.755+0000] {dagbag.py:536} INFO - Filling up the DagBag from /opt/airflow/dags/data_pipeline_dag.py
[2025-10-31T03:34:31.774+0000] {processor.py:839} INFO - DAG(s) dict_keys(['data_pipeline_dag']) retrieved from /opt/airflow/dags/data_pipeline_dag.py
[2025-10-31T03:34:31.787+0000] {logging_mixin.py:151} INFO - [2025-10-31T03:34:31.787+0000] {dag.py:2941} INFO - Sync 1 DAGs
[2025-10-31T03:34:31.793+0000] {logging_mixin.py:151} INFO - [2025-10-31T03:34:31.793+0000] {dag.py:3722} INFO - Setting next_dagrun for data_pipeline_dag to None, run_after=None
[2025-10-31T03:34:31.802+0000] {processor.py:179} INFO - Processing /opt/airflow/dags/data_pipeline_dag.py took 0.054 seconds
[2025-10-31T03:35:02.175+0000] {processor.py:157} INFO - Started process (PID=174) to work on /opt/airflow/dags/data_pipeline_dag.py
[2025-10-31T03:35:02.178+0000] {processor.py:829} INFO - Processing file /opt/airflow/dags/data_pipeline_dag.py for tasks to queue
[2025-10-31T03:35:02.179+0000] {logging_mixin.py:151} INFO - [2025-10-31T03:35:02.179+0000] {dagbag.py:536} INFO - Filling up the DagBag from /opt/airflow/dags/data_pipeline_dag.py
[2025-10-31T03:35:02.194+0000] {processor.py:839} INFO - DAG(s) dict_keys(['data_pipeline_dag']) retrieved from /opt/airflow/dags/data_pipeline_dag.py
[2025-10-31T03:35:02.227+0000] {logging_mixin.py:151} INFO - [2025-10-31T03:35:02.227+0000] {dag.py:2941} INFO - Sync 1 DAGs
[2025-10-31T03:35:02.238+0000] {logging_mixin.py:151} INFO - [2025-10-31T03:35:02.238+0000] {dag.py:3722} INFO - Setting next_dagrun for data_pipeline_dag to None, run_after=None
[2025-10-31T03:35:02.250+0000] {processor.py:179} INFO - Processing /opt/airflow/dags/data_pipeline_dag.py took 0.079 seconds
[2025-10-31T03:35:32.510+0000] {processor.py:157} INFO - Started process (PID=175) to work on /opt/airflow/dags/data_pipeline_dag.py
[2025-10-31T03:35:32.514+0000] {processor.py:829} INFO - Processing file /opt/airflow/dags/data_pipeline_dag.py for tasks to queue
[2025-10-31T03:35:32.523+0000] {logging_mixin.py:151} INFO - [2025-10-31T03:35:32.516+0000] {dagbag.py:536} INFO - Filling up the DagBag from /opt/airflow/dags/data_pipeline_dag.py
[2025-10-31T03:35:32.548+0000] {processor.py:839} INFO - DAG(s) dict_keys(['data_pipeline_dag']) retrieved from /opt/airflow/dags/data_pipeline_dag.py
[2025-10-31T03:35:32.569+0000] {logging_mixin.py:151} INFO - [2025-10-31T03:35:32.569+0000] {dag.py:2941} INFO - Sync 1 DAGs
[2025-10-31T03:35:32.578+0000] {logging_mixin.py:151} INFO - [2025-10-31T03:35:32.578+0000] {dag.py:3722} INFO - Setting next_dagrun for data_pipeline_dag to None, run_after=None
[2025-10-31T03:35:32.590+0000] {processor.py:179} INFO - Processing /opt/airflow/dags/data_pipeline_dag.py took 0.086 seconds
[2025-10-31T03:36:02.819+0000] {processor.py:157} INFO - Started process (PID=176) to work on /opt/airflow/dags/data_pipeline_dag.py
[2025-10-31T03:36:02.821+0000] {processor.py:829} INFO - Processing file /opt/airflow/dags/data_pipeline_dag.py for tasks to queue
[2025-10-31T03:36:02.822+0000] {logging_mixin.py:151} INFO - [2025-10-31T03:36:02.822+0000] {dagbag.py:536} INFO - Filling up the DagBag from /opt/airflow/dags/data_pipeline_dag.py
[2025-10-31T03:36:02.852+0000] {processor.py:839} INFO - DAG(s) dict_keys(['data_pipeline_dag']) retrieved from /opt/airflow/dags/data_pipeline_dag.py
[2025-10-31T03:36:02.870+0000] {logging_mixin.py:151} INFO - [2025-10-31T03:36:02.869+0000] {dag.py:2941} INFO - Sync 1 DAGs
[2025-10-31T03:36:02.878+0000] {logging_mixin.py:151} INFO - [2025-10-31T03:36:02.878+0000] {dag.py:3722} INFO - Setting next_dagrun for data_pipeline_dag to None, run_after=None
[2025-10-31T03:36:02.896+0000] {processor.py:179} INFO - Processing /opt/airflow/dags/data_pipeline_dag.py took 0.081 seconds
[2025-10-31T03:36:33.199+0000] {processor.py:157} INFO - Started process (PID=177) to work on /opt/airflow/dags/data_pipeline_dag.py
[2025-10-31T03:36:33.199+0000] {processor.py:829} INFO - Processing file /opt/airflow/dags/data_pipeline_dag.py for tasks to queue
[2025-10-31T03:36:33.200+0000] {logging_mixin.py:151} INFO - [2025-10-31T03:36:33.200+0000] {dagbag.py:536} INFO - Filling up the DagBag from /opt/airflow/dags/data_pipeline_dag.py
[2025-10-31T03:36:33.210+0000] {processor.py:839} INFO - DAG(s) dict_keys(['data_pipeline_dag']) retrieved from /opt/airflow/dags/data_pipeline_dag.py
[2025-10-31T03:36:33.245+0000] {logging_mixin.py:151} INFO - [2025-10-31T03:36:33.245+0000] {dag.py:2941} INFO - Sync 1 DAGs
[2025-10-31T03:36:33.255+0000] {logging_mixin.py:151} INFO - [2025-10-31T03:36:33.255+0000] {dag.py:3722} INFO - Setting next_dagrun for data_pipeline_dag to None, run_after=None
[2025-10-31T03:36:33.267+0000] {processor.py:179} INFO - Processing /opt/airflow/dags/data_pipeline_dag.py took 0.071 seconds
[2025-10-31T03:37:03.554+0000] {processor.py:157} INFO - Started process (PID=178) to work on /opt/airflow/dags/data_pipeline_dag.py
[2025-10-31T03:37:03.556+0000] {processor.py:829} INFO - Processing file /opt/airflow/dags/data_pipeline_dag.py for tasks to queue
[2025-10-31T03:37:03.557+0000] {logging_mixin.py:151} INFO - [2025-10-31T03:37:03.557+0000] {dagbag.py:536} INFO - Filling up the DagBag from /opt/airflow/dags/data_pipeline_dag.py
[2025-10-31T03:37:03.572+0000] {processor.py:839} INFO - DAG(s) dict_keys(['data_pipeline_dag']) retrieved from /opt/airflow/dags/data_pipeline_dag.py
[2025-10-31T03:37:03.609+0000] {logging_mixin.py:151} INFO - [2025-10-31T03:37:03.608+0000] {dag.py:2941} INFO - Sync 1 DAGs
[2025-10-31T03:37:03.618+0000] {logging_mixin.py:151} INFO - [2025-10-31T03:37:03.618+0000] {dag.py:3722} INFO - Setting next_dagrun for data_pipeline_dag to None, run_after=None
[2025-10-31T03:37:03.631+0000] {processor.py:179} INFO - Processing /opt/airflow/dags/data_pipeline_dag.py took 0.082 seconds
[2025-10-31T03:37:33.858+0000] {processor.py:157} INFO - Started process (PID=179) to work on /opt/airflow/dags/data_pipeline_dag.py
[2025-10-31T03:37:33.861+0000] {processor.py:829} INFO - Processing file /opt/airflow/dags/data_pipeline_dag.py for tasks to queue
[2025-10-31T03:37:33.862+0000] {logging_mixin.py:151} INFO - [2025-10-31T03:37:33.861+0000] {dagbag.py:536} INFO - Filling up the DagBag from /opt/airflow/dags/data_pipeline_dag.py
[2025-10-31T03:37:33.880+0000] {processor.py:839} INFO - DAG(s) dict_keys(['data_pipeline_dag']) retrieved from /opt/airflow/dags/data_pipeline_dag.py
[2025-10-31T03:37:33.897+0000] {logging_mixin.py:151} INFO - [2025-10-31T03:37:33.897+0000] {dag.py:2941} INFO - Sync 1 DAGs
[2025-10-31T03:37:33.905+0000] {logging_mixin.py:151} INFO - [2025-10-31T03:37:33.905+0000] {dag.py:3722} INFO - Setting next_dagrun for data_pipeline_dag to None, run_after=None
[2025-10-31T03:37:33.914+0000] {processor.py:179} INFO - Processing /opt/airflow/dags/data_pipeline_dag.py took 0.062 seconds
[2025-10-31T03:38:04.155+0000] {processor.py:157} INFO - Started process (PID=180) to work on /opt/airflow/dags/data_pipeline_dag.py
[2025-10-31T03:38:04.157+0000] {processor.py:829} INFO - Processing file /opt/airflow/dags/data_pipeline_dag.py for tasks to queue
[2025-10-31T03:38:04.158+0000] {logging_mixin.py:151} INFO - [2025-10-31T03:38:04.158+0000] {dagbag.py:536} INFO - Filling up the DagBag from /opt/airflow/dags/data_pipeline_dag.py
[2025-10-31T03:38:04.174+0000] {processor.py:839} INFO - DAG(s) dict_keys(['data_pipeline_dag']) retrieved from /opt/airflow/dags/data_pipeline_dag.py
[2025-10-31T03:38:04.193+0000] {logging_mixin.py:151} INFO - [2025-10-31T03:38:04.193+0000] {dag.py:2941} INFO - Sync 1 DAGs
[2025-10-31T03:38:04.209+0000] {logging_mixin.py:151} INFO - [2025-10-31T03:38:04.209+0000] {dag.py:3722} INFO - Setting next_dagrun for data_pipeline_dag to None, run_after=None
[2025-10-31T03:38:04.224+0000] {processor.py:179} INFO - Processing /opt/airflow/dags/data_pipeline_dag.py took 0.074 seconds
[2025-10-31T03:38:34.504+0000] {processor.py:157} INFO - Started process (PID=181) to work on /opt/airflow/dags/data_pipeline_dag.py
[2025-10-31T03:38:34.506+0000] {processor.py:829} INFO - Processing file /opt/airflow/dags/data_pipeline_dag.py for tasks to queue
[2025-10-31T03:38:34.507+0000] {logging_mixin.py:151} INFO - [2025-10-31T03:38:34.506+0000] {dagbag.py:536} INFO - Filling up the DagBag from /opt/airflow/dags/data_pipeline_dag.py
[2025-10-31T03:38:34.528+0000] {processor.py:839} INFO - DAG(s) dict_keys(['data_pipeline_dag']) retrieved from /opt/airflow/dags/data_pipeline_dag.py
[2025-10-31T03:38:34.572+0000] {logging_mixin.py:151} INFO - [2025-10-31T03:38:34.572+0000] {dag.py:2941} INFO - Sync 1 DAGs
[2025-10-31T03:38:34.583+0000] {logging_mixin.py:151} INFO - [2025-10-31T03:38:34.582+0000] {dag.py:3722} INFO - Setting next_dagrun for data_pipeline_dag to None, run_after=None
[2025-10-31T03:38:34.595+0000] {processor.py:179} INFO - Processing /opt/airflow/dags/data_pipeline_dag.py took 0.098 seconds
[2025-10-31T03:39:04.802+0000] {processor.py:157} INFO - Started process (PID=182) to work on /opt/airflow/dags/data_pipeline_dag.py
[2025-10-31T03:39:04.803+0000] {processor.py:829} INFO - Processing file /opt/airflow/dags/data_pipeline_dag.py for tasks to queue
[2025-10-31T03:39:04.805+0000] {logging_mixin.py:151} INFO - [2025-10-31T03:39:04.804+0000] {dagbag.py:536} INFO - Filling up the DagBag from /opt/airflow/dags/data_pipeline_dag.py
[2025-10-31T03:39:04.835+0000] {processor.py:839} INFO - DAG(s) dict_keys(['data_pipeline_dag']) retrieved from /opt/airflow/dags/data_pipeline_dag.py
[2025-10-31T03:39:04.866+0000] {logging_mixin.py:151} INFO - [2025-10-31T03:39:04.866+0000] {dag.py:2941} INFO - Sync 1 DAGs
[2025-10-31T03:39:04.881+0000] {logging_mixin.py:151} INFO - [2025-10-31T03:39:04.881+0000] {dag.py:3722} INFO - Setting next_dagrun for data_pipeline_dag to None, run_after=None
[2025-10-31T03:39:04.897+0000] {processor.py:179} INFO - Processing /opt/airflow/dags/data_pipeline_dag.py took 0.103 seconds
[2025-10-31T03:39:35.082+0000] {processor.py:157} INFO - Started process (PID=183) to work on /opt/airflow/dags/data_pipeline_dag.py
[2025-10-31T03:39:35.085+0000] {processor.py:829} INFO - Processing file /opt/airflow/dags/data_pipeline_dag.py for tasks to queue
[2025-10-31T03:39:35.086+0000] {logging_mixin.py:151} INFO - [2025-10-31T03:39:35.085+0000] {dagbag.py:536} INFO - Filling up the DagBag from /opt/airflow/dags/data_pipeline_dag.py
[2025-10-31T03:39:35.102+0000] {processor.py:839} INFO - DAG(s) dict_keys(['data_pipeline_dag']) retrieved from /opt/airflow/dags/data_pipeline_dag.py
[2025-10-31T03:39:35.135+0000] {logging_mixin.py:151} INFO - [2025-10-31T03:39:35.135+0000] {dag.py:2941} INFO - Sync 1 DAGs
[2025-10-31T03:39:35.146+0000] {logging_mixin.py:151} INFO - [2025-10-31T03:39:35.146+0000] {dag.py:3722} INFO - Setting next_dagrun for data_pipeline_dag to None, run_after=None
[2025-10-31T03:39:35.158+0000] {processor.py:179} INFO - Processing /opt/airflow/dags/data_pipeline_dag.py took 0.079 seconds
[2025-10-31T03:40:05.383+0000] {processor.py:157} INFO - Started process (PID=184) to work on /opt/airflow/dags/data_pipeline_dag.py
[2025-10-31T03:40:05.385+0000] {processor.py:829} INFO - Processing file /opt/airflow/dags/data_pipeline_dag.py for tasks to queue
[2025-10-31T03:40:05.386+0000] {logging_mixin.py:151} INFO - [2025-10-31T03:40:05.385+0000] {dagbag.py:536} INFO - Filling up the DagBag from /opt/airflow/dags/data_pipeline_dag.py
[2025-10-31T03:40:05.400+0000] {processor.py:839} INFO - DAG(s) dict_keys(['data_pipeline_dag']) retrieved from /opt/airflow/dags/data_pipeline_dag.py
[2025-10-31T03:40:05.421+0000] {logging_mixin.py:151} INFO - [2025-10-31T03:40:05.421+0000] {dag.py:2941} INFO - Sync 1 DAGs
[2025-10-31T03:40:05.429+0000] {logging_mixin.py:151} INFO - [2025-10-31T03:40:05.429+0000] {dag.py:3722} INFO - Setting next_dagrun for data_pipeline_dag to None, run_after=None
[2025-10-31T03:40:05.441+0000] {processor.py:179} INFO - Processing /opt/airflow/dags/data_pipeline_dag.py took 0.063 seconds
[2025-10-31T03:40:35.662+0000] {processor.py:157} INFO - Started process (PID=185) to work on /opt/airflow/dags/data_pipeline_dag.py
[2025-10-31T03:40:35.664+0000] {processor.py:829} INFO - Processing file /opt/airflow/dags/data_pipeline_dag.py for tasks to queue
[2025-10-31T03:40:35.665+0000] {logging_mixin.py:151} INFO - [2025-10-31T03:40:35.665+0000] {dagbag.py:536} INFO - Filling up the DagBag from /opt/airflow/dags/data_pipeline_dag.py
[2025-10-31T03:40:35.680+0000] {processor.py:839} INFO - DAG(s) dict_keys(['data_pipeline_dag']) retrieved from /opt/airflow/dags/data_pipeline_dag.py
[2025-10-31T03:40:35.701+0000] {logging_mixin.py:151} INFO - [2025-10-31T03:40:35.701+0000] {dag.py:2941} INFO - Sync 1 DAGs
[2025-10-31T03:40:35.725+0000] {logging_mixin.py:151} INFO - [2025-10-31T03:40:35.725+0000] {dag.py:3722} INFO - Setting next_dagrun for data_pipeline_dag to None, run_after=None
[2025-10-31T03:40:35.738+0000] {processor.py:179} INFO - Processing /opt/airflow/dags/data_pipeline_dag.py took 0.080 seconds
[2025-10-31T03:41:06.027+0000] {processor.py:157} INFO - Started process (PID=186) to work on /opt/airflow/dags/data_pipeline_dag.py
[2025-10-31T03:41:06.029+0000] {processor.py:829} INFO - Processing file /opt/airflow/dags/data_pipeline_dag.py for tasks to queue
[2025-10-31T03:41:06.031+0000] {logging_mixin.py:151} INFO - [2025-10-31T03:41:06.030+0000] {dagbag.py:536} INFO - Filling up the DagBag from /opt/airflow/dags/data_pipeline_dag.py
[2025-10-31T03:41:06.049+0000] {processor.py:839} INFO - DAG(s) dict_keys(['data_pipeline_dag']) retrieved from /opt/airflow/dags/data_pipeline_dag.py
[2025-10-31T03:41:06.074+0000] {logging_mixin.py:151} INFO - [2025-10-31T03:41:06.074+0000] {dag.py:2941} INFO - Sync 1 DAGs
[2025-10-31T03:41:06.082+0000] {logging_mixin.py:151} INFO - [2025-10-31T03:41:06.082+0000] {dag.py:3722} INFO - Setting next_dagrun for data_pipeline_dag to None, run_after=None
[2025-10-31T03:41:06.094+0000] {processor.py:179} INFO - Processing /opt/airflow/dags/data_pipeline_dag.py took 0.073 seconds
[2025-10-31T03:41:36.302+0000] {processor.py:157} INFO - Started process (PID=187) to work on /opt/airflow/dags/data_pipeline_dag.py
[2025-10-31T03:41:36.304+0000] {processor.py:829} INFO - Processing file /opt/airflow/dags/data_pipeline_dag.py for tasks to queue
[2025-10-31T03:41:36.305+0000] {logging_mixin.py:151} INFO - [2025-10-31T03:41:36.305+0000] {dagbag.py:536} INFO - Filling up the DagBag from /opt/airflow/dags/data_pipeline_dag.py
[2025-10-31T03:41:36.333+0000] {processor.py:839} INFO - DAG(s) dict_keys(['data_pipeline_dag']) retrieved from /opt/airflow/dags/data_pipeline_dag.py
[2025-10-31T03:41:36.351+0000] {logging_mixin.py:151} INFO - [2025-10-31T03:41:36.351+0000] {dag.py:2941} INFO - Sync 1 DAGs
[2025-10-31T03:41:36.360+0000] {logging_mixin.py:151} INFO - [2025-10-31T03:41:36.359+0000] {dag.py:3722} INFO - Setting next_dagrun for data_pipeline_dag to None, run_after=None
[2025-10-31T03:41:36.370+0000] {processor.py:179} INFO - Processing /opt/airflow/dags/data_pipeline_dag.py took 0.074 seconds
[2025-10-31T03:42:06.747+0000] {processor.py:157} INFO - Started process (PID=188) to work on /opt/airflow/dags/data_pipeline_dag.py
[2025-10-31T03:42:06.748+0000] {processor.py:829} INFO - Processing file /opt/airflow/dags/data_pipeline_dag.py for tasks to queue
[2025-10-31T03:42:06.749+0000] {logging_mixin.py:151} INFO - [2025-10-31T03:42:06.749+0000] {dagbag.py:536} INFO - Filling up the DagBag from /opt/airflow/dags/data_pipeline_dag.py
[2025-10-31T03:42:06.764+0000] {processor.py:839} INFO - DAG(s) dict_keys(['data_pipeline_dag']) retrieved from /opt/airflow/dags/data_pipeline_dag.py
[2025-10-31T03:42:06.780+0000] {logging_mixin.py:151} INFO - [2025-10-31T03:42:06.780+0000] {dag.py:2941} INFO - Sync 1 DAGs
[2025-10-31T03:42:06.791+0000] {logging_mixin.py:151} INFO - [2025-10-31T03:42:06.791+0000] {dag.py:3722} INFO - Setting next_dagrun for data_pipeline_dag to None, run_after=None
[2025-10-31T03:42:06.802+0000] {processor.py:179} INFO - Processing /opt/airflow/dags/data_pipeline_dag.py took 0.062 seconds
[2025-10-31T03:42:36.966+0000] {processor.py:157} INFO - Started process (PID=189) to work on /opt/airflow/dags/data_pipeline_dag.py
[2025-10-31T03:42:36.968+0000] {processor.py:829} INFO - Processing file /opt/airflow/dags/data_pipeline_dag.py for tasks to queue
[2025-10-31T03:42:36.970+0000] {logging_mixin.py:151} INFO - [2025-10-31T03:42:36.969+0000] {dagbag.py:536} INFO - Filling up the DagBag from /opt/airflow/dags/data_pipeline_dag.py
[2025-10-31T03:42:36.985+0000] {processor.py:839} INFO - DAG(s) dict_keys(['data_pipeline_dag']) retrieved from /opt/airflow/dags/data_pipeline_dag.py
[2025-10-31T03:42:37.015+0000] {logging_mixin.py:151} INFO - [2025-10-31T03:42:37.015+0000] {dag.py:2941} INFO - Sync 1 DAGs
[2025-10-31T03:42:37.031+0000] {logging_mixin.py:151} INFO - [2025-10-31T03:42:37.031+0000] {dag.py:3722} INFO - Setting next_dagrun for data_pipeline_dag to None, run_after=None
[2025-10-31T03:42:37.043+0000] {processor.py:179} INFO - Processing /opt/airflow/dags/data_pipeline_dag.py took 0.082 seconds
[2025-10-31T03:43:07.284+0000] {processor.py:157} INFO - Started process (PID=190) to work on /opt/airflow/dags/data_pipeline_dag.py
[2025-10-31T03:43:07.288+0000] {processor.py:829} INFO - Processing file /opt/airflow/dags/data_pipeline_dag.py for tasks to queue
[2025-10-31T03:43:07.291+0000] {logging_mixin.py:151} INFO - [2025-10-31T03:43:07.289+0000] {dagbag.py:536} INFO - Filling up the DagBag from /opt/airflow/dags/data_pipeline_dag.py
[2025-10-31T03:43:07.306+0000] {processor.py:839} INFO - DAG(s) dict_keys(['data_pipeline_dag']) retrieved from /opt/airflow/dags/data_pipeline_dag.py
[2025-10-31T03:43:07.327+0000] {logging_mixin.py:151} INFO - [2025-10-31T03:43:07.327+0000] {dag.py:2941} INFO - Sync 1 DAGs
[2025-10-31T03:43:07.352+0000] {logging_mixin.py:151} INFO - [2025-10-31T03:43:07.351+0000] {dag.py:3722} INFO - Setting next_dagrun for data_pipeline_dag to None, run_after=None
[2025-10-31T03:43:07.378+0000] {processor.py:179} INFO - Processing /opt/airflow/dags/data_pipeline_dag.py took 0.115 seconds
[2025-10-31T03:43:37.605+0000] {processor.py:157} INFO - Started process (PID=191) to work on /opt/airflow/dags/data_pipeline_dag.py
[2025-10-31T03:43:37.606+0000] {processor.py:829} INFO - Processing file /opt/airflow/dags/data_pipeline_dag.py for tasks to queue
[2025-10-31T03:43:37.608+0000] {logging_mixin.py:151} INFO - [2025-10-31T03:43:37.607+0000] {dagbag.py:536} INFO - Filling up the DagBag from /opt/airflow/dags/data_pipeline_dag.py
[2025-10-31T03:43:37.621+0000] {processor.py:839} INFO - DAG(s) dict_keys(['data_pipeline_dag']) retrieved from /opt/airflow/dags/data_pipeline_dag.py
[2025-10-31T03:43:37.662+0000] {logging_mixin.py:151} INFO - [2025-10-31T03:43:37.661+0000] {dag.py:2941} INFO - Sync 1 DAGs
[2025-10-31T03:43:37.673+0000] {logging_mixin.py:151} INFO - [2025-10-31T03:43:37.673+0000] {dag.py:3722} INFO - Setting next_dagrun for data_pipeline_dag to None, run_after=None
[2025-10-31T03:43:37.685+0000] {processor.py:179} INFO - Processing /opt/airflow/dags/data_pipeline_dag.py took 0.085 seconds
[2025-10-31T03:44:07.830+0000] {processor.py:157} INFO - Started process (PID=192) to work on /opt/airflow/dags/data_pipeline_dag.py
[2025-10-31T03:44:07.832+0000] {processor.py:829} INFO - Processing file /opt/airflow/dags/data_pipeline_dag.py for tasks to queue
[2025-10-31T03:44:07.835+0000] {logging_mixin.py:151} INFO - [2025-10-31T03:44:07.834+0000] {dagbag.py:536} INFO - Filling up the DagBag from /opt/airflow/dags/data_pipeline_dag.py
[2025-10-31T03:44:07.875+0000] {processor.py:839} INFO - DAG(s) dict_keys(['data_pipeline_dag']) retrieved from /opt/airflow/dags/data_pipeline_dag.py
[2025-10-31T03:44:07.918+0000] {logging_mixin.py:151} INFO - [2025-10-31T03:44:07.918+0000] {dag.py:2941} INFO - Sync 1 DAGs
[2025-10-31T03:44:07.933+0000] {logging_mixin.py:151} INFO - [2025-10-31T03:44:07.933+0000] {dag.py:3722} INFO - Setting next_dagrun for data_pipeline_dag to None, run_after=None
[2025-10-31T03:44:07.949+0000] {processor.py:179} INFO - Processing /opt/airflow/dags/data_pipeline_dag.py took 0.126 seconds
[2025-10-31T03:44:38.182+0000] {processor.py:157} INFO - Started process (PID=193) to work on /opt/airflow/dags/data_pipeline_dag.py
[2025-10-31T03:44:38.183+0000] {processor.py:829} INFO - Processing file /opt/airflow/dags/data_pipeline_dag.py for tasks to queue
[2025-10-31T03:44:38.184+0000] {logging_mixin.py:151} INFO - [2025-10-31T03:44:38.184+0000] {dagbag.py:536} INFO - Filling up the DagBag from /opt/airflow/dags/data_pipeline_dag.py
[2025-10-31T03:44:38.200+0000] {processor.py:839} INFO - DAG(s) dict_keys(['data_pipeline_dag']) retrieved from /opt/airflow/dags/data_pipeline_dag.py
[2025-10-31T03:44:38.226+0000] {logging_mixin.py:151} INFO - [2025-10-31T03:44:38.226+0000] {dag.py:2941} INFO - Sync 1 DAGs
[2025-10-31T03:44:38.248+0000] {logging_mixin.py:151} INFO - [2025-10-31T03:44:38.248+0000] {dag.py:3722} INFO - Setting next_dagrun for data_pipeline_dag to None, run_after=None
[2025-10-31T03:44:38.289+0000] {processor.py:179} INFO - Processing /opt/airflow/dags/data_pipeline_dag.py took 0.122 seconds
[2025-10-31T03:45:09.160+0000] {processor.py:157} INFO - Started process (PID=194) to work on /opt/airflow/dags/data_pipeline_dag.py
[2025-10-31T03:45:09.163+0000] {processor.py:829} INFO - Processing file /opt/airflow/dags/data_pipeline_dag.py for tasks to queue
[2025-10-31T03:45:09.164+0000] {logging_mixin.py:151} INFO - [2025-10-31T03:45:09.163+0000] {dagbag.py:536} INFO - Filling up the DagBag from /opt/airflow/dags/data_pipeline_dag.py
[2025-10-31T03:45:09.212+0000] {processor.py:839} INFO - DAG(s) dict_keys(['data_pipeline_dag']) retrieved from /opt/airflow/dags/data_pipeline_dag.py
[2025-10-31T03:45:09.231+0000] {logging_mixin.py:151} INFO - [2025-10-31T03:45:09.231+0000] {dag.py:2941} INFO - Sync 1 DAGs
[2025-10-31T03:45:09.239+0000] {logging_mixin.py:151} INFO - [2025-10-31T03:45:09.239+0000] {dag.py:3722} INFO - Setting next_dagrun for data_pipeline_dag to None, run_after=None
[2025-10-31T03:45:09.249+0000] {processor.py:179} INFO - Processing /opt/airflow/dags/data_pipeline_dag.py took 0.094 seconds
[2025-10-31T03:45:39.689+0000] {processor.py:157} INFO - Started process (PID=195) to work on /opt/airflow/dags/data_pipeline_dag.py
[2025-10-31T03:45:39.691+0000] {processor.py:829} INFO - Processing file /opt/airflow/dags/data_pipeline_dag.py for tasks to queue
[2025-10-31T03:45:39.692+0000] {logging_mixin.py:151} INFO - [2025-10-31T03:45:39.691+0000] {dagbag.py:536} INFO - Filling up the DagBag from /opt/airflow/dags/data_pipeline_dag.py
[2025-10-31T03:45:39.708+0000] {processor.py:839} INFO - DAG(s) dict_keys(['data_pipeline_dag']) retrieved from /opt/airflow/dags/data_pipeline_dag.py
[2025-10-31T03:45:39.721+0000] {logging_mixin.py:151} INFO - [2025-10-31T03:45:39.721+0000] {dag.py:2941} INFO - Sync 1 DAGs
[2025-10-31T03:45:39.728+0000] {logging_mixin.py:151} INFO - [2025-10-31T03:45:39.727+0000] {dag.py:3722} INFO - Setting next_dagrun for data_pipeline_dag to None, run_after=None
[2025-10-31T03:45:39.736+0000] {processor.py:179} INFO - Processing /opt/airflow/dags/data_pipeline_dag.py took 0.050 seconds
[2025-10-31T03:46:10.314+0000] {processor.py:157} INFO - Started process (PID=196) to work on /opt/airflow/dags/data_pipeline_dag.py
[2025-10-31T03:46:10.315+0000] {processor.py:829} INFO - Processing file /opt/airflow/dags/data_pipeline_dag.py for tasks to queue
[2025-10-31T03:46:10.316+0000] {logging_mixin.py:151} INFO - [2025-10-31T03:46:10.316+0000] {dagbag.py:536} INFO - Filling up the DagBag from /opt/airflow/dags/data_pipeline_dag.py
[2025-10-31T03:46:10.346+0000] {processor.py:839} INFO - DAG(s) dict_keys(['data_pipeline_dag']) retrieved from /opt/airflow/dags/data_pipeline_dag.py
[2025-10-31T03:46:10.368+0000] {logging_mixin.py:151} INFO - [2025-10-31T03:46:10.368+0000] {dag.py:2941} INFO - Sync 1 DAGs
[2025-10-31T03:46:10.375+0000] {logging_mixin.py:151} INFO - [2025-10-31T03:46:10.375+0000] {dag.py:3722} INFO - Setting next_dagrun for data_pipeline_dag to None, run_after=None
[2025-10-31T03:46:10.396+0000] {processor.py:179} INFO - Processing /opt/airflow/dags/data_pipeline_dag.py took 0.087 seconds
