[2025-10-28T14:53:14.425-0400] {local_task_job_runner.py:123} INFO - ::group::Pre task execution logs
[2025-10-28T14:53:14.428-0400] {taskinstance.py:2612} INFO - Dependencies all met for dep_context=non-requeueable deps ti=<TaskInstance: onboarding_data_pipeline.preprocessing_tasks.chunk_documents manual__2025-10-28T18:53:02.907706+00:00 [queued]>
[2025-10-28T14:53:14.429-0400] {taskinstance.py:2612} INFO - Dependencies all met for dep_context=requeueable deps ti=<TaskInstance: onboarding_data_pipeline.preprocessing_tasks.chunk_documents manual__2025-10-28T18:53:02.907706+00:00 [queued]>
[2025-10-28T14:53:14.429-0400] {taskinstance.py:2865} INFO - Starting attempt 1 of 3
[2025-10-28T14:53:14.432-0400] {taskinstance.py:2888} INFO - Executing <Task(PythonOperator): preprocessing_tasks.chunk_documents> on 2025-10-28 18:53:02.907706+00:00
[2025-10-28T14:53:14.435-0400] {standard_task_runner.py:72} INFO - Started process 15065 to run task
[2025-10-28T14:53:14.438-0400] {standard_task_runner.py:104} INFO - Running: ['airflow', 'tasks', 'run', 'onboarding_data_pipeline', 'preprocessing_tasks.chunk_documents', 'manual__2025-10-28T18:53:02.907706+00:00', '--job-id', '63', '--raw', '--subdir', 'DAGS_FOLDER/main_pipeline_dag.py', '--cfg-path', '/var/folders/bq/zp7dztbn5yxb9ljzbt_99_dr0000gn/T/tmp57i50sly']
[2025-10-28T14:53:14.438-0400] {standard_task_runner.py:105} INFO - Job 63: Subtask preprocessing_tasks.chunk_documents
[2025-10-28T14:53:14.452-0400] {task_command.py:467} INFO - Running <TaskInstance: onboarding_data_pipeline.preprocessing_tasks.chunk_documents manual__2025-10-28T18:53:02.907706+00:00 [running]> on host mithuns-macbook-pro.local
[2025-10-28T14:53:14.467-0400] {taskinstance.py:3131} INFO - Exporting env vars: AIRFLOW_CTX_DAG_EMAIL='mithun.feb2024@gmail.com' AIRFLOW_CTX_DAG_OWNER='Team13' AIRFLOW_CTX_DAG_ID='onboarding_data_pipeline' AIRFLOW_CTX_TASK_ID='preprocessing_tasks.chunk_documents' AIRFLOW_CTX_EXECUTION_DATE='2025-10-28T18:53:02.907706+00:00' AIRFLOW_CTX_TRY_NUMBER='1' AIRFLOW_CTX_DAG_RUN_ID='manual__2025-10-28T18:53:02.907706+00:00'
[2025-10-28T14:53:14.468-0400] {logging_mixin.py:190} INFO - Task instance is in running state
[2025-10-28T14:53:14.468-0400] {logging_mixin.py:190} INFO -  Previous state of the Task instance: queued
[2025-10-28T14:53:14.468-0400] {logging_mixin.py:190} INFO - Current task name:preprocessing_tasks.chunk_documents state:running start_date:2025-10-28 18:53:14.428443+00:00
[2025-10-28T14:53:14.468-0400] {logging_mixin.py:190} INFO - Dag name:onboarding_data_pipeline and current dag run status:running
[2025-10-28T14:53:14.469-0400] {taskinstance.py:731} INFO - ::endgroup::
[2025-10-28T14:53:14.469-0400] {logging_mixin.py:190} INFO - Simulating document chunking...
[2025-10-28T14:53:14.471-0400] {python.py:240} INFO - Done. Returned value was: chunked_4
[2025-10-28T14:53:14.473-0400] {taskinstance.py:340} INFO - ::group::Post task execution logs
[2025-10-28T14:53:14.474-0400] {taskinstance.py:352} INFO - Marking task as SUCCESS. dag_id=onboarding_data_pipeline, task_id=preprocessing_tasks.chunk_documents, run_id=manual__2025-10-28T18:53:02.907706+00:00, execution_date=20251028T185302, start_date=20251028T185314, end_date=20251028T185314
[2025-10-28T14:53:14.475-0400] {logging_mixin.py:190} INFO - Task instance in success state
[2025-10-28T14:53:14.475-0400] {logging_mixin.py:190} INFO -  Previous state of the Task instance: running
[2025-10-28T14:53:14.476-0400] {logging_mixin.py:190} INFO - Dag name:onboarding_data_pipeline queued_at:2025-10-28 18:53:02.918401+00:00
[2025-10-28T14:53:14.476-0400] {logging_mixin.py:190} INFO - Task hostname:mithuns-macbook-pro.local operator:PythonOperator
[2025-10-28T14:53:14.492-0400] {local_task_job_runner.py:266} INFO - Task exited with return code 0
[2025-10-28T14:53:14.499-0400] {taskinstance.py:3900} INFO - 2 downstream tasks scheduled from follow-on schedule check
[2025-10-28T14:53:14.499-0400] {local_task_job_runner.py:245} INFO - ::endgroup::
