[2025-10-31T02:56:06.358+0000] {manager.py:487} INFO - Processing files using up to 1 processes at a time 
[2025-10-31T02:56:06.359+0000] {manager.py:488} INFO - Process each file at most once every 30 seconds
[2025-10-31T02:56:06.360+0000] {manager.py:489} INFO - Checking for new files in /opt/airflow/dags every 300 seconds
[2025-10-31T02:56:06.361+0000] {manager.py:755} INFO - Searching for files in /opt/airflow/dags
[2025-10-31T02:56:06.374+0000] {manager.py:758} INFO - There are 0 files in /opt/airflow/dags
[2025-10-31T03:01:06.463+0000] {manager.py:755} INFO - Searching for files in /opt/airflow/dags
[2025-10-31T03:01:06.493+0000] {manager.py:758} INFO - There are 1 files in /opt/airflow/dags
[2025-10-31T03:01:07.419+0000] {manager.py:887} INFO - 
================================================================================
DAG File Processing Stats

File Path                               PID    Runtime      # DAGs    # Errors  Last Runtime    Last Run
--------------------------------------  -----  ---------  --------  ----------  --------------  -------------------
/opt/airflow/dags/data_pipeline_dag.py                           1           0  0.65s           2025-10-31T03:01:07
================================================================================
[2025-10-31T03:01:38.200+0000] {manager.py:887} INFO - 
================================================================================
DAG File Processing Stats

File Path                               PID    Runtime      # DAGs    # Errors  Last Runtime    Last Run
--------------------------------------  -----  ---------  --------  ----------  --------------  -------------------
/opt/airflow/dags/data_pipeline_dag.py                           1           0  0.12s           2025-10-31T03:01:14
================================================================================
[2025-10-31T03:02:08.258+0000] {manager.py:887} INFO - 
================================================================================
DAG File Processing Stats

File Path                               PID    Runtime      # DAGs    # Errors  Last Runtime    Last Run
--------------------------------------  -----  ---------  --------  ----------  --------------  -------------------
/opt/airflow/dags/data_pipeline_dag.py                           1           0  0.23s           2025-10-31T03:01:44
================================================================================
[2025-10-31T03:02:38.370+0000] {manager.py:887} INFO - 
================================================================================
DAG File Processing Stats

File Path                               PID    Runtime      # DAGs    # Errors  Last Runtime    Last Run
--------------------------------------  -----  ---------  --------  ----------  --------------  -------------------
/opt/airflow/dags/data_pipeline_dag.py                           1           0  0.13s           2025-10-31T03:02:15
================================================================================
[2025-10-31T03:03:08.601+0000] {manager.py:887} INFO - 
================================================================================
DAG File Processing Stats

File Path                               PID    Runtime      # DAGs    # Errors  Last Runtime    Last Run
--------------------------------------  -----  ---------  --------  ----------  --------------  -------------------
/opt/airflow/dags/data_pipeline_dag.py                           1           0  0.23s           2025-10-31T03:02:45
================================================================================
[2025-10-31T03:03:38.923+0000] {manager.py:887} INFO - 
================================================================================
DAG File Processing Stats

File Path                               PID    Runtime      # DAGs    # Errors  Last Runtime    Last Run
--------------------------------------  -----  ---------  --------  ----------  --------------  -------------------
/opt/airflow/dags/data_pipeline_dag.py                           1           0  0.11s           2025-10-31T03:03:15
================================================================================
[2025-10-31T03:04:09.181+0000] {manager.py:887} INFO - 
================================================================================
DAG File Processing Stats

File Path                               PID    Runtime      # DAGs    # Errors  Last Runtime    Last Run
--------------------------------------  -----  ---------  --------  ----------  --------------  -------------------
/opt/airflow/dags/data_pipeline_dag.py                           1           0  0.11s           2025-10-31T03:03:46
================================================================================
[2025-10-31T03:04:35.440+0000] {manager.py:469} INFO - Exiting gracefully upon receiving signal 15
[2025-10-31T03:05:29.011+0000] {manager.py:487} INFO - Processing files using up to 1 processes at a time 
[2025-10-31T03:05:29.014+0000] {manager.py:488} INFO - Process each file at most once every 30 seconds
[2025-10-31T03:05:29.015+0000] {manager.py:489} INFO - Checking for new files in /opt/airflow/dags every 300 seconds
[2025-10-31T03:05:29.018+0000] {manager.py:755} INFO - Searching for files in /opt/airflow/dags
[2025-10-31T03:05:29.032+0000] {manager.py:758} INFO - There are 1 files in /opt/airflow/dags
[2025-10-31T03:05:29.285+0000] {manager.py:887} INFO - 
================================================================================
DAG File Processing Stats

File Path                               PID    Runtime      # DAGs    # Errors  Last Runtime    Last Run
--------------------------------------  -----  ---------  --------  ----------  --------------  -------------------
/opt/airflow/dags/data_pipeline_dag.py                           1           0  0.21s           2025-10-31T03:05:29
================================================================================
[2025-10-31T03:06:02.491+0000] {manager.py:887} INFO - 
================================================================================
DAG File Processing Stats

File Path                               PID    Runtime      # DAGs    # Errors  Last Runtime    Last Run
--------------------------------------  -----  ---------  --------  ----------  --------------  -------------------
/opt/airflow/dags/data_pipeline_dag.py                           1           0  0.11s           2025-10-31T03:06:02
================================================================================
[2025-10-31T03:06:32.718+0000] {manager.py:887} INFO - 
================================================================================
DAG File Processing Stats

File Path                               PID    Runtime      # DAGs    # Errors  Last Runtime    Last Run
--------------------------------------  -----  ---------  --------  ----------  --------------  -------------------
/opt/airflow/dags/data_pipeline_dag.py                           1           0  0.15s           2025-10-31T03:06:32
================================================================================
[2025-10-31T03:07:03.238+0000] {manager.py:887} INFO - 
================================================================================
DAG File Processing Stats

File Path                               PID    Runtime      # DAGs    # Errors  Last Runtime    Last Run
--------------------------------------  -----  ---------  --------  ----------  --------------  -------------------
/opt/airflow/dags/data_pipeline_dag.py                           1           0  0.23s           2025-10-31T03:07:03
================================================================================
[2025-10-31T03:07:33.736+0000] {manager.py:887} INFO - 
================================================================================
DAG File Processing Stats

File Path                               PID    Runtime      # DAGs    # Errors  Last Runtime    Last Run
--------------------------------------  -----  ---------  --------  ----------  --------------  -------------------
/opt/airflow/dags/data_pipeline_dag.py                           1           0  0.15s           2025-10-31T03:07:33
================================================================================
[2025-10-31T03:08:05.386+0000] {manager.py:887} INFO - 
================================================================================
DAG File Processing Stats

File Path                               PID    Runtime      # DAGs    # Errors  Last Runtime    Last Run
--------------------------------------  -----  ---------  --------  ----------  --------------  -------------------
/opt/airflow/dags/data_pipeline_dag.py                           1           0  1.06s           2025-10-31T03:08:05
================================================================================
[2025-10-31T03:08:17.859+0000] {manager.py:469} INFO - Exiting gracefully upon receiving signal 15
[2025-10-31T03:12:06.139+0000] {manager.py:487} INFO - Processing files using up to 1 processes at a time 
[2025-10-31T03:12:06.142+0000] {manager.py:488} INFO - Process each file at most once every 30 seconds
[2025-10-31T03:12:06.143+0000] {manager.py:489} INFO - Checking for new files in /opt/airflow/dags every 300 seconds
[2025-10-31T03:12:06.144+0000] {manager.py:755} INFO - Searching for files in /opt/airflow/dags
[2025-10-31T03:12:06.158+0000] {manager.py:758} INFO - There are 1 files in /opt/airflow/dags
[2025-10-31T03:12:06.311+0000] {manager.py:887} INFO - 
================================================================================
DAG File Processing Stats

File Path                               PID    Runtime      # DAGs    # Errors  Last Runtime    Last Run
--------------------------------------  -----  ---------  --------  ----------  --------------  -------------------
/opt/airflow/dags/data_pipeline_dag.py                           1           0  0.10s           2025-10-31T03:12:06
================================================================================
[2025-10-31T03:12:47.657+0000] {manager.py:887} INFO - 
================================================================================
DAG File Processing Stats

File Path                               PID    Runtime      # DAGs    # Errors  Last Runtime    Last Run
--------------------------------------  -----  ---------  --------  ----------  --------------  -------------------
/opt/airflow/dags/data_pipeline_dag.py                           1           0  0.32s           2025-10-31T03:12:47
================================================================================
[2025-10-31T03:13:18.915+0000] {manager.py:887} INFO - 
================================================================================
DAG File Processing Stats

File Path                               PID    Runtime      # DAGs    # Errors  Last Runtime    Last Run
--------------------------------------  -----  ---------  --------  ----------  --------------  -------------------
/opt/airflow/dags/data_pipeline_dag.py                           1           0  0.25s           2025-10-31T03:13:18
================================================================================
[2025-10-31T03:13:49.104+0000] {manager.py:887} INFO - 
================================================================================
DAG File Processing Stats

File Path                               PID    Runtime      # DAGs    # Errors  Last Runtime    Last Run
--------------------------------------  -----  ---------  --------  ----------  --------------  -------------------
/opt/airflow/dags/data_pipeline_dag.py                           1           0  0.15s           2025-10-31T03:13:49
================================================================================
[2025-10-31T03:14:19.456+0000] {manager.py:887} INFO - 
================================================================================
DAG File Processing Stats

File Path                               PID    Runtime      # DAGs    # Errors  Last Runtime    Last Run
--------------------------------------  -----  ---------  --------  ----------  --------------  -------------------
/opt/airflow/dags/data_pipeline_dag.py                           1           0  0.17s           2025-10-31T03:14:19
================================================================================
[2025-10-31T03:14:49.719+0000] {manager.py:887} INFO - 
================================================================================
DAG File Processing Stats

File Path                               PID    Runtime      # DAGs    # Errors  Last Runtime    Last Run
--------------------------------------  -----  ---------  --------  ----------  --------------  -------------------
/opt/airflow/dags/data_pipeline_dag.py                           1           0  0.14s           2025-10-31T03:14:49
================================================================================
[2025-10-31T03:15:20.019+0000] {manager.py:887} INFO - 
================================================================================
DAG File Processing Stats

File Path                               PID    Runtime      # DAGs    # Errors  Last Runtime    Last Run
--------------------------------------  -----  ---------  --------  ----------  --------------  -------------------
/opt/airflow/dags/data_pipeline_dag.py                           1           0  0.14s           2025-10-31T03:15:20
================================================================================
[2025-10-31T03:15:50.385+0000] {manager.py:887} INFO - 
================================================================================
DAG File Processing Stats

File Path                               PID    Runtime      # DAGs    # Errors  Last Runtime    Last Run
--------------------------------------  -----  ---------  --------  ----------  --------------  -------------------
/opt/airflow/dags/data_pipeline_dag.py                           1           0  0.24s           2025-10-31T03:15:50
================================================================================
[2025-10-31T03:16:21.568+0000] {manager.py:887} INFO - 
================================================================================
DAG File Processing Stats

File Path                               PID    Runtime      # DAGs    # Errors  Last Runtime    Last Run
--------------------------------------  -----  ---------  --------  ----------  --------------  -------------------
/opt/airflow/dags/data_pipeline_dag.py                           1           0  0.18s           2025-10-31T03:16:21
================================================================================
[2025-10-31T03:16:51.889+0000] {manager.py:887} INFO - 
================================================================================
DAG File Processing Stats

File Path                               PID    Runtime      # DAGs    # Errors  Last Runtime    Last Run
--------------------------------------  -----  ---------  --------  ----------  --------------  -------------------
/opt/airflow/dags/data_pipeline_dag.py                           1           0  0.26s           2025-10-31T03:16:51
================================================================================
[2025-10-31T03:17:06.239+0000] {manager.py:755} INFO - Searching for files in /opt/airflow/dags
[2025-10-31T03:17:06.257+0000] {manager.py:758} INFO - There are 1 files in /opt/airflow/dags
[2025-10-31T03:17:22.187+0000] {manager.py:887} INFO - 
================================================================================
DAG File Processing Stats

File Path                               PID    Runtime      # DAGs    # Errors  Last Runtime    Last Run
--------------------------------------  -----  ---------  --------  ----------  --------------  -------------------
/opt/airflow/dags/data_pipeline_dag.py                           1           0  0.24s           2025-10-31T03:17:22
================================================================================
[2025-10-31T03:17:52.462+0000] {manager.py:887} INFO - 
================================================================================
DAG File Processing Stats

File Path                               PID    Runtime      # DAGs    # Errors  Last Runtime    Last Run
--------------------------------------  -----  ---------  --------  ----------  --------------  -------------------
/opt/airflow/dags/data_pipeline_dag.py                           1           0  0.13s           2025-10-31T03:17:52
================================================================================
[2025-10-31T03:18:22.621+0000] {manager.py:887} INFO - 
================================================================================
DAG File Processing Stats

File Path                               PID    Runtime      # DAGs    # Errors  Last Runtime    Last Run
--------------------------------------  -----  ---------  --------  ----------  --------------  -------------------
/opt/airflow/dags/data_pipeline_dag.py                           1           0  0.13s           2025-10-31T03:18:22
================================================================================
[2025-10-31T03:18:52.880+0000] {manager.py:887} INFO - 
================================================================================
DAG File Processing Stats

File Path                               PID    Runtime      # DAGs    # Errors  Last Runtime    Last Run
--------------------------------------  -----  ---------  --------  ----------  --------------  -------------------
/opt/airflow/dags/data_pipeline_dag.py                           1           0  0.11s           2025-10-31T03:18:52
================================================================================
[2025-10-31T03:19:23.210+0000] {manager.py:887} INFO - 
================================================================================
DAG File Processing Stats

File Path                               PID    Runtime      # DAGs    # Errors  Last Runtime    Last Run
--------------------------------------  -----  ---------  --------  ----------  --------------  -------------------
/opt/airflow/dags/data_pipeline_dag.py                           1           0  0.14s           2025-10-31T03:19:23
================================================================================
[2025-10-31T03:19:53.630+0000] {manager.py:887} INFO - 
================================================================================
DAG File Processing Stats

File Path                               PID    Runtime      # DAGs    # Errors  Last Runtime    Last Run
--------------------------------------  -----  ---------  --------  ----------  --------------  -------------------
/opt/airflow/dags/data_pipeline_dag.py                           1           0  0.22s           2025-10-31T03:19:53
================================================================================
[2025-10-31T03:20:23.872+0000] {manager.py:887} INFO - 
================================================================================
DAG File Processing Stats

File Path                               PID    Runtime      # DAGs    # Errors  Last Runtime    Last Run
--------------------------------------  -----  ---------  --------  ----------  --------------  -------------------
/opt/airflow/dags/data_pipeline_dag.py                           1           0  0.15s           2025-10-31T03:20:23
================================================================================
[2025-10-31T03:20:55.073+0000] {manager.py:887} INFO - 
================================================================================
DAG File Processing Stats

File Path                               PID    Runtime      # DAGs    # Errors  Last Runtime    Last Run
--------------------------------------  -----  ---------  --------  ----------  --------------  -------------------
/opt/airflow/dags/data_pipeline_dag.py                           1           0  0.97s           2025-10-31T03:20:55
================================================================================
[2025-10-31T03:21:25.604+0000] {manager.py:887} INFO - 
================================================================================
DAG File Processing Stats

File Path                               PID    Runtime      # DAGs    # Errors  Last Runtime    Last Run
--------------------------------------  -----  ---------  --------  ----------  --------------  -------------------
/opt/airflow/dags/data_pipeline_dag.py                           1           0  0.22s           2025-10-31T03:21:25
================================================================================
[2025-10-31T03:21:55.829+0000] {manager.py:887} INFO - 
================================================================================
DAG File Processing Stats

File Path                               PID    Runtime      # DAGs    # Errors  Last Runtime    Last Run
--------------------------------------  -----  ---------  --------  ----------  --------------  -------------------
/opt/airflow/dags/data_pipeline_dag.py                           1           0  0.14s           2025-10-31T03:21:55
================================================================================
[2025-10-31T03:22:06.373+0000] {manager.py:755} INFO - Searching for files in /opt/airflow/dags
[2025-10-31T03:22:06.387+0000] {manager.py:758} INFO - There are 1 files in /opt/airflow/dags
[2025-10-31T03:22:26.186+0000] {manager.py:887} INFO - 
================================================================================
DAG File Processing Stats

File Path                               PID    Runtime      # DAGs    # Errors  Last Runtime    Last Run
--------------------------------------  -----  ---------  --------  ----------  --------------  -------------------
/opt/airflow/dags/data_pipeline_dag.py                           1           0  0.14s           2025-10-31T03:22:26
================================================================================
[2025-10-31T03:22:56.479+0000] {manager.py:887} INFO - 
================================================================================
DAG File Processing Stats

File Path                               PID    Runtime      # DAGs    # Errors  Last Runtime    Last Run
--------------------------------------  -----  ---------  --------  ----------  --------------  -------------------
/opt/airflow/dags/data_pipeline_dag.py                           1           0  0.13s           2025-10-31T03:22:56
================================================================================
[2025-10-31T03:23:26.770+0000] {manager.py:887} INFO - 
================================================================================
DAG File Processing Stats

File Path                               PID    Runtime      # DAGs    # Errors  Last Runtime    Last Run
--------------------------------------  -----  ---------  --------  ----------  --------------  -------------------
/opt/airflow/dags/data_pipeline_dag.py                           1           0  0.13s           2025-10-31T03:23:26
================================================================================
[2025-10-31T03:23:57.035+0000] {manager.py:887} INFO - 
================================================================================
DAG File Processing Stats

File Path                               PID    Runtime      # DAGs    # Errors  Last Runtime    Last Run
--------------------------------------  -----  ---------  --------  ----------  --------------  -------------------
/opt/airflow/dags/data_pipeline_dag.py                           1           0  0.12s           2025-10-31T03:23:57
================================================================================
[2025-10-31T03:24:27.316+0000] {manager.py:887} INFO - 
================================================================================
DAG File Processing Stats

File Path                               PID    Runtime      # DAGs    # Errors  Last Runtime    Last Run
--------------------------------------  -----  ---------  --------  ----------  --------------  -------------------
/opt/airflow/dags/data_pipeline_dag.py                           1           0  0.12s           2025-10-31T03:24:27
================================================================================
[2025-10-31T03:24:57.596+0000] {manager.py:887} INFO - 
================================================================================
DAG File Processing Stats

File Path                               PID    Runtime      # DAGs    # Errors  Last Runtime    Last Run
--------------------------------------  -----  ---------  --------  ----------  --------------  -------------------
/opt/airflow/dags/data_pipeline_dag.py                           1           0  0.11s           2025-10-31T03:24:57
================================================================================
[2025-10-31T03:25:28.054+0000] {manager.py:887} INFO - 
================================================================================
DAG File Processing Stats

File Path                               PID    Runtime      # DAGs    # Errors  Last Runtime    Last Run
--------------------------------------  -----  ---------  --------  ----------  --------------  -------------------
/opt/airflow/dags/data_pipeline_dag.py                           1           0  0.14s           2025-10-31T03:25:28
================================================================================
[2025-10-31T03:25:58.311+0000] {manager.py:887} INFO - 
================================================================================
DAG File Processing Stats

File Path                               PID    Runtime      # DAGs    # Errors  Last Runtime    Last Run
--------------------------------------  -----  ---------  --------  ----------  --------------  -------------------
/opt/airflow/dags/data_pipeline_dag.py                           1           0  0.14s           2025-10-31T03:25:58
================================================================================
[2025-10-31T03:26:28.688+0000] {manager.py:887} INFO - 
================================================================================
DAG File Processing Stats

File Path                               PID    Runtime      # DAGs    # Errors  Last Runtime    Last Run
--------------------------------------  -----  ---------  --------  ----------  --------------  -------------------
/opt/airflow/dags/data_pipeline_dag.py                           1           0  0.23s           2025-10-31T03:26:28
================================================================================
[2025-10-31T03:26:59.323+0000] {manager.py:887} INFO - 
================================================================================
DAG File Processing Stats

File Path                               PID    Runtime      # DAGs    # Errors  Last Runtime    Last Run
--------------------------------------  -----  ---------  --------  ----------  --------------  -------------------
/opt/airflow/dags/data_pipeline_dag.py                           1           0  0.27s           2025-10-31T03:26:59
================================================================================
[2025-10-31T03:27:06.442+0000] {manager.py:755} INFO - Searching for files in /opt/airflow/dags
[2025-10-31T03:27:06.458+0000] {manager.py:758} INFO - There are 1 files in /opt/airflow/dags
[2025-10-31T03:27:30.447+0000] {manager.py:887} INFO - 
================================================================================
DAG File Processing Stats

File Path                               PID    Runtime      # DAGs    # Errors  Last Runtime    Last Run
--------------------------------------  -----  ---------  --------  ----------  --------------  -------------------
/opt/airflow/dags/data_pipeline_dag.py                           1           0  0.22s           2025-10-31T03:27:30
================================================================================
[2025-10-31T03:28:00.809+0000] {manager.py:887} INFO - 
================================================================================
DAG File Processing Stats

File Path                               PID    Runtime      # DAGs    # Errors  Last Runtime    Last Run
--------------------------------------  -----  ---------  --------  ----------  --------------  -------------------
/opt/airflow/dags/data_pipeline_dag.py                           1           0  0.22s           2025-10-31T03:28:00
================================================================================
[2025-10-31T03:28:31.223+0000] {manager.py:887} INFO - 
================================================================================
DAG File Processing Stats

File Path                               PID    Runtime      # DAGs    # Errors  Last Runtime    Last Run
--------------------------------------  -----  ---------  --------  ----------  --------------  -------------------
/opt/airflow/dags/data_pipeline_dag.py                           1           0  0.22s           2025-10-31T03:28:31
================================================================================
[2025-10-31T03:29:01.610+0000] {manager.py:887} INFO - 
================================================================================
DAG File Processing Stats

File Path                               PID    Runtime      # DAGs    # Errors  Last Runtime    Last Run
--------------------------------------  -----  ---------  --------  ----------  --------------  -------------------
/opt/airflow/dags/data_pipeline_dag.py                           1           0  0.25s           2025-10-31T03:29:01
================================================================================
[2025-10-31T03:29:31.938+0000] {manager.py:887} INFO - 
================================================================================
DAG File Processing Stats

File Path                               PID    Runtime      # DAGs    # Errors  Last Runtime    Last Run
--------------------------------------  -----  ---------  --------  ----------  --------------  -------------------
/opt/airflow/dags/data_pipeline_dag.py                           1           0  0.24s           2025-10-31T03:29:31
================================================================================
[2025-10-31T03:30:02.196+0000] {manager.py:887} INFO - 
================================================================================
DAG File Processing Stats

File Path                               PID    Runtime      # DAGs    # Errors  Last Runtime    Last Run
--------------------------------------  -----  ---------  --------  ----------  --------------  -------------------
/opt/airflow/dags/data_pipeline_dag.py                           1           0  0.66s           2025-10-31T03:29:39
================================================================================
[2025-10-31T03:30:32.323+0000] {manager.py:887} INFO - 
================================================================================
DAG File Processing Stats

File Path                               PID    Runtime      # DAGs    # Errors  Last Runtime    Last Run
--------------------------------------  -----  ---------  --------  ----------  --------------  -------------------
/opt/airflow/dags/data_pipeline_dag.py                           1           0  0.33s           2025-10-31T03:30:19
================================================================================
[2025-10-31T03:31:03.305+0000] {manager.py:887} INFO - 
================================================================================
DAG File Processing Stats

File Path                               PID    Runtime      # DAGs    # Errors  Last Runtime    Last Run
--------------------------------------  -----  ---------  --------  ----------  --------------  -------------------
/opt/airflow/dags/data_pipeline_dag.py                           1           0  0.21s           2025-10-31T03:30:58
================================================================================
[2025-10-31T03:31:33.585+0000] {manager.py:887} INFO - 
================================================================================
DAG File Processing Stats

File Path                               PID    Runtime      # DAGs    # Errors  Last Runtime    Last Run
--------------------------------------  -----  ---------  --------  ----------  --------------  -------------------
/opt/airflow/dags/data_pipeline_dag.py                           1           0  0.30s           2025-10-31T03:31:29
================================================================================
[2025-10-31T03:32:03.921+0000] {manager.py:887} INFO - 
================================================================================
DAG File Processing Stats

File Path                               PID    Runtime      # DAGs    # Errors  Last Runtime    Last Run
--------------------------------------  -----  ---------  --------  ----------  --------------  -------------------
/opt/airflow/dags/data_pipeline_dag.py                           1           0  0.24s           2025-10-31T03:32:00
================================================================================
[2025-10-31T03:32:06.546+0000] {manager.py:755} INFO - Searching for files in /opt/airflow/dags
[2025-10-31T03:32:06.565+0000] {manager.py:758} INFO - There are 1 files in /opt/airflow/dags
[2025-10-31T03:32:34.334+0000] {manager.py:887} INFO - 
================================================================================
DAG File Processing Stats

File Path                               PID    Runtime      # DAGs    # Errors  Last Runtime    Last Run
--------------------------------------  -----  ---------  --------  ----------  --------------  -------------------
/opt/airflow/dags/data_pipeline_dag.py                           1           0  0.22s           2025-10-31T03:32:30
================================================================================
[2025-10-31T03:33:04.687+0000] {manager.py:887} INFO - 
================================================================================
DAG File Processing Stats

File Path                               PID    Runtime      # DAGs    # Errors  Last Runtime    Last Run
--------------------------------------  -----  ---------  --------  ----------  --------------  -------------------
/opt/airflow/dags/data_pipeline_dag.py                           1           0  0.32s           2025-10-31T03:33:01
================================================================================
[2025-10-31T03:33:35.100+0000] {manager.py:887} INFO - 
================================================================================
DAG File Processing Stats

File Path                               PID    Runtime      # DAGs    # Errors  Last Runtime    Last Run
--------------------------------------  -----  ---------  --------  ----------  --------------  -------------------
/opt/airflow/dags/data_pipeline_dag.py                           1           0  0.13s           2025-10-31T03:33:31
================================================================================
[2025-10-31T03:34:05.429+0000] {manager.py:887} INFO - 
================================================================================
DAG File Processing Stats

File Path                               PID    Runtime      # DAGs    # Errors  Last Runtime    Last Run
--------------------------------------  -----  ---------  --------  ----------  --------------  -------------------
/opt/airflow/dags/data_pipeline_dag.py                           1           0  0.25s           2025-10-31T03:34:01
================================================================================
[2025-10-31T03:34:35.767+0000] {manager.py:887} INFO - 
================================================================================
DAG File Processing Stats

File Path                               PID    Runtime      # DAGs    # Errors  Last Runtime    Last Run
--------------------------------------  -----  ---------  --------  ----------  --------------  -------------------
/opt/airflow/dags/data_pipeline_dag.py                           1           0  0.12s           2025-10-31T03:34:31
================================================================================
[2025-10-31T03:35:06.101+0000] {manager.py:887} INFO - 
================================================================================
DAG File Processing Stats

File Path                               PID    Runtime      # DAGs    # Errors  Last Runtime    Last Run
--------------------------------------  -----  ---------  --------  ----------  --------------  -------------------
/opt/airflow/dags/data_pipeline_dag.py                           1           0  0.15s           2025-10-31T03:35:02
================================================================================
[2025-10-31T03:35:36.471+0000] {manager.py:887} INFO - 
================================================================================
DAG File Processing Stats

File Path                               PID    Runtime      # DAGs    # Errors  Last Runtime    Last Run
--------------------------------------  -----  ---------  --------  ----------  --------------  -------------------
/opt/airflow/dags/data_pipeline_dag.py                           1           0  0.12s           2025-10-31T03:35:32
================================================================================
[2025-10-31T03:36:06.844+0000] {manager.py:887} INFO - 
================================================================================
DAG File Processing Stats

File Path                               PID    Runtime      # DAGs    # Errors  Last Runtime    Last Run
--------------------------------------  -----  ---------  --------  ----------  --------------  -------------------
/opt/airflow/dags/data_pipeline_dag.py                           1           0  0.14s           2025-10-31T03:36:02
================================================================================
[2025-10-31T03:36:37.189+0000] {manager.py:887} INFO - 
================================================================================
DAG File Processing Stats

File Path                               PID    Runtime      # DAGs    # Errors  Last Runtime    Last Run
--------------------------------------  -----  ---------  --------  ----------  --------------  -------------------
/opt/airflow/dags/data_pipeline_dag.py                           1           0  0.11s           2025-10-31T03:36:33
================================================================================
[2025-10-31T03:37:06.623+0000] {manager.py:755} INFO - Searching for files in /opt/airflow/dags
[2025-10-31T03:37:06.642+0000] {manager.py:758} INFO - There are 1 files in /opt/airflow/dags
[2025-10-31T03:37:07.419+0000] {manager.py:887} INFO - 
================================================================================
DAG File Processing Stats

File Path                               PID    Runtime      # DAGs    # Errors  Last Runtime    Last Run
--------------------------------------  -----  ---------  --------  ----------  --------------  -------------------
/opt/airflow/dags/data_pipeline_dag.py                           1           0  0.14s           2025-10-31T03:37:03
================================================================================
[2025-10-31T03:37:37.813+0000] {manager.py:887} INFO - 
================================================================================
DAG File Processing Stats

File Path                               PID    Runtime      # DAGs    # Errors  Last Runtime    Last Run
--------------------------------------  -----  ---------  --------  ----------  --------------  -------------------
/opt/airflow/dags/data_pipeline_dag.py                           1           0  0.13s           2025-10-31T03:37:33
================================================================================
[2025-10-31T03:38:08.109+0000] {manager.py:887} INFO - 
================================================================================
DAG File Processing Stats

File Path                               PID    Runtime      # DAGs    # Errors  Last Runtime    Last Run
--------------------------------------  -----  ---------  --------  ----------  --------------  -------------------
/opt/airflow/dags/data_pipeline_dag.py                           1           0  0.13s           2025-10-31T03:38:04
================================================================================
[2025-10-31T03:38:38.408+0000] {manager.py:887} INFO - 
================================================================================
DAG File Processing Stats

File Path                               PID    Runtime      # DAGs    # Errors  Last Runtime    Last Run
--------------------------------------  -----  ---------  --------  ----------  --------------  -------------------
/opt/airflow/dags/data_pipeline_dag.py                           1           0  0.26s           2025-10-31T03:38:34
================================================================================
[2025-10-31T03:39:08.561+0000] {manager.py:887} INFO - 
================================================================================
DAG File Processing Stats

File Path                               PID    Runtime      # DAGs    # Errors  Last Runtime    Last Run
--------------------------------------  -----  ---------  --------  ----------  --------------  -------------------
/opt/airflow/dags/data_pipeline_dag.py                           1           0  0.26s           2025-10-31T03:39:04
================================================================================
[2025-10-31T03:39:38.999+0000] {manager.py:887} INFO - 
================================================================================
DAG File Processing Stats

File Path                               PID    Runtime      # DAGs    # Errors  Last Runtime    Last Run
--------------------------------------  -----  ---------  --------  ----------  --------------  -------------------
/opt/airflow/dags/data_pipeline_dag.py                           1           0  0.17s           2025-10-31T03:39:35
================================================================================
[2025-10-31T03:40:09.315+0000] {manager.py:887} INFO - 
================================================================================
DAG File Processing Stats

File Path                               PID    Runtime      # DAGs    # Errors  Last Runtime    Last Run
--------------------------------------  -----  ---------  --------  ----------  --------------  -------------------
/opt/airflow/dags/data_pipeline_dag.py                           1           0  0.14s           2025-10-31T03:40:05
================================================================================
[2025-10-31T03:40:39.605+0000] {manager.py:887} INFO - 
================================================================================
DAG File Processing Stats

File Path                               PID    Runtime      # DAGs    # Errors  Last Runtime    Last Run
--------------------------------------  -----  ---------  --------  ----------  --------------  -------------------
/opt/airflow/dags/data_pipeline_dag.py                           1           0  0.14s           2025-10-31T03:40:35
================================================================================
[2025-10-31T03:41:09.673+0000] {manager.py:887} INFO - 
================================================================================
DAG File Processing Stats

File Path                               PID    Runtime      # DAGs    # Errors  Last Runtime    Last Run
--------------------------------------  -----  ---------  --------  ----------  --------------  -------------------
/opt/airflow/dags/data_pipeline_dag.py                           1           0  0.15s           2025-10-31T03:41:06
================================================================================
[2025-10-31T03:41:40.259+0000] {manager.py:887} INFO - 
================================================================================
DAG File Processing Stats

File Path                               PID    Runtime      # DAGs    # Errors  Last Runtime    Last Run
--------------------------------------  -----  ---------  --------  ----------  --------------  -------------------
/opt/airflow/dags/data_pipeline_dag.py                           1           0  0.13s           2025-10-31T03:41:36
================================================================================
[2025-10-31T03:42:06.656+0000] {manager.py:755} INFO - Searching for files in /opt/airflow/dags
[2025-10-31T03:42:06.674+0000] {manager.py:758} INFO - There are 1 files in /opt/airflow/dags
[2025-10-31T03:42:10.656+0000] {manager.py:887} INFO - 
================================================================================
DAG File Processing Stats

File Path                               PID    Runtime      # DAGs    # Errors  Last Runtime    Last Run
--------------------------------------  -----  ---------  --------  ----------  --------------  -------------------
/opt/airflow/dags/data_pipeline_dag.py                           1           0  0.14s           2025-10-31T03:42:06
================================================================================
[2025-10-31T03:42:40.920+0000] {manager.py:887} INFO - 
================================================================================
DAG File Processing Stats

File Path                               PID    Runtime      # DAGs    # Errors  Last Runtime    Last Run
--------------------------------------  -----  ---------  --------  ----------  --------------  -------------------
/opt/airflow/dags/data_pipeline_dag.py                           1           0  0.13s           2025-10-31T03:42:37
================================================================================
[2025-10-31T03:43:11.225+0000] {manager.py:887} INFO - 
================================================================================
DAG File Processing Stats

File Path                               PID    Runtime      # DAGs    # Errors  Last Runtime    Last Run
--------------------------------------  -----  ---------  --------  ----------  --------------  -------------------
/opt/airflow/dags/data_pipeline_dag.py                           1           0  0.23s           2025-10-31T03:43:07
================================================================================
[2025-10-31T03:43:41.544+0000] {manager.py:887} INFO - 
================================================================================
DAG File Processing Stats

File Path                               PID    Runtime      # DAGs    # Errors  Last Runtime    Last Run
--------------------------------------  -----  ---------  --------  ----------  --------------  -------------------
/opt/airflow/dags/data_pipeline_dag.py                           1           0  0.15s           2025-10-31T03:43:37
================================================================================
[2025-10-31T03:44:11.855+0000] {manager.py:887} INFO - 
================================================================================
DAG File Processing Stats

File Path                               PID    Runtime      # DAGs    # Errors  Last Runtime    Last Run
--------------------------------------  -----  ---------  --------  ----------  --------------  -------------------
/opt/airflow/dags/data_pipeline_dag.py                           1           0  0.29s           2025-10-31T03:44:08
================================================================================
[2025-10-31T03:44:42.125+0000] {manager.py:887} INFO - 
================================================================================
DAG File Processing Stats

File Path                               PID    Runtime      # DAGs    # Errors  Last Runtime    Last Run
--------------------------------------  -----  ---------  --------  ----------  --------------  -------------------
/opt/airflow/dags/data_pipeline_dag.py                           1           0  0.23s           2025-10-31T03:44:38
================================================================================
[2025-10-31T03:45:12.271+0000] {manager.py:887} INFO - 
================================================================================
DAG File Processing Stats

File Path                               PID    Runtime      # DAGs    # Errors  Last Runtime    Last Run
--------------------------------------  -----  ---------  --------  ----------  --------------  -------------------
/opt/airflow/dags/data_pipeline_dag.py                           1           0  0.13s           2025-10-31T03:45:09
================================================================================
[2025-10-31T03:45:42.391+0000] {manager.py:887} INFO - 
================================================================================
DAG File Processing Stats

File Path                               PID    Runtime      # DAGs    # Errors  Last Runtime    Last Run
--------------------------------------  -----  ---------  --------  ----------  --------------  -------------------
/opt/airflow/dags/data_pipeline_dag.py                           1           0  0.12s           2025-10-31T03:45:39
================================================================================
[2025-10-31T03:46:12.502+0000] {manager.py:887} INFO - 
================================================================================
DAG File Processing Stats

File Path                               PID    Runtime      # DAGs    # Errors  Last Runtime    Last Run
--------------------------------------  -----  ---------  --------  ----------  --------------  -------------------
/opt/airflow/dags/data_pipeline_dag.py                           1           0  0.17s           2025-10-31T03:46:10
================================================================================
[2025-10-31T03:46:13.824+0000] {manager.py:469} INFO - Exiting gracefully upon receiving signal 15
