[2025-10-28T14:17:21.258-0400] {local_task_job_runner.py:123} INFO - ::group::Pre task execution logs
[2025-10-28T14:17:21.262-0400] {taskinstance.py:2612} INFO - Dependencies all met for dep_context=non-requeueable deps ti=<TaskInstance: onboarding_data_pipeline.preprocessing_tasks.chunk_documents manual__2025-10-28T18:17:07.254649+00:00 [queued]>
[2025-10-28T14:17:21.264-0400] {taskinstance.py:2612} INFO - Dependencies all met for dep_context=requeueable deps ti=<TaskInstance: onboarding_data_pipeline.preprocessing_tasks.chunk_documents manual__2025-10-28T18:17:07.254649+00:00 [queued]>
[2025-10-28T14:17:21.264-0400] {taskinstance.py:2865} INFO - Starting attempt 1 of 3
[2025-10-28T14:17:21.267-0400] {taskinstance.py:2888} INFO - Executing <Task(PythonOperator): preprocessing_tasks.chunk_documents> on 2025-10-28 18:17:07.254649+00:00
[2025-10-28T14:17:21.272-0400] {standard_task_runner.py:72} INFO - Started process 95338 to run task
[2025-10-28T14:17:21.275-0400] {standard_task_runner.py:104} INFO - Running: ['airflow', 'tasks', 'run', 'onboarding_data_pipeline', 'preprocessing_tasks.chunk_documents', 'manual__2025-10-28T18:17:07.254649+00:00', '--job-id', '42', '--raw', '--subdir', 'DAGS_FOLDER/main_pipeline_dag.py', '--cfg-path', '/var/folders/bq/zp7dztbn5yxb9ljzbt_99_dr0000gn/T/tmpli4wdjzd']
[2025-10-28T14:17:21.276-0400] {standard_task_runner.py:105} INFO - Job 42: Subtask preprocessing_tasks.chunk_documents
[2025-10-28T14:17:21.304-0400] {task_command.py:467} INFO - Running <TaskInstance: onboarding_data_pipeline.preprocessing_tasks.chunk_documents manual__2025-10-28T18:17:07.254649+00:00 [running]> on host mithuns-macbook-pro.local
[2025-10-28T14:17:21.333-0400] {taskinstance.py:3131} INFO - Exporting env vars: AIRFLOW_CTX_DAG_EMAIL='team13@example.com' AIRFLOW_CTX_DAG_OWNER='Team13' AIRFLOW_CTX_DAG_ID='onboarding_data_pipeline' AIRFLOW_CTX_TASK_ID='preprocessing_tasks.chunk_documents' AIRFLOW_CTX_EXECUTION_DATE='2025-10-28T18:17:07.254649+00:00' AIRFLOW_CTX_TRY_NUMBER='1' AIRFLOW_CTX_DAG_RUN_ID='manual__2025-10-28T18:17:07.254649+00:00'
[2025-10-28T14:17:21.334-0400] {logging_mixin.py:190} INFO - Task instance is in running state
[2025-10-28T14:17:21.334-0400] {logging_mixin.py:190} INFO -  Previous state of the Task instance: queued
[2025-10-28T14:17:21.334-0400] {logging_mixin.py:190} INFO - Current task name:preprocessing_tasks.chunk_documents state:running start_date:2025-10-28 18:17:21.262595+00:00
[2025-10-28T14:17:21.335-0400] {logging_mixin.py:190} INFO - Dag name:onboarding_data_pipeline and current dag run status:running
[2025-10-28T14:17:21.335-0400] {taskinstance.py:731} INFO - ::endgroup::
[2025-10-28T14:17:21.335-0400] {logging_mixin.py:190} INFO - Simulating document chunking...
[2025-10-28T14:17:21.338-0400] {python.py:240} INFO - Done. Returned value was: chunked_4
[2025-10-28T14:17:21.341-0400] {taskinstance.py:340} INFO - ::group::Post task execution logs
[2025-10-28T14:17:21.341-0400] {taskinstance.py:352} INFO - Marking task as SUCCESS. dag_id=onboarding_data_pipeline, task_id=preprocessing_tasks.chunk_documents, run_id=manual__2025-10-28T18:17:07.254649+00:00, execution_date=20251028T181707, start_date=20251028T181721, end_date=20251028T181721
[2025-10-28T14:17:21.343-0400] {logging_mixin.py:190} INFO - Task instance in success state
[2025-10-28T14:17:21.344-0400] {logging_mixin.py:190} INFO -  Previous state of the Task instance: running
[2025-10-28T14:17:21.344-0400] {logging_mixin.py:190} INFO - Dag name:onboarding_data_pipeline queued_at:2025-10-28 18:17:07.270312+00:00
[2025-10-28T14:17:21.344-0400] {logging_mixin.py:190} INFO - Task hostname:mithuns-macbook-pro.local operator:PythonOperator
[2025-10-28T14:17:21.371-0400] {local_task_job_runner.py:266} INFO - Task exited with return code 0
[2025-10-28T14:17:21.381-0400] {taskinstance.py:3900} INFO - 2 downstream tasks scheduled from follow-on schedule check
[2025-10-28T14:17:21.381-0400] {local_task_job_runner.py:245} INFO - ::endgroup::
