[2025-10-28T14:43:05.459-0400] {local_task_job_runner.py:123} INFO - ::group::Pre task execution logs
[2025-10-28T14:43:05.462-0400] {taskinstance.py:2612} INFO - Dependencies all met for dep_context=non-requeueable deps ti=<TaskInstance: onboarding_data_pipeline.check_environment manual__2025-10-28T18:43:01.549750+00:00 [queued]>
[2025-10-28T14:43:05.463-0400] {taskinstance.py:2612} INFO - Dependencies all met for dep_context=requeueable deps ti=<TaskInstance: onboarding_data_pipeline.check_environment manual__2025-10-28T18:43:01.549750+00:00 [queued]>
[2025-10-28T14:43:05.463-0400] {taskinstance.py:2865} INFO - Starting attempt 1 of 3
[2025-10-28T14:43:05.466-0400] {taskinstance.py:2888} INFO - Executing <Task(PythonOperator): check_environment> on 2025-10-28 18:43:01.549750+00:00
[2025-10-28T14:43:05.469-0400] {standard_task_runner.py:72} INFO - Started process 9316 to run task
[2025-10-28T14:43:05.472-0400] {standard_task_runner.py:104} INFO - Running: ['airflow', 'tasks', 'run', 'onboarding_data_pipeline', 'check_environment', 'manual__2025-10-28T18:43:01.549750+00:00', '--job-id', '48', '--raw', '--subdir', 'DAGS_FOLDER/main_pipeline_dag.py', '--cfg-path', '/var/folders/bq/zp7dztbn5yxb9ljzbt_99_dr0000gn/T/tmpivy34wir']
[2025-10-28T14:43:05.472-0400] {standard_task_runner.py:105} INFO - Job 48: Subtask check_environment
[2025-10-28T14:43:05.486-0400] {task_command.py:467} INFO - Running <TaskInstance: onboarding_data_pipeline.check_environment manual__2025-10-28T18:43:01.549750+00:00 [running]> on host mithuns-macbook-pro.local
[2025-10-28T14:43:05.503-0400] {taskinstance.py:3131} INFO - Exporting env vars: AIRFLOW_CTX_DAG_EMAIL='team13@example.com' AIRFLOW_CTX_DAG_OWNER='Team13' AIRFLOW_CTX_DAG_ID='onboarding_data_pipeline' AIRFLOW_CTX_TASK_ID='check_environment' AIRFLOW_CTX_EXECUTION_DATE='2025-10-28T18:43:01.549750+00:00' AIRFLOW_CTX_TRY_NUMBER='1' AIRFLOW_CTX_DAG_RUN_ID='manual__2025-10-28T18:43:01.549750+00:00'
[2025-10-28T14:43:05.504-0400] {logging_mixin.py:190} INFO - Task instance is in running state
[2025-10-28T14:43:05.504-0400] {logging_mixin.py:190} INFO -  Previous state of the Task instance: queued
[2025-10-28T14:43:05.504-0400] {logging_mixin.py:190} INFO - Current task name:check_environment state:running start_date:2025-10-28 18:43:05.462070+00:00
[2025-10-28T14:43:05.504-0400] {logging_mixin.py:190} INFO - Dag name:onboarding_data_pipeline and current dag run status:running
[2025-10-28T14:43:05.505-0400] {taskinstance.py:731} INFO - ::endgroup::
[2025-10-28T14:43:05.505-0400] {logging_mixin.py:190} INFO - Checking environment setup...
[2025-10-28T14:43:05.505-0400] {logging_mixin.py:190} INFO - ✓ Directory exists: /Users/mithundineshkumar/Documents/Development/MLOps/Project/MLOPS-Test1/data-pipeline/data/raw
[2025-10-28T14:43:05.505-0400] {logging_mixin.py:190} INFO - ✓ Directory exists: /Users/mithundineshkumar/Documents/Development/MLOps/Project/MLOPS-Test1/data-pipeline/data/processed/cleaned
[2025-10-28T14:43:05.506-0400] {logging_mixin.py:190} INFO - ✓ Directory exists: /Users/mithundineshkumar/Documents/Development/MLOps/Project/MLOPS-Test1/data-pipeline/data/processed/chunked
[2025-10-28T14:43:05.506-0400] {logging_mixin.py:190} INFO - ✓ Directory exists: /Users/mithundineshkumar/Documents/Development/MLOps/Project/MLOPS-Test1/data-pipeline/data/curated
[2025-10-28T14:43:05.507-0400] {logging_mixin.py:190} INFO - ✓ Directory exists: /Users/mithundineshkumar/Documents/Development/MLOps/Project/MLOPS-Test1/data-pipeline/logs/pipeline
[2025-10-28T14:43:05.507-0400] {logging_mixin.py:190} INFO - ✓ Config file found: /Users/mithundineshkumar/Documents/Development/MLOps/Project/MLOPS-Test1/data-pipeline/configs/pipeline_config.yaml
[2025-10-28T14:43:05.507-0400] {logging_mixin.py:190} INFO - Environment check complete!
[2025-10-28T14:43:05.507-0400] {python.py:240} INFO - Done. Returned value was: environment_ready
[2025-10-28T14:43:05.513-0400] {taskinstance.py:340} INFO - ::group::Post task execution logs
[2025-10-28T14:43:05.513-0400] {taskinstance.py:352} INFO - Marking task as SUCCESS. dag_id=onboarding_data_pipeline, task_id=check_environment, run_id=manual__2025-10-28T18:43:01.549750+00:00, execution_date=20251028T184301, start_date=20251028T184305, end_date=20251028T184305
[2025-10-28T14:43:05.516-0400] {logging_mixin.py:190} INFO - Task instance in success state
[2025-10-28T14:43:05.516-0400] {logging_mixin.py:190} INFO -  Previous state of the Task instance: running
[2025-10-28T14:43:05.516-0400] {logging_mixin.py:190} INFO - Dag name:onboarding_data_pipeline queued_at:2025-10-28 18:43:01.561994+00:00
[2025-10-28T14:43:05.516-0400] {logging_mixin.py:190} INFO - Task hostname:mithuns-macbook-pro.local operator:PythonOperator
[2025-10-28T14:43:05.527-0400] {local_task_job_runner.py:266} INFO - Task exited with return code 0
[2025-10-28T14:43:05.535-0400] {taskinstance.py:3900} INFO - 3 downstream tasks scheduled from follow-on schedule check
[2025-10-28T14:43:05.536-0400] {local_task_job_runner.py:245} INFO - ::endgroup::
