[2025-10-28T14:17:29.627-0400] {local_task_job_runner.py:123} INFO - ::group::Pre task execution logs
[2025-10-28T14:17:29.630-0400] {taskinstance.py:2612} INFO - Dependencies all met for dep_context=non-requeueable deps ti=<TaskInstance: onboarding_data_pipeline.dvc_commit manual__2025-10-28T18:17:07.254649+00:00 [queued]>
[2025-10-28T14:17:29.632-0400] {taskinstance.py:2612} INFO - Dependencies all met for dep_context=requeueable deps ti=<TaskInstance: onboarding_data_pipeline.dvc_commit manual__2025-10-28T18:17:07.254649+00:00 [queued]>
[2025-10-28T14:17:29.632-0400] {taskinstance.py:2865} INFO - Starting attempt 1 of 3
[2025-10-28T14:17:29.636-0400] {taskinstance.py:2888} INFO - Executing <Task(PythonOperator): dvc_commit> on 2025-10-28 18:17:07.254649+00:00
[2025-10-28T14:17:29.640-0400] {standard_task_runner.py:72} INFO - Started process 95413 to run task
[2025-10-28T14:17:29.647-0400] {standard_task_runner.py:104} INFO - Running: ['airflow', 'tasks', 'run', 'onboarding_data_pipeline', 'dvc_commit', 'manual__2025-10-28T18:17:07.254649+00:00', '--job-id', '46', '--raw', '--subdir', 'DAGS_FOLDER/main_pipeline_dag.py', '--cfg-path', '/var/folders/bq/zp7dztbn5yxb9ljzbt_99_dr0000gn/T/tmpfe0ikf8o']
[2025-10-28T14:17:29.648-0400] {standard_task_runner.py:105} INFO - Job 46: Subtask dvc_commit
[2025-10-28T14:17:29.674-0400] {task_command.py:467} INFO - Running <TaskInstance: onboarding_data_pipeline.dvc_commit manual__2025-10-28T18:17:07.254649+00:00 [running]> on host mithuns-macbook-pro.local
[2025-10-28T14:17:29.695-0400] {taskinstance.py:3131} INFO - Exporting env vars: AIRFLOW_CTX_DAG_EMAIL='team13@example.com' AIRFLOW_CTX_DAG_OWNER='Team13' AIRFLOW_CTX_DAG_ID='onboarding_data_pipeline' AIRFLOW_CTX_TASK_ID='dvc_commit' AIRFLOW_CTX_EXECUTION_DATE='2025-10-28T18:17:07.254649+00:00' AIRFLOW_CTX_TRY_NUMBER='1' AIRFLOW_CTX_DAG_RUN_ID='manual__2025-10-28T18:17:07.254649+00:00'
[2025-10-28T14:17:29.696-0400] {logging_mixin.py:190} INFO - Task instance is in running state
[2025-10-28T14:17:29.696-0400] {logging_mixin.py:190} INFO -  Previous state of the Task instance: queued
[2025-10-28T14:17:29.697-0400] {logging_mixin.py:190} INFO - Current task name:dvc_commit state:running start_date:2025-10-28 18:17:29.630594+00:00
[2025-10-28T14:17:29.697-0400] {logging_mixin.py:190} INFO - Dag name:onboarding_data_pipeline and current dag run status:running
[2025-10-28T14:17:29.697-0400] {taskinstance.py:731} INFO - ::endgroup::
[2025-10-28T14:17:29.697-0400] {logging_mixin.py:190} INFO - Committing to DVC...
[2025-10-28T14:17:29.698-0400] {logging_mixin.py:190} INFO - DVC commit simulated (would run 'dvc add' and 'dvc push')
[2025-10-28T14:17:29.698-0400] {python.py:240} INFO - Done. Returned value was: dvc_committed
[2025-10-28T14:17:29.701-0400] {taskinstance.py:340} INFO - ::group::Post task execution logs
[2025-10-28T14:17:29.702-0400] {taskinstance.py:352} INFO - Marking task as SUCCESS. dag_id=onboarding_data_pipeline, task_id=dvc_commit, run_id=manual__2025-10-28T18:17:07.254649+00:00, execution_date=20251028T181707, start_date=20251028T181729, end_date=20251028T181729
[2025-10-28T14:17:29.704-0400] {logging_mixin.py:190} INFO - Task instance in success state
[2025-10-28T14:17:29.704-0400] {logging_mixin.py:190} INFO -  Previous state of the Task instance: running
[2025-10-28T14:17:29.705-0400] {logging_mixin.py:190} INFO - Dag name:onboarding_data_pipeline queued_at:2025-10-28 18:17:07.270312+00:00
[2025-10-28T14:17:29.705-0400] {logging_mixin.py:190} INFO - Task hostname:mithuns-macbook-pro.local operator:PythonOperator
[2025-10-28T14:17:29.743-0400] {local_task_job_runner.py:266} INFO - Task exited with return code 0
[2025-10-28T14:17:29.749-0400] {taskinstance.py:3900} INFO - 0 downstream tasks scheduled from follow-on schedule check
[2025-10-28T14:17:29.749-0400] {local_task_job_runner.py:245} INFO - ::endgroup::
